<?xml version="1.0" encoding="UTF-8"?>
<testsuites name="Login and Checkin" time="329.175" tests="1" failures="0" errors="0">
   <testsuite name="Login and Checkin" tests="1" failures="0" errors="0" time="329.175" skipped="0" timestamp="13-03-2024T17:41:20" hostname="91957 - Lead-Force-CRM" id="Test Suites/Login and Checkin">
      <properties>
         <property name="deviceName" value=""/>
         <property name="devicePlatform" value=""/>
         <property name="logFolder" value="C:\\Users\\91957\\Desktop\\Automation Testing - Katalon\\Payroll Web\\Reports\\20240313_174102\\Login and Checkin\\20240313_174103"/>
         <property name="logFiles" value="C:\\Users\\91957\\Desktop\\Automation Testing - Katalon\\Payroll Web\\Reports\\20240313_174102\\Login and Checkin\\20240313_174103\\execution0.log"/>
         <property name="attachments" value=""/>
         <property name="hostName" value="91957 - Lead-Force-CRM"/>
         <property name="os" value="Windows 11 64bit"/>
         <property name="katalonVersion" value="9.3.0.212"/>
         <property name="browser" value="Chrome 122.0.0.0"/>
         <property name="hostAddress" value="192.168.29.70"/>
         <property name="sessionId" value="3f7776a971f365d9a2c90755d3567f29"/>
         <property name="seleniumVersion" value="3.141.59"/>
         <property name="proxyInformation" value="ProxyInformation { proxyOption=NO_PROXY, proxyServerType=HTTP, username=, password=********, proxyServerAddress=, proxyServerPort=0, executionList=&quot;&quot;, isApplyToDesiredCapabilities=true }"/>
         <property name="platform" value="Windows 11"/>
      </properties>
      <testcase name="Test Cases/Login and do checkin" time="329.005" classname="Test Cases/Login and do checkin" status="PASSED">
         <system-out><![CDATA[13-03-2024T17:41:20 - [TEST_CASE][PASSED] - Test Cases/Login and do checkin: Test Cases/Login and do checkin

13-03-2024T17:41:21 - [TEST_STEP][PASSED] - Data = findTestData("Login and Checkin"): null

13-03-2024T17:41:21 - [TEST_STEP][PASSED] - dateFormat = new java.text.SimpleDateFormat(MM/dd/yyyy): null

13-03-2024T17:41:21 - [TEST_STEP][PASSED] - currentDate = getInstance().getTime(): null

13-03-2024T17:41:21 - [TEST_STEP][PASSED] - currentDateStr = dateFormat.format(currentDate): null

13-03-2024T17:41:21 - [TEST_STEP][PASSED] - for ([i = 1, i <= Data.getRowNumbers(), (i++)]): Browser is closed

13-03-2024T17:41:22 - [TEST_STEP][PASSED] - url = Data.getValue("URL", i): null

13-03-2024T17:41:22 - [TEST_STEP][PASSED] - username = Data.getValue("Username", i): null

13-03-2024T17:41:22 - [TEST_STEP][PASSED] - password = Data.getValue("Password", i): null

13-03-2024T17:41:22 - [TEST_STEP][PASSED] - checkinRemark = Data.getValue("CheckinRemark", i): null

13-03-2024T17:41:22 - [TEST_STEP][PASSED] - openBrowser(""): Browser is opened with url: ''

13-03-2024T17:41:22 - [MESSAGE][INFO] - Starting 'Chrome' driver

13-03-2024T17:41:22 - [MESSAGE][INFO] - Action delay is set to 0 milliseconds

13-03-2024T17:41:24 - [MESSAGE][PASSED] - Browser is opened with url: ''

13-03-2024T17:41:24 - [TEST_STEP][PASSED] - maximizeWindow(): Current window maximized

13-03-2024T17:41:25 - [MESSAGE][PASSED] - Current window maximized

13-03-2024T17:41:25 - [TEST_STEP][PASSED] - navigateToUrl(url): Navigate to 'http://testing.2growhr.io/' successfully

13-03-2024T17:41:30 - [MESSAGE][PASSED] - Navigate to 'http://testing.2growhr.io/' successfully

13-03-2024T17:41:30 - [TEST_STEP][PASSED] - setText(findTestObject("Object Repository/Page_2GrowHR - Login/UserName"), username): Text 'Yashik' is set on object 'Object Repository/Page_2GrowHR - Login/UserName'

13-03-2024T17:41:31 - [MESSAGE][PASSED] - Text 'Yashik' is set on object 'Object Repository/Page_2GrowHR - Login/UserName'

13-03-2024T17:41:31 - [TEST_STEP][PASSED] - setText(findTestObject("Object Repository/Page_2GrowHR - Login/Password"), password): Text '123' is set on object 'Object Repository/Page_2GrowHR - Login/Password'

13-03-2024T17:41:31 - [MESSAGE][PASSED] - Text '123' is set on object 'Object Repository/Page_2GrowHR - Login/Password'

13-03-2024T17:41:31 - [TEST_STEP][PASSED] - click(findTestObject("Object Repository/Page_2GrowHR - Login/Password - view icon")): Object: 'Object Repository/Page_2GrowHR - Login/Password - view icon' is clicked on

13-03-2024T17:41:32 - [MESSAGE][PASSED] - Object: 'Object Repository/Page_2GrowHR - Login/Password - view icon' is clicked on

13-03-2024T17:41:32 - [TEST_STEP][PASSED] - delay(2): Delayed 2 second(s)

13-03-2024T17:41:34 - [MESSAGE][PASSED] - Delayed 2 second(s)

13-03-2024T17:41:34 - [TEST_STEP][PASSED] - click(findTestObject("Object Repository/Page_2GrowHR - Login/Login Button")): Object: 'Object Repository/Page_2GrowHR - Login/Login Button' is clicked on

13-03-2024T17:41:50 - [MESSAGE][PASSED] - Object: 'Object Repository/Page_2GrowHR - Login/Login Button' is clicked on

13-03-2024T17:41:50 - [TEST_STEP][PASSED] - delay(3): Delayed 3 second(s)

13-03-2024T17:41:53 - [MESSAGE][PASSED] - Delayed 3 second(s)

13-03-2024T17:41:53 - [TEST_STEP][PASSED] - click(findTestObject("Object Repository/Page_2GrowHr - Dashboard/Checkin button BR")): Object: 'Object Repository/Page_2GrowHr - Dashboard/Checkin button BR' is clicked on

13-03-2024T17:41:54 - [MESSAGE][PASSED] - Object: 'Object Repository/Page_2GrowHr - Dashboard/Checkin button BR' is clicked on

13-03-2024T17:41:54 - [TEST_STEP][PASSED] - setText(findTestObject("Object Repository/Page_2GrowHr - Dashboard/Checkin remark"), checkinRemark): Text 'CheckinRemark' is set on object 'Object Repository/Page_2GrowHr - Dashboard/Checkin remark'

13-03-2024T17:41:55 - [MESSAGE][PASSED] - Text 'CheckinRemark' is set on object 'Object Repository/Page_2GrowHr - Dashboard/Checkin remark'

13-03-2024T17:41:55 - [TEST_STEP][PASSED] - delay(3): Delayed 3 second(s)

13-03-2024T17:41:58 - [MESSAGE][PASSED] - Delayed 3 second(s)

13-03-2024T17:41:58 - [TEST_STEP][PASSED] - click(findTestObject("Object Repository/Page_2GrowHr - Dashboard/Checkin button AR")): Object: 'Object Repository/Page_2GrowHr - Dashboard/Checkin button AR' is clicked on

13-03-2024T17:41:58 - [MESSAGE][PASSED] - Object: 'Object Repository/Page_2GrowHr - Dashboard/Checkin button AR' is clicked on

13-03-2024T17:41:58 - [TEST_STEP][PASSED] - delay(5): Delayed 5 second(s)

13-03-2024T17:42:03 - [MESSAGE][PASSED] - Delayed 5 second(s)

13-03-2024T17:42:03 - [TEST_STEP][PASSED] - click(findTestObject("Object Repository/Page_2GrowHr - Menu_Report/Attentance mouseover")): Object: 'Object Repository/Page_2GrowHr - Menu_Report/Attentance mouseover' is clicked on

13-03-2024T17:42:04 - [MESSAGE][PASSED] - Object: 'Object Repository/Page_2GrowHr - Menu_Report/Attentance mouseover' is clicked on

13-03-2024T17:42:04 - [TEST_STEP][PASSED] - delay(3): Delayed 3 second(s)

13-03-2024T17:42:07 - [MESSAGE][PASSED] - Delayed 3 second(s)

13-03-2024T17:42:07 - [TEST_STEP][PASSED] - click(findTestObject("Object Repository/Page_2GrowHr - Menu_Report/General Attendance Summary - Report")): Object: 'Object Repository/Page_2GrowHr - Menu_Report/General Attendance Summary - Report' is clicked on

13-03-2024T17:42:17 - [MESSAGE][PASSED] - Object: 'Object Repository/Page_2GrowHr - Menu_Report/General Attendance Summary - Report' is clicked on

13-03-2024T17:42:17 - [TEST_STEP][PASSED] - click(findTestObject("Object Repository/Page_2GrowHr - Menu_Report/Date selection field")): Object: 'Object Repository/Page_2GrowHr - Menu_Report/Date selection field' is clicked on

13-03-2024T17:42:17 - [MESSAGE][PASSED] - Object: 'Object Repository/Page_2GrowHr - Menu_Report/Date selection field' is clicked on

13-03-2024T17:42:17 - [TEST_STEP][PASSED] - setText(findTestObject("Object Repository/Page_2GrowHr - Menu_Report/Date selection field"), currentDateStr): Text '03/13/2024' is set on object 'Object Repository/Page_2GrowHr - Menu_Report/Date selection field'

13-03-2024T17:42:18 - [MESSAGE][PASSED] - Text '03/13/2024' is set on object 'Object Repository/Page_2GrowHr - Menu_Report/Date selection field'

13-03-2024T17:42:18 - [TEST_STEP][PASSED] - delay(3): Delayed 3 second(s)

13-03-2024T17:42:21 - [MESSAGE][PASSED] - Delayed 3 second(s)

13-03-2024T17:42:21 - [TEST_STEP][PASSED] - click(findTestObject("Object Repository/Page_2GrowHr - Menu_Report/Get Report button Day count attendance summary report")): Object: 'Object Repository/Page_2GrowHr - Menu_Report/Get Report button Day count attendance summary report' is clicked on

13-03-2024T17:42:22 - [MESSAGE][PASSED] - Object: 'Object Repository/Page_2GrowHr - Menu_Report/Get Report button Day count attendance summary report' is clicked on

13-03-2024T17:42:22 - [TEST_STEP][PASSED] - scrollToElement(findTestObject("Object Repository/Page_2GrowHr - Day Wise Report/Scroll to Page down"), 10): Scroll to object 'Object Repository/Page_2GrowHr - Day Wise Report/Scroll to Page down' successfully

13-03-2024T17:42:23 - [MESSAGE][PASSED] - Scroll to object 'Object Repository/Page_2GrowHr - Day Wise Report/Scroll to Page down' successfully

13-03-2024T17:42:23 - [TEST_STEP][PASSED] - delay(10): Delayed 10 second(s)

13-03-2024T17:42:33 - [MESSAGE][PASSED] - Delayed 10 second(s)

13-03-2024T17:42:33 - [TEST_STEP][PASSED] - closeBrowser(): Browser is closed

13-03-2024T17:42:33 - [MESSAGE][PASSED] - Browser is closed

13-03-2024T17:42:34 - [TEST_STEP][PASSED] - url = Data.getValue("URL", i): null

13-03-2024T17:42:34 - [TEST_STEP][PASSED] - username = Data.getValue("Username", i): null

13-03-2024T17:42:34 - [TEST_STEP][PASSED] - password = Data.getValue("Password", i): null

13-03-2024T17:42:34 - [TEST_STEP][PASSED] - checkinRemark = Data.getValue("CheckinRemark", i): null

13-03-2024T17:42:34 - [TEST_STEP][PASSED] - openBrowser(""): Browser is opened with url: ''

13-03-2024T17:42:34 - [MESSAGE][INFO] - Starting 'Chrome' driver

13-03-2024T17:42:34 - [MESSAGE][INFO] - Action delay is set to 0 milliseconds

13-03-2024T17:42:34 - [MESSAGE][PASSED] - Browser is opened with url: ''

13-03-2024T17:42:34 - [TEST_STEP][PASSED] - maximizeWindow(): Current window maximized

13-03-2024T17:42:35 - [MESSAGE][PASSED] - Current window maximized

13-03-2024T17:42:35 - [TEST_STEP][PASSED] - navigateToUrl(url): Navigate to 'http://testing.2growhr.io/' successfully

13-03-2024T17:42:40 - [MESSAGE][PASSED] - Navigate to 'http://testing.2growhr.io/' successfully

13-03-2024T17:42:40 - [TEST_STEP][PASSED] - setText(findTestObject("Object Repository/Page_2GrowHR - Login/UserName"), username): Text 'Farveen' is set on object 'Object Repository/Page_2GrowHR - Login/UserName'

13-03-2024T17:42:41 - [MESSAGE][PASSED] - Text 'Farveen' is set on object 'Object Repository/Page_2GrowHR - Login/UserName'

13-03-2024T17:42:41 - [TEST_STEP][PASSED] - setText(findTestObject("Object Repository/Page_2GrowHR - Login/Password"), password): Text '123' is set on object 'Object Repository/Page_2GrowHR - Login/Password'

13-03-2024T17:42:42 - [MESSAGE][PASSED] - Text '123' is set on object 'Object Repository/Page_2GrowHR - Login/Password'

13-03-2024T17:42:42 - [TEST_STEP][PASSED] - click(findTestObject("Object Repository/Page_2GrowHR - Login/Password - view icon")): Object: 'Object Repository/Page_2GrowHR - Login/Password - view icon' is clicked on

13-03-2024T17:42:42 - [MESSAGE][PASSED] - Object: 'Object Repository/Page_2GrowHR - Login/Password - view icon' is clicked on

13-03-2024T17:42:42 - [TEST_STEP][PASSED] - delay(2): Delayed 2 second(s)

13-03-2024T17:42:44 - [MESSAGE][PASSED] - Delayed 2 second(s)

13-03-2024T17:42:44 - [TEST_STEP][PASSED] - click(findTestObject("Object Repository/Page_2GrowHR - Login/Login Button")): Object: 'Object Repository/Page_2GrowHR - Login/Login Button' is clicked on

13-03-2024T17:43:00 - [MESSAGE][PASSED] - Object: 'Object Repository/Page_2GrowHR - Login/Login Button' is clicked on

13-03-2024T17:43:00 - [TEST_STEP][PASSED] - delay(3): Delayed 3 second(s)

13-03-2024T17:43:03 - [MESSAGE][PASSED] - Delayed 3 second(s)

13-03-2024T17:43:03 - [TEST_STEP][PASSED] - click(findTestObject("Object Repository/Page_2GrowHr - Dashboard/Checkin button BR")): Object: 'Object Repository/Page_2GrowHr - Dashboard/Checkin button BR' is clicked on

13-03-2024T17:43:03 - [MESSAGE][PASSED] - Object: 'Object Repository/Page_2GrowHr - Dashboard/Checkin button BR' is clicked on

13-03-2024T17:43:03 - [TEST_STEP][PASSED] - setText(findTestObject("Object Repository/Page_2GrowHr - Dashboard/Checkin remark"), checkinRemark): Text 'CheckinRemark' is set on object 'Object Repository/Page_2GrowHr - Dashboard/Checkin remark'

13-03-2024T17:43:04 - [MESSAGE][PASSED] - Text 'CheckinRemark' is set on object 'Object Repository/Page_2GrowHr - Dashboard/Checkin remark'

13-03-2024T17:43:04 - [TEST_STEP][PASSED] - delay(3): Delayed 3 second(s)

13-03-2024T17:43:07 - [MESSAGE][PASSED] - Delayed 3 second(s)

13-03-2024T17:43:07 - [TEST_STEP][PASSED] - click(findTestObject("Object Repository/Page_2GrowHr - Dashboard/Checkin button AR")): Object: 'Object Repository/Page_2GrowHr - Dashboard/Checkin button AR' is clicked on

13-03-2024T17:43:08 - [MESSAGE][PASSED] - Object: 'Object Repository/Page_2GrowHr - Dashboard/Checkin button AR' is clicked on

13-03-2024T17:43:08 - [TEST_STEP][PASSED] - delay(5): Delayed 5 second(s)

13-03-2024T17:43:13 - [MESSAGE][PASSED] - Delayed 5 second(s)

13-03-2024T17:43:13 - [TEST_STEP][PASSED] - click(findTestObject("Object Repository/Page_2GrowHr - Menu_Report/Attentance mouseover")): Object: 'Object Repository/Page_2GrowHr - Menu_Report/Attentance mouseover' is clicked on

13-03-2024T17:43:14 - [MESSAGE][PASSED] - Object: 'Object Repository/Page_2GrowHr - Menu_Report/Attentance mouseover' is clicked on

13-03-2024T17:43:14 - [TEST_STEP][PASSED] - delay(3): Delayed 3 second(s)

13-03-2024T17:43:17 - [MESSAGE][PASSED] - Delayed 3 second(s)

13-03-2024T17:43:17 - [TEST_STEP][PASSED] - click(findTestObject("Object Repository/Page_2GrowHr - Menu_Report/General Attendance Summary - Report")): Object: 'Object Repository/Page_2GrowHr - Menu_Report/General Attendance Summary - Report' is clicked on

13-03-2024T17:43:21 - [MESSAGE][PASSED] - Object: 'Object Repository/Page_2GrowHr - Menu_Report/General Attendance Summary - Report' is clicked on

13-03-2024T17:43:21 - [TEST_STEP][PASSED] - click(findTestObject("Object Repository/Page_2GrowHr - Menu_Report/Date selection field")): Object: 'Object Repository/Page_2GrowHr - Menu_Report/Date selection field' is clicked on

13-03-2024T17:43:22 - [MESSAGE][PASSED] - Object: 'Object Repository/Page_2GrowHr - Menu_Report/Date selection field' is clicked on

13-03-2024T17:43:22 - [TEST_STEP][PASSED] - setText(findTestObject("Object Repository/Page_2GrowHr - Menu_Report/Date selection field"), currentDateStr): Text '03/13/2024' is set on object 'Object Repository/Page_2GrowHr - Menu_Report/Date selection field'

13-03-2024T17:43:23 - [MESSAGE][PASSED] - Text '03/13/2024' is set on object 'Object Repository/Page_2GrowHr - Menu_Report/Date selection field'

13-03-2024T17:43:23 - [TEST_STEP][PASSED] - delay(3): Delayed 3 second(s)

13-03-2024T17:43:26 - [MESSAGE][PASSED] - Delayed 3 second(s)

13-03-2024T17:43:26 - [TEST_STEP][PASSED] - click(findTestObject("Object Repository/Page_2GrowHr - Menu_Report/Get Report button Day count attendance summary report")): Object: 'Object Repository/Page_2GrowHr - Menu_Report/Get Report button Day count attendance summary report' is clicked on

13-03-2024T17:43:26 - [MESSAGE][PASSED] - Object: 'Object Repository/Page_2GrowHr - Menu_Report/Get Report button Day count attendance summary report' is clicked on

13-03-2024T17:43:26 - [TEST_STEP][PASSED] - scrollToElement(findTestObject("Object Repository/Page_2GrowHr - Day Wise Report/Scroll to Page down"), 10): Scroll to object 'Object Repository/Page_2GrowHr - Day Wise Report/Scroll to Page down' successfully

13-03-2024T17:43:27 - [MESSAGE][PASSED] - Scroll to object 'Object Repository/Page_2GrowHr - Day Wise Report/Scroll to Page down' successfully

13-03-2024T17:43:27 - [TEST_STEP][PASSED] - delay(10): Delayed 10 second(s)

13-03-2024T17:43:37 - [MESSAGE][PASSED] - Delayed 10 second(s)

13-03-2024T17:43:37 - [TEST_STEP][PASSED] - closeBrowser(): Browser is closed

13-03-2024T17:43:37 - [MESSAGE][PASSED] - Browser is closed

13-03-2024T17:43:37 - [TEST_STEP][PASSED] - url = Data.getValue("URL", i): null

13-03-2024T17:43:37 - [TEST_STEP][PASSED] - username = Data.getValue("Username", i): null

13-03-2024T17:43:37 - [TEST_STEP][PASSED] - password = Data.getValue("Password", i): null

13-03-2024T17:43:37 - [TEST_STEP][PASSED] - checkinRemark = Data.getValue("CheckinRemark", i): null

13-03-2024T17:43:37 - [TEST_STEP][PASSED] - openBrowser(""): Browser is opened with url: ''

13-03-2024T17:43:37 - [MESSAGE][INFO] - Starting 'Chrome' driver

13-03-2024T17:43:37 - [MESSAGE][INFO] - Action delay is set to 0 milliseconds

13-03-2024T17:43:38 - [MESSAGE][PASSED] - Browser is opened with url: ''

13-03-2024T17:43:38 - [TEST_STEP][PASSED] - maximizeWindow(): Current window maximized

13-03-2024T17:43:38 - [MESSAGE][PASSED] - Current window maximized

13-03-2024T17:43:38 - [TEST_STEP][PASSED] - navigateToUrl(url): Navigate to 'http://testing.2growhr.io/' successfully

13-03-2024T17:43:47 - [MESSAGE][PASSED] - Navigate to 'http://testing.2growhr.io/' successfully

13-03-2024T17:43:47 - [TEST_STEP][PASSED] - setText(findTestObject("Object Repository/Page_2GrowHR - Login/UserName"), username): Text 'CBS2227' is set on object 'Object Repository/Page_2GrowHR - Login/UserName'

13-03-2024T17:43:48 - [MESSAGE][PASSED] - Text 'CBS2227' is set on object 'Object Repository/Page_2GrowHR - Login/UserName'

13-03-2024T17:43:48 - [TEST_STEP][PASSED] - setText(findTestObject("Object Repository/Page_2GrowHR - Login/Password"), password): Text '123' is set on object 'Object Repository/Page_2GrowHR - Login/Password'

13-03-2024T17:43:48 - [MESSAGE][PASSED] - Text '123' is set on object 'Object Repository/Page_2GrowHR - Login/Password'

13-03-2024T17:43:48 - [TEST_STEP][PASSED] - click(findTestObject("Object Repository/Page_2GrowHR - Login/Password - view icon")): Object: 'Object Repository/Page_2GrowHR - Login/Password - view icon' is clicked on

13-03-2024T17:43:49 - [MESSAGE][PASSED] - Object: 'Object Repository/Page_2GrowHR - Login/Password - view icon' is clicked on

13-03-2024T17:43:49 - [TEST_STEP][PASSED] - delay(2): Delayed 2 second(s)

13-03-2024T17:43:51 - [MESSAGE][PASSED] - Delayed 2 second(s)

13-03-2024T17:43:51 - [TEST_STEP][PASSED] - click(findTestObject("Object Repository/Page_2GrowHR - Login/Login Button")): Object: 'Object Repository/Page_2GrowHR - Login/Login Button' is clicked on

13-03-2024T17:44:04 - [MESSAGE][PASSED] - Object: 'Object Repository/Page_2GrowHR - Login/Login Button' is clicked on

13-03-2024T17:44:04 - [TEST_STEP][PASSED] - delay(3): Delayed 3 second(s)

13-03-2024T17:44:07 - [MESSAGE][PASSED] - Delayed 3 second(s)

13-03-2024T17:44:07 - [TEST_STEP][PASSED] - click(findTestObject("Object Repository/Page_2GrowHr - Dashboard/Checkin button BR")): Object: 'Object Repository/Page_2GrowHr - Dashboard/Checkin button BR' is clicked on

13-03-2024T17:44:07 - [MESSAGE][PASSED] - Object: 'Object Repository/Page_2GrowHr - Dashboard/Checkin button BR' is clicked on

13-03-2024T17:44:07 - [TEST_STEP][PASSED] - setText(findTestObject("Object Repository/Page_2GrowHr - Dashboard/Checkin remark"), checkinRemark): Text 'CheckinRemark' is set on object 'Object Repository/Page_2GrowHr - Dashboard/Checkin remark'

13-03-2024T17:44:08 - [MESSAGE][PASSED] - Text 'CheckinRemark' is set on object 'Object Repository/Page_2GrowHr - Dashboard/Checkin remark'

13-03-2024T17:44:08 - [TEST_STEP][PASSED] - delay(3): Delayed 3 second(s)

13-03-2024T17:44:11 - [MESSAGE][PASSED] - Delayed 3 second(s)

13-03-2024T17:44:11 - [TEST_STEP][PASSED] - click(findTestObject("Object Repository/Page_2GrowHr - Dashboard/Checkin button AR")): Object: 'Object Repository/Page_2GrowHr - Dashboard/Checkin button AR' is clicked on

13-03-2024T17:44:12 - [MESSAGE][PASSED] - Object: 'Object Repository/Page_2GrowHr - Dashboard/Checkin button AR' is clicked on

13-03-2024T17:44:12 - [TEST_STEP][PASSED] - delay(5): Delayed 5 second(s)

13-03-2024T17:44:17 - [MESSAGE][PASSED] - Delayed 5 second(s)

13-03-2024T17:44:17 - [TEST_STEP][PASSED] - click(findTestObject("Object Repository/Page_2GrowHr - Menu_Report/Attentance mouseover")): Object: 'Object Repository/Page_2GrowHr - Menu_Report/Attentance mouseover' is clicked on

13-03-2024T17:44:18 - [MESSAGE][PASSED] - Object: 'Object Repository/Page_2GrowHr - Menu_Report/Attentance mouseover' is clicked on

13-03-2024T17:44:18 - [TEST_STEP][PASSED] - delay(3): Delayed 3 second(s)

13-03-2024T17:44:21 - [MESSAGE][PASSED] - Delayed 3 second(s)

13-03-2024T17:44:21 - [TEST_STEP][PASSED] - click(findTestObject("Object Repository/Page_2GrowHr - Menu_Report/General Attendance Summary - Report")): Object: 'Object Repository/Page_2GrowHr - Menu_Report/General Attendance Summary - Report' is clicked on

13-03-2024T17:44:26 - [MESSAGE][PASSED] - Object: 'Object Repository/Page_2GrowHr - Menu_Report/General Attendance Summary - Report' is clicked on

13-03-2024T17:44:26 - [TEST_STEP][PASSED] - click(findTestObject("Object Repository/Page_2GrowHr - Menu_Report/Date selection field")): Object: 'Object Repository/Page_2GrowHr - Menu_Report/Date selection field' is clicked on

13-03-2024T17:44:27 - [MESSAGE][PASSED] - Object: 'Object Repository/Page_2GrowHr - Menu_Report/Date selection field' is clicked on

13-03-2024T17:44:27 - [TEST_STEP][PASSED] - setText(findTestObject("Object Repository/Page_2GrowHr - Menu_Report/Date selection field"), currentDateStr): Text '03/13/2024' is set on object 'Object Repository/Page_2GrowHr - Menu_Report/Date selection field'

13-03-2024T17:44:27 - [MESSAGE][PASSED] - Text '03/13/2024' is set on object 'Object Repository/Page_2GrowHr - Menu_Report/Date selection field'

13-03-2024T17:44:28 - [TEST_STEP][PASSED] - delay(3): Delayed 3 second(s)

13-03-2024T17:44:31 - [MESSAGE][PASSED] - Delayed 3 second(s)

13-03-2024T17:44:31 - [TEST_STEP][PASSED] - click(findTestObject("Object Repository/Page_2GrowHr - Menu_Report/Get Report button Day count attendance summary report")): Object: 'Object Repository/Page_2GrowHr - Menu_Report/Get Report button Day count attendance summary report' is clicked on

13-03-2024T17:44:31 - [MESSAGE][PASSED] - Object: 'Object Repository/Page_2GrowHr - Menu_Report/Get Report button Day count attendance summary report' is clicked on

13-03-2024T17:44:31 - [TEST_STEP][PASSED] - scrollToElement(findTestObject("Object Repository/Page_2GrowHr - Day Wise Report/Scroll to Page down"), 10): Scroll to object 'Object Repository/Page_2GrowHr - Day Wise Report/Scroll to Page down' successfully

13-03-2024T17:44:32 - [MESSAGE][PASSED] - Scroll to object 'Object Repository/Page_2GrowHr - Day Wise Report/Scroll to Page down' successfully

13-03-2024T17:44:32 - [TEST_STEP][PASSED] - delay(10): Delayed 10 second(s)

13-03-2024T17:44:42 - [MESSAGE][PASSED] - Delayed 10 second(s)

13-03-2024T17:44:42 - [TEST_STEP][PASSED] - closeBrowser(): Browser is closed

13-03-2024T17:44:42 - [MESSAGE][PASSED] - Browser is closed

13-03-2024T17:44:42 - [TEST_STEP][PASSED] - url = Data.getValue("URL", i): null

13-03-2024T17:44:42 - [TEST_STEP][PASSED] - username = Data.getValue("Username", i): null

13-03-2024T17:44:42 - [TEST_STEP][PASSED] - password = Data.getValue("Password", i): null

13-03-2024T17:44:42 - [TEST_STEP][PASSED] - checkinRemark = Data.getValue("CheckinRemark", i): null

13-03-2024T17:44:42 - [TEST_STEP][PASSED] - openBrowser(""): Browser is opened with url: ''

13-03-2024T17:44:42 - [MESSAGE][INFO] - Starting 'Chrome' driver

13-03-2024T17:44:42 - [MESSAGE][INFO] - Action delay is set to 0 milliseconds

13-03-2024T17:44:43 - [MESSAGE][PASSED] - Browser is opened with url: ''

13-03-2024T17:44:43 - [TEST_STEP][PASSED] - maximizeWindow(): Current window maximized

13-03-2024T17:44:43 - [MESSAGE][PASSED] - Current window maximized

13-03-2024T17:44:43 - [TEST_STEP][PASSED] - navigateToUrl(url): Navigate to 'http://testing.2growhr.io/' successfully

13-03-2024T17:44:49 - [MESSAGE][PASSED] - Navigate to 'http://testing.2growhr.io/' successfully

13-03-2024T17:44:49 - [TEST_STEP][PASSED] - setText(findTestObject("Object Repository/Page_2GrowHR - Login/UserName"), username): Text 'CBS2155' is set on object 'Object Repository/Page_2GrowHR - Login/UserName'

13-03-2024T17:44:50 - [MESSAGE][PASSED] - Text 'CBS2155' is set on object 'Object Repository/Page_2GrowHR - Login/UserName'

13-03-2024T17:44:50 - [TEST_STEP][PASSED] - setText(findTestObject("Object Repository/Page_2GrowHR - Login/Password"), password): Text '123' is set on object 'Object Repository/Page_2GrowHR - Login/Password'

13-03-2024T17:44:51 - [MESSAGE][PASSED] - Text '123' is set on object 'Object Repository/Page_2GrowHR - Login/Password'

13-03-2024T17:44:51 - [TEST_STEP][PASSED] - click(findTestObject("Object Repository/Page_2GrowHR - Login/Password - view icon")): Object: 'Object Repository/Page_2GrowHR - Login/Password - view icon' is clicked on

13-03-2024T17:44:51 - [MESSAGE][PASSED] - Object: 'Object Repository/Page_2GrowHR - Login/Password - view icon' is clicked on

13-03-2024T17:44:51 - [TEST_STEP][PASSED] - delay(2): Delayed 2 second(s)

13-03-2024T17:44:53 - [MESSAGE][PASSED] - Delayed 2 second(s)

13-03-2024T17:44:53 - [TEST_STEP][PASSED] - click(findTestObject("Object Repository/Page_2GrowHR - Login/Login Button")): Object: 'Object Repository/Page_2GrowHR - Login/Login Button' is clicked on

13-03-2024T17:45:07 - [MESSAGE][PASSED] - Object: 'Object Repository/Page_2GrowHR - Login/Login Button' is clicked on

13-03-2024T17:45:07 - [TEST_STEP][PASSED] - delay(3): Delayed 3 second(s)

13-03-2024T17:45:10 - [MESSAGE][PASSED] - Delayed 3 second(s)

13-03-2024T17:45:10 - [TEST_STEP][PASSED] - click(findTestObject("Object Repository/Page_2GrowHr - Dashboard/Checkin button BR")): Object: 'Object Repository/Page_2GrowHr - Dashboard/Checkin button BR' is clicked on

13-03-2024T17:45:11 - [MESSAGE][PASSED] - Object: 'Object Repository/Page_2GrowHr - Dashboard/Checkin button BR' is clicked on

13-03-2024T17:45:11 - [TEST_STEP][PASSED] - setText(findTestObject("Object Repository/Page_2GrowHr - Dashboard/Checkin remark"), checkinRemark): Text 'CheckinRemark' is set on object 'Object Repository/Page_2GrowHr - Dashboard/Checkin remark'

13-03-2024T17:45:12 - [MESSAGE][PASSED] - Text 'CheckinRemark' is set on object 'Object Repository/Page_2GrowHr - Dashboard/Checkin remark'

13-03-2024T17:45:12 - [TEST_STEP][PASSED] - delay(3): Delayed 3 second(s)

13-03-2024T17:45:15 - [MESSAGE][PASSED] - Delayed 3 second(s)

13-03-2024T17:45:15 - [TEST_STEP][PASSED] - click(findTestObject("Object Repository/Page_2GrowHr - Dashboard/Checkin button AR")): Object: 'Object Repository/Page_2GrowHr - Dashboard/Checkin button AR' is clicked on

13-03-2024T17:45:16 - [MESSAGE][PASSED] - Object: 'Object Repository/Page_2GrowHr - Dashboard/Checkin button AR' is clicked on

13-03-2024T17:45:16 - [TEST_STEP][PASSED] - delay(5): Delayed 5 second(s)

13-03-2024T17:45:21 - [MESSAGE][PASSED] - Delayed 5 second(s)

13-03-2024T17:45:21 - [TEST_STEP][PASSED] - click(findTestObject("Object Repository/Page_2GrowHr - Menu_Report/Attentance mouseover")): Object: 'Object Repository/Page_2GrowHr - Menu_Report/Attentance mouseover' is clicked on

13-03-2024T17:45:22 - [MESSAGE][PASSED] - Object: 'Object Repository/Page_2GrowHr - Menu_Report/Attentance mouseover' is clicked on

13-03-2024T17:45:22 - [TEST_STEP][PASSED] - delay(3): Delayed 3 second(s)

13-03-2024T17:45:25 - [MESSAGE][PASSED] - Delayed 3 second(s)

13-03-2024T17:45:25 - [TEST_STEP][PASSED] - click(findTestObject("Object Repository/Page_2GrowHr - Menu_Report/General Attendance Summary - Report")): Object: 'Object Repository/Page_2GrowHr - Menu_Report/General Attendance Summary - Report' is clicked on

13-03-2024T17:45:30 - [MESSAGE][PASSED] - Object: 'Object Repository/Page_2GrowHr - Menu_Report/General Attendance Summary - Report' is clicked on

13-03-2024T17:45:30 - [TEST_STEP][PASSED] - click(findTestObject("Object Repository/Page_2GrowHr - Menu_Report/Date selection field")): Object: 'Object Repository/Page_2GrowHr - Menu_Report/Date selection field' is clicked on

13-03-2024T17:45:30 - [MESSAGE][PASSED] - Object: 'Object Repository/Page_2GrowHr - Menu_Report/Date selection field' is clicked on

13-03-2024T17:45:30 - [TEST_STEP][PASSED] - setText(findTestObject("Object Repository/Page_2GrowHr - Menu_Report/Date selection field"), currentDateStr): Text '03/13/2024' is set on object 'Object Repository/Page_2GrowHr - Menu_Report/Date selection field'

13-03-2024T17:45:31 - [MESSAGE][PASSED] - Text '03/13/2024' is set on object 'Object Repository/Page_2GrowHr - Menu_Report/Date selection field'

13-03-2024T17:45:31 - [TEST_STEP][PASSED] - delay(3): Delayed 3 second(s)

13-03-2024T17:45:34 - [MESSAGE][PASSED] - Delayed 3 second(s)

13-03-2024T17:45:34 - [TEST_STEP][PASSED] - click(findTestObject("Object Repository/Page_2GrowHr - Menu_Report/Get Report button Day count attendance summary report")): Object: 'Object Repository/Page_2GrowHr - Menu_Report/Get Report button Day count attendance summary report' is clicked on

13-03-2024T17:45:34 - [MESSAGE][PASSED] - Object: 'Object Repository/Page_2GrowHr - Menu_Report/Get Report button Day count attendance summary report' is clicked on

13-03-2024T17:45:34 - [TEST_STEP][PASSED] - scrollToElement(findTestObject("Object Repository/Page_2GrowHr - Day Wise Report/Scroll to Page down"), 10): Scroll to object 'Object Repository/Page_2GrowHr - Day Wise Report/Scroll to Page down' successfully

13-03-2024T17:45:35 - [MESSAGE][PASSED] - Scroll to object 'Object Repository/Page_2GrowHr - Day Wise Report/Scroll to Page down' successfully

13-03-2024T17:45:35 - [TEST_STEP][PASSED] - delay(10): Delayed 10 second(s)

13-03-2024T17:45:45 - [MESSAGE][PASSED] - Delayed 10 second(s)

13-03-2024T17:45:45 - [TEST_STEP][PASSED] - closeBrowser(): Browser is closed

13-03-2024T17:45:46 - [MESSAGE][PASSED] - Browser is closed

13-03-2024T17:45:46 - [TEST_STEP][PASSED] - url = Data.getValue("URL", i): null

13-03-2024T17:45:46 - [TEST_STEP][PASSED] - username = Data.getValue("Username", i): null

13-03-2024T17:45:46 - [TEST_STEP][PASSED] - password = Data.getValue("Password", i): null

13-03-2024T17:45:46 - [TEST_STEP][PASSED] - checkinRemark = Data.getValue("CheckinRemark", i): null

13-03-2024T17:45:46 - [TEST_STEP][PASSED] - openBrowser(""): Browser is opened with url: ''

13-03-2024T17:45:46 - [MESSAGE][INFO] - Starting 'Chrome' driver

13-03-2024T17:45:46 - [MESSAGE][INFO] - Action delay is set to 0 milliseconds

13-03-2024T17:45:48 - [MESSAGE][PASSED] - Browser is opened with url: ''

13-03-2024T17:45:48 - [TEST_STEP][PASSED] - maximizeWindow(): Current window maximized

13-03-2024T17:45:48 - [MESSAGE][PASSED] - Current window maximized

13-03-2024T17:45:48 - [TEST_STEP][PASSED] - navigateToUrl(url): Navigate to 'http://testing.2growhr.io/' successfully

13-03-2024T17:45:53 - [MESSAGE][PASSED] - Navigate to 'http://testing.2growhr.io/' successfully

13-03-2024T17:45:53 - [TEST_STEP][PASSED] - setText(findTestObject("Object Repository/Page_2GrowHR - Login/UserName"), username): Text 'CBS0761' is set on object 'Object Repository/Page_2GrowHR - Login/UserName'

13-03-2024T17:45:53 - [MESSAGE][PASSED] - Text 'CBS0761' is set on object 'Object Repository/Page_2GrowHR - Login/UserName'

13-03-2024T17:45:53 - [TEST_STEP][PASSED] - setText(findTestObject("Object Repository/Page_2GrowHR - Login/Password"), password): Text '123' is set on object 'Object Repository/Page_2GrowHR - Login/Password'

13-03-2024T17:45:54 - [MESSAGE][PASSED] - Text '123' is set on object 'Object Repository/Page_2GrowHR - Login/Password'

13-03-2024T17:45:54 - [TEST_STEP][PASSED] - click(findTestObject("Object Repository/Page_2GrowHR - Login/Password - view icon")): Object: 'Object Repository/Page_2GrowHR - Login/Password - view icon' is clicked on

13-03-2024T17:45:54 - [MESSAGE][PASSED] - Object: 'Object Repository/Page_2GrowHR - Login/Password - view icon' is clicked on

13-03-2024T17:45:54 - [TEST_STEP][PASSED] - delay(2): Delayed 2 second(s)

13-03-2024T17:45:56 - [MESSAGE][PASSED] - Delayed 2 second(s)

13-03-2024T17:45:56 - [TEST_STEP][PASSED] - click(findTestObject("Object Repository/Page_2GrowHR - Login/Login Button")): Object: 'Object Repository/Page_2GrowHR - Login/Login Button' is clicked on

13-03-2024T17:46:13 - [MESSAGE][PASSED] - Object: 'Object Repository/Page_2GrowHR - Login/Login Button' is clicked on

13-03-2024T17:46:13 - [TEST_STEP][PASSED] - delay(3): Delayed 3 second(s)

13-03-2024T17:46:16 - [MESSAGE][PASSED] - Delayed 3 second(s)

13-03-2024T17:46:16 - [TEST_STEP][PASSED] - click(findTestObject("Object Repository/Page_2GrowHr - Dashboard/Checkin button BR")): Object: 'Object Repository/Page_2GrowHr - Dashboard/Checkin button BR' is clicked on

13-03-2024T17:46:16 - [MESSAGE][PASSED] - Object: 'Object Repository/Page_2GrowHr - Dashboard/Checkin button BR' is clicked on

13-03-2024T17:46:16 - [TEST_STEP][PASSED] - setText(findTestObject("Object Repository/Page_2GrowHr - Dashboard/Checkin remark"), checkinRemark): Text 'CheckinRemark' is set on object 'Object Repository/Page_2GrowHr - Dashboard/Checkin remark'

13-03-2024T17:46:17 - [MESSAGE][PASSED] - Text 'CheckinRemark' is set on object 'Object Repository/Page_2GrowHr - Dashboard/Checkin remark'

13-03-2024T17:46:17 - [TEST_STEP][PASSED] - delay(3): Delayed 3 second(s)

13-03-2024T17:46:20 - [MESSAGE][PASSED] - Delayed 3 second(s)

13-03-2024T17:46:20 - [TEST_STEP][PASSED] - click(findTestObject("Object Repository/Page_2GrowHr - Dashboard/Checkin button AR")): Object: 'Object Repository/Page_2GrowHr - Dashboard/Checkin button AR' is clicked on

13-03-2024T17:46:21 - [MESSAGE][PASSED] - Object: 'Object Repository/Page_2GrowHr - Dashboard/Checkin button AR' is clicked on

13-03-2024T17:46:21 - [TEST_STEP][PASSED] - delay(5): Delayed 5 second(s)

13-03-2024T17:46:26 - [MESSAGE][PASSED] - Delayed 5 second(s)

13-03-2024T17:46:26 - [TEST_STEP][PASSED] - click(findTestObject("Object Repository/Page_2GrowHr - Menu_Report/Attentance mouseover")): Object: 'Object Repository/Page_2GrowHr - Menu_Report/Attentance mouseover' is clicked on

13-03-2024T17:46:27 - [MESSAGE][PASSED] - Object: 'Object Repository/Page_2GrowHr - Menu_Report/Attentance mouseover' is clicked on

13-03-2024T17:46:27 - [TEST_STEP][PASSED] - delay(3): Delayed 3 second(s)

13-03-2024T17:46:30 - [MESSAGE][PASSED] - Delayed 3 second(s)

13-03-2024T17:46:30 - [TEST_STEP][PASSED] - click(findTestObject("Object Repository/Page_2GrowHr - Menu_Report/General Attendance Summary - Report")): Object: 'Object Repository/Page_2GrowHr - Menu_Report/General Attendance Summary - Report' is clicked on

13-03-2024T17:46:33 - [MESSAGE][PASSED] - Object: 'Object Repository/Page_2GrowHr - Menu_Report/General Attendance Summary - Report' is clicked on

13-03-2024T17:46:33 - [TEST_STEP][PASSED] - click(findTestObject("Object Repository/Page_2GrowHr - Menu_Report/Date selection field")): Object: 'Object Repository/Page_2GrowHr - Menu_Report/Date selection field' is clicked on

13-03-2024T17:46:34 - [MESSAGE][PASSED] - Object: 'Object Repository/Page_2GrowHr - Menu_Report/Date selection field' is clicked on

13-03-2024T17:46:34 - [TEST_STEP][PASSED] - setText(findTestObject("Object Repository/Page_2GrowHr - Menu_Report/Date selection field"), currentDateStr): Text '03/13/2024' is set on object 'Object Repository/Page_2GrowHr - Menu_Report/Date selection field'

13-03-2024T17:46:35 - [MESSAGE][PASSED] - Text '03/13/2024' is set on object 'Object Repository/Page_2GrowHr - Menu_Report/Date selection field'

13-03-2024T17:46:35 - [TEST_STEP][PASSED] - delay(3): Delayed 3 second(s)

13-03-2024T17:46:38 - [MESSAGE][PASSED] - Delayed 3 second(s)

13-03-2024T17:46:38 - [TEST_STEP][PASSED] - click(findTestObject("Object Repository/Page_2GrowHr - Menu_Report/Get Report button Day count attendance summary report")): Object: 'Object Repository/Page_2GrowHr - Menu_Report/Get Report button Day count attendance summary report' is clicked on

13-03-2024T17:46:38 - [MESSAGE][PASSED] - Object: 'Object Repository/Page_2GrowHr - Menu_Report/Get Report button Day count attendance summary report' is clicked on

13-03-2024T17:46:38 - [TEST_STEP][PASSED] - scrollToElement(findTestObject("Object Repository/Page_2GrowHr - Day Wise Report/Scroll to Page down"), 10): Scroll to object 'Object Repository/Page_2GrowHr - Day Wise Report/Scroll to Page down' successfully

13-03-2024T17:46:39 - [MESSAGE][PASSED] - Scroll to object 'Object Repository/Page_2GrowHr - Day Wise Report/Scroll to Page down' successfully

13-03-2024T17:46:39 - [TEST_STEP][PASSED] - delay(10): Delayed 10 second(s)

13-03-2024T17:46:49 - [MESSAGE][PASSED] - Delayed 10 second(s)

13-03-2024T17:46:49 - [TEST_STEP][PASSED] - closeBrowser(): Browser is closed

13-03-2024T17:46:49 - [MESSAGE][PASSED] - Browser is closed]]></system-out>
         <system-err><![CDATA[]]></system-err>
      </testcase>
      <system-out><![CDATA[13-03-2024T17:41:20 - [TEST_SUITE][PASSED] - Login and Checkin: Test Cases/Login and do checkin]]></system-out>
      <system-err><![CDATA[]]></system-err>
   </testsuite>
</testsuites>
