<?xml version="1.0" encoding="UTF-8"?>
<testsuites name="Login and Checkin" time="296.726" tests="1" failures="0" errors="0">
   <testsuite name="Login and Checkin" tests="1" failures="0" errors="0" time="296.726" skipped="0" timestamp="15-03-2024T09:50:09" hostname="91957 - Lead-Force-CRM" id="Test Suites/Login and Checkin">
      <properties>
         <property name="deviceName" value=""/>
         <property name="devicePlatform" value=""/>
         <property name="logFolder" value="C:\\Users\\91957\\Desktop\\Automation Testing - Katalon\\Payroll Web\\Reports\\20240315_094954\\Login and Checkin\\20240315_094955"/>
         <property name="logFiles" value="C:\\Users\\91957\\Desktop\\Automation Testing - Katalon\\Payroll Web\\Reports\\20240315_094954\\Login and Checkin\\20240315_094955\\execution0.log"/>
         <property name="attachments" value=""/>
         <property name="hostName" value="91957 - Lead-Force-CRM"/>
         <property name="os" value="Windows 11 64bit"/>
         <property name="katalonVersion" value="9.3.0.212"/>
         <property name="browser" value="Chrome 122.0.0.0"/>
         <property name="hostAddress" value="192.168.0.112"/>
         <property name="sessionId" value="90e44bb453643bff07b8075acc3cab89"/>
         <property name="seleniumVersion" value="3.141.59"/>
         <property name="proxyInformation" value="ProxyInformation { proxyOption=NO_PROXY, proxyServerType=HTTP, username=, password=********, proxyServerAddress=, proxyServerPort=0, executionList=&quot;&quot;, isApplyToDesiredCapabilities=true }"/>
         <property name="platform" value="Windows 11"/>
      </properties>
      <testcase name="Test Cases/Login and do checkin" time="296.518" classname="Test Cases/Login and do checkin" status="PASSED">
         <system-out><![CDATA[15-03-2024T09:50:10 - [TEST_CASE][PASSED] - Test Cases/Login and do checkin: Test Cases/Login and do checkin

15-03-2024T09:50:10 - [TEST_STEP][PASSED] - Data = findTestData("Login and Checkin"): null

15-03-2024T09:50:10 - [TEST_STEP][PASSED] - dateFormat = new java.text.SimpleDateFormat(MM/dd/yyyy): null

15-03-2024T09:50:10 - [TEST_STEP][PASSED] - currentDate = getInstance().getTime(): null

15-03-2024T09:50:10 - [TEST_STEP][PASSED] - currentDateStr = dateFormat.format(currentDate): null

15-03-2024T09:50:10 - [TEST_STEP][PASSED] - for ([i = 1, i <= Data.getRowNumbers(), (i++)]): Browser is closed

15-03-2024T09:50:11 - [TEST_STEP][PASSED] - url = Data.getValue("URL", i): null

15-03-2024T09:50:11 - [TEST_STEP][PASSED] - username = Data.getValue("Username", i): null

15-03-2024T09:50:11 - [TEST_STEP][PASSED] - password = Data.getValue("Password", i): null

15-03-2024T09:50:11 - [TEST_STEP][PASSED] - checkinRemark = Data.getValue("CheckinRemark", i): null

15-03-2024T09:50:11 - [TEST_STEP][PASSED] - openBrowser(""): Browser is opened with url: ''

15-03-2024T09:50:11 - [MESSAGE][INFO] - Starting 'Chrome' driver

15-03-2024T09:50:11 - [MESSAGE][INFO] - Action delay is set to 0 milliseconds

15-03-2024T09:50:13 - [MESSAGE][PASSED] - Browser is opened with url: ''

15-03-2024T09:50:13 - [TEST_STEP][PASSED] - maximizeWindow(): Current window maximized

15-03-2024T09:50:13 - [MESSAGE][PASSED] - Current window maximized

15-03-2024T09:50:13 - [TEST_STEP][PASSED] - navigateToUrl(url): Navigate to 'http://testing.2growhr.io/' successfully

15-03-2024T09:50:15 - [MESSAGE][PASSED] - Navigate to 'http://testing.2growhr.io/' successfully

15-03-2024T09:50:15 - [TEST_STEP][PASSED] - setText(findTestObject("Object Repository/Page_2GrowHR - Login/UserName"), username): Text 'Yashik' is set on object 'Object Repository/Page_2GrowHR - Login/UserName'

15-03-2024T09:50:16 - [MESSAGE][PASSED] - Text 'Yashik' is set on object 'Object Repository/Page_2GrowHR - Login/UserName'

15-03-2024T09:50:16 - [TEST_STEP][PASSED] - setText(findTestObject("Object Repository/Page_2GrowHR - Login/Password"), password): Text '123' is set on object 'Object Repository/Page_2GrowHR - Login/Password'

15-03-2024T09:50:17 - [MESSAGE][PASSED] - Text '123' is set on object 'Object Repository/Page_2GrowHR - Login/Password'

15-03-2024T09:50:17 - [TEST_STEP][PASSED] - click(findTestObject("Object Repository/Page_2GrowHR - Login/Password - view icon")): Object: 'Object Repository/Page_2GrowHR - Login/Password - view icon' is clicked on

15-03-2024T09:50:17 - [MESSAGE][PASSED] - Object: 'Object Repository/Page_2GrowHR - Login/Password - view icon' is clicked on

15-03-2024T09:50:17 - [TEST_STEP][PASSED] - delay(2): Delayed 2 second(s)

15-03-2024T09:50:19 - [MESSAGE][PASSED] - Delayed 2 second(s)

15-03-2024T09:50:19 - [TEST_STEP][PASSED] - click(findTestObject("Object Repository/Page_2GrowHR - Login/Login Button")): Object: 'Object Repository/Page_2GrowHR - Login/Login Button' is clicked on

15-03-2024T09:50:28 - [MESSAGE][PASSED] - Object: 'Object Repository/Page_2GrowHR - Login/Login Button' is clicked on

15-03-2024T09:50:28 - [TEST_STEP][PASSED] - delay(3): Delayed 3 second(s)

15-03-2024T09:50:31 - [MESSAGE][PASSED] - Delayed 3 second(s)

15-03-2024T09:50:31 - [TEST_STEP][PASSED] - click(findTestObject("Object Repository/Page_2GrowHr - Dashboard/Checkin button BR")): Object: 'Object Repository/Page_2GrowHr - Dashboard/Checkin button BR' is clicked on

15-03-2024T09:50:31 - [MESSAGE][PASSED] - Object: 'Object Repository/Page_2GrowHr - Dashboard/Checkin button BR' is clicked on

15-03-2024T09:50:31 - [TEST_STEP][PASSED] - setText(findTestObject("Object Repository/Page_2GrowHr - Dashboard/Checkin remark"), checkinRemark): Text 'CheckinRemark' is set on object 'Object Repository/Page_2GrowHr - Dashboard/Checkin remark'

15-03-2024T09:50:33 - [MESSAGE][PASSED] - Text 'CheckinRemark' is set on object 'Object Repository/Page_2GrowHr - Dashboard/Checkin remark'

15-03-2024T09:50:33 - [TEST_STEP][PASSED] - delay(3): Delayed 3 second(s)

15-03-2024T09:50:36 - [MESSAGE][PASSED] - Delayed 3 second(s)

15-03-2024T09:50:36 - [TEST_STEP][PASSED] - click(findTestObject("Object Repository/Page_2GrowHr - Dashboard/Checkin button AR")): Object: 'Object Repository/Page_2GrowHr - Dashboard/Checkin button AR' is clicked on

15-03-2024T09:50:36 - [MESSAGE][PASSED] - Object: 'Object Repository/Page_2GrowHr - Dashboard/Checkin button AR' is clicked on

15-03-2024T09:50:36 - [TEST_STEP][PASSED] - delay(5): Delayed 5 second(s)

15-03-2024T09:50:41 - [MESSAGE][PASSED] - Delayed 5 second(s)

15-03-2024T09:50:41 - [TEST_STEP][PASSED] - click(findTestObject("Object Repository/Page_2GrowHr - Menu_Report/Attentance mouseover")): Object: 'Object Repository/Page_2GrowHr - Menu_Report/Attentance mouseover' is clicked on

15-03-2024T09:50:42 - [MESSAGE][PASSED] - Object: 'Object Repository/Page_2GrowHr - Menu_Report/Attentance mouseover' is clicked on

15-03-2024T09:50:42 - [TEST_STEP][PASSED] - delay(3): Delayed 3 second(s)

15-03-2024T09:50:45 - [MESSAGE][PASSED] - Delayed 3 second(s)

15-03-2024T09:50:45 - [TEST_STEP][PASSED] - click(findTestObject("Object Repository/Page_2GrowHr - Menu_Report/General Attendance Summary - Report")): Object: 'Object Repository/Page_2GrowHr - Menu_Report/General Attendance Summary - Report' is clicked on

15-03-2024T09:50:47 - [MESSAGE][PASSED] - Object: 'Object Repository/Page_2GrowHr - Menu_Report/General Attendance Summary - Report' is clicked on

15-03-2024T09:50:47 - [TEST_STEP][PASSED] - click(findTestObject("Object Repository/Page_2GrowHr - Menu_Report/Date selection field")): Object: 'Object Repository/Page_2GrowHr - Menu_Report/Date selection field' is clicked on

15-03-2024T09:50:48 - [MESSAGE][PASSED] - Object: 'Object Repository/Page_2GrowHr - Menu_Report/Date selection field' is clicked on

15-03-2024T09:50:48 - [TEST_STEP][PASSED] - setText(findTestObject("Object Repository/Page_2GrowHr - Menu_Report/Date selection field"), currentDateStr): Text '03/15/2024' is set on object 'Object Repository/Page_2GrowHr - Menu_Report/Date selection field'

15-03-2024T09:50:49 - [MESSAGE][PASSED] - Text '03/15/2024' is set on object 'Object Repository/Page_2GrowHr - Menu_Report/Date selection field'

15-03-2024T09:50:49 - [TEST_STEP][PASSED] - delay(3): Delayed 3 second(s)

15-03-2024T09:50:52 - [MESSAGE][PASSED] - Delayed 3 second(s)

15-03-2024T09:50:52 - [TEST_STEP][PASSED] - click(findTestObject("Object Repository/Page_2GrowHr - Menu_Report/Get Report button Day count attendance summary report")): Object: 'Object Repository/Page_2GrowHr - Menu_Report/Get Report button Day count attendance summary report' is clicked on

15-03-2024T09:50:52 - [MESSAGE][PASSED] - Object: 'Object Repository/Page_2GrowHr - Menu_Report/Get Report button Day count attendance summary report' is clicked on

15-03-2024T09:50:52 - [TEST_STEP][PASSED] - scrollToElement(findTestObject("Object Repository/Page_2GrowHr - Day Wise Report/Scroll to Page down"), 10): Scroll to object 'Object Repository/Page_2GrowHr - Day Wise Report/Scroll to Page down' successfully

15-03-2024T09:50:53 - [MESSAGE][PASSED] - Scroll to object 'Object Repository/Page_2GrowHr - Day Wise Report/Scroll to Page down' successfully

15-03-2024T09:50:53 - [TEST_STEP][PASSED] - delay(10): Delayed 10 second(s)

15-03-2024T09:51:03 - [MESSAGE][PASSED] - Delayed 10 second(s)

15-03-2024T09:51:03 - [TEST_STEP][PASSED] - closeBrowser(): Browser is closed

15-03-2024T09:51:03 - [MESSAGE][PASSED] - Browser is closed

15-03-2024T09:51:03 - [TEST_STEP][PASSED] - url = Data.getValue("URL", i): null

15-03-2024T09:51:03 - [TEST_STEP][PASSED] - username = Data.getValue("Username", i): null

15-03-2024T09:51:03 - [TEST_STEP][PASSED] - password = Data.getValue("Password", i): null

15-03-2024T09:51:03 - [TEST_STEP][PASSED] - checkinRemark = Data.getValue("CheckinRemark", i): null

15-03-2024T09:51:03 - [TEST_STEP][PASSED] - openBrowser(""): Browser is opened with url: ''

15-03-2024T09:51:03 - [MESSAGE][INFO] - Starting 'Chrome' driver

15-03-2024T09:51:03 - [MESSAGE][INFO] - Action delay is set to 0 milliseconds

15-03-2024T09:51:04 - [MESSAGE][PASSED] - Browser is opened with url: ''

15-03-2024T09:51:04 - [TEST_STEP][PASSED] - maximizeWindow(): Current window maximized

15-03-2024T09:51:04 - [MESSAGE][PASSED] - Current window maximized

15-03-2024T09:51:04 - [TEST_STEP][PASSED] - navigateToUrl(url): Navigate to 'http://testing.2growhr.io/' successfully

15-03-2024T09:51:06 - [MESSAGE][PASSED] - Navigate to 'http://testing.2growhr.io/' successfully

15-03-2024T09:51:06 - [TEST_STEP][PASSED] - setText(findTestObject("Object Repository/Page_2GrowHR - Login/UserName"), username): Text 'Farveen' is set on object 'Object Repository/Page_2GrowHR - Login/UserName'

15-03-2024T09:51:07 - [MESSAGE][PASSED] - Text 'Farveen' is set on object 'Object Repository/Page_2GrowHR - Login/UserName'

15-03-2024T09:51:07 - [TEST_STEP][PASSED] - setText(findTestObject("Object Repository/Page_2GrowHR - Login/Password"), password): Text '123' is set on object 'Object Repository/Page_2GrowHR - Login/Password'

15-03-2024T09:51:08 - [MESSAGE][PASSED] - Text '123' is set on object 'Object Repository/Page_2GrowHR - Login/Password'

15-03-2024T09:51:08 - [TEST_STEP][PASSED] - click(findTestObject("Object Repository/Page_2GrowHR - Login/Password - view icon")): Object: 'Object Repository/Page_2GrowHR - Login/Password - view icon' is clicked on

15-03-2024T09:51:08 - [MESSAGE][PASSED] - Object: 'Object Repository/Page_2GrowHR - Login/Password - view icon' is clicked on

15-03-2024T09:51:08 - [TEST_STEP][PASSED] - delay(2): Delayed 2 second(s)

15-03-2024T09:51:10 - [MESSAGE][PASSED] - Delayed 2 second(s)

15-03-2024T09:51:10 - [TEST_STEP][PASSED] - click(findTestObject("Object Repository/Page_2GrowHR - Login/Login Button")): Object: 'Object Repository/Page_2GrowHR - Login/Login Button' is clicked on

15-03-2024T09:51:18 - [MESSAGE][PASSED] - Object: 'Object Repository/Page_2GrowHR - Login/Login Button' is clicked on

15-03-2024T09:51:18 - [TEST_STEP][PASSED] - delay(3): Delayed 3 second(s)

15-03-2024T09:51:21 - [MESSAGE][PASSED] - Delayed 3 second(s)

15-03-2024T09:51:21 - [TEST_STEP][PASSED] - click(findTestObject("Object Repository/Page_2GrowHr - Dashboard/Checkin button BR")): Object: 'Object Repository/Page_2GrowHr - Dashboard/Checkin button BR' is clicked on

15-03-2024T09:51:21 - [MESSAGE][PASSED] - Object: 'Object Repository/Page_2GrowHr - Dashboard/Checkin button BR' is clicked on

15-03-2024T09:51:21 - [TEST_STEP][PASSED] - setText(findTestObject("Object Repository/Page_2GrowHr - Dashboard/Checkin remark"), checkinRemark): Text 'CheckinRemark' is set on object 'Object Repository/Page_2GrowHr - Dashboard/Checkin remark'

15-03-2024T09:51:22 - [MESSAGE][PASSED] - Text 'CheckinRemark' is set on object 'Object Repository/Page_2GrowHr - Dashboard/Checkin remark'

15-03-2024T09:51:22 - [TEST_STEP][PASSED] - delay(3): Delayed 3 second(s)

15-03-2024T09:51:25 - [MESSAGE][PASSED] - Delayed 3 second(s)

15-03-2024T09:51:25 - [TEST_STEP][PASSED] - click(findTestObject("Object Repository/Page_2GrowHr - Dashboard/Checkin button AR")): Object: 'Object Repository/Page_2GrowHr - Dashboard/Checkin button AR' is clicked on

15-03-2024T09:51:26 - [MESSAGE][PASSED] - Object: 'Object Repository/Page_2GrowHr - Dashboard/Checkin button AR' is clicked on

15-03-2024T09:51:26 - [TEST_STEP][PASSED] - delay(5): Delayed 5 second(s)

15-03-2024T09:51:31 - [MESSAGE][PASSED] - Delayed 5 second(s)

15-03-2024T09:51:31 - [TEST_STEP][PASSED] - click(findTestObject("Object Repository/Page_2GrowHr - Menu_Report/Attentance mouseover")): Object: 'Object Repository/Page_2GrowHr - Menu_Report/Attentance mouseover' is clicked on

15-03-2024T09:51:31 - [MESSAGE][PASSED] - Object: 'Object Repository/Page_2GrowHr - Menu_Report/Attentance mouseover' is clicked on

15-03-2024T09:51:31 - [TEST_STEP][PASSED] - delay(3): Delayed 3 second(s)

15-03-2024T09:51:34 - [MESSAGE][PASSED] - Delayed 3 second(s)

15-03-2024T09:51:34 - [TEST_STEP][PASSED] - click(findTestObject("Object Repository/Page_2GrowHr - Menu_Report/General Attendance Summary - Report")): Object: 'Object Repository/Page_2GrowHr - Menu_Report/General Attendance Summary - Report' is clicked on

15-03-2024T09:51:36 - [MESSAGE][PASSED] - Object: 'Object Repository/Page_2GrowHr - Menu_Report/General Attendance Summary - Report' is clicked on

15-03-2024T09:51:36 - [TEST_STEP][PASSED] - click(findTestObject("Object Repository/Page_2GrowHr - Menu_Report/Date selection field")): Object: 'Object Repository/Page_2GrowHr - Menu_Report/Date selection field' is clicked on

15-03-2024T09:51:37 - [MESSAGE][PASSED] - Object: 'Object Repository/Page_2GrowHr - Menu_Report/Date selection field' is clicked on

15-03-2024T09:51:37 - [TEST_STEP][PASSED] - setText(findTestObject("Object Repository/Page_2GrowHr - Menu_Report/Date selection field"), currentDateStr): Text '03/15/2024' is set on object 'Object Repository/Page_2GrowHr - Menu_Report/Date selection field'

15-03-2024T09:51:38 - [MESSAGE][PASSED] - Text '03/15/2024' is set on object 'Object Repository/Page_2GrowHr - Menu_Report/Date selection field'

15-03-2024T09:51:38 - [TEST_STEP][PASSED] - delay(3): Delayed 3 second(s)

15-03-2024T09:51:41 - [MESSAGE][PASSED] - Delayed 3 second(s)

15-03-2024T09:51:41 - [TEST_STEP][PASSED] - click(findTestObject("Object Repository/Page_2GrowHr - Menu_Report/Get Report button Day count attendance summary report")): Object: 'Object Repository/Page_2GrowHr - Menu_Report/Get Report button Day count attendance summary report' is clicked on

15-03-2024T09:51:41 - [MESSAGE][PASSED] - Object: 'Object Repository/Page_2GrowHr - Menu_Report/Get Report button Day count attendance summary report' is clicked on

15-03-2024T09:51:41 - [TEST_STEP][PASSED] - scrollToElement(findTestObject("Object Repository/Page_2GrowHr - Day Wise Report/Scroll to Page down"), 10): Scroll to object 'Object Repository/Page_2GrowHr - Day Wise Report/Scroll to Page down' successfully

15-03-2024T09:51:42 - [MESSAGE][PASSED] - Scroll to object 'Object Repository/Page_2GrowHr - Day Wise Report/Scroll to Page down' successfully

15-03-2024T09:51:42 - [TEST_STEP][PASSED] - delay(10): Delayed 10 second(s)

15-03-2024T09:51:52 - [MESSAGE][PASSED] - Delayed 10 second(s)

15-03-2024T09:51:52 - [TEST_STEP][PASSED] - closeBrowser(): Browser is closed

15-03-2024T09:51:52 - [MESSAGE][PASSED] - Browser is closed

15-03-2024T09:51:52 - [TEST_STEP][PASSED] - url = Data.getValue("URL", i): null

15-03-2024T09:51:52 - [TEST_STEP][PASSED] - username = Data.getValue("Username", i): null

15-03-2024T09:51:52 - [TEST_STEP][PASSED] - password = Data.getValue("Password", i): null

15-03-2024T09:51:52 - [TEST_STEP][PASSED] - checkinRemark = Data.getValue("CheckinRemark", i): null

15-03-2024T09:51:52 - [TEST_STEP][PASSED] - openBrowser(""): Browser is opened with url: ''

15-03-2024T09:51:52 - [MESSAGE][INFO] - Starting 'Chrome' driver

15-03-2024T09:51:52 - [MESSAGE][INFO] - Action delay is set to 0 milliseconds

15-03-2024T09:51:53 - [MESSAGE][PASSED] - Browser is opened with url: ''

15-03-2024T09:51:53 - [TEST_STEP][PASSED] - maximizeWindow(): Current window maximized

15-03-2024T09:51:53 - [MESSAGE][PASSED] - Current window maximized

15-03-2024T09:51:53 - [TEST_STEP][PASSED] - navigateToUrl(url): Navigate to 'http://testing.2growhr.io/' successfully

15-03-2024T09:51:55 - [MESSAGE][PASSED] - Navigate to 'http://testing.2growhr.io/' successfully

15-03-2024T09:51:55 - [TEST_STEP][PASSED] - setText(findTestObject("Object Repository/Page_2GrowHR - Login/UserName"), username): Text 'CBS2227' is set on object 'Object Repository/Page_2GrowHR - Login/UserName'

15-03-2024T09:51:56 - [MESSAGE][PASSED] - Text 'CBS2227' is set on object 'Object Repository/Page_2GrowHR - Login/UserName'

15-03-2024T09:51:56 - [TEST_STEP][PASSED] - setText(findTestObject("Object Repository/Page_2GrowHR - Login/Password"), password): Text '123' is set on object 'Object Repository/Page_2GrowHR - Login/Password'

15-03-2024T09:52:00 - [MESSAGE][PASSED] - Text '123' is set on object 'Object Repository/Page_2GrowHR - Login/Password'

15-03-2024T09:52:00 - [TEST_STEP][PASSED] - click(findTestObject("Object Repository/Page_2GrowHR - Login/Password - view icon")): Object: 'Object Repository/Page_2GrowHR - Login/Password - view icon' is clicked on

15-03-2024T09:52:02 - [MESSAGE][PASSED] - Object: 'Object Repository/Page_2GrowHR - Login/Password - view icon' is clicked on

15-03-2024T09:52:02 - [TEST_STEP][PASSED] - delay(2): Delayed 2 second(s)

15-03-2024T09:52:04 - [MESSAGE][PASSED] - Delayed 2 second(s)

15-03-2024T09:52:04 - [TEST_STEP][PASSED] - click(findTestObject("Object Repository/Page_2GrowHR - Login/Login Button")): Object: 'Object Repository/Page_2GrowHR - Login/Login Button' is clicked on

15-03-2024T09:52:18 - [MESSAGE][PASSED] - Object: 'Object Repository/Page_2GrowHR - Login/Login Button' is clicked on

15-03-2024T09:52:18 - [TEST_STEP][PASSED] - delay(3): Delayed 3 second(s)

15-03-2024T09:52:21 - [MESSAGE][PASSED] - Delayed 3 second(s)

15-03-2024T09:52:21 - [TEST_STEP][PASSED] - click(findTestObject("Object Repository/Page_2GrowHr - Dashboard/Checkin button BR")): Object: 'Object Repository/Page_2GrowHr - Dashboard/Checkin button BR' is clicked on

15-03-2024T09:52:23 - [MESSAGE][PASSED] - Object: 'Object Repository/Page_2GrowHr - Dashboard/Checkin button BR' is clicked on

15-03-2024T09:52:23 - [TEST_STEP][PASSED] - setText(findTestObject("Object Repository/Page_2GrowHr - Dashboard/Checkin remark"), checkinRemark): Text 'CheckinRemark' is set on object 'Object Repository/Page_2GrowHr - Dashboard/Checkin remark'

15-03-2024T09:52:27 - [MESSAGE][PASSED] - Text 'CheckinRemark' is set on object 'Object Repository/Page_2GrowHr - Dashboard/Checkin remark'

15-03-2024T09:52:27 - [TEST_STEP][PASSED] - delay(3): Delayed 3 second(s)

15-03-2024T09:52:30 - [MESSAGE][PASSED] - Delayed 3 second(s)

15-03-2024T09:52:30 - [TEST_STEP][PASSED] - click(findTestObject("Object Repository/Page_2GrowHr - Dashboard/Checkin button AR")): Object: 'Object Repository/Page_2GrowHr - Dashboard/Checkin button AR' is clicked on

15-03-2024T09:52:32 - [MESSAGE][PASSED] - Object: 'Object Repository/Page_2GrowHr - Dashboard/Checkin button AR' is clicked on

15-03-2024T09:52:32 - [TEST_STEP][PASSED] - delay(5): Delayed 5 second(s)

15-03-2024T09:52:37 - [MESSAGE][PASSED] - Delayed 5 second(s)

15-03-2024T09:52:37 - [TEST_STEP][PASSED] - click(findTestObject("Object Repository/Page_2GrowHr - Menu_Report/Attentance mouseover")): Object: 'Object Repository/Page_2GrowHr - Menu_Report/Attentance mouseover' is clicked on

15-03-2024T09:52:39 - [MESSAGE][PASSED] - Object: 'Object Repository/Page_2GrowHr - Menu_Report/Attentance mouseover' is clicked on

15-03-2024T09:52:39 - [TEST_STEP][PASSED] - delay(3): Delayed 3 second(s)

15-03-2024T09:52:42 - [MESSAGE][PASSED] - Delayed 3 second(s)

15-03-2024T09:52:42 - [TEST_STEP][PASSED] - click(findTestObject("Object Repository/Page_2GrowHr - Menu_Report/General Attendance Summary - Report")): Object: 'Object Repository/Page_2GrowHr - Menu_Report/General Attendance Summary - Report' is clicked on

15-03-2024T09:52:47 - [MESSAGE][PASSED] - Object: 'Object Repository/Page_2GrowHr - Menu_Report/General Attendance Summary - Report' is clicked on

15-03-2024T09:52:47 - [TEST_STEP][PASSED] - click(findTestObject("Object Repository/Page_2GrowHr - Menu_Report/Date selection field")): Object: 'Object Repository/Page_2GrowHr - Menu_Report/Date selection field' is clicked on

15-03-2024T09:52:49 - [MESSAGE][PASSED] - Object: 'Object Repository/Page_2GrowHr - Menu_Report/Date selection field' is clicked on

15-03-2024T09:52:49 - [TEST_STEP][PASSED] - setText(findTestObject("Object Repository/Page_2GrowHr - Menu_Report/Date selection field"), currentDateStr): Text '03/15/2024' is set on object 'Object Repository/Page_2GrowHr - Menu_Report/Date selection field'

15-03-2024T09:52:53 - [MESSAGE][PASSED] - Text '03/15/2024' is set on object 'Object Repository/Page_2GrowHr - Menu_Report/Date selection field'

15-03-2024T09:52:53 - [TEST_STEP][PASSED] - delay(3): Delayed 3 second(s)

15-03-2024T09:52:56 - [MESSAGE][PASSED] - Delayed 3 second(s)

15-03-2024T09:52:56 - [TEST_STEP][PASSED] - click(findTestObject("Object Repository/Page_2GrowHr - Menu_Report/Get Report button Day count attendance summary report")): Object: 'Object Repository/Page_2GrowHr - Menu_Report/Get Report button Day count attendance summary report' is clicked on

15-03-2024T09:52:58 - [MESSAGE][PASSED] - Object: 'Object Repository/Page_2GrowHr - Menu_Report/Get Report button Day count attendance summary report' is clicked on

15-03-2024T09:52:58 - [TEST_STEP][PASSED] - scrollToElement(findTestObject("Object Repository/Page_2GrowHr - Day Wise Report/Scroll to Page down"), 10): Scroll to object 'Object Repository/Page_2GrowHr - Day Wise Report/Scroll to Page down' successfully

15-03-2024T09:53:00 - [MESSAGE][PASSED] - Scroll to object 'Object Repository/Page_2GrowHr - Day Wise Report/Scroll to Page down' successfully

15-03-2024T09:53:00 - [TEST_STEP][PASSED] - delay(10): Delayed 10 second(s)

15-03-2024T09:53:10 - [MESSAGE][PASSED] - Delayed 10 second(s)

15-03-2024T09:53:10 - [TEST_STEP][PASSED] - closeBrowser(): Browser is closed

15-03-2024T09:53:10 - [MESSAGE][PASSED] - Browser is closed

15-03-2024T09:53:10 - [TEST_STEP][PASSED] - url = Data.getValue("URL", i): null

15-03-2024T09:53:10 - [TEST_STEP][PASSED] - username = Data.getValue("Username", i): null

15-03-2024T09:53:10 - [TEST_STEP][PASSED] - password = Data.getValue("Password", i): null

15-03-2024T09:53:10 - [TEST_STEP][PASSED] - checkinRemark = Data.getValue("CheckinRemark", i): null

15-03-2024T09:53:10 - [TEST_STEP][PASSED] - openBrowser(""): Browser is opened with url: ''

15-03-2024T09:53:10 - [MESSAGE][INFO] - Starting 'Chrome' driver

15-03-2024T09:53:10 - [MESSAGE][INFO] - Action delay is set to 0 milliseconds

15-03-2024T09:53:11 - [MESSAGE][PASSED] - Browser is opened with url: ''

15-03-2024T09:53:11 - [TEST_STEP][PASSED] - maximizeWindow(): Current window maximized

15-03-2024T09:53:11 - [MESSAGE][PASSED] - Current window maximized

15-03-2024T09:53:11 - [TEST_STEP][PASSED] - navigateToUrl(url): Navigate to 'http://testing.2growhr.io/' successfully

15-03-2024T09:53:13 - [MESSAGE][PASSED] - Navigate to 'http://testing.2growhr.io/' successfully

15-03-2024T09:53:13 - [TEST_STEP][PASSED] - setText(findTestObject("Object Repository/Page_2GrowHR - Login/UserName"), username): Text 'CBS2155' is set on object 'Object Repository/Page_2GrowHR - Login/UserName'

15-03-2024T09:53:14 - [MESSAGE][PASSED] - Text 'CBS2155' is set on object 'Object Repository/Page_2GrowHR - Login/UserName'

15-03-2024T09:53:14 - [TEST_STEP][PASSED] - setText(findTestObject("Object Repository/Page_2GrowHR - Login/Password"), password): Text '123' is set on object 'Object Repository/Page_2GrowHR - Login/Password'

15-03-2024T09:53:14 - [MESSAGE][PASSED] - Text '123' is set on object 'Object Repository/Page_2GrowHR - Login/Password'

15-03-2024T09:53:14 - [TEST_STEP][PASSED] - click(findTestObject("Object Repository/Page_2GrowHR - Login/Password - view icon")): Object: 'Object Repository/Page_2GrowHR - Login/Password - view icon' is clicked on

15-03-2024T09:53:16 - [MESSAGE][PASSED] - Object: 'Object Repository/Page_2GrowHR - Login/Password - view icon' is clicked on

15-03-2024T09:53:16 - [TEST_STEP][PASSED] - delay(2): Delayed 2 second(s)

15-03-2024T09:53:18 - [MESSAGE][PASSED] - Delayed 2 second(s)

15-03-2024T09:53:18 - [TEST_STEP][PASSED] - click(findTestObject("Object Repository/Page_2GrowHR - Login/Login Button")): Object: 'Object Repository/Page_2GrowHR - Login/Login Button' is clicked on

15-03-2024T09:53:30 - [MESSAGE][PASSED] - Object: 'Object Repository/Page_2GrowHR - Login/Login Button' is clicked on

15-03-2024T09:53:30 - [TEST_STEP][PASSED] - delay(3): Delayed 3 second(s)

15-03-2024T09:53:33 - [MESSAGE][PASSED] - Delayed 3 second(s)

15-03-2024T09:53:33 - [TEST_STEP][PASSED] - click(findTestObject("Object Repository/Page_2GrowHr - Dashboard/Checkin button BR")): Object: 'Object Repository/Page_2GrowHr - Dashboard/Checkin button BR' is clicked on

15-03-2024T09:53:35 - [MESSAGE][PASSED] - Object: 'Object Repository/Page_2GrowHr - Dashboard/Checkin button BR' is clicked on

15-03-2024T09:53:35 - [TEST_STEP][PASSED] - setText(findTestObject("Object Repository/Page_2GrowHr - Dashboard/Checkin remark"), checkinRemark): Text 'CheckinRemark' is set on object 'Object Repository/Page_2GrowHr - Dashboard/Checkin remark'

15-03-2024T09:53:39 - [MESSAGE][PASSED] - Text 'CheckinRemark' is set on object 'Object Repository/Page_2GrowHr - Dashboard/Checkin remark'

15-03-2024T09:53:39 - [TEST_STEP][PASSED] - delay(3): Delayed 3 second(s)

15-03-2024T09:53:42 - [MESSAGE][PASSED] - Delayed 3 second(s)

15-03-2024T09:53:42 - [TEST_STEP][PASSED] - click(findTestObject("Object Repository/Page_2GrowHr - Dashboard/Checkin button AR")): Object: 'Object Repository/Page_2GrowHr - Dashboard/Checkin button AR' is clicked on

15-03-2024T09:53:44 - [MESSAGE][PASSED] - Object: 'Object Repository/Page_2GrowHr - Dashboard/Checkin button AR' is clicked on

15-03-2024T09:53:44 - [TEST_STEP][PASSED] - delay(5): Delayed 5 second(s)

15-03-2024T09:53:49 - [MESSAGE][PASSED] - Delayed 5 second(s)

15-03-2024T09:53:49 - [TEST_STEP][PASSED] - click(findTestObject("Object Repository/Page_2GrowHr - Menu_Report/Attentance mouseover")): Object: 'Object Repository/Page_2GrowHr - Menu_Report/Attentance mouseover' is clicked on

15-03-2024T09:53:50 - [MESSAGE][PASSED] - Object: 'Object Repository/Page_2GrowHr - Menu_Report/Attentance mouseover' is clicked on

15-03-2024T09:53:50 - [TEST_STEP][PASSED] - delay(3): Delayed 3 second(s)

15-03-2024T09:53:53 - [MESSAGE][PASSED] - Delayed 3 second(s)

15-03-2024T09:53:53 - [TEST_STEP][PASSED] - click(findTestObject("Object Repository/Page_2GrowHr - Menu_Report/General Attendance Summary - Report")): Object: 'Object Repository/Page_2GrowHr - Menu_Report/General Attendance Summary - Report' is clicked on

15-03-2024T09:53:56 - [MESSAGE][PASSED] - Object: 'Object Repository/Page_2GrowHr - Menu_Report/General Attendance Summary - Report' is clicked on

15-03-2024T09:53:56 - [TEST_STEP][PASSED] - click(findTestObject("Object Repository/Page_2GrowHr - Menu_Report/Date selection field")): Object: 'Object Repository/Page_2GrowHr - Menu_Report/Date selection field' is clicked on

15-03-2024T09:53:58 - [MESSAGE][PASSED] - Object: 'Object Repository/Page_2GrowHr - Menu_Report/Date selection field' is clicked on

15-03-2024T09:53:58 - [TEST_STEP][PASSED] - setText(findTestObject("Object Repository/Page_2GrowHr - Menu_Report/Date selection field"), currentDateStr): Text '03/15/2024' is set on object 'Object Repository/Page_2GrowHr - Menu_Report/Date selection field'

15-03-2024T09:54:02 - [MESSAGE][PASSED] - Text '03/15/2024' is set on object 'Object Repository/Page_2GrowHr - Menu_Report/Date selection field'

15-03-2024T09:54:02 - [TEST_STEP][PASSED] - delay(3): Delayed 3 second(s)

15-03-2024T09:54:05 - [MESSAGE][PASSED] - Delayed 3 second(s)

15-03-2024T09:54:05 - [TEST_STEP][PASSED] - click(findTestObject("Object Repository/Page_2GrowHr - Menu_Report/Get Report button Day count attendance summary report")): Object: 'Object Repository/Page_2GrowHr - Menu_Report/Get Report button Day count attendance summary report' is clicked on

15-03-2024T09:54:05 - [MESSAGE][PASSED] - Object: 'Object Repository/Page_2GrowHr - Menu_Report/Get Report button Day count attendance summary report' is clicked on

15-03-2024T09:54:05 - [TEST_STEP][PASSED] - scrollToElement(findTestObject("Object Repository/Page_2GrowHr - Day Wise Report/Scroll to Page down"), 10): Scroll to object 'Object Repository/Page_2GrowHr - Day Wise Report/Scroll to Page down' successfully

15-03-2024T09:54:06 - [MESSAGE][PASSED] - Scroll to object 'Object Repository/Page_2GrowHr - Day Wise Report/Scroll to Page down' successfully

15-03-2024T09:54:06 - [TEST_STEP][PASSED] - delay(10): Delayed 10 second(s)

15-03-2024T09:54:16 - [MESSAGE][PASSED] - Delayed 10 second(s)

15-03-2024T09:54:16 - [TEST_STEP][PASSED] - closeBrowser(): Browser is closed

15-03-2024T09:54:16 - [MESSAGE][PASSED] - Browser is closed

15-03-2024T09:54:16 - [TEST_STEP][PASSED] - url = Data.getValue("URL", i): null

15-03-2024T09:54:16 - [TEST_STEP][PASSED] - username = Data.getValue("Username", i): null

15-03-2024T09:54:16 - [TEST_STEP][PASSED] - password = Data.getValue("Password", i): null

15-03-2024T09:54:16 - [TEST_STEP][PASSED] - checkinRemark = Data.getValue("CheckinRemark", i): null

15-03-2024T09:54:16 - [TEST_STEP][PASSED] - openBrowser(""): Browser is opened with url: ''

15-03-2024T09:54:16 - [MESSAGE][INFO] - Starting 'Chrome' driver

15-03-2024T09:54:16 - [MESSAGE][INFO] - Action delay is set to 0 milliseconds

15-03-2024T09:54:17 - [MESSAGE][PASSED] - Browser is opened with url: ''

15-03-2024T09:54:17 - [TEST_STEP][PASSED] - maximizeWindow(): Current window maximized

15-03-2024T09:54:17 - [MESSAGE][PASSED] - Current window maximized

15-03-2024T09:54:17 - [TEST_STEP][PASSED] - navigateToUrl(url): Navigate to 'http://testing.2growhr.io/' successfully

15-03-2024T09:54:19 - [MESSAGE][PASSED] - Navigate to 'http://testing.2growhr.io/' successfully

15-03-2024T09:54:19 - [TEST_STEP][PASSED] - setText(findTestObject("Object Repository/Page_2GrowHR - Login/UserName"), username): Text 'CBS0761' is set on object 'Object Repository/Page_2GrowHR - Login/UserName'

15-03-2024T09:54:20 - [MESSAGE][PASSED] - Text 'CBS0761' is set on object 'Object Repository/Page_2GrowHR - Login/UserName'

15-03-2024T09:54:20 - [TEST_STEP][PASSED] - setText(findTestObject("Object Repository/Page_2GrowHR - Login/Password"), password): Text '123' is set on object 'Object Repository/Page_2GrowHR - Login/Password'

15-03-2024T09:54:20 - [MESSAGE][PASSED] - Text '123' is set on object 'Object Repository/Page_2GrowHR - Login/Password'

15-03-2024T09:54:20 - [TEST_STEP][PASSED] - click(findTestObject("Object Repository/Page_2GrowHR - Login/Password - view icon")): Object: 'Object Repository/Page_2GrowHR - Login/Password - view icon' is clicked on

15-03-2024T09:54:21 - [MESSAGE][PASSED] - Object: 'Object Repository/Page_2GrowHR - Login/Password - view icon' is clicked on

15-03-2024T09:54:21 - [TEST_STEP][PASSED] - delay(2): Delayed 2 second(s)

15-03-2024T09:54:23 - [MESSAGE][PASSED] - Delayed 2 second(s)

15-03-2024T09:54:23 - [TEST_STEP][PASSED] - click(findTestObject("Object Repository/Page_2GrowHR - Login/Login Button")): Object: 'Object Repository/Page_2GrowHR - Login/Login Button' is clicked on

15-03-2024T09:54:32 - [MESSAGE][PASSED] - Object: 'Object Repository/Page_2GrowHR - Login/Login Button' is clicked on

15-03-2024T09:54:32 - [TEST_STEP][PASSED] - delay(3): Delayed 3 second(s)

15-03-2024T09:54:35 - [MESSAGE][PASSED] - Delayed 3 second(s)

15-03-2024T09:54:35 - [TEST_STEP][PASSED] - click(findTestObject("Object Repository/Page_2GrowHr - Dashboard/Checkin button BR")): Object: 'Object Repository/Page_2GrowHr - Dashboard/Checkin button BR' is clicked on

15-03-2024T09:54:36 - [MESSAGE][PASSED] - Object: 'Object Repository/Page_2GrowHr - Dashboard/Checkin button BR' is clicked on

15-03-2024T09:54:36 - [TEST_STEP][PASSED] - setText(findTestObject("Object Repository/Page_2GrowHr - Dashboard/Checkin remark"), checkinRemark): Text 'CheckinRemark' is set on object 'Object Repository/Page_2GrowHr - Dashboard/Checkin remark'

15-03-2024T09:54:37 - [MESSAGE][PASSED] - Text 'CheckinRemark' is set on object 'Object Repository/Page_2GrowHr - Dashboard/Checkin remark'

15-03-2024T09:54:37 - [TEST_STEP][PASSED] - delay(3): Delayed 3 second(s)

15-03-2024T09:54:40 - [MESSAGE][PASSED] - Delayed 3 second(s)

15-03-2024T09:54:40 - [TEST_STEP][PASSED] - click(findTestObject("Object Repository/Page_2GrowHr - Dashboard/Checkin button AR")): Object: 'Object Repository/Page_2GrowHr - Dashboard/Checkin button AR' is clicked on

15-03-2024T09:54:40 - [MESSAGE][PASSED] - Object: 'Object Repository/Page_2GrowHr - Dashboard/Checkin button AR' is clicked on

15-03-2024T09:54:40 - [TEST_STEP][PASSED] - delay(5): Delayed 5 second(s)

15-03-2024T09:54:45 - [MESSAGE][PASSED] - Delayed 5 second(s)

15-03-2024T09:54:45 - [TEST_STEP][PASSED] - click(findTestObject("Object Repository/Page_2GrowHr - Menu_Report/Attentance mouseover")): Object: 'Object Repository/Page_2GrowHr - Menu_Report/Attentance mouseover' is clicked on

15-03-2024T09:54:46 - [MESSAGE][PASSED] - Object: 'Object Repository/Page_2GrowHr - Menu_Report/Attentance mouseover' is clicked on

15-03-2024T09:54:46 - [TEST_STEP][PASSED] - delay(3): Delayed 3 second(s)

15-03-2024T09:54:49 - [MESSAGE][PASSED] - Delayed 3 second(s)

15-03-2024T09:54:49 - [TEST_STEP][PASSED] - click(findTestObject("Object Repository/Page_2GrowHr - Menu_Report/General Attendance Summary - Report")): Object: 'Object Repository/Page_2GrowHr - Menu_Report/General Attendance Summary - Report' is clicked on

15-03-2024T09:54:50 - [MESSAGE][PASSED] - Object: 'Object Repository/Page_2GrowHr - Menu_Report/General Attendance Summary - Report' is clicked on

15-03-2024T09:54:50 - [TEST_STEP][PASSED] - click(findTestObject("Object Repository/Page_2GrowHr - Menu_Report/Date selection field")): Object: 'Object Repository/Page_2GrowHr - Menu_Report/Date selection field' is clicked on

15-03-2024T09:54:51 - [MESSAGE][PASSED] - Object: 'Object Repository/Page_2GrowHr - Menu_Report/Date selection field' is clicked on

15-03-2024T09:54:51 - [TEST_STEP][PASSED] - setText(findTestObject("Object Repository/Page_2GrowHr - Menu_Report/Date selection field"), currentDateStr): Text '03/15/2024' is set on object 'Object Repository/Page_2GrowHr - Menu_Report/Date selection field'

15-03-2024T09:54:52 - [MESSAGE][PASSED] - Text '03/15/2024' is set on object 'Object Repository/Page_2GrowHr - Menu_Report/Date selection field'

15-03-2024T09:54:52 - [TEST_STEP][PASSED] - delay(3): Delayed 3 second(s)

15-03-2024T09:54:55 - [MESSAGE][PASSED] - Delayed 3 second(s)

15-03-2024T09:54:55 - [TEST_STEP][PASSED] - click(findTestObject("Object Repository/Page_2GrowHr - Menu_Report/Get Report button Day count attendance summary report")): Object: 'Object Repository/Page_2GrowHr - Menu_Report/Get Report button Day count attendance summary report' is clicked on

15-03-2024T09:54:55 - [MESSAGE][PASSED] - Object: 'Object Repository/Page_2GrowHr - Menu_Report/Get Report button Day count attendance summary report' is clicked on

15-03-2024T09:54:55 - [TEST_STEP][PASSED] - scrollToElement(findTestObject("Object Repository/Page_2GrowHr - Day Wise Report/Scroll to Page down"), 10): Scroll to object 'Object Repository/Page_2GrowHr - Day Wise Report/Scroll to Page down' successfully

15-03-2024T09:54:56 - [MESSAGE][PASSED] - Scroll to object 'Object Repository/Page_2GrowHr - Day Wise Report/Scroll to Page down' successfully

15-03-2024T09:54:56 - [TEST_STEP][PASSED] - delay(10): Delayed 10 second(s)

15-03-2024T09:55:06 - [MESSAGE][PASSED] - Delayed 10 second(s)

15-03-2024T09:55:06 - [TEST_STEP][PASSED] - closeBrowser(): Browser is closed

15-03-2024T09:55:06 - [MESSAGE][PASSED] - Browser is closed]]></system-out>
         <system-err><![CDATA[]]></system-err>
      </testcase>
      <system-out><![CDATA[15-03-2024T09:50:09 - [TEST_SUITE][PASSED] - Login and Checkin: Test Cases/Login and do checkin]]></system-out>
      <system-err><![CDATA[]]></system-err>
   </testsuite>
</testsuites>
