<?xml version="1.0" encoding="UTF-8"?>
<testsuites name="Login and do checkin" time="299.071" tests="1" failures="0" errors="0">
   <testsuite name="Login and do checkin" tests="1" failures="0" errors="0" time="299.071" skipped="0" timestamp="12-03-2024T16:05:47" hostname="91957 - Lead-Force-CRM" id="Test Suites/Login and do checkin">
      <properties>
         <property name="deviceName" value=""/>
         <property name="devicePlatform" value=""/>
         <property name="logFolder" value="C:\\Users\\91957\\Desktop\\Automation Testing - Katalon\\Payroll Web\\Reports\\20240312_160537\\Login and do checkin\\20240312_160538"/>
         <property name="logFiles" value="C:\\Users\\91957\\Desktop\\Automation Testing - Katalon\\Payroll Web\\Reports\\20240312_160537\\Login and do checkin\\20240312_160538\\execution0.log"/>
         <property name="attachments" value=""/>
         <property name="hostName" value="91957 - Lead-Force-CRM"/>
         <property name="os" value="Windows 11 64bit"/>
         <property name="katalonVersion" value="9.3.0.212"/>
         <property name="browser" value="Chrome 122.0.0.0"/>
         <property name="hostAddress" value="192.168.29.70"/>
         <property name="sessionId" value="92d4355d968d89d19c58f19cb6230016"/>
         <property name="seleniumVersion" value="3.141.59"/>
         <property name="proxyInformation" value="ProxyInformation { proxyOption=NO_PROXY, proxyServerType=HTTP, username=, password=********, proxyServerAddress=, proxyServerPort=0, executionList=&quot;&quot;, isApplyToDesiredCapabilities=true }"/>
         <property name="platform" value="Windows 11"/>
      </properties>
      <testcase name="Test Cases/Login and do checkin" time="298.907" classname="Test Cases/Login and do checkin" status="PASSED">
         <system-out><![CDATA[12-03-2024T16:05:47 - [TEST_CASE][PASSED] - Test Cases/Login and do checkin: Test Cases/Login and do checkin

12-03-2024T16:05:48 - [TEST_STEP][PASSED] - Data = findTestData("Login and Checkin"): null

12-03-2024T16:05:48 - [TEST_STEP][PASSED] - dateFormat = new java.text.SimpleDateFormat(MM/dd/yyyy): null

12-03-2024T16:05:48 - [TEST_STEP][PASSED] - currentDate = getInstance().getTime(): null

12-03-2024T16:05:48 - [TEST_STEP][PASSED] - currentDateStr = dateFormat.format(currentDate): null

12-03-2024T16:05:48 - [TEST_STEP][PASSED] - for ([i = 1, i <= Data.getRowNumbers(), (i++)]): Browser is closed

12-03-2024T16:05:48 - [TEST_STEP][PASSED] - url = Data.getValue("URL", i): null

12-03-2024T16:05:48 - [TEST_STEP][PASSED] - username = Data.getValue("Username", i): null

12-03-2024T16:05:48 - [TEST_STEP][PASSED] - password = Data.getValue("Password", i): null

12-03-2024T16:05:48 - [TEST_STEP][PASSED] - checkinRemark = Data.getValue("CheckinRemark", i): null

12-03-2024T16:05:48 - [TEST_STEP][PASSED] - openBrowser(""): Browser is opened with url: ''

12-03-2024T16:05:48 - [MESSAGE][INFO] - Starting 'Chrome' driver

12-03-2024T16:05:48 - [MESSAGE][INFO] - Action delay is set to 0 milliseconds

12-03-2024T16:05:50 - [MESSAGE][PASSED] - Browser is opened with url: ''

12-03-2024T16:05:50 - [TEST_STEP][PASSED] - maximizeWindow(): Current window maximized

12-03-2024T16:05:50 - [MESSAGE][PASSED] - Current window maximized

12-03-2024T16:05:50 - [TEST_STEP][PASSED] - navigateToUrl(url): Navigate to 'http://testing.2growhr.io/' successfully

12-03-2024T16:05:54 - [MESSAGE][PASSED] - Navigate to 'http://testing.2growhr.io/' successfully

12-03-2024T16:05:54 - [TEST_STEP][PASSED] - setText(findTestObject("Object Repository/Page_2GrowHR - Login/UserName"), username): Text 'Yashik' is set on object 'Object Repository/Page_2GrowHR - Login/UserName'

12-03-2024T16:05:55 - [MESSAGE][PASSED] - Text 'Yashik' is set on object 'Object Repository/Page_2GrowHR - Login/UserName'

12-03-2024T16:05:55 - [TEST_STEP][PASSED] - setText(findTestObject("Object Repository/Page_2GrowHR - Login/Password"), password): Text '123' is set on object 'Object Repository/Page_2GrowHR - Login/Password'

12-03-2024T16:05:55 - [MESSAGE][PASSED] - Text '123' is set on object 'Object Repository/Page_2GrowHR - Login/Password'

12-03-2024T16:05:55 - [TEST_STEP][PASSED] - click(findTestObject("Object Repository/Page_2GrowHR - Login/Password - view icon")): Object: 'Object Repository/Page_2GrowHR - Login/Password - view icon' is clicked on

12-03-2024T16:05:56 - [MESSAGE][PASSED] - Object: 'Object Repository/Page_2GrowHR - Login/Password - view icon' is clicked on

12-03-2024T16:05:56 - [TEST_STEP][PASSED] - delay(2): Delayed 2 second(s)

12-03-2024T16:05:58 - [MESSAGE][PASSED] - Delayed 2 second(s)

12-03-2024T16:05:58 - [TEST_STEP][PASSED] - click(findTestObject("Object Repository/Page_2GrowHR - Login/Login Button")): Object: 'Object Repository/Page_2GrowHR - Login/Login Button' is clicked on

12-03-2024T16:06:12 - [MESSAGE][PASSED] - Object: 'Object Repository/Page_2GrowHR - Login/Login Button' is clicked on

12-03-2024T16:06:12 - [TEST_STEP][PASSED] - delay(3): Delayed 3 second(s)

12-03-2024T16:06:15 - [MESSAGE][PASSED] - Delayed 3 second(s)

12-03-2024T16:06:15 - [TEST_STEP][PASSED] - click(findTestObject("Object Repository/Page_2GrowHr - Dashboard/Checkin button BR")): Object: 'Object Repository/Page_2GrowHr - Dashboard/Checkin button BR' is clicked on

12-03-2024T16:06:15 - [MESSAGE][PASSED] - Object: 'Object Repository/Page_2GrowHr - Dashboard/Checkin button BR' is clicked on

12-03-2024T16:06:15 - [TEST_STEP][PASSED] - setText(findTestObject("Object Repository/Page_2GrowHr - Dashboard/Checkin remark"), checkinRemark): Text 'CheckinRemark' is set on object 'Object Repository/Page_2GrowHr - Dashboard/Checkin remark'

12-03-2024T16:06:16 - [MESSAGE][PASSED] - Text 'CheckinRemark' is set on object 'Object Repository/Page_2GrowHr - Dashboard/Checkin remark'

12-03-2024T16:06:16 - [TEST_STEP][PASSED] - delay(3): Delayed 3 second(s)

12-03-2024T16:06:19 - [MESSAGE][PASSED] - Delayed 3 second(s)

12-03-2024T16:06:19 - [TEST_STEP][PASSED] - click(findTestObject("Object Repository/Page_2GrowHr - Dashboard/Checkin button AR")): Object: 'Object Repository/Page_2GrowHr - Dashboard/Checkin button AR' is clicked on

12-03-2024T16:06:20 - [MESSAGE][PASSED] - Object: 'Object Repository/Page_2GrowHr - Dashboard/Checkin button AR' is clicked on

12-03-2024T16:06:20 - [TEST_STEP][PASSED] - delay(5): Delayed 5 second(s)

12-03-2024T16:06:25 - [MESSAGE][PASSED] - Delayed 5 second(s)

12-03-2024T16:06:25 - [TEST_STEP][PASSED] - click(findTestObject("Object Repository/Page_2GrowHr - Menu_Report/Attentance mouseover")): Object: 'Object Repository/Page_2GrowHr - Menu_Report/Attentance mouseover' is clicked on

12-03-2024T16:06:25 - [MESSAGE][PASSED] - Object: 'Object Repository/Page_2GrowHr - Menu_Report/Attentance mouseover' is clicked on

12-03-2024T16:06:25 - [TEST_STEP][PASSED] - delay(3): Delayed 3 second(s)

12-03-2024T16:06:28 - [MESSAGE][PASSED] - Delayed 3 second(s)

12-03-2024T16:06:28 - [TEST_STEP][PASSED] - click(findTestObject("Object Repository/Page_2GrowHr - Menu_Report/General Attendance Summary - Report")): Object: 'Object Repository/Page_2GrowHr - Menu_Report/General Attendance Summary - Report' is clicked on

12-03-2024T16:06:31 - [MESSAGE][PASSED] - Object: 'Object Repository/Page_2GrowHr - Menu_Report/General Attendance Summary - Report' is clicked on

12-03-2024T16:06:31 - [TEST_STEP][PASSED] - click(findTestObject("Object Repository/Page_2GrowHr - Menu_Report/Date selection field")): Object: 'Object Repository/Page_2GrowHr - Menu_Report/Date selection field' is clicked on

12-03-2024T16:06:31 - [MESSAGE][PASSED] - Object: 'Object Repository/Page_2GrowHr - Menu_Report/Date selection field' is clicked on

12-03-2024T16:06:31 - [TEST_STEP][PASSED] - setText(findTestObject("Object Repository/Page_2GrowHr - Menu_Report/Date selection field"), currentDateStr): Text '03/12/2024' is set on object 'Object Repository/Page_2GrowHr - Menu_Report/Date selection field'

12-03-2024T16:06:32 - [MESSAGE][PASSED] - Text '03/12/2024' is set on object 'Object Repository/Page_2GrowHr - Menu_Report/Date selection field'

12-03-2024T16:06:32 - [TEST_STEP][PASSED] - delay(3): Delayed 3 second(s)

12-03-2024T16:06:35 - [MESSAGE][PASSED] - Delayed 3 second(s)

12-03-2024T16:06:35 - [TEST_STEP][PASSED] - click(findTestObject("Object Repository/Page_2GrowHr - Menu_Report/Get Report button Day count attendance summary report")): Object: 'Object Repository/Page_2GrowHr - Menu_Report/Get Report button Day count attendance summary report' is clicked on

12-03-2024T16:06:35 - [MESSAGE][PASSED] - Object: 'Object Repository/Page_2GrowHr - Menu_Report/Get Report button Day count attendance summary report' is clicked on

12-03-2024T16:06:35 - [TEST_STEP][PASSED] - scrollToElement(findTestObject("Object Repository/Page_2GrowHr - Day Wise Report/Scroll to Page down"), 10): Scroll to object 'Object Repository/Page_2GrowHr - Day Wise Report/Scroll to Page down' successfully

12-03-2024T16:06:37 - [MESSAGE][PASSED] - Scroll to object 'Object Repository/Page_2GrowHr - Day Wise Report/Scroll to Page down' successfully

12-03-2024T16:06:37 - [TEST_STEP][PASSED] - delay(10): Delayed 10 second(s)

12-03-2024T16:06:47 - [MESSAGE][PASSED] - Delayed 10 second(s)

12-03-2024T16:06:47 - [TEST_STEP][PASSED] - getWebDriver().findElement(By.xpath("//*[@id="navbar-nav"]/li[8]/a")): null

12-03-2024T16:06:47 - [TEST_STEP][PASSED] - delay(3): Delayed 3 second(s)

12-03-2024T16:06:50 - [MESSAGE][PASSED] - Delayed 3 second(s)

12-03-2024T16:06:50 - [TEST_STEP][PASSED] - closeBrowser(): Browser is closed

12-03-2024T16:06:50 - [MESSAGE][PASSED] - Browser is closed

12-03-2024T16:06:50 - [TEST_STEP][PASSED] - url = Data.getValue("URL", i): null

12-03-2024T16:06:50 - [TEST_STEP][PASSED] - username = Data.getValue("Username", i): null

12-03-2024T16:06:50 - [TEST_STEP][PASSED] - password = Data.getValue("Password", i): null

12-03-2024T16:06:50 - [TEST_STEP][PASSED] - checkinRemark = Data.getValue("CheckinRemark", i): null

12-03-2024T16:06:50 - [TEST_STEP][PASSED] - openBrowser(""): Browser is opened with url: ''

12-03-2024T16:06:50 - [MESSAGE][INFO] - Starting 'Chrome' driver

12-03-2024T16:06:50 - [MESSAGE][INFO] - Action delay is set to 0 milliseconds

12-03-2024T16:06:51 - [MESSAGE][PASSED] - Browser is opened with url: ''

12-03-2024T16:06:51 - [TEST_STEP][PASSED] - maximizeWindow(): Current window maximized

12-03-2024T16:06:51 - [MESSAGE][PASSED] - Current window maximized

12-03-2024T16:06:51 - [TEST_STEP][PASSED] - navigateToUrl(url): Navigate to 'http://testing.2growhr.io/' successfully

12-03-2024T16:06:55 - [MESSAGE][PASSED] - Navigate to 'http://testing.2growhr.io/' successfully

12-03-2024T16:06:55 - [TEST_STEP][PASSED] - setText(findTestObject("Object Repository/Page_2GrowHR - Login/UserName"), username): Text 'Farveen' is set on object 'Object Repository/Page_2GrowHR - Login/UserName'

12-03-2024T16:06:56 - [MESSAGE][PASSED] - Text 'Farveen' is set on object 'Object Repository/Page_2GrowHR - Login/UserName'

12-03-2024T16:06:56 - [TEST_STEP][PASSED] - setText(findTestObject("Object Repository/Page_2GrowHR - Login/Password"), password): Text '123' is set on object 'Object Repository/Page_2GrowHR - Login/Password'

12-03-2024T16:06:57 - [MESSAGE][PASSED] - Text '123' is set on object 'Object Repository/Page_2GrowHR - Login/Password'

12-03-2024T16:06:57 - [TEST_STEP][PASSED] - click(findTestObject("Object Repository/Page_2GrowHR - Login/Password - view icon")): Object: 'Object Repository/Page_2GrowHR - Login/Password - view icon' is clicked on

12-03-2024T16:06:57 - [MESSAGE][PASSED] - Object: 'Object Repository/Page_2GrowHR - Login/Password - view icon' is clicked on

12-03-2024T16:06:57 - [TEST_STEP][PASSED] - delay(2): Delayed 2 second(s)

12-03-2024T16:06:59 - [MESSAGE][PASSED] - Delayed 2 second(s)

12-03-2024T16:06:59 - [TEST_STEP][PASSED] - click(findTestObject("Object Repository/Page_2GrowHR - Login/Login Button")): Object: 'Object Repository/Page_2GrowHR - Login/Login Button' is clicked on

12-03-2024T16:07:13 - [MESSAGE][PASSED] - Object: 'Object Repository/Page_2GrowHR - Login/Login Button' is clicked on

12-03-2024T16:07:13 - [TEST_STEP][PASSED] - delay(3): Delayed 3 second(s)

12-03-2024T16:07:16 - [MESSAGE][PASSED] - Delayed 3 second(s)

12-03-2024T16:07:16 - [TEST_STEP][PASSED] - click(findTestObject("Object Repository/Page_2GrowHr - Dashboard/Checkin button BR")): Object: 'Object Repository/Page_2GrowHr - Dashboard/Checkin button BR' is clicked on

12-03-2024T16:07:16 - [MESSAGE][PASSED] - Object: 'Object Repository/Page_2GrowHr - Dashboard/Checkin button BR' is clicked on

12-03-2024T16:07:16 - [TEST_STEP][PASSED] - setText(findTestObject("Object Repository/Page_2GrowHr - Dashboard/Checkin remark"), checkinRemark): Text 'CheckinRemark' is set on object 'Object Repository/Page_2GrowHr - Dashboard/Checkin remark'

12-03-2024T16:07:18 - [MESSAGE][PASSED] - Text 'CheckinRemark' is set on object 'Object Repository/Page_2GrowHr - Dashboard/Checkin remark'

12-03-2024T16:07:18 - [TEST_STEP][PASSED] - delay(3): Delayed 3 second(s)

12-03-2024T16:07:21 - [MESSAGE][PASSED] - Delayed 3 second(s)

12-03-2024T16:07:21 - [TEST_STEP][PASSED] - click(findTestObject("Object Repository/Page_2GrowHr - Dashboard/Checkin button AR")): Object: 'Object Repository/Page_2GrowHr - Dashboard/Checkin button AR' is clicked on

12-03-2024T16:07:21 - [MESSAGE][PASSED] - Object: 'Object Repository/Page_2GrowHr - Dashboard/Checkin button AR' is clicked on

12-03-2024T16:07:21 - [TEST_STEP][PASSED] - delay(5): Delayed 5 second(s)

12-03-2024T16:07:26 - [MESSAGE][PASSED] - Delayed 5 second(s)

12-03-2024T16:07:26 - [TEST_STEP][PASSED] - click(findTestObject("Object Repository/Page_2GrowHr - Menu_Report/Attentance mouseover")): Object: 'Object Repository/Page_2GrowHr - Menu_Report/Attentance mouseover' is clicked on

12-03-2024T16:07:27 - [MESSAGE][PASSED] - Object: 'Object Repository/Page_2GrowHr - Menu_Report/Attentance mouseover' is clicked on

12-03-2024T16:07:27 - [TEST_STEP][PASSED] - delay(3): Delayed 3 second(s)

12-03-2024T16:07:30 - [MESSAGE][PASSED] - Delayed 3 second(s)

12-03-2024T16:07:30 - [TEST_STEP][PASSED] - click(findTestObject("Object Repository/Page_2GrowHr - Menu_Report/General Attendance Summary - Report")): Object: 'Object Repository/Page_2GrowHr - Menu_Report/General Attendance Summary - Report' is clicked on

12-03-2024T16:07:33 - [MESSAGE][PASSED] - Object: 'Object Repository/Page_2GrowHr - Menu_Report/General Attendance Summary - Report' is clicked on

12-03-2024T16:07:33 - [TEST_STEP][PASSED] - click(findTestObject("Object Repository/Page_2GrowHr - Menu_Report/Date selection field")): Object: 'Object Repository/Page_2GrowHr - Menu_Report/Date selection field' is clicked on

12-03-2024T16:07:33 - [MESSAGE][PASSED] - Object: 'Object Repository/Page_2GrowHr - Menu_Report/Date selection field' is clicked on

12-03-2024T16:07:33 - [TEST_STEP][PASSED] - setText(findTestObject("Object Repository/Page_2GrowHr - Menu_Report/Date selection field"), currentDateStr): Text '03/12/2024' is set on object 'Object Repository/Page_2GrowHr - Menu_Report/Date selection field'

12-03-2024T16:07:34 - [MESSAGE][PASSED] - Text '03/12/2024' is set on object 'Object Repository/Page_2GrowHr - Menu_Report/Date selection field'

12-03-2024T16:07:34 - [TEST_STEP][PASSED] - delay(3): Delayed 3 second(s)

12-03-2024T16:07:37 - [MESSAGE][PASSED] - Delayed 3 second(s)

12-03-2024T16:07:37 - [TEST_STEP][PASSED] - click(findTestObject("Object Repository/Page_2GrowHr - Menu_Report/Get Report button Day count attendance summary report")): Object: 'Object Repository/Page_2GrowHr - Menu_Report/Get Report button Day count attendance summary report' is clicked on

12-03-2024T16:07:38 - [MESSAGE][PASSED] - Object: 'Object Repository/Page_2GrowHr - Menu_Report/Get Report button Day count attendance summary report' is clicked on

12-03-2024T16:07:38 - [TEST_STEP][PASSED] - scrollToElement(findTestObject("Object Repository/Page_2GrowHr - Day Wise Report/Scroll to Page down"), 10): Scroll to object 'Object Repository/Page_2GrowHr - Day Wise Report/Scroll to Page down' successfully

12-03-2024T16:07:39 - [MESSAGE][PASSED] - Scroll to object 'Object Repository/Page_2GrowHr - Day Wise Report/Scroll to Page down' successfully

12-03-2024T16:07:39 - [TEST_STEP][PASSED] - delay(10): Delayed 10 second(s)

12-03-2024T16:07:49 - [MESSAGE][PASSED] - Delayed 10 second(s)

12-03-2024T16:07:49 - [TEST_STEP][PASSED] - getWebDriver().findElement(By.xpath("//*[@id="navbar-nav"]/li[8]/a")): null

12-03-2024T16:07:49 - [TEST_STEP][PASSED] - delay(3): Delayed 3 second(s)

12-03-2024T16:07:52 - [MESSAGE][PASSED] - Delayed 3 second(s)

12-03-2024T16:07:52 - [TEST_STEP][PASSED] - closeBrowser(): Browser is closed

12-03-2024T16:07:52 - [MESSAGE][PASSED] - Browser is closed

12-03-2024T16:07:52 - [TEST_STEP][PASSED] - url = Data.getValue("URL", i): null

12-03-2024T16:07:52 - [TEST_STEP][PASSED] - username = Data.getValue("Username", i): null

12-03-2024T16:07:52 - [TEST_STEP][PASSED] - password = Data.getValue("Password", i): null

12-03-2024T16:07:52 - [TEST_STEP][PASSED] - checkinRemark = Data.getValue("CheckinRemark", i): null

12-03-2024T16:07:52 - [TEST_STEP][PASSED] - openBrowser(""): Browser is opened with url: ''

12-03-2024T16:07:52 - [MESSAGE][INFO] - Starting 'Chrome' driver

12-03-2024T16:07:52 - [MESSAGE][INFO] - Action delay is set to 0 milliseconds

12-03-2024T16:07:53 - [MESSAGE][PASSED] - Browser is opened with url: ''

12-03-2024T16:07:53 - [TEST_STEP][PASSED] - maximizeWindow(): Current window maximized

12-03-2024T16:07:53 - [MESSAGE][PASSED] - Current window maximized

12-03-2024T16:07:53 - [TEST_STEP][PASSED] - navigateToUrl(url): Navigate to 'http://testing.2growhr.io/' successfully

12-03-2024T16:07:57 - [MESSAGE][PASSED] - Navigate to 'http://testing.2growhr.io/' successfully

12-03-2024T16:07:57 - [TEST_STEP][PASSED] - setText(findTestObject("Object Repository/Page_2GrowHR - Login/UserName"), username): Text 'CBS2227' is set on object 'Object Repository/Page_2GrowHR - Login/UserName'

12-03-2024T16:07:58 - [MESSAGE][PASSED] - Text 'CBS2227' is set on object 'Object Repository/Page_2GrowHR - Login/UserName'

12-03-2024T16:07:58 - [TEST_STEP][PASSED] - setText(findTestObject("Object Repository/Page_2GrowHR - Login/Password"), password): Text '123' is set on object 'Object Repository/Page_2GrowHR - Login/Password'

12-03-2024T16:07:58 - [MESSAGE][PASSED] - Text '123' is set on object 'Object Repository/Page_2GrowHR - Login/Password'

12-03-2024T16:07:58 - [TEST_STEP][PASSED] - click(findTestObject("Object Repository/Page_2GrowHR - Login/Password - view icon")): Object: 'Object Repository/Page_2GrowHR - Login/Password - view icon' is clicked on

12-03-2024T16:07:59 - [MESSAGE][PASSED] - Object: 'Object Repository/Page_2GrowHR - Login/Password - view icon' is clicked on

12-03-2024T16:07:59 - [TEST_STEP][PASSED] - delay(2): Delayed 2 second(s)

12-03-2024T16:08:01 - [MESSAGE][PASSED] - Delayed 2 second(s)

12-03-2024T16:08:01 - [TEST_STEP][PASSED] - click(findTestObject("Object Repository/Page_2GrowHR - Login/Login Button")): Object: 'Object Repository/Page_2GrowHR - Login/Login Button' is clicked on

12-03-2024T16:08:15 - [MESSAGE][PASSED] - Object: 'Object Repository/Page_2GrowHR - Login/Login Button' is clicked on

12-03-2024T16:08:15 - [TEST_STEP][PASSED] - delay(3): Delayed 3 second(s)

12-03-2024T16:08:18 - [MESSAGE][PASSED] - Delayed 3 second(s)

12-03-2024T16:08:18 - [TEST_STEP][PASSED] - click(findTestObject("Object Repository/Page_2GrowHr - Dashboard/Checkin button BR")): Object: 'Object Repository/Page_2GrowHr - Dashboard/Checkin button BR' is clicked on

12-03-2024T16:08:18 - [MESSAGE][PASSED] - Object: 'Object Repository/Page_2GrowHr - Dashboard/Checkin button BR' is clicked on

12-03-2024T16:08:18 - [TEST_STEP][PASSED] - setText(findTestObject("Object Repository/Page_2GrowHr - Dashboard/Checkin remark"), checkinRemark): Text 'CheckinRemark' is set on object 'Object Repository/Page_2GrowHr - Dashboard/Checkin remark'

12-03-2024T16:08:19 - [MESSAGE][PASSED] - Text 'CheckinRemark' is set on object 'Object Repository/Page_2GrowHr - Dashboard/Checkin remark'

12-03-2024T16:08:19 - [TEST_STEP][PASSED] - delay(3): Delayed 3 second(s)

12-03-2024T16:08:22 - [MESSAGE][PASSED] - Delayed 3 second(s)

12-03-2024T16:08:22 - [TEST_STEP][PASSED] - click(findTestObject("Object Repository/Page_2GrowHr - Dashboard/Checkin button AR")): Object: 'Object Repository/Page_2GrowHr - Dashboard/Checkin button AR' is clicked on

12-03-2024T16:08:23 - [MESSAGE][PASSED] - Object: 'Object Repository/Page_2GrowHr - Dashboard/Checkin button AR' is clicked on

12-03-2024T16:08:23 - [TEST_STEP][PASSED] - delay(5): Delayed 5 second(s)

12-03-2024T16:08:28 - [MESSAGE][PASSED] - Delayed 5 second(s)

12-03-2024T16:08:28 - [TEST_STEP][PASSED] - click(findTestObject("Object Repository/Page_2GrowHr - Menu_Report/Attentance mouseover")): Object: 'Object Repository/Page_2GrowHr - Menu_Report/Attentance mouseover' is clicked on

12-03-2024T16:08:28 - [MESSAGE][PASSED] - Object: 'Object Repository/Page_2GrowHr - Menu_Report/Attentance mouseover' is clicked on

12-03-2024T16:08:28 - [TEST_STEP][PASSED] - delay(3): Delayed 3 second(s)

12-03-2024T16:08:31 - [MESSAGE][PASSED] - Delayed 3 second(s)

12-03-2024T16:08:31 - [TEST_STEP][PASSED] - click(findTestObject("Object Repository/Page_2GrowHr - Menu_Report/General Attendance Summary - Report")): Object: 'Object Repository/Page_2GrowHr - Menu_Report/General Attendance Summary - Report' is clicked on

12-03-2024T16:08:34 - [MESSAGE][PASSED] - Object: 'Object Repository/Page_2GrowHr - Menu_Report/General Attendance Summary - Report' is clicked on

12-03-2024T16:08:34 - [TEST_STEP][PASSED] - click(findTestObject("Object Repository/Page_2GrowHr - Menu_Report/Date selection field")): Object: 'Object Repository/Page_2GrowHr - Menu_Report/Date selection field' is clicked on

12-03-2024T16:08:35 - [MESSAGE][PASSED] - Object: 'Object Repository/Page_2GrowHr - Menu_Report/Date selection field' is clicked on

12-03-2024T16:08:35 - [TEST_STEP][PASSED] - setText(findTestObject("Object Repository/Page_2GrowHr - Menu_Report/Date selection field"), currentDateStr): Text '03/12/2024' is set on object 'Object Repository/Page_2GrowHr - Menu_Report/Date selection field'

12-03-2024T16:08:35 - [MESSAGE][PASSED] - Text '03/12/2024' is set on object 'Object Repository/Page_2GrowHr - Menu_Report/Date selection field'

12-03-2024T16:08:35 - [TEST_STEP][PASSED] - delay(3): Delayed 3 second(s)

12-03-2024T16:08:38 - [MESSAGE][PASSED] - Delayed 3 second(s)

12-03-2024T16:08:38 - [TEST_STEP][PASSED] - click(findTestObject("Object Repository/Page_2GrowHr - Menu_Report/Get Report button Day count attendance summary report")): Object: 'Object Repository/Page_2GrowHr - Menu_Report/Get Report button Day count attendance summary report' is clicked on

12-03-2024T16:08:39 - [MESSAGE][PASSED] - Object: 'Object Repository/Page_2GrowHr - Menu_Report/Get Report button Day count attendance summary report' is clicked on

12-03-2024T16:08:39 - [TEST_STEP][PASSED] - scrollToElement(findTestObject("Object Repository/Page_2GrowHr - Day Wise Report/Scroll to Page down"), 10): Scroll to object 'Object Repository/Page_2GrowHr - Day Wise Report/Scroll to Page down' successfully

12-03-2024T16:08:40 - [MESSAGE][PASSED] - Scroll to object 'Object Repository/Page_2GrowHr - Day Wise Report/Scroll to Page down' successfully

12-03-2024T16:08:40 - [TEST_STEP][PASSED] - delay(10): Delayed 10 second(s)

12-03-2024T16:08:50 - [MESSAGE][PASSED] - Delayed 10 second(s)

12-03-2024T16:08:50 - [TEST_STEP][PASSED] - getWebDriver().findElement(By.xpath("//*[@id="navbar-nav"]/li[8]/a")): null

12-03-2024T16:08:50 - [TEST_STEP][PASSED] - delay(3): Delayed 3 second(s)

12-03-2024T16:08:53 - [MESSAGE][PASSED] - Delayed 3 second(s)

12-03-2024T16:08:53 - [TEST_STEP][PASSED] - closeBrowser(): Browser is closed

12-03-2024T16:08:53 - [MESSAGE][PASSED] - Browser is closed

12-03-2024T16:08:53 - [TEST_STEP][PASSED] - url = Data.getValue("URL", i): null

12-03-2024T16:08:53 - [TEST_STEP][PASSED] - username = Data.getValue("Username", i): null

12-03-2024T16:08:53 - [TEST_STEP][PASSED] - password = Data.getValue("Password", i): null

12-03-2024T16:08:53 - [TEST_STEP][PASSED] - checkinRemark = Data.getValue("CheckinRemark", i): null

12-03-2024T16:08:53 - [TEST_STEP][PASSED] - openBrowser(""): Browser is opened with url: ''

12-03-2024T16:08:53 - [MESSAGE][INFO] - Starting 'Chrome' driver

12-03-2024T16:08:53 - [MESSAGE][INFO] - Action delay is set to 0 milliseconds

12-03-2024T16:08:54 - [MESSAGE][PASSED] - Browser is opened with url: ''

12-03-2024T16:08:54 - [TEST_STEP][PASSED] - maximizeWindow(): Current window maximized

12-03-2024T16:08:54 - [MESSAGE][PASSED] - Current window maximized

12-03-2024T16:08:54 - [TEST_STEP][PASSED] - navigateToUrl(url): Navigate to 'http://testing.2growhr.io/' successfully

12-03-2024T16:08:58 - [MESSAGE][PASSED] - Navigate to 'http://testing.2growhr.io/' successfully

12-03-2024T16:08:58 - [TEST_STEP][PASSED] - setText(findTestObject("Object Repository/Page_2GrowHR - Login/UserName"), username): Text 'CBS2155' is set on object 'Object Repository/Page_2GrowHR - Login/UserName'

12-03-2024T16:08:58 - [MESSAGE][PASSED] - Text 'CBS2155' is set on object 'Object Repository/Page_2GrowHR - Login/UserName'

12-03-2024T16:08:58 - [TEST_STEP][PASSED] - setText(findTestObject("Object Repository/Page_2GrowHR - Login/Password"), password): Text '123' is set on object 'Object Repository/Page_2GrowHR - Login/Password'

12-03-2024T16:08:59 - [MESSAGE][PASSED] - Text '123' is set on object 'Object Repository/Page_2GrowHR - Login/Password'

12-03-2024T16:08:59 - [TEST_STEP][PASSED] - click(findTestObject("Object Repository/Page_2GrowHR - Login/Password - view icon")): Object: 'Object Repository/Page_2GrowHR - Login/Password - view icon' is clicked on

12-03-2024T16:08:59 - [MESSAGE][PASSED] - Object: 'Object Repository/Page_2GrowHR - Login/Password - view icon' is clicked on

12-03-2024T16:08:59 - [TEST_STEP][PASSED] - delay(2): Delayed 2 second(s)

12-03-2024T16:09:01 - [MESSAGE][PASSED] - Delayed 2 second(s)

12-03-2024T16:09:01 - [TEST_STEP][PASSED] - click(findTestObject("Object Repository/Page_2GrowHR - Login/Login Button")): Object: 'Object Repository/Page_2GrowHR - Login/Login Button' is clicked on

12-03-2024T16:09:12 - [MESSAGE][PASSED] - Object: 'Object Repository/Page_2GrowHR - Login/Login Button' is clicked on

12-03-2024T16:09:12 - [TEST_STEP][PASSED] - delay(3): Delayed 3 second(s)

12-03-2024T16:09:15 - [MESSAGE][PASSED] - Delayed 3 second(s)

12-03-2024T16:09:15 - [TEST_STEP][PASSED] - click(findTestObject("Object Repository/Page_2GrowHr - Dashboard/Checkin button BR")): Object: 'Object Repository/Page_2GrowHr - Dashboard/Checkin button BR' is clicked on

12-03-2024T16:09:15 - [MESSAGE][PASSED] - Object: 'Object Repository/Page_2GrowHr - Dashboard/Checkin button BR' is clicked on

12-03-2024T16:09:15 - [TEST_STEP][PASSED] - setText(findTestObject("Object Repository/Page_2GrowHr - Dashboard/Checkin remark"), checkinRemark): Text 'CheckinRemark' is set on object 'Object Repository/Page_2GrowHr - Dashboard/Checkin remark'

12-03-2024T16:09:16 - [MESSAGE][PASSED] - Text 'CheckinRemark' is set on object 'Object Repository/Page_2GrowHr - Dashboard/Checkin remark'

12-03-2024T16:09:16 - [TEST_STEP][PASSED] - delay(3): Delayed 3 second(s)

12-03-2024T16:09:19 - [MESSAGE][PASSED] - Delayed 3 second(s)

12-03-2024T16:09:19 - [TEST_STEP][PASSED] - click(findTestObject("Object Repository/Page_2GrowHr - Dashboard/Checkin button AR")): Object: 'Object Repository/Page_2GrowHr - Dashboard/Checkin button AR' is clicked on

12-03-2024T16:09:19 - [MESSAGE][PASSED] - Object: 'Object Repository/Page_2GrowHr - Dashboard/Checkin button AR' is clicked on

12-03-2024T16:09:19 - [TEST_STEP][PASSED] - delay(5): Delayed 5 second(s)

12-03-2024T16:09:24 - [MESSAGE][PASSED] - Delayed 5 second(s)

12-03-2024T16:09:24 - [TEST_STEP][PASSED] - click(findTestObject("Object Repository/Page_2GrowHr - Menu_Report/Attentance mouseover")): Object: 'Object Repository/Page_2GrowHr - Menu_Report/Attentance mouseover' is clicked on

12-03-2024T16:09:25 - [MESSAGE][PASSED] - Object: 'Object Repository/Page_2GrowHr - Menu_Report/Attentance mouseover' is clicked on

12-03-2024T16:09:25 - [TEST_STEP][PASSED] - delay(3): Delayed 3 second(s)

12-03-2024T16:09:28 - [MESSAGE][PASSED] - Delayed 3 second(s)

12-03-2024T16:09:28 - [TEST_STEP][PASSED] - click(findTestObject("Object Repository/Page_2GrowHr - Menu_Report/General Attendance Summary - Report")): Object: 'Object Repository/Page_2GrowHr - Menu_Report/General Attendance Summary - Report' is clicked on

12-03-2024T16:09:30 - [MESSAGE][PASSED] - Object: 'Object Repository/Page_2GrowHr - Menu_Report/General Attendance Summary - Report' is clicked on

12-03-2024T16:09:30 - [TEST_STEP][PASSED] - click(findTestObject("Object Repository/Page_2GrowHr - Menu_Report/Date selection field")): Object: 'Object Repository/Page_2GrowHr - Menu_Report/Date selection field' is clicked on

12-03-2024T16:09:31 - [MESSAGE][PASSED] - Object: 'Object Repository/Page_2GrowHr - Menu_Report/Date selection field' is clicked on

12-03-2024T16:09:31 - [TEST_STEP][PASSED] - setText(findTestObject("Object Repository/Page_2GrowHr - Menu_Report/Date selection field"), currentDateStr): Text '03/12/2024' is set on object 'Object Repository/Page_2GrowHr - Menu_Report/Date selection field'

12-03-2024T16:09:32 - [MESSAGE][PASSED] - Text '03/12/2024' is set on object 'Object Repository/Page_2GrowHr - Menu_Report/Date selection field'

12-03-2024T16:09:32 - [TEST_STEP][PASSED] - delay(3): Delayed 3 second(s)

12-03-2024T16:09:35 - [MESSAGE][PASSED] - Delayed 3 second(s)

12-03-2024T16:09:35 - [TEST_STEP][PASSED] - click(findTestObject("Object Repository/Page_2GrowHr - Menu_Report/Get Report button Day count attendance summary report")): Object: 'Object Repository/Page_2GrowHr - Menu_Report/Get Report button Day count attendance summary report' is clicked on

12-03-2024T16:09:35 - [MESSAGE][PASSED] - Object: 'Object Repository/Page_2GrowHr - Menu_Report/Get Report button Day count attendance summary report' is clicked on

12-03-2024T16:09:35 - [TEST_STEP][PASSED] - scrollToElement(findTestObject("Object Repository/Page_2GrowHr - Day Wise Report/Scroll to Page down"), 10): Scroll to object 'Object Repository/Page_2GrowHr - Day Wise Report/Scroll to Page down' successfully

12-03-2024T16:09:36 - [MESSAGE][PASSED] - Scroll to object 'Object Repository/Page_2GrowHr - Day Wise Report/Scroll to Page down' successfully

12-03-2024T16:09:36 - [TEST_STEP][PASSED] - delay(10): Delayed 10 second(s)

12-03-2024T16:09:46 - [MESSAGE][PASSED] - Delayed 10 second(s)

12-03-2024T16:09:46 - [TEST_STEP][PASSED] - getWebDriver().findElement(By.xpath("//*[@id="navbar-nav"]/li[8]/a")): null

12-03-2024T16:09:46 - [TEST_STEP][PASSED] - delay(3): Delayed 3 second(s)

12-03-2024T16:09:49 - [MESSAGE][PASSED] - Delayed 3 second(s)

12-03-2024T16:09:49 - [TEST_STEP][PASSED] - closeBrowser(): Browser is closed

12-03-2024T16:09:49 - [MESSAGE][PASSED] - Browser is closed

12-03-2024T16:09:49 - [TEST_STEP][PASSED] - url = Data.getValue("URL", i): null

12-03-2024T16:09:49 - [TEST_STEP][PASSED] - username = Data.getValue("Username", i): null

12-03-2024T16:09:49 - [TEST_STEP][PASSED] - password = Data.getValue("Password", i): null

12-03-2024T16:09:49 - [TEST_STEP][PASSED] - checkinRemark = Data.getValue("CheckinRemark", i): null

12-03-2024T16:09:49 - [TEST_STEP][PASSED] - openBrowser(""): Browser is opened with url: ''

12-03-2024T16:09:49 - [MESSAGE][INFO] - Starting 'Chrome' driver

12-03-2024T16:09:49 - [MESSAGE][INFO] - Action delay is set to 0 milliseconds

12-03-2024T16:09:50 - [MESSAGE][PASSED] - Browser is opened with url: ''

12-03-2024T16:09:50 - [TEST_STEP][PASSED] - maximizeWindow(): Current window maximized

12-03-2024T16:09:50 - [MESSAGE][PASSED] - Current window maximized

12-03-2024T16:09:50 - [TEST_STEP][PASSED] - navigateToUrl(url): Navigate to 'http://testing.2growhr.io/' successfully

12-03-2024T16:09:53 - [MESSAGE][PASSED] - Navigate to 'http://testing.2growhr.io/' successfully

12-03-2024T16:09:53 - [TEST_STEP][PASSED] - setText(findTestObject("Object Repository/Page_2GrowHR - Login/UserName"), username): Text 'CBS0761' is set on object 'Object Repository/Page_2GrowHR - Login/UserName'

12-03-2024T16:09:54 - [MESSAGE][PASSED] - Text 'CBS0761' is set on object 'Object Repository/Page_2GrowHR - Login/UserName'

12-03-2024T16:09:54 - [TEST_STEP][PASSED] - setText(findTestObject("Object Repository/Page_2GrowHR - Login/Password"), password): Text '123' is set on object 'Object Repository/Page_2GrowHR - Login/Password'

12-03-2024T16:09:55 - [MESSAGE][PASSED] - Text '123' is set on object 'Object Repository/Page_2GrowHR - Login/Password'

12-03-2024T16:09:55 - [TEST_STEP][PASSED] - click(findTestObject("Object Repository/Page_2GrowHR - Login/Password - view icon")): Object: 'Object Repository/Page_2GrowHR - Login/Password - view icon' is clicked on

12-03-2024T16:09:55 - [MESSAGE][PASSED] - Object: 'Object Repository/Page_2GrowHR - Login/Password - view icon' is clicked on

12-03-2024T16:09:55 - [TEST_STEP][PASSED] - delay(2): Delayed 2 second(s)

12-03-2024T16:09:57 - [MESSAGE][PASSED] - Delayed 2 second(s)

12-03-2024T16:09:57 - [TEST_STEP][PASSED] - click(findTestObject("Object Repository/Page_2GrowHR - Login/Login Button")): Object: 'Object Repository/Page_2GrowHR - Login/Login Button' is clicked on

12-03-2024T16:10:07 - [MESSAGE][PASSED] - Object: 'Object Repository/Page_2GrowHR - Login/Login Button' is clicked on

12-03-2024T16:10:07 - [TEST_STEP][PASSED] - delay(3): Delayed 3 second(s)

12-03-2024T16:10:10 - [MESSAGE][PASSED] - Delayed 3 second(s)

12-03-2024T16:10:10 - [TEST_STEP][PASSED] - click(findTestObject("Object Repository/Page_2GrowHr - Dashboard/Checkin button BR")): Object: 'Object Repository/Page_2GrowHr - Dashboard/Checkin button BR' is clicked on

12-03-2024T16:10:11 - [MESSAGE][PASSED] - Object: 'Object Repository/Page_2GrowHr - Dashboard/Checkin button BR' is clicked on

12-03-2024T16:10:11 - [TEST_STEP][PASSED] - setText(findTestObject("Object Repository/Page_2GrowHr - Dashboard/Checkin remark"), checkinRemark): Text 'CheckinRemark' is set on object 'Object Repository/Page_2GrowHr - Dashboard/Checkin remark'

12-03-2024T16:10:12 - [MESSAGE][PASSED] - Text 'CheckinRemark' is set on object 'Object Repository/Page_2GrowHr - Dashboard/Checkin remark'

12-03-2024T16:10:12 - [TEST_STEP][PASSED] - delay(3): Delayed 3 second(s)

12-03-2024T16:10:15 - [MESSAGE][PASSED] - Delayed 3 second(s)

12-03-2024T16:10:15 - [TEST_STEP][PASSED] - click(findTestObject("Object Repository/Page_2GrowHr - Dashboard/Checkin button AR")): Object: 'Object Repository/Page_2GrowHr - Dashboard/Checkin button AR' is clicked on

12-03-2024T16:10:15 - [MESSAGE][PASSED] - Object: 'Object Repository/Page_2GrowHr - Dashboard/Checkin button AR' is clicked on

12-03-2024T16:10:15 - [TEST_STEP][PASSED] - delay(5): Delayed 5 second(s)

12-03-2024T16:10:20 - [MESSAGE][PASSED] - Delayed 5 second(s)

12-03-2024T16:10:20 - [TEST_STEP][PASSED] - click(findTestObject("Object Repository/Page_2GrowHr - Menu_Report/Attentance mouseover")): Object: 'Object Repository/Page_2GrowHr - Menu_Report/Attentance mouseover' is clicked on

12-03-2024T16:10:21 - [MESSAGE][PASSED] - Object: 'Object Repository/Page_2GrowHr - Menu_Report/Attentance mouseover' is clicked on

12-03-2024T16:10:21 - [TEST_STEP][PASSED] - delay(3): Delayed 3 second(s)

12-03-2024T16:10:24 - [MESSAGE][PASSED] - Delayed 3 second(s)

12-03-2024T16:10:24 - [TEST_STEP][PASSED] - click(findTestObject("Object Repository/Page_2GrowHr - Menu_Report/General Attendance Summary - Report")): Object: 'Object Repository/Page_2GrowHr - Menu_Report/General Attendance Summary - Report' is clicked on

12-03-2024T16:10:27 - [MESSAGE][PASSED] - Object: 'Object Repository/Page_2GrowHr - Menu_Report/General Attendance Summary - Report' is clicked on

12-03-2024T16:10:27 - [TEST_STEP][PASSED] - click(findTestObject("Object Repository/Page_2GrowHr - Menu_Report/Date selection field")): Object: 'Object Repository/Page_2GrowHr - Menu_Report/Date selection field' is clicked on

12-03-2024T16:10:28 - [MESSAGE][PASSED] - Object: 'Object Repository/Page_2GrowHr - Menu_Report/Date selection field' is clicked on

12-03-2024T16:10:28 - [TEST_STEP][PASSED] - setText(findTestObject("Object Repository/Page_2GrowHr - Menu_Report/Date selection field"), currentDateStr): Text '03/12/2024' is set on object 'Object Repository/Page_2GrowHr - Menu_Report/Date selection field'

12-03-2024T16:10:29 - [MESSAGE][PASSED] - Text '03/12/2024' is set on object 'Object Repository/Page_2GrowHr - Menu_Report/Date selection field'

12-03-2024T16:10:29 - [TEST_STEP][PASSED] - delay(3): Delayed 3 second(s)

12-03-2024T16:10:32 - [MESSAGE][PASSED] - Delayed 3 second(s)

12-03-2024T16:10:32 - [TEST_STEP][PASSED] - click(findTestObject("Object Repository/Page_2GrowHr - Menu_Report/Get Report button Day count attendance summary report")): Object: 'Object Repository/Page_2GrowHr - Menu_Report/Get Report button Day count attendance summary report' is clicked on

12-03-2024T16:10:32 - [MESSAGE][PASSED] - Object: 'Object Repository/Page_2GrowHr - Menu_Report/Get Report button Day count attendance summary report' is clicked on

12-03-2024T16:10:32 - [TEST_STEP][PASSED] - scrollToElement(findTestObject("Object Repository/Page_2GrowHr - Day Wise Report/Scroll to Page down"), 10): Scroll to object 'Object Repository/Page_2GrowHr - Day Wise Report/Scroll to Page down' successfully

12-03-2024T16:10:33 - [MESSAGE][PASSED] - Scroll to object 'Object Repository/Page_2GrowHr - Day Wise Report/Scroll to Page down' successfully

12-03-2024T16:10:33 - [TEST_STEP][PASSED] - delay(10): Delayed 10 second(s)

12-03-2024T16:10:43 - [MESSAGE][PASSED] - Delayed 10 second(s)

12-03-2024T16:10:43 - [TEST_STEP][PASSED] - getWebDriver().findElement(By.xpath("//*[@id="navbar-nav"]/li[8]/a")): null

12-03-2024T16:10:43 - [TEST_STEP][PASSED] - delay(3): Delayed 3 second(s)

12-03-2024T16:10:46 - [MESSAGE][PASSED] - Delayed 3 second(s)

12-03-2024T16:10:46 - [TEST_STEP][PASSED] - closeBrowser(): Browser is closed

12-03-2024T16:10:46 - [MESSAGE][PASSED] - Browser is closed]]></system-out>
         <system-err><![CDATA[]]></system-err>
      </testcase>
      <system-out><![CDATA[12-03-2024T16:05:47 - [TEST_SUITE][PASSED] - Login and do checkin: Test Cases/Login and do checkin]]></system-out>
      <system-err><![CDATA[]]></system-err>
   </testsuite>
</testsuites>
