<?xml version="1.0" encoding="UTF-8"?>
<testsuites name="Apply OD and Checkin" time="199.778" tests="1" failures="0" errors="0">
   <testsuite name="Apply OD and Checkin" tests="1" failures="0" errors="0" time="199.778" skipped="0" timestamp="23-03-2024T14:48:47" hostname="91957 - Lead-Force-CRM" id="Test Suites/Apply OD and Checkin">
      <properties>
         <property name="deviceName" value=""/>
         <property name="devicePlatform" value=""/>
         <property name="logFolder" value="C:\\Users\\91957\\Desktop\\Automation Testing - Katalon\\Payroll Web\\Reports\\20240323_144008\\Apply OD and Checkin\\20240323_144013"/>
         <property name="logFiles" value="C:\\Users\\91957\\Desktop\\Automation Testing - Katalon\\Payroll Web\\Reports\\20240323_144008\\Apply OD and Checkin\\20240323_144013\\execution0.log"/>
         <property name="attachments" value=""/>
         <property name="hostName" value="91957 - Lead-Force-CRM"/>
         <property name="os" value="Windows 11 64bit"/>
         <property name="katalonVersion" value="9.3.0.212"/>
         <property name="browser" value="Chrome 122.0.0.0"/>
         <property name="hostAddress" value="192.168.29.70"/>
         <property name="sessionId" value="3b5bf7d1e41d39d1119d594953ee4a1e"/>
         <property name="seleniumVersion" value="3.141.59"/>
         <property name="proxyInformation" value="ProxyInformation { proxyOption=NO_PROXY, proxyServerType=HTTP, username=, password=********, proxyServerAddress=, proxyServerPort=0, executionList=&quot;&quot;, isApplyToDesiredCapabilities=true }"/>
         <property name="platform" value="Windows 11"/>
      </properties>
      <testcase name="Test Cases/Apply OD and Checkin" time="199.645" classname="Test Cases/Apply OD and Checkin" status="PASSED">
         <system-out><![CDATA[23-03-2024T14:48:47 - [TEST_CASE][PASSED] - Test Cases/Apply OD and Checkin: Test Cases/Apply OD and Checkin

23-03-2024T14:48:48 - [TEST_STEP][PASSED] - Data = findTestData("Apply OD and Checkin"): null

23-03-2024T14:48:48 - [TEST_STEP][PASSED] - dateFormat = new java.text.SimpleDateFormat(MM/dd/yyyy): null

23-03-2024T14:48:48 - [TEST_STEP][PASSED] - currentDate = getInstance().getTime(): null

23-03-2024T14:48:48 - [TEST_STEP][PASSED] - currentDateStr = dateFormat.format(currentDate): null

23-03-2024T14:48:48 - [TEST_STEP][PASSED] - for ([i = 1, i <= Data.getRowNumbers(), (i++)]): Browser is closed

23-03-2024T14:48:48 - [TEST_STEP][PASSED] - url = Data.getValue("URL", i): null

23-03-2024T14:48:48 - [TEST_STEP][PASSED] - username = Data.getValue("Username", i): null

23-03-2024T14:48:48 - [TEST_STEP][PASSED] - password = Data.getValue("Password", i): null

23-03-2024T14:48:48 - [TEST_STEP][PASSED] - checkinRemark = Data.getValue("CheckinRemark", i): null

23-03-2024T14:48:48 - [TEST_STEP][PASSED] - ODRemark = Data.getValue("ODRemark", i): null

23-03-2024T14:48:48 - [TEST_STEP][PASSED] - openBrowser(""): Browser is opened with url: ''

23-03-2024T14:48:49 - [MESSAGE][INFO] - Starting 'Chrome' driver

23-03-2024T14:48:49 - [MESSAGE][INFO] - Action delay is set to 0 milliseconds

23-03-2024T14:48:52 - [MESSAGE][PASSED] - Browser is opened with url: ''

23-03-2024T14:48:52 - [TEST_STEP][PASSED] - maximizeWindow(): Current window maximized

23-03-2024T14:48:52 - [MESSAGE][PASSED] - Current window maximized

23-03-2024T14:48:52 - [TEST_STEP][PASSED] - navigateToUrl(url): Navigate to 'http://testing.2growhr.io/' successfully

23-03-2024T14:48:57 - [MESSAGE][PASSED] - Navigate to 'http://testing.2growhr.io/' successfully

23-03-2024T14:48:57 - [TEST_STEP][PASSED] - setText(findTestObject("Object Repository/Page_2GrowHR - Login/UserName"), username): Text 'CBS1665' is set on object 'Object Repository/Page_2GrowHR - Login/UserName'

23-03-2024T14:48:57 - [MESSAGE][PASSED] - Text 'CBS1665' is set on object 'Object Repository/Page_2GrowHR - Login/UserName'

23-03-2024T14:48:57 - [TEST_STEP][PASSED] - setText(findTestObject("Object Repository/Page_2GrowHR - Login/Password"), password): Text '123' is set on object 'Object Repository/Page_2GrowHR - Login/Password'

23-03-2024T14:48:58 - [MESSAGE][PASSED] - Text '123' is set on object 'Object Repository/Page_2GrowHR - Login/Password'

23-03-2024T14:48:58 - [TEST_STEP][PASSED] - click(findTestObject("Object Repository/Page_2GrowHR - Login/Password - view icon")): Object: 'Object Repository/Page_2GrowHR - Login/Password - view icon' is clicked on

23-03-2024T14:48:58 - [MESSAGE][PASSED] - Object: 'Object Repository/Page_2GrowHR - Login/Password - view icon' is clicked on

23-03-2024T14:48:58 - [TEST_STEP][PASSED] - delay(2): Delayed 2 second(s)

23-03-2024T14:49:00 - [MESSAGE][PASSED] - Delayed 2 second(s)

23-03-2024T14:49:00 - [TEST_STEP][PASSED] - click(findTestObject("Object Repository/Page_2GrowHR - Login/Login Button")): Object: 'Object Repository/Page_2GrowHR - Login/Login Button' is clicked on

23-03-2024T14:49:29 - [MESSAGE][PASSED] - Object: 'Object Repository/Page_2GrowHR - Login/Login Button' is clicked on

23-03-2024T14:49:30 - [TEST_STEP][PASSED] - delay(2): Delayed 2 second(s)

23-03-2024T14:49:32 - [MESSAGE][PASSED] - Delayed 2 second(s)

23-03-2024T14:49:32 - [TEST_STEP][PASSED] - click(findTestObject("Object Repository/Page_2GrowHr - Dashboard/On Duty button")): Object: 'Object Repository/Page_2GrowHr - Dashboard/On Duty button' is clicked on

23-03-2024T14:49:32 - [MESSAGE][PASSED] - Object: 'Object Repository/Page_2GrowHr - Dashboard/On Duty button' is clicked on

23-03-2024T14:49:32 - [TEST_STEP][PASSED] - click(findTestObject("Object Repository/Page_2GrowHr - Dashboard/OD date selection")): Object: 'Object Repository/Page_2GrowHr - Dashboard/OD date selection' is clicked on

23-03-2024T14:49:33 - [MESSAGE][PASSED] - Object: 'Object Repository/Page_2GrowHr - Dashboard/OD date selection' is clicked on

23-03-2024T14:49:33 - [TEST_STEP][PASSED] - setText(findTestObject("Object Repository/Page_2GrowHr - Dashboard/OD date selection"), currentDateStr): Text '03/23/2024' is set on object 'Object Repository/Page_2GrowHr - Dashboard/OD date selection'

23-03-2024T14:49:34 - [MESSAGE][PASSED] - Text '03/23/2024' is set on object 'Object Repository/Page_2GrowHr - Dashboard/OD date selection'

23-03-2024T14:49:34 - [TEST_STEP][PASSED] - click(findTestObject("Object Repository/Page_2GrowHr - Dashboard/img__img-fluid week_calender_icon dp_align_OD")): Object: 'Object Repository/Page_2GrowHr - Dashboard/img__img-fluid week_calender_icon dp_align_OD' is clicked on

23-03-2024T14:49:35 - [MESSAGE][PASSED] - Object: 'Object Repository/Page_2GrowHr - Dashboard/img__img-fluid week_calender_icon dp_align_OD' is clicked on

23-03-2024T14:49:35 - [TEST_STEP][PASSED] - setText(findTestObject("Object Repository/Page_2GrowHr - Dashboard/OD Remarks"), ODRemark): Text 'OD Applied' is set on object 'Object Repository/Page_2GrowHr - Dashboard/OD Remarks'

23-03-2024T14:49:36 - [MESSAGE][PASSED] - Text 'OD Applied' is set on object 'Object Repository/Page_2GrowHr - Dashboard/OD Remarks'

23-03-2024T14:49:36 - [TEST_STEP][PASSED] - delay(2): Delayed 2 second(s)

23-03-2024T14:49:38 - [MESSAGE][PASSED] - Delayed 2 second(s)

23-03-2024T14:49:38 - [TEST_STEP][PASSED] - click(findTestObject("Object Repository/Page_2GrowHr - Dashboard/OD Save button")): Object: 'Object Repository/Page_2GrowHr - Dashboard/OD Save button' is clicked on

23-03-2024T14:49:39 - [MESSAGE][PASSED] - Object: 'Object Repository/Page_2GrowHr - Dashboard/OD Save button' is clicked on

23-03-2024T14:49:39 - [TEST_STEP][PASSED] - delay(2): Delayed 2 second(s)

23-03-2024T14:49:41 - [MESSAGE][PASSED] - Delayed 2 second(s)

23-03-2024T14:49:41 - [TEST_STEP][PASSED] - click(findTestObject("Object Repository/Page_2GrowHr - Dashboard/Checkin button BR")): Object: 'Object Repository/Page_2GrowHr - Dashboard/Checkin button BR' is clicked on

23-03-2024T14:49:45 - [MESSAGE][PASSED] - Object: 'Object Repository/Page_2GrowHr - Dashboard/Checkin button BR' is clicked on

23-03-2024T14:49:45 - [TEST_STEP][PASSED] - setText(findTestObject("Object Repository/Page_2GrowHr - Dashboard/Checkin remark"), checkinRemark + " " + currentDateStr): Text 'OD CheckinRemark 03/23/2024' is set on object 'Object Repository/Page_2GrowHr - Dashboard/Checkin remark'

23-03-2024T14:49:49 - [MESSAGE][PASSED] - Text 'OD CheckinRemark 03/23/2024' is set on object 'Object Repository/Page_2GrowHr - Dashboard/Checkin remark'

23-03-2024T14:49:49 - [TEST_STEP][PASSED] - delay(2): Delayed 2 second(s)

23-03-2024T14:49:51 - [MESSAGE][PASSED] - Delayed 2 second(s)

23-03-2024T14:49:51 - [TEST_STEP][PASSED] - click(findTestObject("Object Repository/Page_2GrowHr - Dashboard/Checkin button AR")): Object: 'Object Repository/Page_2GrowHr - Dashboard/Checkin button AR' is clicked on

23-03-2024T14:49:53 - [MESSAGE][PASSED] - Object: 'Object Repository/Page_2GrowHr - Dashboard/Checkin button AR' is clicked on

23-03-2024T14:49:53 - [TEST_STEP][PASSED] - delay(2): Delayed 2 second(s)

23-03-2024T14:49:55 - [MESSAGE][PASSED] - Delayed 2 second(s)

23-03-2024T14:49:55 - [TEST_STEP][PASSED] - click(findTestObject("Object Repository/Page_2GrowHr - Menu_Report/Attentance mouseover")): Object: 'Object Repository/Page_2GrowHr - Menu_Report/Attentance mouseover' is clicked on

23-03-2024T14:49:57 - [MESSAGE][PASSED] - Object: 'Object Repository/Page_2GrowHr - Menu_Report/Attentance mouseover' is clicked on

23-03-2024T14:49:57 - [TEST_STEP][PASSED] - delay(2): Delayed 2 second(s)

23-03-2024T14:49:59 - [MESSAGE][PASSED] - Delayed 2 second(s)

23-03-2024T14:49:59 - [TEST_STEP][PASSED] - click(findTestObject("Object Repository/Page_2GrowHr - Menu_Report/Day Count Attendance Summary report")): Object: 'Object Repository/Page_2GrowHr - Menu_Report/Day Count Attendance Summary report' is clicked on

23-03-2024T14:50:03 - [MESSAGE][PASSED] - Object: 'Object Repository/Page_2GrowHr - Menu_Report/Day Count Attendance Summary report' is clicked on

23-03-2024T14:50:03 - [TEST_STEP][PASSED] - click(findTestObject("Object Repository/Page_2GrowHr - Real Time Report/Select Date range field day count attendance report")): Object: 'Object Repository/Page_2GrowHr - Real Time Report/Select Date range field day count attendance report' is clicked on

23-03-2024T14:50:06 - [MESSAGE][PASSED] - Object: 'Object Repository/Page_2GrowHr - Real Time Report/Select Date range field day count attendance report' is clicked on

23-03-2024T14:50:06 - [TEST_STEP][PASSED] - delay(2): Delayed 2 second(s)

23-03-2024T14:50:08 - [MESSAGE][PASSED] - Delayed 2 second(s)

23-03-2024T14:50:08 - [TEST_STEP][PASSED] - click(findTestObject("Object Repository/Page_2GrowHr - Real Time Report/Today")): Object: 'Object Repository/Page_2GrowHr - Real Time Report/Today' is clicked on

23-03-2024T14:50:10 - [MESSAGE][PASSED] - Object: 'Object Repository/Page_2GrowHr - Real Time Report/Today' is clicked on

23-03-2024T14:50:10 - [TEST_STEP][PASSED] - click(findTestObject("Object Repository/Page_2GrowHr - Real Time Report/Get Report button")): Object: 'Object Repository/Page_2GrowHr - Real Time Report/Get Report button' is clicked on

23-03-2024T14:50:12 - [MESSAGE][PASSED] - Object: 'Object Repository/Page_2GrowHr - Real Time Report/Get Report button' is clicked on

23-03-2024T14:50:12 - [TEST_STEP][PASSED] - delay(2): Delayed 2 second(s)

23-03-2024T14:50:14 - [MESSAGE][PASSED] - Delayed 2 second(s)

23-03-2024T14:50:14 - [TEST_STEP][PASSED] - linkElement = getWebDriver().findElement(By.xpath("//*[@id="datatable"]/tbody/tr/td[2]/a")): null

23-03-2024T14:50:16 - [TEST_STEP][PASSED] - linkElement.click(): null

23-03-2024T14:50:16 - [TEST_STEP][PASSED] - delay(5): Delayed 5 second(s)

23-03-2024T14:50:21 - [MESSAGE][PASSED] - Delayed 5 second(s)

23-03-2024T14:50:21 - [TEST_STEP][PASSED] - closeBrowser(): Browser is closed

23-03-2024T14:50:21 - [MESSAGE][PASSED] - Browser is closed

23-03-2024T14:50:21 - [TEST_STEP][PASSED] - url = Data.getValue("URL", i): null

23-03-2024T14:50:21 - [TEST_STEP][PASSED] - username = Data.getValue("Username", i): null

23-03-2024T14:50:21 - [TEST_STEP][PASSED] - password = Data.getValue("Password", i): null

23-03-2024T14:50:21 - [TEST_STEP][PASSED] - checkinRemark = Data.getValue("CheckinRemark", i): null

23-03-2024T14:50:21 - [TEST_STEP][PASSED] - ODRemark = Data.getValue("ODRemark", i): null

23-03-2024T14:50:21 - [TEST_STEP][PASSED] - openBrowser(""): Browser is opened with url: ''

23-03-2024T14:50:21 - [MESSAGE][INFO] - Starting 'Chrome' driver

23-03-2024T14:50:21 - [MESSAGE][INFO] - Action delay is set to 0 milliseconds

23-03-2024T14:50:22 - [MESSAGE][PASSED] - Browser is opened with url: ''

23-03-2024T14:50:22 - [TEST_STEP][PASSED] - maximizeWindow(): Current window maximized

23-03-2024T14:50:22 - [MESSAGE][PASSED] - Current window maximized

23-03-2024T14:50:22 - [TEST_STEP][PASSED] - navigateToUrl(url): Navigate to 'http://testing.2growhr.io/' successfully

23-03-2024T14:50:24 - [MESSAGE][PASSED] - Navigate to 'http://testing.2growhr.io/' successfully

23-03-2024T14:50:24 - [TEST_STEP][PASSED] - setText(findTestObject("Object Repository/Page_2GrowHR - Login/UserName"), username): Text 'CBS0499' is set on object 'Object Repository/Page_2GrowHR - Login/UserName'

23-03-2024T14:50:28 - [MESSAGE][PASSED] - Text 'CBS0499' is set on object 'Object Repository/Page_2GrowHR - Login/UserName'

23-03-2024T14:50:28 - [TEST_STEP][PASSED] - setText(findTestObject("Object Repository/Page_2GrowHR - Login/Password"), password): Text '123' is set on object 'Object Repository/Page_2GrowHR - Login/Password'

23-03-2024T14:50:32 - [MESSAGE][PASSED] - Text '123' is set on object 'Object Repository/Page_2GrowHR - Login/Password'

23-03-2024T14:50:32 - [TEST_STEP][PASSED] - click(findTestObject("Object Repository/Page_2GrowHR - Login/Password - view icon")): Object: 'Object Repository/Page_2GrowHR - Login/Password - view icon' is clicked on

23-03-2024T14:50:34 - [MESSAGE][PASSED] - Object: 'Object Repository/Page_2GrowHR - Login/Password - view icon' is clicked on

23-03-2024T14:50:34 - [TEST_STEP][PASSED] - delay(2): Delayed 2 second(s)

23-03-2024T14:50:36 - [MESSAGE][PASSED] - Delayed 2 second(s)

23-03-2024T14:50:36 - [TEST_STEP][PASSED] - click(findTestObject("Object Repository/Page_2GrowHR - Login/Login Button")): Object: 'Object Repository/Page_2GrowHR - Login/Login Button' is clicked on

23-03-2024T14:51:03 - [MESSAGE][PASSED] - Object: 'Object Repository/Page_2GrowHR - Login/Login Button' is clicked on

23-03-2024T14:51:03 - [TEST_STEP][PASSED] - delay(2): Delayed 2 second(s)

23-03-2024T14:51:05 - [MESSAGE][PASSED] - Delayed 2 second(s)

23-03-2024T14:51:05 - [TEST_STEP][PASSED] - click(findTestObject("Object Repository/Page_2GrowHr - Dashboard/On Duty button")): Object: 'Object Repository/Page_2GrowHr - Dashboard/On Duty button' is clicked on

23-03-2024T14:51:07 - [MESSAGE][PASSED] - Object: 'Object Repository/Page_2GrowHr - Dashboard/On Duty button' is clicked on

23-03-2024T14:51:07 - [TEST_STEP][PASSED] - click(findTestObject("Object Repository/Page_2GrowHr - Dashboard/OD date selection")): Object: 'Object Repository/Page_2GrowHr - Dashboard/OD date selection' is clicked on

23-03-2024T14:51:09 - [MESSAGE][PASSED] - Object: 'Object Repository/Page_2GrowHr - Dashboard/OD date selection' is clicked on

23-03-2024T14:51:09 - [TEST_STEP][PASSED] - setText(findTestObject("Object Repository/Page_2GrowHr - Dashboard/OD date selection"), currentDateStr): Text '03/23/2024' is set on object 'Object Repository/Page_2GrowHr - Dashboard/OD date selection'

23-03-2024T14:51:13 - [MESSAGE][PASSED] - Text '03/23/2024' is set on object 'Object Repository/Page_2GrowHr - Dashboard/OD date selection'

23-03-2024T14:51:13 - [TEST_STEP][PASSED] - click(findTestObject("Object Repository/Page_2GrowHr - Dashboard/img__img-fluid week_calender_icon dp_align_OD")): Object: 'Object Repository/Page_2GrowHr - Dashboard/img__img-fluid week_calender_icon dp_align_OD' is clicked on

23-03-2024T14:51:15 - [MESSAGE][PASSED] - Object: 'Object Repository/Page_2GrowHr - Dashboard/img__img-fluid week_calender_icon dp_align_OD' is clicked on

23-03-2024T14:51:15 - [TEST_STEP][PASSED] - setText(findTestObject("Object Repository/Page_2GrowHr - Dashboard/OD Remarks"), ODRemark): Text 'OD Applied' is set on object 'Object Repository/Page_2GrowHr - Dashboard/OD Remarks'

23-03-2024T14:51:19 - [MESSAGE][PASSED] - Text 'OD Applied' is set on object 'Object Repository/Page_2GrowHr - Dashboard/OD Remarks'

23-03-2024T14:51:19 - [TEST_STEP][PASSED] - delay(2): Delayed 2 second(s)

23-03-2024T14:51:21 - [MESSAGE][PASSED] - Delayed 2 second(s)

23-03-2024T14:51:21 - [TEST_STEP][PASSED] - click(findTestObject("Object Repository/Page_2GrowHr - Dashboard/OD Save button")): Object: 'Object Repository/Page_2GrowHr - Dashboard/OD Save button' is clicked on

23-03-2024T14:51:23 - [MESSAGE][PASSED] - Object: 'Object Repository/Page_2GrowHr - Dashboard/OD Save button' is clicked on

23-03-2024T14:51:23 - [TEST_STEP][PASSED] - delay(2): Delayed 2 second(s)

23-03-2024T14:51:25 - [MESSAGE][PASSED] - Delayed 2 second(s)

23-03-2024T14:51:25 - [TEST_STEP][PASSED] - click(findTestObject("Object Repository/Page_2GrowHr - Dashboard/Checkin button BR")): Object: 'Object Repository/Page_2GrowHr - Dashboard/Checkin button BR' is clicked on

23-03-2024T14:51:31 - [MESSAGE][PASSED] - Object: 'Object Repository/Page_2GrowHr - Dashboard/Checkin button BR' is clicked on

23-03-2024T14:51:31 - [TEST_STEP][PASSED] - setText(findTestObject("Object Repository/Page_2GrowHr - Dashboard/Checkin remark"), checkinRemark + " " + currentDateStr): Text 'OD CheckinRemark 03/23/2024' is set on object 'Object Repository/Page_2GrowHr - Dashboard/Checkin remark'

23-03-2024T14:51:35 - [MESSAGE][PASSED] - Text 'OD CheckinRemark 03/23/2024' is set on object 'Object Repository/Page_2GrowHr - Dashboard/Checkin remark'

23-03-2024T14:51:35 - [TEST_STEP][PASSED] - delay(2): Delayed 2 second(s)

23-03-2024T14:51:37 - [MESSAGE][PASSED] - Delayed 2 second(s)

23-03-2024T14:51:37 - [TEST_STEP][PASSED] - click(findTestObject("Object Repository/Page_2GrowHr - Dashboard/Checkin button AR")): Object: 'Object Repository/Page_2GrowHr - Dashboard/Checkin button AR' is clicked on

23-03-2024T14:51:39 - [MESSAGE][PASSED] - Object: 'Object Repository/Page_2GrowHr - Dashboard/Checkin button AR' is clicked on

23-03-2024T14:51:39 - [TEST_STEP][PASSED] - delay(2): Delayed 2 second(s)

23-03-2024T14:51:41 - [MESSAGE][PASSED] - Delayed 2 second(s)

23-03-2024T14:51:41 - [TEST_STEP][PASSED] - click(findTestObject("Object Repository/Page_2GrowHr - Menu_Report/Attentance mouseover")): Object: 'Object Repository/Page_2GrowHr - Menu_Report/Attentance mouseover' is clicked on

23-03-2024T14:51:43 - [MESSAGE][PASSED] - Object: 'Object Repository/Page_2GrowHr - Menu_Report/Attentance mouseover' is clicked on

23-03-2024T14:51:43 - [TEST_STEP][PASSED] - delay(2): Delayed 2 second(s)

23-03-2024T14:51:45 - [MESSAGE][PASSED] - Delayed 2 second(s)

23-03-2024T14:51:45 - [TEST_STEP][PASSED] - click(findTestObject("Object Repository/Page_2GrowHr - Menu_Report/Day Count Attendance Summary report")): Object: 'Object Repository/Page_2GrowHr - Menu_Report/Day Count Attendance Summary report' is clicked on

23-03-2024T14:51:48 - [MESSAGE][PASSED] - Object: 'Object Repository/Page_2GrowHr - Menu_Report/Day Count Attendance Summary report' is clicked on

23-03-2024T14:51:48 - [TEST_STEP][PASSED] - click(findTestObject("Object Repository/Page_2GrowHr - Real Time Report/Select Date range field day count attendance report")): Object: 'Object Repository/Page_2GrowHr - Real Time Report/Select Date range field day count attendance report' is clicked on

23-03-2024T14:51:52 - [MESSAGE][PASSED] - Object: 'Object Repository/Page_2GrowHr - Real Time Report/Select Date range field day count attendance report' is clicked on

23-03-2024T14:51:52 - [TEST_STEP][PASSED] - delay(2): Delayed 2 second(s)

23-03-2024T14:51:54 - [MESSAGE][PASSED] - Delayed 2 second(s)

23-03-2024T14:51:54 - [TEST_STEP][PASSED] - click(findTestObject("Object Repository/Page_2GrowHr - Real Time Report/Today")): Object: 'Object Repository/Page_2GrowHr - Real Time Report/Today' is clicked on

23-03-2024T14:51:56 - [MESSAGE][PASSED] - Object: 'Object Repository/Page_2GrowHr - Real Time Report/Today' is clicked on

23-03-2024T14:51:56 - [TEST_STEP][PASSED] - click(findTestObject("Object Repository/Page_2GrowHr - Real Time Report/Get Report button")): Object: 'Object Repository/Page_2GrowHr - Real Time Report/Get Report button' is clicked on

23-03-2024T14:51:58 - [MESSAGE][PASSED] - Object: 'Object Repository/Page_2GrowHr - Real Time Report/Get Report button' is clicked on

23-03-2024T14:51:58 - [TEST_STEP][PASSED] - delay(2): Delayed 2 second(s)

23-03-2024T14:52:00 - [MESSAGE][PASSED] - Delayed 2 second(s)

23-03-2024T14:52:00 - [TEST_STEP][PASSED] - linkElement = getWebDriver().findElement(By.xpath("//*[@id="datatable"]/tbody/tr/td[2]/a")): null

23-03-2024T14:52:02 - [TEST_STEP][PASSED] - linkElement.click(): null

23-03-2024T14:52:02 - [TEST_STEP][PASSED] - delay(5): Delayed 5 second(s)

23-03-2024T14:52:07 - [MESSAGE][PASSED] - Delayed 5 second(s)

23-03-2024T14:52:07 - [TEST_STEP][PASSED] - closeBrowser(): Browser is closed

23-03-2024T14:52:07 - [MESSAGE][PASSED] - Browser is closed]]></system-out>
         <system-err><![CDATA[]]></system-err>
      </testcase>
      <system-out><![CDATA[23-03-2024T14:48:47 - [TEST_SUITE][PASSED] - Apply OD and Checkin: Test Cases/Apply OD and Checkin]]></system-out>
      <system-err><![CDATA[]]></system-err>
   </testsuite>
</testsuites>
