<?xml version="1.0" encoding="UTF-8"?>
<testsuites name="Login and Checkout" time="231.097" tests="1" failures="0" errors="0">
   <testsuite name="Login and Checkout" tests="1" failures="0" errors="0" time="231.097" skipped="0" timestamp="18-03-2024T18:00:46" hostname="91957 - Lead-Force-CRM" id="Test Suites/Login and Checkout">
      <properties>
         <property name="deviceName" value=""/>
         <property name="devicePlatform" value=""/>
         <property name="logFolder" value="C:\\Users\\91957\\Desktop\\Automation Testing - Katalon\\Payroll Web\\Reports\\20240318_180032\\Login and Checkout\\20240318_180034"/>
         <property name="logFiles" value="C:\\Users\\91957\\Desktop\\Automation Testing - Katalon\\Payroll Web\\Reports\\20240318_180032\\Login and Checkout\\20240318_180034\\execution0.log"/>
         <property name="attachments" value=""/>
         <property name="hostName" value="91957 - Lead-Force-CRM"/>
         <property name="os" value="Windows 11 64bit"/>
         <property name="katalonVersion" value="9.3.0.212"/>
         <property name="browser" value="Chrome 122.0.0.0"/>
         <property name="hostAddress" value="192.168.29.70"/>
         <property name="sessionId" value="04e8205b07ce883b03da2e33dfbfcc2e"/>
         <property name="seleniumVersion" value="3.141.59"/>
         <property name="proxyInformation" value="ProxyInformation { proxyOption=NO_PROXY, proxyServerType=HTTP, username=, password=********, proxyServerAddress=, proxyServerPort=0, executionList=&quot;&quot;, isApplyToDesiredCapabilities=true }"/>
         <property name="platform" value="Windows 11"/>
      </properties>
      <testcase name="Test Cases/Checkout and do Logout" time="230.943" classname="Test Cases/Checkout and do Logout" status="PASSED">
         <system-out><![CDATA[18-03-2024T18:00:46 - [TEST_CASE][PASSED] - Test Cases/Checkout and do Logout: Test Cases/Checkout and do Logout

18-03-2024T18:00:47 - [TEST_STEP][PASSED] - Data = findTestData("Checkout and do logout"): null

18-03-2024T18:00:47 - [TEST_STEP][PASSED] - dateFormat = new java.text.SimpleDateFormat(MM/dd/yyyy): null

18-03-2024T18:00:47 - [TEST_STEP][PASSED] - currentDate = getInstance().getTime(): null

18-03-2024T18:00:47 - [TEST_STEP][PASSED] - currentDateStr = dateFormat.format(currentDate): null

18-03-2024T18:00:47 - [TEST_STEP][PASSED] - for ([i = 1, i <= Data.getRowNumbers(), (i++)]): Browser is closed

18-03-2024T18:00:47 - [TEST_STEP][PASSED] - url = Data.getValue("URL", i): null

18-03-2024T18:00:47 - [TEST_STEP][PASSED] - username = Data.getValue("Username", i): null

18-03-2024T18:00:47 - [TEST_STEP][PASSED] - password = Data.getValue("Password", i): null

18-03-2024T18:00:47 - [TEST_STEP][PASSED] - checkoutRemark = Data.getValue("CheckoutRemark", i): null

18-03-2024T18:00:47 - [TEST_STEP][PASSED] - openBrowser(""): Browser is opened with url: ''

18-03-2024T18:00:48 - [MESSAGE][INFO] - Starting 'Chrome' driver

18-03-2024T18:00:48 - [MESSAGE][INFO] - Action delay is set to 0 milliseconds

18-03-2024T18:00:49 - [MESSAGE][PASSED] - Browser is opened with url: ''

18-03-2024T18:00:49 - [TEST_STEP][PASSED] - maximizeWindow(): Current window maximized

18-03-2024T18:00:49 - [MESSAGE][PASSED] - Current window maximized

18-03-2024T18:00:49 - [TEST_STEP][PASSED] - navigateToUrl(url): Navigate to 'http://testing.2growhr.io/' successfully

18-03-2024T18:00:52 - [MESSAGE][PASSED] - Navigate to 'http://testing.2growhr.io/' successfully

18-03-2024T18:00:52 - [TEST_STEP][PASSED] - setText(findTestObject("Object Repository/Page_2GrowHR - Login/UserName"), username): Text 'Yashik' is set on object 'Object Repository/Page_2GrowHR - Login/UserName'

18-03-2024T18:00:53 - [MESSAGE][PASSED] - Text 'Yashik' is set on object 'Object Repository/Page_2GrowHR - Login/UserName'

18-03-2024T18:00:53 - [TEST_STEP][PASSED] - setText(findTestObject("Object Repository/Page_2GrowHR - Login/Password"), password): Text '123' is set on object 'Object Repository/Page_2GrowHR - Login/Password'

18-03-2024T18:00:54 - [MESSAGE][PASSED] - Text '123' is set on object 'Object Repository/Page_2GrowHR - Login/Password'

18-03-2024T18:00:54 - [TEST_STEP][PASSED] - click(findTestObject("Object Repository/Page_2GrowHR - Login/Password - view icon")): Object: 'Object Repository/Page_2GrowHR - Login/Password - view icon' is clicked on

18-03-2024T18:00:54 - [MESSAGE][PASSED] - Object: 'Object Repository/Page_2GrowHR - Login/Password - view icon' is clicked on

18-03-2024T18:00:54 - [TEST_STEP][PASSED] - delay(2): Delayed 2 second(s)

18-03-2024T18:00:56 - [MESSAGE][PASSED] - Delayed 2 second(s)

18-03-2024T18:00:56 - [TEST_STEP][PASSED] - click(findTestObject("Object Repository/Page_2GrowHR - Login/Login Button")): Object: 'Object Repository/Page_2GrowHR - Login/Login Button' is clicked on

18-03-2024T18:01:07 - [MESSAGE][PASSED] - Object: 'Object Repository/Page_2GrowHR - Login/Login Button' is clicked on

18-03-2024T18:01:07 - [TEST_STEP][PASSED] - delay(2): Delayed 2 second(s)

18-03-2024T18:01:09 - [MESSAGE][PASSED] - Delayed 2 second(s)

18-03-2024T18:01:09 - [TEST_STEP][PASSED] - click(findTestObject("Object Repository/Page_2GrowHr - Dashboard/Check-Out button BR")): Object: 'Object Repository/Page_2GrowHr - Dashboard/Check-Out button BR' is clicked on

18-03-2024T18:01:09 - [MESSAGE][PASSED] - Object: 'Object Repository/Page_2GrowHr - Dashboard/Check-Out button BR' is clicked on

18-03-2024T18:01:09 - [TEST_STEP][PASSED] - setText(findTestObject("Object Repository/Page_2GrowHr - Dashboard/Checkout Remarks"), checkoutRemark): Text 'CheckoutRemark' is set on object 'Object Repository/Page_2GrowHr - Dashboard/Checkout Remarks'

18-03-2024T18:01:11 - [MESSAGE][PASSED] - Text 'CheckoutRemark' is set on object 'Object Repository/Page_2GrowHr - Dashboard/Checkout Remarks'

18-03-2024T18:01:11 - [TEST_STEP][PASSED] - delay(2): Delayed 2 second(s)

18-03-2024T18:01:13 - [MESSAGE][PASSED] - Delayed 2 second(s)

18-03-2024T18:01:13 - [TEST_STEP][PASSED] - click(findTestObject("Object Repository/Page_2GrowHr - Dashboard/Check-Out button AR")): Object: 'Object Repository/Page_2GrowHr - Dashboard/Check-Out button AR' is clicked on

18-03-2024T18:01:13 - [MESSAGE][PASSED] - Object: 'Object Repository/Page_2GrowHr - Dashboard/Check-Out button AR' is clicked on

18-03-2024T18:01:13 - [TEST_STEP][PASSED] - delay(2): Delayed 2 second(s)

18-03-2024T18:01:15 - [MESSAGE][PASSED] - Delayed 2 second(s)

18-03-2024T18:01:15 - [TEST_STEP][PASSED] - click(findTestObject("Object Repository/Page_2GrowHr - Menu_Report/Attentance mouseover")): Object: 'Object Repository/Page_2GrowHr - Menu_Report/Attentance mouseover' is clicked on

18-03-2024T18:01:16 - [MESSAGE][PASSED] - Object: 'Object Repository/Page_2GrowHr - Menu_Report/Attentance mouseover' is clicked on

18-03-2024T18:01:16 - [TEST_STEP][PASSED] - delay(2): Delayed 2 second(s)

18-03-2024T18:01:18 - [MESSAGE][PASSED] - Delayed 2 second(s)

18-03-2024T18:01:18 - [TEST_STEP][PASSED] - click(findTestObject("Object Repository/Page_2GrowHr - Menu_Report/General Attendance Summary - Report")): Object: 'Object Repository/Page_2GrowHr - Menu_Report/General Attendance Summary - Report' is clicked on

18-03-2024T18:01:28 - [MESSAGE][PASSED] - Object: 'Object Repository/Page_2GrowHr - Menu_Report/General Attendance Summary - Report' is clicked on

18-03-2024T18:01:28 - [TEST_STEP][PASSED] - click(findTestObject("Object Repository/Page_2GrowHr - Menu_Report/Date selection field")): Object: 'Object Repository/Page_2GrowHr - Menu_Report/Date selection field' is clicked on

18-03-2024T18:01:28 - [MESSAGE][PASSED] - Object: 'Object Repository/Page_2GrowHr - Menu_Report/Date selection field' is clicked on

18-03-2024T18:01:28 - [TEST_STEP][PASSED] - setText(findTestObject("Object Repository/Page_2GrowHr - Menu_Report/Date selection field"), currentDateStr): Text '03/18/2024' is set on object 'Object Repository/Page_2GrowHr - Menu_Report/Date selection field'

18-03-2024T18:01:29 - [MESSAGE][PASSED] - Text '03/18/2024' is set on object 'Object Repository/Page_2GrowHr - Menu_Report/Date selection field'

18-03-2024T18:01:29 - [TEST_STEP][PASSED] - delay(2): Delayed 2 second(s)

18-03-2024T18:01:31 - [MESSAGE][PASSED] - Delayed 2 second(s)

18-03-2024T18:01:31 - [TEST_STEP][PASSED] - click(findTestObject("Object Repository/Page_2GrowHr - Menu_Report/Get Report button Day count attendance summary report")): Object: 'Object Repository/Page_2GrowHr - Menu_Report/Get Report button Day count attendance summary report' is clicked on

18-03-2024T18:01:32 - [MESSAGE][PASSED] - Object: 'Object Repository/Page_2GrowHr - Menu_Report/Get Report button Day count attendance summary report' is clicked on

18-03-2024T18:01:32 - [TEST_STEP][PASSED] - scrollToElement(findTestObject("Object Repository/Page_2GrowHr - Day Wise Report/Scroll to Page down"), 10): Scroll to object 'Object Repository/Page_2GrowHr - Day Wise Report/Scroll to Page down' successfully

18-03-2024T18:01:33 - [MESSAGE][PASSED] - Scroll to object 'Object Repository/Page_2GrowHr - Day Wise Report/Scroll to Page down' successfully

18-03-2024T18:01:33 - [TEST_STEP][PASSED] - delay(5): Delayed 5 second(s)

18-03-2024T18:01:38 - [MESSAGE][PASSED] - Delayed 5 second(s)

18-03-2024T18:01:38 - [TEST_STEP][PASSED] - closeBrowser(): Browser is closed

18-03-2024T18:01:38 - [MESSAGE][PASSED] - Browser is closed

18-03-2024T18:01:38 - [TEST_STEP][PASSED] - url = Data.getValue("URL", i): null

18-03-2024T18:01:38 - [TEST_STEP][PASSED] - username = Data.getValue("Username", i): null

18-03-2024T18:01:38 - [TEST_STEP][PASSED] - password = Data.getValue("Password", i): null

18-03-2024T18:01:38 - [TEST_STEP][PASSED] - checkoutRemark = Data.getValue("CheckoutRemark", i): null

18-03-2024T18:01:38 - [TEST_STEP][PASSED] - openBrowser(""): Browser is opened with url: ''

18-03-2024T18:01:38 - [MESSAGE][INFO] - Starting 'Chrome' driver

18-03-2024T18:01:38 - [MESSAGE][INFO] - Action delay is set to 0 milliseconds

18-03-2024T18:01:41 - [MESSAGE][PASSED] - Browser is opened with url: ''

18-03-2024T18:01:41 - [TEST_STEP][PASSED] - maximizeWindow(): Current window maximized

18-03-2024T18:01:41 - [MESSAGE][PASSED] - Current window maximized

18-03-2024T18:01:41 - [TEST_STEP][PASSED] - navigateToUrl(url): Navigate to 'http://testing.2growhr.io/' successfully

18-03-2024T18:01:43 - [MESSAGE][PASSED] - Navigate to 'http://testing.2growhr.io/' successfully

18-03-2024T18:01:43 - [TEST_STEP][PASSED] - setText(findTestObject("Object Repository/Page_2GrowHR - Login/UserName"), username): Text 'Farveen' is set on object 'Object Repository/Page_2GrowHR - Login/UserName'

18-03-2024T18:01:44 - [MESSAGE][PASSED] - Text 'Farveen' is set on object 'Object Repository/Page_2GrowHR - Login/UserName'

18-03-2024T18:01:44 - [TEST_STEP][PASSED] - setText(findTestObject("Object Repository/Page_2GrowHR - Login/Password"), password): Text '123' is set on object 'Object Repository/Page_2GrowHR - Login/Password'

18-03-2024T18:01:45 - [MESSAGE][PASSED] - Text '123' is set on object 'Object Repository/Page_2GrowHR - Login/Password'

18-03-2024T18:01:45 - [TEST_STEP][PASSED] - click(findTestObject("Object Repository/Page_2GrowHR - Login/Password - view icon")): Object: 'Object Repository/Page_2GrowHR - Login/Password - view icon' is clicked on

18-03-2024T18:01:45 - [MESSAGE][PASSED] - Object: 'Object Repository/Page_2GrowHR - Login/Password - view icon' is clicked on

18-03-2024T18:01:45 - [TEST_STEP][PASSED] - delay(2): Delayed 2 second(s)

18-03-2024T18:01:47 - [MESSAGE][PASSED] - Delayed 2 second(s)

18-03-2024T18:01:47 - [TEST_STEP][PASSED] - click(findTestObject("Object Repository/Page_2GrowHR - Login/Login Button")): Object: 'Object Repository/Page_2GrowHR - Login/Login Button' is clicked on

18-03-2024T18:01:57 - [MESSAGE][PASSED] - Object: 'Object Repository/Page_2GrowHR - Login/Login Button' is clicked on

18-03-2024T18:01:57 - [TEST_STEP][PASSED] - delay(2): Delayed 2 second(s)

18-03-2024T18:01:59 - [MESSAGE][PASSED] - Delayed 2 second(s)

18-03-2024T18:01:59 - [TEST_STEP][PASSED] - click(findTestObject("Object Repository/Page_2GrowHr - Dashboard/Check-Out button BR")): Object: 'Object Repository/Page_2GrowHr - Dashboard/Check-Out button BR' is clicked on

18-03-2024T18:02:00 - [MESSAGE][PASSED] - Object: 'Object Repository/Page_2GrowHr - Dashboard/Check-Out button BR' is clicked on

18-03-2024T18:02:00 - [TEST_STEP][PASSED] - setText(findTestObject("Object Repository/Page_2GrowHr - Dashboard/Checkout Remarks"), checkoutRemark): Text 'CheckoutRemark' is set on object 'Object Repository/Page_2GrowHr - Dashboard/Checkout Remarks'

18-03-2024T18:02:01 - [MESSAGE][PASSED] - Text 'CheckoutRemark' is set on object 'Object Repository/Page_2GrowHr - Dashboard/Checkout Remarks'

18-03-2024T18:02:01 - [TEST_STEP][PASSED] - delay(2): Delayed 2 second(s)

18-03-2024T18:02:03 - [MESSAGE][PASSED] - Delayed 2 second(s)

18-03-2024T18:02:03 - [TEST_STEP][PASSED] - click(findTestObject("Object Repository/Page_2GrowHr - Dashboard/Check-Out button AR")): Object: 'Object Repository/Page_2GrowHr - Dashboard/Check-Out button AR' is clicked on

18-03-2024T18:02:04 - [MESSAGE][PASSED] - Object: 'Object Repository/Page_2GrowHr - Dashboard/Check-Out button AR' is clicked on

18-03-2024T18:02:04 - [TEST_STEP][PASSED] - delay(2): Delayed 2 second(s)

18-03-2024T18:02:06 - [MESSAGE][PASSED] - Delayed 2 second(s)

18-03-2024T18:02:06 - [TEST_STEP][PASSED] - click(findTestObject("Object Repository/Page_2GrowHr - Menu_Report/Attentance mouseover")): Object: 'Object Repository/Page_2GrowHr - Menu_Report/Attentance mouseover' is clicked on

18-03-2024T18:02:07 - [MESSAGE][PASSED] - Object: 'Object Repository/Page_2GrowHr - Menu_Report/Attentance mouseover' is clicked on

18-03-2024T18:02:07 - [TEST_STEP][PASSED] - delay(2): Delayed 2 second(s)

18-03-2024T18:02:09 - [MESSAGE][PASSED] - Delayed 2 second(s)

18-03-2024T18:02:09 - [TEST_STEP][PASSED] - click(findTestObject("Object Repository/Page_2GrowHr - Menu_Report/General Attendance Summary - Report")): Object: 'Object Repository/Page_2GrowHr - Menu_Report/General Attendance Summary - Report' is clicked on

18-03-2024T18:02:11 - [MESSAGE][PASSED] - Object: 'Object Repository/Page_2GrowHr - Menu_Report/General Attendance Summary - Report' is clicked on

18-03-2024T18:02:11 - [TEST_STEP][PASSED] - click(findTestObject("Object Repository/Page_2GrowHr - Menu_Report/Date selection field")): Object: 'Object Repository/Page_2GrowHr - Menu_Report/Date selection field' is clicked on

18-03-2024T18:02:11 - [MESSAGE][PASSED] - Object: 'Object Repository/Page_2GrowHr - Menu_Report/Date selection field' is clicked on

18-03-2024T18:02:11 - [TEST_STEP][PASSED] - setText(findTestObject("Object Repository/Page_2GrowHr - Menu_Report/Date selection field"), currentDateStr): Text '03/18/2024' is set on object 'Object Repository/Page_2GrowHr - Menu_Report/Date selection field'

18-03-2024T18:02:12 - [MESSAGE][PASSED] - Text '03/18/2024' is set on object 'Object Repository/Page_2GrowHr - Menu_Report/Date selection field'

18-03-2024T18:02:12 - [TEST_STEP][PASSED] - delay(2): Delayed 2 second(s)

18-03-2024T18:02:14 - [MESSAGE][PASSED] - Delayed 2 second(s)

18-03-2024T18:02:14 - [TEST_STEP][PASSED] - click(findTestObject("Object Repository/Page_2GrowHr - Menu_Report/Get Report button Day count attendance summary report")): Object: 'Object Repository/Page_2GrowHr - Menu_Report/Get Report button Day count attendance summary report' is clicked on

18-03-2024T18:02:15 - [MESSAGE][PASSED] - Object: 'Object Repository/Page_2GrowHr - Menu_Report/Get Report button Day count attendance summary report' is clicked on

18-03-2024T18:02:15 - [TEST_STEP][PASSED] - scrollToElement(findTestObject("Object Repository/Page_2GrowHr - Day Wise Report/Scroll to Page down"), 10): Scroll to object 'Object Repository/Page_2GrowHr - Day Wise Report/Scroll to Page down' successfully

18-03-2024T18:02:15 - [MESSAGE][PASSED] - Scroll to object 'Object Repository/Page_2GrowHr - Day Wise Report/Scroll to Page down' successfully

18-03-2024T18:02:15 - [TEST_STEP][PASSED] - delay(5): Delayed 5 second(s)

18-03-2024T18:02:20 - [MESSAGE][PASSED] - Delayed 5 second(s)

18-03-2024T18:02:20 - [TEST_STEP][PASSED] - closeBrowser(): Browser is closed

18-03-2024T18:02:21 - [MESSAGE][PASSED] - Browser is closed

18-03-2024T18:02:21 - [TEST_STEP][PASSED] - url = Data.getValue("URL", i): null

18-03-2024T18:02:21 - [TEST_STEP][PASSED] - username = Data.getValue("Username", i): null

18-03-2024T18:02:21 - [TEST_STEP][PASSED] - password = Data.getValue("Password", i): null

18-03-2024T18:02:21 - [TEST_STEP][PASSED] - checkoutRemark = Data.getValue("CheckoutRemark", i): null

18-03-2024T18:02:21 - [TEST_STEP][PASSED] - openBrowser(""): Browser is opened with url: ''

18-03-2024T18:02:21 - [MESSAGE][INFO] - Starting 'Chrome' driver

18-03-2024T18:02:21 - [MESSAGE][INFO] - Action delay is set to 0 milliseconds

18-03-2024T18:02:22 - [MESSAGE][PASSED] - Browser is opened with url: ''

18-03-2024T18:02:22 - [TEST_STEP][PASSED] - maximizeWindow(): Current window maximized

18-03-2024T18:02:22 - [MESSAGE][PASSED] - Current window maximized

18-03-2024T18:02:22 - [TEST_STEP][PASSED] - navigateToUrl(url): Navigate to 'http://testing.2growhr.io/' successfully

18-03-2024T18:02:24 - [MESSAGE][PASSED] - Navigate to 'http://testing.2growhr.io/' successfully

18-03-2024T18:02:24 - [TEST_STEP][PASSED] - setText(findTestObject("Object Repository/Page_2GrowHR - Login/UserName"), username): Text 'CBS2227' is set on object 'Object Repository/Page_2GrowHR - Login/UserName'

18-03-2024T18:02:25 - [MESSAGE][PASSED] - Text 'CBS2227' is set on object 'Object Repository/Page_2GrowHR - Login/UserName'

18-03-2024T18:02:25 - [TEST_STEP][PASSED] - setText(findTestObject("Object Repository/Page_2GrowHR - Login/Password"), password): Text '123' is set on object 'Object Repository/Page_2GrowHR - Login/Password'

18-03-2024T18:02:26 - [MESSAGE][PASSED] - Text '123' is set on object 'Object Repository/Page_2GrowHR - Login/Password'

18-03-2024T18:02:26 - [TEST_STEP][PASSED] - click(findTestObject("Object Repository/Page_2GrowHR - Login/Password - view icon")): Object: 'Object Repository/Page_2GrowHR - Login/Password - view icon' is clicked on

18-03-2024T18:02:26 - [MESSAGE][PASSED] - Object: 'Object Repository/Page_2GrowHR - Login/Password - view icon' is clicked on

18-03-2024T18:02:26 - [TEST_STEP][PASSED] - delay(2): Delayed 2 second(s)

18-03-2024T18:02:28 - [MESSAGE][PASSED] - Delayed 2 second(s)

18-03-2024T18:02:28 - [TEST_STEP][PASSED] - click(findTestObject("Object Repository/Page_2GrowHR - Login/Login Button")): Object: 'Object Repository/Page_2GrowHR - Login/Login Button' is clicked on

18-03-2024T18:02:38 - [MESSAGE][PASSED] - Object: 'Object Repository/Page_2GrowHR - Login/Login Button' is clicked on

18-03-2024T18:02:38 - [TEST_STEP][PASSED] - delay(2): Delayed 2 second(s)

18-03-2024T18:02:40 - [MESSAGE][PASSED] - Delayed 2 second(s)

18-03-2024T18:02:40 - [TEST_STEP][PASSED] - click(findTestObject("Object Repository/Page_2GrowHr - Dashboard/Check-Out button BR")): Object: 'Object Repository/Page_2GrowHr - Dashboard/Check-Out button BR' is clicked on

18-03-2024T18:02:41 - [MESSAGE][PASSED] - Object: 'Object Repository/Page_2GrowHr - Dashboard/Check-Out button BR' is clicked on

18-03-2024T18:02:41 - [TEST_STEP][PASSED] - setText(findTestObject("Object Repository/Page_2GrowHr - Dashboard/Checkout Remarks"), checkoutRemark): Text 'CheckoutRemark' is set on object 'Object Repository/Page_2GrowHr - Dashboard/Checkout Remarks'

18-03-2024T18:02:42 - [MESSAGE][PASSED] - Text 'CheckoutRemark' is set on object 'Object Repository/Page_2GrowHr - Dashboard/Checkout Remarks'

18-03-2024T18:02:42 - [TEST_STEP][PASSED] - delay(2): Delayed 2 second(s)

18-03-2024T18:02:44 - [MESSAGE][PASSED] - Delayed 2 second(s)

18-03-2024T18:02:44 - [TEST_STEP][PASSED] - click(findTestObject("Object Repository/Page_2GrowHr - Dashboard/Check-Out button AR")): Object: 'Object Repository/Page_2GrowHr - Dashboard/Check-Out button AR' is clicked on

18-03-2024T18:02:45 - [MESSAGE][PASSED] - Object: 'Object Repository/Page_2GrowHr - Dashboard/Check-Out button AR' is clicked on

18-03-2024T18:02:45 - [TEST_STEP][PASSED] - delay(2): Delayed 2 second(s)

18-03-2024T18:02:47 - [MESSAGE][PASSED] - Delayed 2 second(s)

18-03-2024T18:02:47 - [TEST_STEP][PASSED] - click(findTestObject("Object Repository/Page_2GrowHr - Menu_Report/Attentance mouseover")): Object: 'Object Repository/Page_2GrowHr - Menu_Report/Attentance mouseover' is clicked on

18-03-2024T18:02:48 - [MESSAGE][PASSED] - Object: 'Object Repository/Page_2GrowHr - Menu_Report/Attentance mouseover' is clicked on

18-03-2024T18:02:48 - [TEST_STEP][PASSED] - delay(2): Delayed 2 second(s)

18-03-2024T18:02:50 - [MESSAGE][PASSED] - Delayed 2 second(s)

18-03-2024T18:02:50 - [TEST_STEP][PASSED] - click(findTestObject("Object Repository/Page_2GrowHr - Menu_Report/General Attendance Summary - Report")): Object: 'Object Repository/Page_2GrowHr - Menu_Report/General Attendance Summary - Report' is clicked on

18-03-2024T18:02:52 - [MESSAGE][PASSED] - Object: 'Object Repository/Page_2GrowHr - Menu_Report/General Attendance Summary - Report' is clicked on

18-03-2024T18:02:52 - [TEST_STEP][PASSED] - click(findTestObject("Object Repository/Page_2GrowHr - Menu_Report/Date selection field")): Object: 'Object Repository/Page_2GrowHr - Menu_Report/Date selection field' is clicked on

18-03-2024T18:02:53 - [MESSAGE][PASSED] - Object: 'Object Repository/Page_2GrowHr - Menu_Report/Date selection field' is clicked on

18-03-2024T18:02:53 - [TEST_STEP][PASSED] - setText(findTestObject("Object Repository/Page_2GrowHr - Menu_Report/Date selection field"), currentDateStr): Text '03/18/2024' is set on object 'Object Repository/Page_2GrowHr - Menu_Report/Date selection field'

18-03-2024T18:02:54 - [MESSAGE][PASSED] - Text '03/18/2024' is set on object 'Object Repository/Page_2GrowHr - Menu_Report/Date selection field'

18-03-2024T18:02:54 - [TEST_STEP][PASSED] - delay(2): Delayed 2 second(s)

18-03-2024T18:02:56 - [MESSAGE][PASSED] - Delayed 2 second(s)

18-03-2024T18:02:56 - [TEST_STEP][PASSED] - click(findTestObject("Object Repository/Page_2GrowHr - Menu_Report/Get Report button Day count attendance summary report")): Object: 'Object Repository/Page_2GrowHr - Menu_Report/Get Report button Day count attendance summary report' is clicked on

18-03-2024T18:02:56 - [MESSAGE][PASSED] - Object: 'Object Repository/Page_2GrowHr - Menu_Report/Get Report button Day count attendance summary report' is clicked on

18-03-2024T18:02:56 - [TEST_STEP][PASSED] - scrollToElement(findTestObject("Object Repository/Page_2GrowHr - Day Wise Report/Scroll to Page down"), 10): Scroll to object 'Object Repository/Page_2GrowHr - Day Wise Report/Scroll to Page down' successfully

18-03-2024T18:02:57 - [MESSAGE][PASSED] - Scroll to object 'Object Repository/Page_2GrowHr - Day Wise Report/Scroll to Page down' successfully

18-03-2024T18:02:57 - [TEST_STEP][PASSED] - delay(5): Delayed 5 second(s)

18-03-2024T18:03:02 - [MESSAGE][PASSED] - Delayed 5 second(s)

18-03-2024T18:03:02 - [TEST_STEP][PASSED] - closeBrowser(): Browser is closed

18-03-2024T18:03:02 - [MESSAGE][PASSED] - Browser is closed

18-03-2024T18:03:02 - [TEST_STEP][PASSED] - url = Data.getValue("URL", i): null

18-03-2024T18:03:02 - [TEST_STEP][PASSED] - username = Data.getValue("Username", i): null

18-03-2024T18:03:02 - [TEST_STEP][PASSED] - password = Data.getValue("Password", i): null

18-03-2024T18:03:02 - [TEST_STEP][PASSED] - checkoutRemark = Data.getValue("CheckoutRemark", i): null

18-03-2024T18:03:02 - [TEST_STEP][PASSED] - openBrowser(""): Browser is opened with url: ''

18-03-2024T18:03:02 - [MESSAGE][INFO] - Starting 'Chrome' driver

18-03-2024T18:03:02 - [MESSAGE][INFO] - Action delay is set to 0 milliseconds

18-03-2024T18:03:03 - [MESSAGE][PASSED] - Browser is opened with url: ''

18-03-2024T18:03:03 - [TEST_STEP][PASSED] - maximizeWindow(): Current window maximized

18-03-2024T18:03:03 - [MESSAGE][PASSED] - Current window maximized

18-03-2024T18:03:03 - [TEST_STEP][PASSED] - navigateToUrl(url): Navigate to 'http://testing.2growhr.io/' successfully

18-03-2024T18:03:05 - [MESSAGE][PASSED] - Navigate to 'http://testing.2growhr.io/' successfully

18-03-2024T18:03:05 - [TEST_STEP][PASSED] - setText(findTestObject("Object Repository/Page_2GrowHR - Login/UserName"), username): Text 'CBS2155' is set on object 'Object Repository/Page_2GrowHR - Login/UserName'

18-03-2024T18:03:06 - [MESSAGE][PASSED] - Text 'CBS2155' is set on object 'Object Repository/Page_2GrowHR - Login/UserName'

18-03-2024T18:03:06 - [TEST_STEP][PASSED] - setText(findTestObject("Object Repository/Page_2GrowHR - Login/Password"), password): Text '123' is set on object 'Object Repository/Page_2GrowHR - Login/Password'

18-03-2024T18:03:07 - [MESSAGE][PASSED] - Text '123' is set on object 'Object Repository/Page_2GrowHR - Login/Password'

18-03-2024T18:03:07 - [TEST_STEP][PASSED] - click(findTestObject("Object Repository/Page_2GrowHR - Login/Password - view icon")): Object: 'Object Repository/Page_2GrowHR - Login/Password - view icon' is clicked on

18-03-2024T18:03:07 - [MESSAGE][PASSED] - Object: 'Object Repository/Page_2GrowHR - Login/Password - view icon' is clicked on

18-03-2024T18:03:07 - [TEST_STEP][PASSED] - delay(2): Delayed 2 second(s)

18-03-2024T18:03:09 - [MESSAGE][PASSED] - Delayed 2 second(s)

18-03-2024T18:03:09 - [TEST_STEP][PASSED] - click(findTestObject("Object Repository/Page_2GrowHR - Login/Login Button")): Object: 'Object Repository/Page_2GrowHR - Login/Login Button' is clicked on

18-03-2024T18:03:18 - [MESSAGE][PASSED] - Object: 'Object Repository/Page_2GrowHR - Login/Login Button' is clicked on

18-03-2024T18:03:18 - [TEST_STEP][PASSED] - delay(2): Delayed 2 second(s)

18-03-2024T18:03:20 - [MESSAGE][PASSED] - Delayed 2 second(s)

18-03-2024T18:03:20 - [TEST_STEP][PASSED] - click(findTestObject("Object Repository/Page_2GrowHr - Dashboard/Check-Out button BR")): Object: 'Object Repository/Page_2GrowHr - Dashboard/Check-Out button BR' is clicked on

18-03-2024T18:03:20 - [MESSAGE][PASSED] - Object: 'Object Repository/Page_2GrowHr - Dashboard/Check-Out button BR' is clicked on

18-03-2024T18:03:20 - [TEST_STEP][PASSED] - setText(findTestObject("Object Repository/Page_2GrowHr - Dashboard/Checkout Remarks"), checkoutRemark): Text 'CheckoutRemark' is set on object 'Object Repository/Page_2GrowHr - Dashboard/Checkout Remarks'

18-03-2024T18:03:22 - [MESSAGE][PASSED] - Text 'CheckoutRemark' is set on object 'Object Repository/Page_2GrowHr - Dashboard/Checkout Remarks'

18-03-2024T18:03:22 - [TEST_STEP][PASSED] - delay(2): Delayed 2 second(s)

18-03-2024T18:03:24 - [MESSAGE][PASSED] - Delayed 2 second(s)

18-03-2024T18:03:24 - [TEST_STEP][PASSED] - click(findTestObject("Object Repository/Page_2GrowHr - Dashboard/Check-Out button AR")): Object: 'Object Repository/Page_2GrowHr - Dashboard/Check-Out button AR' is clicked on

18-03-2024T18:03:25 - [MESSAGE][PASSED] - Object: 'Object Repository/Page_2GrowHr - Dashboard/Check-Out button AR' is clicked on

18-03-2024T18:03:25 - [TEST_STEP][PASSED] - delay(2): Delayed 2 second(s)

18-03-2024T18:03:27 - [MESSAGE][PASSED] - Delayed 2 second(s)

18-03-2024T18:03:27 - [TEST_STEP][PASSED] - click(findTestObject("Object Repository/Page_2GrowHr - Menu_Report/Attentance mouseover")): Object: 'Object Repository/Page_2GrowHr - Menu_Report/Attentance mouseover' is clicked on

18-03-2024T18:03:28 - [MESSAGE][PASSED] - Object: 'Object Repository/Page_2GrowHr - Menu_Report/Attentance mouseover' is clicked on

18-03-2024T18:03:28 - [TEST_STEP][PASSED] - delay(2): Delayed 2 second(s)

18-03-2024T18:03:30 - [MESSAGE][PASSED] - Delayed 2 second(s)

18-03-2024T18:03:30 - [TEST_STEP][PASSED] - click(findTestObject("Object Repository/Page_2GrowHr - Menu_Report/General Attendance Summary - Report")): Object: 'Object Repository/Page_2GrowHr - Menu_Report/General Attendance Summary - Report' is clicked on

18-03-2024T18:03:35 - [MESSAGE][PASSED] - Object: 'Object Repository/Page_2GrowHr - Menu_Report/General Attendance Summary - Report' is clicked on

18-03-2024T18:03:35 - [TEST_STEP][PASSED] - click(findTestObject("Object Repository/Page_2GrowHr - Menu_Report/Date selection field")): Object: 'Object Repository/Page_2GrowHr - Menu_Report/Date selection field' is clicked on

18-03-2024T18:03:35 - [MESSAGE][PASSED] - Object: 'Object Repository/Page_2GrowHr - Menu_Report/Date selection field' is clicked on

18-03-2024T18:03:35 - [TEST_STEP][PASSED] - setText(findTestObject("Object Repository/Page_2GrowHr - Menu_Report/Date selection field"), currentDateStr): Text '03/18/2024' is set on object 'Object Repository/Page_2GrowHr - Menu_Report/Date selection field'

18-03-2024T18:03:36 - [MESSAGE][PASSED] - Text '03/18/2024' is set on object 'Object Repository/Page_2GrowHr - Menu_Report/Date selection field'

18-03-2024T18:03:36 - [TEST_STEP][PASSED] - delay(2): Delayed 2 second(s)

18-03-2024T18:03:38 - [MESSAGE][PASSED] - Delayed 2 second(s)

18-03-2024T18:03:38 - [TEST_STEP][PASSED] - click(findTestObject("Object Repository/Page_2GrowHr - Menu_Report/Get Report button Day count attendance summary report")): Object: 'Object Repository/Page_2GrowHr - Menu_Report/Get Report button Day count attendance summary report' is clicked on

18-03-2024T18:03:38 - [MESSAGE][PASSED] - Object: 'Object Repository/Page_2GrowHr - Menu_Report/Get Report button Day count attendance summary report' is clicked on

18-03-2024T18:03:38 - [TEST_STEP][PASSED] - scrollToElement(findTestObject("Object Repository/Page_2GrowHr - Day Wise Report/Scroll to Page down"), 10): Scroll to object 'Object Repository/Page_2GrowHr - Day Wise Report/Scroll to Page down' successfully

18-03-2024T18:03:39 - [MESSAGE][PASSED] - Scroll to object 'Object Repository/Page_2GrowHr - Day Wise Report/Scroll to Page down' successfully

18-03-2024T18:03:39 - [TEST_STEP][PASSED] - delay(5): Delayed 5 second(s)

18-03-2024T18:03:44 - [MESSAGE][PASSED] - Delayed 5 second(s)

18-03-2024T18:03:44 - [TEST_STEP][PASSED] - closeBrowser(): Browser is closed

18-03-2024T18:03:45 - [MESSAGE][PASSED] - Browser is closed

18-03-2024T18:03:45 - [TEST_STEP][PASSED] - url = Data.getValue("URL", i): null

18-03-2024T18:03:45 - [TEST_STEP][PASSED] - username = Data.getValue("Username", i): null

18-03-2024T18:03:45 - [TEST_STEP][PASSED] - password = Data.getValue("Password", i): null

18-03-2024T18:03:45 - [TEST_STEP][PASSED] - checkoutRemark = Data.getValue("CheckoutRemark", i): null

18-03-2024T18:03:45 - [TEST_STEP][PASSED] - openBrowser(""): Browser is opened with url: ''

18-03-2024T18:03:45 - [MESSAGE][INFO] - Starting 'Chrome' driver

18-03-2024T18:03:45 - [MESSAGE][INFO] - Action delay is set to 0 milliseconds

18-03-2024T18:03:46 - [MESSAGE][PASSED] - Browser is opened with url: ''

18-03-2024T18:03:46 - [TEST_STEP][PASSED] - maximizeWindow(): Current window maximized

18-03-2024T18:03:46 - [MESSAGE][PASSED] - Current window maximized

18-03-2024T18:03:46 - [TEST_STEP][PASSED] - navigateToUrl(url): Navigate to 'http://testing.2growhr.io/' successfully

18-03-2024T18:03:48 - [MESSAGE][PASSED] - Navigate to 'http://testing.2growhr.io/' successfully

18-03-2024T18:03:48 - [TEST_STEP][PASSED] - setText(findTestObject("Object Repository/Page_2GrowHR - Login/UserName"), username): Text 'CBS0761' is set on object 'Object Repository/Page_2GrowHR - Login/UserName'

18-03-2024T18:03:48 - [MESSAGE][PASSED] - Text 'CBS0761' is set on object 'Object Repository/Page_2GrowHR - Login/UserName'

18-03-2024T18:03:48 - [TEST_STEP][PASSED] - setText(findTestObject("Object Repository/Page_2GrowHR - Login/Password"), password): Text '123' is set on object 'Object Repository/Page_2GrowHR - Login/Password'

18-03-2024T18:03:49 - [MESSAGE][PASSED] - Text '123' is set on object 'Object Repository/Page_2GrowHR - Login/Password'

18-03-2024T18:03:49 - [TEST_STEP][PASSED] - click(findTestObject("Object Repository/Page_2GrowHR - Login/Password - view icon")): Object: 'Object Repository/Page_2GrowHR - Login/Password - view icon' is clicked on

18-03-2024T18:03:49 - [MESSAGE][PASSED] - Object: 'Object Repository/Page_2GrowHR - Login/Password - view icon' is clicked on

18-03-2024T18:03:49 - [TEST_STEP][PASSED] - delay(2): Delayed 2 second(s)

18-03-2024T18:03:51 - [MESSAGE][PASSED] - Delayed 2 second(s)

18-03-2024T18:03:51 - [TEST_STEP][PASSED] - click(findTestObject("Object Repository/Page_2GrowHR - Login/Login Button")): Object: 'Object Repository/Page_2GrowHR - Login/Login Button' is clicked on

18-03-2024T18:04:02 - [MESSAGE][PASSED] - Object: 'Object Repository/Page_2GrowHR - Login/Login Button' is clicked on

18-03-2024T18:04:02 - [TEST_STEP][PASSED] - delay(2): Delayed 2 second(s)

18-03-2024T18:04:04 - [MESSAGE][PASSED] - Delayed 2 second(s)

18-03-2024T18:04:04 - [TEST_STEP][PASSED] - click(findTestObject("Object Repository/Page_2GrowHr - Dashboard/Check-Out button BR")): Object: 'Object Repository/Page_2GrowHr - Dashboard/Check-Out button BR' is clicked on

18-03-2024T18:04:05 - [MESSAGE][PASSED] - Object: 'Object Repository/Page_2GrowHr - Dashboard/Check-Out button BR' is clicked on

18-03-2024T18:04:05 - [TEST_STEP][PASSED] - setText(findTestObject("Object Repository/Page_2GrowHr - Dashboard/Checkout Remarks"), checkoutRemark): Text 'CheckoutRemark' is set on object 'Object Repository/Page_2GrowHr - Dashboard/Checkout Remarks'

18-03-2024T18:04:07 - [MESSAGE][PASSED] - Text 'CheckoutRemark' is set on object 'Object Repository/Page_2GrowHr - Dashboard/Checkout Remarks'

18-03-2024T18:04:07 - [TEST_STEP][PASSED] - delay(2): Delayed 2 second(s)

18-03-2024T18:04:09 - [MESSAGE][PASSED] - Delayed 2 second(s)

18-03-2024T18:04:09 - [TEST_STEP][PASSED] - click(findTestObject("Object Repository/Page_2GrowHr - Dashboard/Check-Out button AR")): Object: 'Object Repository/Page_2GrowHr - Dashboard/Check-Out button AR' is clicked on

18-03-2024T18:04:11 - [MESSAGE][PASSED] - Object: 'Object Repository/Page_2GrowHr - Dashboard/Check-Out button AR' is clicked on

18-03-2024T18:04:11 - [TEST_STEP][PASSED] - delay(2): Delayed 2 second(s)

18-03-2024T18:04:13 - [MESSAGE][PASSED] - Delayed 2 second(s)

18-03-2024T18:04:13 - [TEST_STEP][PASSED] - click(findTestObject("Object Repository/Page_2GrowHr - Menu_Report/Attentance mouseover")): Object: 'Object Repository/Page_2GrowHr - Menu_Report/Attentance mouseover' is clicked on

18-03-2024T18:04:15 - [MESSAGE][PASSED] - Object: 'Object Repository/Page_2GrowHr - Menu_Report/Attentance mouseover' is clicked on

18-03-2024T18:04:15 - [TEST_STEP][PASSED] - delay(2): Delayed 2 second(s)

18-03-2024T18:04:17 - [MESSAGE][PASSED] - Delayed 2 second(s)

18-03-2024T18:04:17 - [TEST_STEP][PASSED] - click(findTestObject("Object Repository/Page_2GrowHr - Menu_Report/General Attendance Summary - Report")): Object: 'Object Repository/Page_2GrowHr - Menu_Report/General Attendance Summary - Report' is clicked on

18-03-2024T18:04:21 - [MESSAGE][PASSED] - Object: 'Object Repository/Page_2GrowHr - Menu_Report/General Attendance Summary - Report' is clicked on

18-03-2024T18:04:21 - [TEST_STEP][PASSED] - click(findTestObject("Object Repository/Page_2GrowHr - Menu_Report/Date selection field")): Object: 'Object Repository/Page_2GrowHr - Menu_Report/Date selection field' is clicked on

18-03-2024T18:04:22 - [MESSAGE][PASSED] - Object: 'Object Repository/Page_2GrowHr - Menu_Report/Date selection field' is clicked on

18-03-2024T18:04:22 - [TEST_STEP][PASSED] - setText(findTestObject("Object Repository/Page_2GrowHr - Menu_Report/Date selection field"), currentDateStr): Text '03/18/2024' is set on object 'Object Repository/Page_2GrowHr - Menu_Report/Date selection field'

18-03-2024T18:04:26 - [MESSAGE][PASSED] - Text '03/18/2024' is set on object 'Object Repository/Page_2GrowHr - Menu_Report/Date selection field'

18-03-2024T18:04:26 - [TEST_STEP][PASSED] - delay(2): Delayed 2 second(s)

18-03-2024T18:04:28 - [MESSAGE][PASSED] - Delayed 2 second(s)

18-03-2024T18:04:28 - [TEST_STEP][PASSED] - click(findTestObject("Object Repository/Page_2GrowHr - Menu_Report/Get Report button Day count attendance summary report")): Object: 'Object Repository/Page_2GrowHr - Menu_Report/Get Report button Day count attendance summary report' is clicked on

18-03-2024T18:04:30 - [MESSAGE][PASSED] - Object: 'Object Repository/Page_2GrowHr - Menu_Report/Get Report button Day count attendance summary report' is clicked on

18-03-2024T18:04:30 - [TEST_STEP][PASSED] - scrollToElement(findTestObject("Object Repository/Page_2GrowHr - Day Wise Report/Scroll to Page down"), 10): Scroll to object 'Object Repository/Page_2GrowHr - Day Wise Report/Scroll to Page down' successfully

18-03-2024T18:04:32 - [MESSAGE][PASSED] - Scroll to object 'Object Repository/Page_2GrowHr - Day Wise Report/Scroll to Page down' successfully

18-03-2024T18:04:32 - [TEST_STEP][PASSED] - delay(5): Delayed 5 second(s)

18-03-2024T18:04:37 - [MESSAGE][PASSED] - Delayed 5 second(s)

18-03-2024T18:04:37 - [TEST_STEP][PASSED] - closeBrowser(): Browser is closed

18-03-2024T18:04:37 - [MESSAGE][PASSED] - Browser is closed]]></system-out>
         <system-err><![CDATA[]]></system-err>
      </testcase>
      <system-out><![CDATA[18-03-2024T18:00:46 - [TEST_SUITE][PASSED] - Login and Checkout: Test Cases/Checkout and do Logout]]></system-out>
      <system-err><![CDATA[]]></system-err>
   </testsuite>
</testsuites>
