<?xml version="1.0" encoding="UTF-8"?>
<testsuites name="Apply WFH and Checkin" time="125.289" tests="1" failures="0" errors="0">
   <testsuite name="Apply WFH and Checkin" tests="1" failures="0" errors="0" time="125.289" skipped="0" timestamp="25-03-2024T10:02:53" hostname="91957 - Lead-Force-CRM" id="Test Suites/Apply WFH and Checkin">
      <properties>
         <property name="deviceName" value=""/>
         <property name="devicePlatform" value=""/>
         <property name="logFolder" value="C:\\Users\\91957\\Desktop\\Automation Testing - Katalon\\Payroll Web\\Reports\\20240325_095811\\Apply WFH and Checkin\\20240325_095814"/>
         <property name="logFiles" value="C:\\Users\\91957\\Desktop\\Automation Testing - Katalon\\Payroll Web\\Reports\\20240325_095811\\Apply WFH and Checkin\\20240325_095814\\execution0.log"/>
         <property name="attachments" value=""/>
         <property name="hostName" value="91957 - Lead-Force-CRM"/>
         <property name="os" value="Windows 11 64bit"/>
         <property name="katalonVersion" value="9.3.0.212"/>
         <property name="browser" value="Chrome 122.0.0.0"/>
         <property name="hostAddress" value="192.168.29.70"/>
         <property name="sessionId" value="500cac024d5d06cf32c76a8b5193207a"/>
         <property name="seleniumVersion" value="3.141.59"/>
         <property name="proxyInformation" value="ProxyInformation { proxyOption=NO_PROXY, proxyServerType=HTTP, username=, password=********, proxyServerAddress=, proxyServerPort=0, executionList=&quot;&quot;, isApplyToDesiredCapabilities=true }"/>
         <property name="platform" value="Windows 11"/>
      </properties>
      <testcase name="Test Cases/Apply WFH and Checkin" time="124.925" classname="Test Cases/Apply WFH and Checkin" status="PASSED">
         <system-out><![CDATA[25-03-2024T10:02:54 - [TEST_CASE][PASSED] - Test Cases/Apply WFH and Checkin: Test Cases/Apply WFH and Checkin

25-03-2024T10:02:54 - [TEST_STEP][PASSED] - Data = findTestData("Apply WFH and Checkin"): null

25-03-2024T10:02:55 - [TEST_STEP][PASSED] - dateFormat = new java.text.SimpleDateFormat(MM/dd/yyyy): null

25-03-2024T10:02:55 - [TEST_STEP][PASSED] - currentDate = getInstance().getTime(): null

25-03-2024T10:02:56 - [TEST_STEP][PASSED] - currentDateStr = dateFormat.format(currentDate): null

25-03-2024T10:02:56 - [TEST_STEP][PASSED] - for ([i = 1, i <= Data.getRowNumbers(), (i++)]): Browser is closed

25-03-2024T10:02:56 - [TEST_STEP][PASSED] - url = Data.getValue("URL", i): null

25-03-2024T10:02:56 - [TEST_STEP][PASSED] - username = Data.getValue("Username", i): null

25-03-2024T10:02:56 - [TEST_STEP][PASSED] - password = Data.getValue("Password", i): null

25-03-2024T10:02:56 - [TEST_STEP][PASSED] - checkinRemark = Data.getValue("CheckinRemark", i): null

25-03-2024T10:02:56 - [TEST_STEP][PASSED] - WFHRemark = Data.getValue("WFHRemark", i): null

25-03-2024T10:02:56 - [TEST_STEP][PASSED] - openBrowser(""): Browser is opened with url: ''

25-03-2024T10:02:56 - [MESSAGE][INFO] - Starting 'Chrome' driver

25-03-2024T10:02:56 - [MESSAGE][INFO] - Action delay is set to 0 milliseconds

25-03-2024T10:02:59 - [MESSAGE][PASSED] - Browser is opened with url: ''

25-03-2024T10:03:00 - [TEST_STEP][PASSED] - maximizeWindow(): Current window maximized

25-03-2024T10:03:00 - [MESSAGE][PASSED] - Current window maximized

25-03-2024T10:03:00 - [TEST_STEP][PASSED] - navigateToUrl(url): Navigate to 'http://testing.2growhr.io/' successfully

25-03-2024T10:03:05 - [MESSAGE][PASSED] - Navigate to 'http://testing.2growhr.io/' successfully

25-03-2024T10:03:05 - [TEST_STEP][PASSED] - setText(findTestObject("Object Repository/Page_2GrowHR - Login/UserName"), username): Text 'Sathish238' is set on object 'Object Repository/Page_2GrowHR - Login/UserName'

25-03-2024T10:03:06 - [MESSAGE][PASSED] - Text 'Sathish238' is set on object 'Object Repository/Page_2GrowHR - Login/UserName'

25-03-2024T10:03:06 - [TEST_STEP][PASSED] - setText(findTestObject("Object Repository/Page_2GrowHR - Login/Password"), password): Text '123' is set on object 'Object Repository/Page_2GrowHR - Login/Password'

25-03-2024T10:03:07 - [MESSAGE][PASSED] - Text '123' is set on object 'Object Repository/Page_2GrowHR - Login/Password'

25-03-2024T10:03:07 - [TEST_STEP][PASSED] - click(findTestObject("Object Repository/Page_2GrowHR - Login/Password - view icon")): Object: 'Object Repository/Page_2GrowHR - Login/Password - view icon' is clicked on

25-03-2024T10:03:07 - [MESSAGE][PASSED] - Object: 'Object Repository/Page_2GrowHR - Login/Password - view icon' is clicked on

25-03-2024T10:03:07 - [TEST_STEP][PASSED] - delay(2): Delayed 2 second(s)

25-03-2024T10:03:09 - [MESSAGE][PASSED] - Delayed 2 second(s)

25-03-2024T10:03:09 - [TEST_STEP][PASSED] - click(findTestObject("Object Repository/Page_2GrowHR - Login/Login Button")): Object: 'Object Repository/Page_2GrowHR - Login/Login Button' is clicked on

25-03-2024T10:03:20 - [MESSAGE][PASSED] - Object: 'Object Repository/Page_2GrowHR - Login/Login Button' is clicked on

25-03-2024T10:03:20 - [TEST_STEP][PASSED] - delay(2): Delayed 2 second(s)

25-03-2024T10:03:22 - [MESSAGE][PASSED] - Delayed 2 second(s)

25-03-2024T10:03:22 - [TEST_STEP][PASSED] - click(findTestObject("Object Repository/Page_2GrowHr - Dashboard/Work From Home Button")): Object: 'Object Repository/Page_2GrowHr - Dashboard/Work From Home Button' is clicked on

25-03-2024T10:03:22 - [MESSAGE][PASSED] - Object: 'Object Repository/Page_2GrowHr - Dashboard/Work From Home Button' is clicked on

25-03-2024T10:03:22 - [TEST_STEP][PASSED] - click(findTestObject("Object Repository/Page_2GrowHr - Dashboard/WFH date selection")): Object: 'Object Repository/Page_2GrowHr - Dashboard/WFH date selection' is clicked on

25-03-2024T10:03:23 - [MESSAGE][PASSED] - Object: 'Object Repository/Page_2GrowHr - Dashboard/WFH date selection' is clicked on

25-03-2024T10:03:23 - [TEST_STEP][PASSED] - setText(findTestObject("Object Repository/Page_2GrowHr - Dashboard/WFH date selection"), currentDateStr): Text '03/25/2024' is set on object 'Object Repository/Page_2GrowHr - Dashboard/WFH date selection'

25-03-2024T10:03:25 - [MESSAGE][PASSED] - Text '03/25/2024' is set on object 'Object Repository/Page_2GrowHr - Dashboard/WFH date selection'

25-03-2024T10:03:25 - [TEST_STEP][PASSED] - click(findTestObject("Object Repository/Page_2GrowHr - Dashboard/After date entering click div")): Object: 'Object Repository/Page_2GrowHr - Dashboard/After date entering click div' is clicked on

25-03-2024T10:03:25 - [MESSAGE][PASSED] - Object: 'Object Repository/Page_2GrowHr - Dashboard/After date entering click div' is clicked on

25-03-2024T10:03:25 - [TEST_STEP][PASSED] - setText(findTestObject("Object Repository/Page_2GrowHr - Dashboard/WFH Remark"), WFHRemark): Text 'WFH Applied' is set on object 'Object Repository/Page_2GrowHr - Dashboard/WFH Remark'

25-03-2024T10:03:26 - [MESSAGE][PASSED] - Text 'WFH Applied' is set on object 'Object Repository/Page_2GrowHr - Dashboard/WFH Remark'

25-03-2024T10:03:26 - [TEST_STEP][PASSED] - delay(2): Delayed 2 second(s)

25-03-2024T10:03:28 - [MESSAGE][PASSED] - Delayed 2 second(s)

25-03-2024T10:03:28 - [TEST_STEP][PASSED] - click(findTestObject("Object Repository/Page_2GrowHr - Dashboard/button_SAVE")): Object: 'Object Repository/Page_2GrowHr - Dashboard/button_SAVE' is clicked on

25-03-2024T10:03:29 - [MESSAGE][PASSED] - Object: 'Object Repository/Page_2GrowHr - Dashboard/button_SAVE' is clicked on

25-03-2024T10:03:29 - [TEST_STEP][PASSED] - delay(2): Delayed 2 second(s)

25-03-2024T10:03:31 - [MESSAGE][PASSED] - Delayed 2 second(s)

25-03-2024T10:03:31 - [TEST_STEP][PASSED] - click(findTestObject("Object Repository/Page_2GrowHr - Dashboard/Checkin button BR")): Object: 'Object Repository/Page_2GrowHr - Dashboard/Checkin button BR' is clicked on

25-03-2024T10:03:35 - [MESSAGE][PASSED] - Object: 'Object Repository/Page_2GrowHr - Dashboard/Checkin button BR' is clicked on

25-03-2024T10:03:35 - [TEST_STEP][PASSED] - setText(findTestObject("Object Repository/Page_2GrowHr - Dashboard/Checkin remark"), checkinRemark + " " + currentDateStr): Text 'WFH CheckinRemark 03/25/2024' is set on object 'Object Repository/Page_2GrowHr - Dashboard/Checkin remark'

25-03-2024T10:03:37 - [MESSAGE][PASSED] - Text 'WFH CheckinRemark 03/25/2024' is set on object 'Object Repository/Page_2GrowHr - Dashboard/Checkin remark'

25-03-2024T10:03:37 - [TEST_STEP][PASSED] - delay(2): Delayed 2 second(s)

25-03-2024T10:03:39 - [MESSAGE][PASSED] - Delayed 2 second(s)

25-03-2024T10:03:39 - [TEST_STEP][PASSED] - click(findTestObject("Object Repository/Page_2GrowHr - Dashboard/Checkin button AR")): Object: 'Object Repository/Page_2GrowHr - Dashboard/Checkin button AR' is clicked on

25-03-2024T10:03:39 - [MESSAGE][PASSED] - Object: 'Object Repository/Page_2GrowHr - Dashboard/Checkin button AR' is clicked on

25-03-2024T10:03:39 - [TEST_STEP][PASSED] - delay(2): Delayed 2 second(s)

25-03-2024T10:03:41 - [MESSAGE][PASSED] - Delayed 2 second(s)

25-03-2024T10:03:41 - [TEST_STEP][PASSED] - click(findTestObject("Object Repository/Page_2GrowHr - Menu_Report/Attentance mouseover")): Object: 'Object Repository/Page_2GrowHr - Menu_Report/Attentance mouseover' is clicked on

25-03-2024T10:03:42 - [MESSAGE][PASSED] - Object: 'Object Repository/Page_2GrowHr - Menu_Report/Attentance mouseover' is clicked on

25-03-2024T10:03:42 - [TEST_STEP][PASSED] - delay(2): Delayed 2 second(s)

25-03-2024T10:03:44 - [MESSAGE][PASSED] - Delayed 2 second(s)

25-03-2024T10:03:44 - [TEST_STEP][PASSED] - click(findTestObject("Object Repository/Page_2GrowHr - Menu_Report/Day Count Attendance Summary report")): Object: 'Object Repository/Page_2GrowHr - Menu_Report/Day Count Attendance Summary report' is clicked on

25-03-2024T10:03:46 - [MESSAGE][PASSED] - Object: 'Object Repository/Page_2GrowHr - Menu_Report/Day Count Attendance Summary report' is clicked on

25-03-2024T10:03:46 - [TEST_STEP][PASSED] - click(findTestObject("Object Repository/Page_2GrowHr - Real Time Report/Select Date range field day count attendance report")): Object: 'Object Repository/Page_2GrowHr - Real Time Report/Select Date range field day count attendance report' is clicked on

25-03-2024T10:03:49 - [MESSAGE][PASSED] - Object: 'Object Repository/Page_2GrowHr - Real Time Report/Select Date range field day count attendance report' is clicked on

25-03-2024T10:03:49 - [TEST_STEP][PASSED] - delay(2): Delayed 2 second(s)

25-03-2024T10:03:51 - [MESSAGE][PASSED] - Delayed 2 second(s)

25-03-2024T10:03:51 - [TEST_STEP][PASSED] - click(findTestObject("Object Repository/Page_2GrowHr - Real Time Report/Today")): Object: 'Object Repository/Page_2GrowHr - Real Time Report/Today' is clicked on

25-03-2024T10:03:51 - [MESSAGE][PASSED] - Object: 'Object Repository/Page_2GrowHr - Real Time Report/Today' is clicked on

25-03-2024T10:03:51 - [TEST_STEP][PASSED] - click(findTestObject("Object Repository/Page_2GrowHr - Real Time Report/Get Report button")): Object: 'Object Repository/Page_2GrowHr - Real Time Report/Get Report button' is clicked on

25-03-2024T10:03:51 - [MESSAGE][PASSED] - Object: 'Object Repository/Page_2GrowHr - Real Time Report/Get Report button' is clicked on

25-03-2024T10:03:51 - [TEST_STEP][PASSED] - delay(2): Delayed 2 second(s)

25-03-2024T10:03:53 - [MESSAGE][PASSED] - Delayed 2 second(s)

25-03-2024T10:03:53 - [TEST_STEP][PASSED] - linkElement = getWebDriver().findElement(By.xpath("//*[@id="datatable"]/tbody/tr/td[2]/a")): null

25-03-2024T10:03:54 - [TEST_STEP][PASSED] - linkElement.click(): null

25-03-2024T10:03:54 - [TEST_STEP][PASSED] - delay(5): Delayed 5 second(s)

25-03-2024T10:03:59 - [MESSAGE][PASSED] - Delayed 5 second(s)

25-03-2024T10:03:59 - [TEST_STEP][PASSED] - closeBrowser(): Browser is closed

25-03-2024T10:03:59 - [MESSAGE][PASSED] - Browser is closed

25-03-2024T10:03:59 - [TEST_STEP][PASSED] - url = Data.getValue("URL", i): null

25-03-2024T10:03:59 - [TEST_STEP][PASSED] - username = Data.getValue("Username", i): null

25-03-2024T10:03:59 - [TEST_STEP][PASSED] - password = Data.getValue("Password", i): null

25-03-2024T10:03:59 - [TEST_STEP][PASSED] - checkinRemark = Data.getValue("CheckinRemark", i): null

25-03-2024T10:03:59 - [TEST_STEP][PASSED] - WFHRemark = Data.getValue("WFHRemark", i): null

25-03-2024T10:03:59 - [TEST_STEP][PASSED] - openBrowser(""): Browser is opened with url: ''

25-03-2024T10:03:59 - [MESSAGE][INFO] - Starting 'Chrome' driver

25-03-2024T10:03:59 - [MESSAGE][INFO] - Action delay is set to 0 milliseconds

25-03-2024T10:04:00 - [MESSAGE][PASSED] - Browser is opened with url: ''

25-03-2024T10:04:00 - [TEST_STEP][PASSED] - maximizeWindow(): Current window maximized

25-03-2024T10:04:01 - [MESSAGE][PASSED] - Current window maximized

25-03-2024T10:04:01 - [TEST_STEP][PASSED] - navigateToUrl(url): Navigate to 'http://testing.2growhr.io/' successfully

25-03-2024T10:04:03 - [MESSAGE][PASSED] - Navigate to 'http://testing.2growhr.io/' successfully

25-03-2024T10:04:03 - [TEST_STEP][PASSED] - setText(findTestObject("Object Repository/Page_2GrowHR - Login/UserName"), username): Text 'CBS0715' is set on object 'Object Repository/Page_2GrowHR - Login/UserName'

25-03-2024T10:04:04 - [MESSAGE][PASSED] - Text 'CBS0715' is set on object 'Object Repository/Page_2GrowHR - Login/UserName'

25-03-2024T10:04:04 - [TEST_STEP][PASSED] - setText(findTestObject("Object Repository/Page_2GrowHR - Login/Password"), password): Text '123' is set on object 'Object Repository/Page_2GrowHR - Login/Password'

25-03-2024T10:04:04 - [MESSAGE][PASSED] - Text '123' is set on object 'Object Repository/Page_2GrowHR - Login/Password'

25-03-2024T10:04:04 - [TEST_STEP][PASSED] - click(findTestObject("Object Repository/Page_2GrowHR - Login/Password - view icon")): Object: 'Object Repository/Page_2GrowHR - Login/Password - view icon' is clicked on

25-03-2024T10:04:05 - [MESSAGE][PASSED] - Object: 'Object Repository/Page_2GrowHR - Login/Password - view icon' is clicked on

25-03-2024T10:04:05 - [TEST_STEP][PASSED] - delay(2): Delayed 2 second(s)

25-03-2024T10:04:07 - [MESSAGE][PASSED] - Delayed 2 second(s)

25-03-2024T10:04:07 - [TEST_STEP][PASSED] - click(findTestObject("Object Repository/Page_2GrowHR - Login/Login Button")): Object: 'Object Repository/Page_2GrowHR - Login/Login Button' is clicked on

25-03-2024T10:04:18 - [MESSAGE][PASSED] - Object: 'Object Repository/Page_2GrowHR - Login/Login Button' is clicked on

25-03-2024T10:04:18 - [TEST_STEP][PASSED] - delay(2): Delayed 2 second(s)

25-03-2024T10:04:20 - [MESSAGE][PASSED] - Delayed 2 second(s)

25-03-2024T10:04:20 - [TEST_STEP][PASSED] - click(findTestObject("Object Repository/Page_2GrowHr - Dashboard/Work From Home Button")): Object: 'Object Repository/Page_2GrowHr - Dashboard/Work From Home Button' is clicked on

25-03-2024T10:04:21 - [MESSAGE][PASSED] - Object: 'Object Repository/Page_2GrowHr - Dashboard/Work From Home Button' is clicked on

25-03-2024T10:04:21 - [TEST_STEP][PASSED] - click(findTestObject("Object Repository/Page_2GrowHr - Dashboard/WFH date selection")): Object: 'Object Repository/Page_2GrowHr - Dashboard/WFH date selection' is clicked on

25-03-2024T10:04:22 - [MESSAGE][PASSED] - Object: 'Object Repository/Page_2GrowHr - Dashboard/WFH date selection' is clicked on

25-03-2024T10:04:22 - [TEST_STEP][PASSED] - setText(findTestObject("Object Repository/Page_2GrowHr - Dashboard/WFH date selection"), currentDateStr): Text '03/25/2024' is set on object 'Object Repository/Page_2GrowHr - Dashboard/WFH date selection'

25-03-2024T10:04:23 - [MESSAGE][PASSED] - Text '03/25/2024' is set on object 'Object Repository/Page_2GrowHr - Dashboard/WFH date selection'

25-03-2024T10:04:23 - [TEST_STEP][PASSED] - click(findTestObject("Object Repository/Page_2GrowHr - Dashboard/After date entering click div")): Object: 'Object Repository/Page_2GrowHr - Dashboard/After date entering click div' is clicked on

25-03-2024T10:04:23 - [MESSAGE][PASSED] - Object: 'Object Repository/Page_2GrowHr - Dashboard/After date entering click div' is clicked on

25-03-2024T10:04:23 - [TEST_STEP][PASSED] - setText(findTestObject("Object Repository/Page_2GrowHr - Dashboard/WFH Remark"), WFHRemark): Text 'WFH Applied' is set on object 'Object Repository/Page_2GrowHr - Dashboard/WFH Remark'

25-03-2024T10:04:24 - [MESSAGE][PASSED] - Text 'WFH Applied' is set on object 'Object Repository/Page_2GrowHr - Dashboard/WFH Remark'

25-03-2024T10:04:24 - [TEST_STEP][PASSED] - delay(2): Delayed 2 second(s)

25-03-2024T10:04:26 - [MESSAGE][PASSED] - Delayed 2 second(s)

25-03-2024T10:04:26 - [TEST_STEP][PASSED] - click(findTestObject("Object Repository/Page_2GrowHr - Dashboard/button_SAVE")): Object: 'Object Repository/Page_2GrowHr - Dashboard/button_SAVE' is clicked on

25-03-2024T10:04:27 - [MESSAGE][PASSED] - Object: 'Object Repository/Page_2GrowHr - Dashboard/button_SAVE' is clicked on

25-03-2024T10:04:27 - [TEST_STEP][PASSED] - delay(2): Delayed 2 second(s)

25-03-2024T10:04:29 - [MESSAGE][PASSED] - Delayed 2 second(s)

25-03-2024T10:04:29 - [TEST_STEP][PASSED] - click(findTestObject("Object Repository/Page_2GrowHr - Dashboard/Checkin button BR")): Object: 'Object Repository/Page_2GrowHr - Dashboard/Checkin button BR' is clicked on

25-03-2024T10:04:32 - [MESSAGE][PASSED] - Object: 'Object Repository/Page_2GrowHr - Dashboard/Checkin button BR' is clicked on

25-03-2024T10:04:32 - [TEST_STEP][PASSED] - setText(findTestObject("Object Repository/Page_2GrowHr - Dashboard/Checkin remark"), checkinRemark + " " + currentDateStr): Text 'WFH CheckinRemark 03/25/2024' is set on object 'Object Repository/Page_2GrowHr - Dashboard/Checkin remark'

25-03-2024T10:04:33 - [MESSAGE][PASSED] - Text 'WFH CheckinRemark 03/25/2024' is set on object 'Object Repository/Page_2GrowHr - Dashboard/Checkin remark'

25-03-2024T10:04:33 - [TEST_STEP][PASSED] - delay(2): Delayed 2 second(s)

25-03-2024T10:04:35 - [MESSAGE][PASSED] - Delayed 2 second(s)

25-03-2024T10:04:35 - [TEST_STEP][PASSED] - click(findTestObject("Object Repository/Page_2GrowHr - Dashboard/Checkin button AR")): Object: 'Object Repository/Page_2GrowHr - Dashboard/Checkin button AR' is clicked on

25-03-2024T10:04:36 - [MESSAGE][PASSED] - Object: 'Object Repository/Page_2GrowHr - Dashboard/Checkin button AR' is clicked on

25-03-2024T10:04:36 - [TEST_STEP][PASSED] - delay(2): Delayed 2 second(s)

25-03-2024T10:04:38 - [MESSAGE][PASSED] - Delayed 2 second(s)

25-03-2024T10:04:38 - [TEST_STEP][PASSED] - click(findTestObject("Object Repository/Page_2GrowHr - Menu_Report/Attentance mouseover")): Object: 'Object Repository/Page_2GrowHr - Menu_Report/Attentance mouseover' is clicked on

25-03-2024T10:04:39 - [MESSAGE][PASSED] - Object: 'Object Repository/Page_2GrowHr - Menu_Report/Attentance mouseover' is clicked on

25-03-2024T10:04:39 - [TEST_STEP][PASSED] - delay(2): Delayed 2 second(s)

25-03-2024T10:04:41 - [MESSAGE][PASSED] - Delayed 2 second(s)

25-03-2024T10:04:41 - [TEST_STEP][PASSED] - click(findTestObject("Object Repository/Page_2GrowHr - Menu_Report/Day Count Attendance Summary report")): Object: 'Object Repository/Page_2GrowHr - Menu_Report/Day Count Attendance Summary report' is clicked on

25-03-2024T10:04:44 - [MESSAGE][PASSED] - Object: 'Object Repository/Page_2GrowHr - Menu_Report/Day Count Attendance Summary report' is clicked on

25-03-2024T10:04:44 - [TEST_STEP][PASSED] - click(findTestObject("Object Repository/Page_2GrowHr - Real Time Report/Select Date range field day count attendance report")): Object: 'Object Repository/Page_2GrowHr - Real Time Report/Select Date range field day count attendance report' is clicked on

25-03-2024T10:04:47 - [MESSAGE][PASSED] - Object: 'Object Repository/Page_2GrowHr - Real Time Report/Select Date range field day count attendance report' is clicked on

25-03-2024T10:04:47 - [TEST_STEP][PASSED] - delay(2): Delayed 2 second(s)

25-03-2024T10:04:49 - [MESSAGE][PASSED] - Delayed 2 second(s)

25-03-2024T10:04:49 - [TEST_STEP][PASSED] - click(findTestObject("Object Repository/Page_2GrowHr - Real Time Report/Today")): Object: 'Object Repository/Page_2GrowHr - Real Time Report/Today' is clicked on

25-03-2024T10:04:49 - [MESSAGE][PASSED] - Object: 'Object Repository/Page_2GrowHr - Real Time Report/Today' is clicked on

25-03-2024T10:04:49 - [TEST_STEP][PASSED] - click(findTestObject("Object Repository/Page_2GrowHr - Real Time Report/Get Report button")): Object: 'Object Repository/Page_2GrowHr - Real Time Report/Get Report button' is clicked on

25-03-2024T10:04:49 - [MESSAGE][PASSED] - Object: 'Object Repository/Page_2GrowHr - Real Time Report/Get Report button' is clicked on

25-03-2024T10:04:49 - [TEST_STEP][PASSED] - delay(2): Delayed 2 second(s)

25-03-2024T10:04:51 - [MESSAGE][PASSED] - Delayed 2 second(s)

25-03-2024T10:04:51 - [TEST_STEP][PASSED] - linkElement = getWebDriver().findElement(By.xpath("//*[@id="datatable"]/tbody/tr/td[2]/a")): null

25-03-2024T10:04:53 - [TEST_STEP][PASSED] - linkElement.click(): null

25-03-2024T10:04:53 - [TEST_STEP][PASSED] - delay(5): Delayed 5 second(s)

25-03-2024T10:04:58 - [MESSAGE][PASSED] - Delayed 5 second(s)

25-03-2024T10:04:58 - [TEST_STEP][PASSED] - closeBrowser(): Browser is closed

25-03-2024T10:04:58 - [MESSAGE][PASSED] - Browser is closed]]></system-out>
         <system-err><![CDATA[]]></system-err>
      </testcase>
      <system-out><![CDATA[25-03-2024T10:02:53 - [TEST_SUITE][PASSED] - Apply WFH and Checkin: Test Cases/Apply WFH and Checkin]]></system-out>
      <system-err><![CDATA[]]></system-err>
   </testsuite>
</testsuites>
