<?xml version="1.0" encoding="UTF-8"?>
<testsuites name="Apply OD and Checkin" time="226.766" tests="1" failures="0" errors="0">
   <testsuite name="Apply OD and Checkin" tests="1" failures="0" errors="0" time="226.766" skipped="0" timestamp="14-03-2024T10:19:20" hostname="91957 - Lead-Force-CRM" id="Test Suites/Apply OD and Checkin">
      <properties>
         <property name="deviceName" value=""/>
         <property name="devicePlatform" value=""/>
         <property name="logFolder" value="C:\\Users\\91957\\Desktop\\Automation Testing - Katalon\\Payroll Web\\Reports\\20240314_101131\\Apply OD and Checkin\\20240314_101136"/>
         <property name="logFiles" value="C:\\Users\\91957\\Desktop\\Automation Testing - Katalon\\Payroll Web\\Reports\\20240314_101131\\Apply OD and Checkin\\20240314_101136\\execution0.log"/>
         <property name="attachments" value=""/>
         <property name="hostName" value="91957 - Lead-Force-CRM"/>
         <property name="os" value="Windows 11 64bit"/>
         <property name="katalonVersion" value="9.3.0.212"/>
         <property name="browser" value="Chrome 122.0.0.0"/>
         <property name="hostAddress" value="192.168.0.112"/>
         <property name="sessionId" value="25266b00f78b84d9e0ea9c29ec87a387"/>
         <property name="seleniumVersion" value="3.141.59"/>
         <property name="proxyInformation" value="ProxyInformation { proxyOption=NO_PROXY, proxyServerType=HTTP, username=, password=********, proxyServerAddress=, proxyServerPort=0, executionList=&quot;&quot;, isApplyToDesiredCapabilities=true }"/>
         <property name="platform" value="Windows 11"/>
      </properties>
      <testcase name="Test Cases/Apply OD and Checkin" time="226.558" classname="Test Cases/Apply OD and Checkin" status="PASSED">
         <system-out><![CDATA[14-03-2024T10:19:20 - [TEST_CASE][PASSED] - Test Cases/Apply OD and Checkin: Test Cases/Apply OD and Checkin

14-03-2024T10:19:21 - [TEST_STEP][PASSED] - Data = findTestData("Apply OD and Checkin"): null

14-03-2024T10:19:22 - [TEST_STEP][PASSED] - dateFormat = new java.text.SimpleDateFormat(MM/dd/yyyy): null

14-03-2024T10:19:22 - [TEST_STEP][PASSED] - currentDate = getInstance().getTime(): null

14-03-2024T10:19:22 - [TEST_STEP][PASSED] - currentDateStr = dateFormat.format(currentDate): null

14-03-2024T10:19:22 - [TEST_STEP][PASSED] - for ([i = 1, i <= Data.getRowNumbers(), (i++)]): Browser is closed

14-03-2024T10:19:22 - [TEST_STEP][PASSED] - url = Data.getValue("URL", i): null

14-03-2024T10:19:22 - [TEST_STEP][PASSED] - username = Data.getValue("Username", i): null

14-03-2024T10:19:22 - [TEST_STEP][PASSED] - password = Data.getValue("Password", i): null

14-03-2024T10:19:22 - [TEST_STEP][PASSED] - checkinRemark = Data.getValue("CheckinRemark", i): null

14-03-2024T10:19:22 - [TEST_STEP][PASSED] - ODRemark = Data.getValue("ODRemark", i): null

14-03-2024T10:19:22 - [TEST_STEP][PASSED] - openBrowser(""): Browser is opened with url: ''

14-03-2024T10:19:22 - [MESSAGE][INFO] - Starting 'Chrome' driver

14-03-2024T10:19:22 - [MESSAGE][INFO] - Action delay is set to 0 milliseconds

14-03-2024T10:19:25 - [MESSAGE][PASSED] - Browser is opened with url: ''

14-03-2024T10:19:25 - [TEST_STEP][PASSED] - maximizeWindow(): Current window maximized

14-03-2024T10:19:25 - [MESSAGE][PASSED] - Current window maximized

14-03-2024T10:19:25 - [TEST_STEP][PASSED] - navigateToUrl(url): Navigate to 'http://testing.2growhr.io/' successfully

14-03-2024T10:19:27 - [MESSAGE][PASSED] - Navigate to 'http://testing.2growhr.io/' successfully

14-03-2024T10:19:28 - [TEST_STEP][PASSED] - setText(findTestObject("Object Repository/Page_2GrowHR - Login/UserName"), username): Text 'CBS1665' is set on object 'Object Repository/Page_2GrowHR - Login/UserName'

14-03-2024T10:19:31 - [MESSAGE][PASSED] - Text 'CBS1665' is set on object 'Object Repository/Page_2GrowHR - Login/UserName'

14-03-2024T10:19:31 - [TEST_STEP][PASSED] - setText(findTestObject("Object Repository/Page_2GrowHR - Login/Password"), password): Text '123' is set on object 'Object Repository/Page_2GrowHR - Login/Password'

14-03-2024T10:19:35 - [MESSAGE][PASSED] - Text '123' is set on object 'Object Repository/Page_2GrowHR - Login/Password'

14-03-2024T10:19:35 - [TEST_STEP][PASSED] - click(findTestObject("Object Repository/Page_2GrowHR - Login/Password - view icon")): Object: 'Object Repository/Page_2GrowHR - Login/Password - view icon' is clicked on

14-03-2024T10:19:37 - [MESSAGE][PASSED] - Object: 'Object Repository/Page_2GrowHR - Login/Password - view icon' is clicked on

14-03-2024T10:19:37 - [TEST_STEP][PASSED] - delay(2): Delayed 2 second(s)

14-03-2024T10:19:39 - [MESSAGE][PASSED] - Delayed 2 second(s)

14-03-2024T10:19:39 - [TEST_STEP][PASSED] - click(findTestObject("Object Repository/Page_2GrowHR - Login/Login Button")): Object: 'Object Repository/Page_2GrowHR - Login/Login Button' is clicked on

14-03-2024T10:19:52 - [MESSAGE][PASSED] - Object: 'Object Repository/Page_2GrowHR - Login/Login Button' is clicked on

14-03-2024T10:19:52 - [TEST_STEP][PASSED] - delay(3): Delayed 3 second(s)

14-03-2024T10:19:55 - [MESSAGE][PASSED] - Delayed 3 second(s)

14-03-2024T10:19:55 - [TEST_STEP][PASSED] - click(findTestObject("Object Repository/Page_2GrowHr - Dashboard/On Duty button")): Object: 'Object Repository/Page_2GrowHr - Dashboard/On Duty button' is clicked on

14-03-2024T10:19:57 - [MESSAGE][PASSED] - Object: 'Object Repository/Page_2GrowHr - Dashboard/On Duty button' is clicked on

14-03-2024T10:19:57 - [TEST_STEP][PASSED] - click(findTestObject("Object Repository/Page_2GrowHr - Dashboard/OD date selection")): Object: 'Object Repository/Page_2GrowHr - Dashboard/OD date selection' is clicked on

14-03-2024T10:19:59 - [MESSAGE][PASSED] - Object: 'Object Repository/Page_2GrowHr - Dashboard/OD date selection' is clicked on

14-03-2024T10:19:59 - [TEST_STEP][PASSED] - setText(findTestObject("Object Repository/Page_2GrowHr - Dashboard/OD date selection"), currentDateStr): Text '03/14/2024' is set on object 'Object Repository/Page_2GrowHr - Dashboard/OD date selection'

14-03-2024T10:20:03 - [MESSAGE][PASSED] - Text '03/14/2024' is set on object 'Object Repository/Page_2GrowHr - Dashboard/OD date selection'

14-03-2024T10:20:03 - [TEST_STEP][PASSED] - click(findTestObject("Object Repository/Page_2GrowHr - Dashboard/img__img-fluid week_calender_icon dp_align_OD")): Object: 'Object Repository/Page_2GrowHr - Dashboard/img__img-fluid week_calender_icon dp_align_OD' is clicked on

14-03-2024T10:20:05 - [MESSAGE][PASSED] - Object: 'Object Repository/Page_2GrowHr - Dashboard/img__img-fluid week_calender_icon dp_align_OD' is clicked on

14-03-2024T10:20:05 - [TEST_STEP][PASSED] - setText(findTestObject("Object Repository/Page_2GrowHr - Dashboard/OD Remarks"), ODRemark): Text 'OD Applied' is set on object 'Object Repository/Page_2GrowHr - Dashboard/OD Remarks'

14-03-2024T10:20:09 - [MESSAGE][PASSED] - Text 'OD Applied' is set on object 'Object Repository/Page_2GrowHr - Dashboard/OD Remarks'

14-03-2024T10:20:09 - [TEST_STEP][PASSED] - delay(3): Delayed 3 second(s)

14-03-2024T10:20:12 - [MESSAGE][PASSED] - Delayed 3 second(s)

14-03-2024T10:20:12 - [TEST_STEP][PASSED] - click(findTestObject("Object Repository/Page_2GrowHr - Dashboard/OD Save button")): Object: 'Object Repository/Page_2GrowHr - Dashboard/OD Save button' is clicked on

14-03-2024T10:20:14 - [MESSAGE][PASSED] - Object: 'Object Repository/Page_2GrowHr - Dashboard/OD Save button' is clicked on

14-03-2024T10:20:14 - [TEST_STEP][PASSED] - delay(5): Delayed 5 second(s)

14-03-2024T10:20:19 - [MESSAGE][PASSED] - Delayed 5 second(s)

14-03-2024T10:20:19 - [TEST_STEP][PASSED] - click(findTestObject("Object Repository/Page_2GrowHr - Dashboard/Checkin button BR")): Object: 'Object Repository/Page_2GrowHr - Dashboard/Checkin button BR' is clicked on

14-03-2024T10:20:21 - [MESSAGE][PASSED] - Object: 'Object Repository/Page_2GrowHr - Dashboard/Checkin button BR' is clicked on

14-03-2024T10:20:21 - [TEST_STEP][PASSED] - setText(findTestObject("Object Repository/Page_2GrowHr - Dashboard/Checkin remark"), checkinRemark + " " + currentDateStr): Text 'OD CheckinRemark 03/14/2024' is set on object 'Object Repository/Page_2GrowHr - Dashboard/Checkin remark'

14-03-2024T10:20:25 - [MESSAGE][PASSED] - Text 'OD CheckinRemark 03/14/2024' is set on object 'Object Repository/Page_2GrowHr - Dashboard/Checkin remark'

14-03-2024T10:20:25 - [TEST_STEP][PASSED] - delay(3): Delayed 3 second(s)

14-03-2024T10:20:28 - [MESSAGE][PASSED] - Delayed 3 second(s)

14-03-2024T10:20:28 - [TEST_STEP][PASSED] - click(findTestObject("Object Repository/Page_2GrowHr - Dashboard/Checkin button AR")): Object: 'Object Repository/Page_2GrowHr - Dashboard/Checkin button AR' is clicked on

14-03-2024T10:20:30 - [MESSAGE][PASSED] - Object: 'Object Repository/Page_2GrowHr - Dashboard/Checkin button AR' is clicked on

14-03-2024T10:20:30 - [TEST_STEP][PASSED] - delay(5): Delayed 5 second(s)

14-03-2024T10:20:35 - [MESSAGE][PASSED] - Delayed 5 second(s)

14-03-2024T10:20:35 - [TEST_STEP][PASSED] - click(findTestObject("Object Repository/Page_2GrowHr - Menu_Report/Attentance mouseover")): Object: 'Object Repository/Page_2GrowHr - Menu_Report/Attentance mouseover' is clicked on

14-03-2024T10:20:38 - [MESSAGE][PASSED] - Object: 'Object Repository/Page_2GrowHr - Menu_Report/Attentance mouseover' is clicked on

14-03-2024T10:20:38 - [TEST_STEP][PASSED] - delay(3): Delayed 3 second(s)

14-03-2024T10:20:41 - [MESSAGE][PASSED] - Delayed 3 second(s)

14-03-2024T10:20:41 - [TEST_STEP][PASSED] - click(findTestObject("Object Repository/Page_2GrowHr - Menu_Report/Day Count Attendance Summary report")): Object: 'Object Repository/Page_2GrowHr - Menu_Report/Day Count Attendance Summary report' is clicked on

14-03-2024T10:20:44 - [MESSAGE][PASSED] - Object: 'Object Repository/Page_2GrowHr - Menu_Report/Day Count Attendance Summary report' is clicked on

14-03-2024T10:20:44 - [TEST_STEP][PASSED] - click(findTestObject("Object Repository/Page_2GrowHr - Real Time Report/Select Date range field day count attendance report")): Object: 'Object Repository/Page_2GrowHr - Real Time Report/Select Date range field day count attendance report' is clicked on

14-03-2024T10:20:48 - [MESSAGE][PASSED] - Object: 'Object Repository/Page_2GrowHr - Real Time Report/Select Date range field day count attendance report' is clicked on

14-03-2024T10:20:48 - [TEST_STEP][PASSED] - delay(2): Delayed 2 second(s)

14-03-2024T10:20:50 - [MESSAGE][PASSED] - Delayed 2 second(s)

14-03-2024T10:20:50 - [TEST_STEP][PASSED] - click(findTestObject("Object Repository/Page_2GrowHr - Real Time Report/Today")): Object: 'Object Repository/Page_2GrowHr - Real Time Report/Today' is clicked on

14-03-2024T10:20:52 - [MESSAGE][PASSED] - Object: 'Object Repository/Page_2GrowHr - Real Time Report/Today' is clicked on

14-03-2024T10:20:52 - [TEST_STEP][PASSED] - click(findTestObject("Object Repository/Page_2GrowHr - Real Time Report/Get Report button")): Object: 'Object Repository/Page_2GrowHr - Real Time Report/Get Report button' is clicked on

14-03-2024T10:20:54 - [MESSAGE][PASSED] - Object: 'Object Repository/Page_2GrowHr - Real Time Report/Get Report button' is clicked on

14-03-2024T10:20:54 - [TEST_STEP][PASSED] - delay(3): Delayed 3 second(s)

14-03-2024T10:20:57 - [MESSAGE][PASSED] - Delayed 3 second(s)

14-03-2024T10:20:57 - [TEST_STEP][PASSED] - linkElement = getWebDriver().findElement(By.xpath("//*[@id="datatable"]/tbody/tr/td[2]/a")): null

14-03-2024T10:20:59 - [TEST_STEP][PASSED] - linkElement.click(): null

14-03-2024T10:20:59 - [TEST_STEP][PASSED] - delay(10): Delayed 10 second(s)

14-03-2024T10:21:09 - [MESSAGE][PASSED] - Delayed 10 second(s)

14-03-2024T10:21:09 - [TEST_STEP][PASSED] - closeBrowser(): Browser is closed

14-03-2024T10:21:09 - [MESSAGE][PASSED] - Browser is closed

14-03-2024T10:21:09 - [TEST_STEP][PASSED] - url = Data.getValue("URL", i): null

14-03-2024T10:21:09 - [TEST_STEP][PASSED] - username = Data.getValue("Username", i): null

14-03-2024T10:21:09 - [TEST_STEP][PASSED] - password = Data.getValue("Password", i): null

14-03-2024T10:21:09 - [TEST_STEP][PASSED] - checkinRemark = Data.getValue("CheckinRemark", i): null

14-03-2024T10:21:09 - [TEST_STEP][PASSED] - ODRemark = Data.getValue("ODRemark", i): null

14-03-2024T10:21:09 - [TEST_STEP][PASSED] - openBrowser(""): Browser is opened with url: ''

14-03-2024T10:21:09 - [MESSAGE][INFO] - Starting 'Chrome' driver

14-03-2024T10:21:09 - [MESSAGE][INFO] - Action delay is set to 0 milliseconds

14-03-2024T10:21:10 - [MESSAGE][PASSED] - Browser is opened with url: ''

14-03-2024T10:21:10 - [TEST_STEP][PASSED] - maximizeWindow(): Current window maximized

14-03-2024T10:21:10 - [MESSAGE][PASSED] - Current window maximized

14-03-2024T10:21:10 - [TEST_STEP][PASSED] - navigateToUrl(url): Navigate to 'http://testing.2growhr.io/' successfully

14-03-2024T10:21:22 - [MESSAGE][PASSED] - Navigate to 'http://testing.2growhr.io/' successfully

14-03-2024T10:21:22 - [TEST_STEP][PASSED] - setText(findTestObject("Object Repository/Page_2GrowHR - Login/UserName"), username): Text 'CBS0499' is set on object 'Object Repository/Page_2GrowHR - Login/UserName'

14-03-2024T10:21:22 - [MESSAGE][PASSED] - Text 'CBS0499' is set on object 'Object Repository/Page_2GrowHR - Login/UserName'

14-03-2024T10:21:22 - [TEST_STEP][PASSED] - setText(findTestObject("Object Repository/Page_2GrowHR - Login/Password"), password): Text '123' is set on object 'Object Repository/Page_2GrowHR - Login/Password'

14-03-2024T10:21:23 - [MESSAGE][PASSED] - Text '123' is set on object 'Object Repository/Page_2GrowHR - Login/Password'

14-03-2024T10:21:23 - [TEST_STEP][PASSED] - click(findTestObject("Object Repository/Page_2GrowHR - Login/Password - view icon")): Object: 'Object Repository/Page_2GrowHR - Login/Password - view icon' is clicked on

14-03-2024T10:21:23 - [MESSAGE][PASSED] - Object: 'Object Repository/Page_2GrowHR - Login/Password - view icon' is clicked on

14-03-2024T10:21:23 - [TEST_STEP][PASSED] - delay(2): Delayed 2 second(s)

14-03-2024T10:21:25 - [MESSAGE][PASSED] - Delayed 2 second(s)

14-03-2024T10:21:25 - [TEST_STEP][PASSED] - click(findTestObject("Object Repository/Page_2GrowHR - Login/Login Button")): Object: 'Object Repository/Page_2GrowHR - Login/Login Button' is clicked on

14-03-2024T10:21:45 - [MESSAGE][PASSED] - Object: 'Object Repository/Page_2GrowHR - Login/Login Button' is clicked on

14-03-2024T10:21:45 - [TEST_STEP][PASSED] - delay(3): Delayed 3 second(s)

14-03-2024T10:21:48 - [MESSAGE][PASSED] - Delayed 3 second(s)

14-03-2024T10:21:48 - [TEST_STEP][PASSED] - click(findTestObject("Object Repository/Page_2GrowHr - Dashboard/On Duty button")): Object: 'Object Repository/Page_2GrowHr - Dashboard/On Duty button' is clicked on

14-03-2024T10:21:51 - [MESSAGE][PASSED] - Object: 'Object Repository/Page_2GrowHr - Dashboard/On Duty button' is clicked on

14-03-2024T10:21:51 - [TEST_STEP][PASSED] - click(findTestObject("Object Repository/Page_2GrowHr - Dashboard/OD date selection")): Object: 'Object Repository/Page_2GrowHr - Dashboard/OD date selection' is clicked on

14-03-2024T10:21:53 - [MESSAGE][PASSED] - Object: 'Object Repository/Page_2GrowHr - Dashboard/OD date selection' is clicked on

14-03-2024T10:21:53 - [TEST_STEP][PASSED] - setText(findTestObject("Object Repository/Page_2GrowHr - Dashboard/OD date selection"), currentDateStr): Text '03/14/2024' is set on object 'Object Repository/Page_2GrowHr - Dashboard/OD date selection'

14-03-2024T10:21:57 - [MESSAGE][PASSED] - Text '03/14/2024' is set on object 'Object Repository/Page_2GrowHr - Dashboard/OD date selection'

14-03-2024T10:21:57 - [TEST_STEP][PASSED] - click(findTestObject("Object Repository/Page_2GrowHr - Dashboard/img__img-fluid week_calender_icon dp_align_OD")): Object: 'Object Repository/Page_2GrowHr - Dashboard/img__img-fluid week_calender_icon dp_align_OD' is clicked on

14-03-2024T10:21:59 - [MESSAGE][PASSED] - Object: 'Object Repository/Page_2GrowHr - Dashboard/img__img-fluid week_calender_icon dp_align_OD' is clicked on

14-03-2024T10:21:59 - [TEST_STEP][PASSED] - setText(findTestObject("Object Repository/Page_2GrowHr - Dashboard/OD Remarks"), ODRemark): Text 'OD Applied' is set on object 'Object Repository/Page_2GrowHr - Dashboard/OD Remarks'

14-03-2024T10:22:03 - [MESSAGE][PASSED] - Text 'OD Applied' is set on object 'Object Repository/Page_2GrowHr - Dashboard/OD Remarks'

14-03-2024T10:22:03 - [TEST_STEP][PASSED] - delay(3): Delayed 3 second(s)

14-03-2024T10:22:06 - [MESSAGE][PASSED] - Delayed 3 second(s)

14-03-2024T10:22:06 - [TEST_STEP][PASSED] - click(findTestObject("Object Repository/Page_2GrowHr - Dashboard/OD Save button")): Object: 'Object Repository/Page_2GrowHr - Dashboard/OD Save button' is clicked on

14-03-2024T10:22:08 - [MESSAGE][PASSED] - Object: 'Object Repository/Page_2GrowHr - Dashboard/OD Save button' is clicked on

14-03-2024T10:22:08 - [TEST_STEP][PASSED] - delay(5): Delayed 5 second(s)

14-03-2024T10:22:13 - [MESSAGE][PASSED] - Delayed 5 second(s)

14-03-2024T10:22:13 - [TEST_STEP][PASSED] - click(findTestObject("Object Repository/Page_2GrowHr - Dashboard/Checkin button BR")): Object: 'Object Repository/Page_2GrowHr - Dashboard/Checkin button BR' is clicked on

14-03-2024T10:22:18 - [MESSAGE][PASSED] - Object: 'Object Repository/Page_2GrowHr - Dashboard/Checkin button BR' is clicked on

14-03-2024T10:22:18 - [TEST_STEP][PASSED] - setText(findTestObject("Object Repository/Page_2GrowHr - Dashboard/Checkin remark"), checkinRemark + " " + currentDateStr): Text 'OD CheckinRemark 03/14/2024' is set on object 'Object Repository/Page_2GrowHr - Dashboard/Checkin remark'

14-03-2024T10:22:22 - [MESSAGE][PASSED] - Text 'OD CheckinRemark 03/14/2024' is set on object 'Object Repository/Page_2GrowHr - Dashboard/Checkin remark'

14-03-2024T10:22:22 - [TEST_STEP][PASSED] - delay(3): Delayed 3 second(s)

14-03-2024T10:22:25 - [MESSAGE][PASSED] - Delayed 3 second(s)

14-03-2024T10:22:25 - [TEST_STEP][PASSED] - click(findTestObject("Object Repository/Page_2GrowHr - Dashboard/Checkin button AR")): Object: 'Object Repository/Page_2GrowHr - Dashboard/Checkin button AR' is clicked on

14-03-2024T10:22:27 - [MESSAGE][PASSED] - Object: 'Object Repository/Page_2GrowHr - Dashboard/Checkin button AR' is clicked on

14-03-2024T10:22:27 - [TEST_STEP][PASSED] - delay(5): Delayed 5 second(s)

14-03-2024T10:22:32 - [MESSAGE][PASSED] - Delayed 5 second(s)

14-03-2024T10:22:32 - [TEST_STEP][PASSED] - click(findTestObject("Object Repository/Page_2GrowHr - Menu_Report/Attentance mouseover")): Object: 'Object Repository/Page_2GrowHr - Menu_Report/Attentance mouseover' is clicked on

14-03-2024T10:22:35 - [MESSAGE][PASSED] - Object: 'Object Repository/Page_2GrowHr - Menu_Report/Attentance mouseover' is clicked on

14-03-2024T10:22:35 - [TEST_STEP][PASSED] - delay(3): Delayed 3 second(s)

14-03-2024T10:22:38 - [MESSAGE][PASSED] - Delayed 3 second(s)

14-03-2024T10:22:38 - [TEST_STEP][PASSED] - click(findTestObject("Object Repository/Page_2GrowHr - Menu_Report/Day Count Attendance Summary report")): Object: 'Object Repository/Page_2GrowHr - Menu_Report/Day Count Attendance Summary report' is clicked on

14-03-2024T10:22:42 - [MESSAGE][PASSED] - Object: 'Object Repository/Page_2GrowHr - Menu_Report/Day Count Attendance Summary report' is clicked on

14-03-2024T10:22:42 - [TEST_STEP][PASSED] - click(findTestObject("Object Repository/Page_2GrowHr - Real Time Report/Select Date range field day count attendance report")): Object: 'Object Repository/Page_2GrowHr - Real Time Report/Select Date range field day count attendance report' is clicked on

14-03-2024T10:22:46 - [MESSAGE][PASSED] - Object: 'Object Repository/Page_2GrowHr - Real Time Report/Select Date range field day count attendance report' is clicked on

14-03-2024T10:22:46 - [TEST_STEP][PASSED] - delay(2): Delayed 2 second(s)

14-03-2024T10:22:48 - [MESSAGE][PASSED] - Delayed 2 second(s)

14-03-2024T10:22:48 - [TEST_STEP][PASSED] - click(findTestObject("Object Repository/Page_2GrowHr - Real Time Report/Today")): Object: 'Object Repository/Page_2GrowHr - Real Time Report/Today' is clicked on

14-03-2024T10:22:50 - [MESSAGE][PASSED] - Object: 'Object Repository/Page_2GrowHr - Real Time Report/Today' is clicked on

14-03-2024T10:22:50 - [TEST_STEP][PASSED] - click(findTestObject("Object Repository/Page_2GrowHr - Real Time Report/Get Report button")): Object: 'Object Repository/Page_2GrowHr - Real Time Report/Get Report button' is clicked on

14-03-2024T10:22:52 - [MESSAGE][PASSED] - Object: 'Object Repository/Page_2GrowHr - Real Time Report/Get Report button' is clicked on

14-03-2024T10:22:52 - [TEST_STEP][PASSED] - delay(3): Delayed 3 second(s)

14-03-2024T10:22:55 - [MESSAGE][PASSED] - Delayed 3 second(s)

14-03-2024T10:22:55 - [TEST_STEP][PASSED] - linkElement = getWebDriver().findElement(By.xpath("//*[@id="datatable"]/tbody/tr/td[2]/a")): null

14-03-2024T10:22:57 - [TEST_STEP][PASSED] - linkElement.click(): null

14-03-2024T10:22:57 - [TEST_STEP][PASSED] - delay(10): Delayed 10 second(s)

14-03-2024T10:23:07 - [MESSAGE][PASSED] - Delayed 10 second(s)

14-03-2024T10:23:07 - [TEST_STEP][PASSED] - closeBrowser(): Browser is closed

14-03-2024T10:23:07 - [MESSAGE][PASSED] - Browser is closed]]></system-out>
         <system-err><![CDATA[]]></system-err>
      </testcase>
      <system-out><![CDATA[14-03-2024T10:19:20 - [TEST_SUITE][PASSED] - Apply OD and Checkin: Test Cases/Apply OD and Checkin]]></system-out>
      <system-err><![CDATA[]]></system-err>
   </testsuite>
</testsuites>
