<?xml version="1.0" encoding="UTF-8"?>
<testsuites name="Login and Checkin" time="205.156" tests="1" failures="0" errors="0">
   <testsuite name="Login and Checkin" tests="1" failures="0" errors="0" time="205.156" skipped="0" timestamp="26-03-2024T10:00:50" hostname="91957 - Lead-Force-CRM" id="Test Suites/Login and Checkin">
      <properties>
         <property name="deviceName" value=""/>
         <property name="devicePlatform" value=""/>
         <property name="logFolder" value="C:\\Users\\91957\\Desktop\\Automation Testing - Katalon\\Payroll Web\\Reports\\20240326_100038\\Login and Checkin\\20240326_100039"/>
         <property name="logFiles" value="C:\\Users\\91957\\Desktop\\Automation Testing - Katalon\\Payroll Web\\Reports\\20240326_100038\\Login and Checkin\\20240326_100039\\execution0.log"/>
         <property name="attachments" value=""/>
         <property name="hostName" value="91957 - Lead-Force-CRM"/>
         <property name="os" value="Windows 11 64bit"/>
         <property name="katalonVersion" value="9.3.0.212"/>
         <property name="browser" value="Chrome 122.0.0.0"/>
         <property name="hostAddress" value="192.168.0.104"/>
         <property name="sessionId" value="0d8e51a441861efe4c79a2d67f140a41"/>
         <property name="seleniumVersion" value="3.141.59"/>
         <property name="proxyInformation" value="ProxyInformation { proxyOption=NO_PROXY, proxyServerType=HTTP, username=, password=********, proxyServerAddress=, proxyServerPort=0, executionList=&quot;&quot;, isApplyToDesiredCapabilities=true }"/>
         <property name="platform" value="Windows 11"/>
      </properties>
      <testcase name="Test Cases/Login and do checkin" time="204.999" classname="Test Cases/Login and do checkin" status="PASSED">
         <system-out><![CDATA[26-03-2024T10:00:50 - [TEST_CASE][PASSED] - Test Cases/Login and do checkin: Test Cases/Login and do checkin

26-03-2024T10:00:50 - [TEST_STEP][PASSED] - Data = findTestData("Login and Checkin"): null

26-03-2024T10:00:51 - [TEST_STEP][PASSED] - dateFormat = new java.text.SimpleDateFormat(MM/dd/yyyy): null

26-03-2024T10:00:51 - [TEST_STEP][PASSED] - currentDate = getInstance().getTime(): null

26-03-2024T10:00:51 - [TEST_STEP][PASSED] - currentDateStr = dateFormat.format(currentDate): null

26-03-2024T10:00:51 - [TEST_STEP][PASSED] - for ([i = 1, i <= Data.getRowNumbers(), (i++)]): Browser is closed

26-03-2024T10:00:51 - [TEST_STEP][PASSED] - url = Data.getValue("URL", i): null

26-03-2024T10:00:51 - [TEST_STEP][PASSED] - username = Data.getValue("Username", i): null

26-03-2024T10:00:51 - [TEST_STEP][PASSED] - password = Data.getValue("Password", i): null

26-03-2024T10:00:51 - [TEST_STEP][PASSED] - checkinRemark = Data.getValue("CheckinRemark", i): null

26-03-2024T10:00:51 - [TEST_STEP][PASSED] - openBrowser(""): Browser is opened with url: ''

26-03-2024T10:00:51 - [MESSAGE][INFO] - Starting 'Chrome' driver

26-03-2024T10:00:51 - [MESSAGE][INFO] - Action delay is set to 0 milliseconds

26-03-2024T10:00:53 - [MESSAGE][PASSED] - Browser is opened with url: ''

26-03-2024T10:00:53 - [TEST_STEP][PASSED] - maximizeWindow(): Current window maximized

26-03-2024T10:00:53 - [MESSAGE][PASSED] - Current window maximized

26-03-2024T10:00:53 - [TEST_STEP][PASSED] - navigateToUrl(url): Navigate to 'http://testing.2growhr.io/' successfully

26-03-2024T10:00:55 - [MESSAGE][PASSED] - Navigate to 'http://testing.2growhr.io/' successfully

26-03-2024T10:00:55 - [TEST_STEP][PASSED] - setText(findTestObject("Object Repository/Page_2GrowHR - Login/UserName"), username): Text 'Yashik' is set on object 'Object Repository/Page_2GrowHR - Login/UserName'

26-03-2024T10:00:56 - [MESSAGE][PASSED] - Text 'Yashik' is set on object 'Object Repository/Page_2GrowHR - Login/UserName'

26-03-2024T10:00:56 - [TEST_STEP][PASSED] - setText(findTestObject("Object Repository/Page_2GrowHR - Login/Password"), password): Text '123' is set on object 'Object Repository/Page_2GrowHR - Login/Password'

26-03-2024T10:00:56 - [MESSAGE][PASSED] - Text '123' is set on object 'Object Repository/Page_2GrowHR - Login/Password'

26-03-2024T10:00:56 - [TEST_STEP][PASSED] - click(findTestObject("Object Repository/Page_2GrowHR - Login/Password - view icon")): Object: 'Object Repository/Page_2GrowHR - Login/Password - view icon' is clicked on

26-03-2024T10:00:57 - [MESSAGE][PASSED] - Object: 'Object Repository/Page_2GrowHR - Login/Password - view icon' is clicked on

26-03-2024T10:00:57 - [TEST_STEP][PASSED] - delay(2): Delayed 2 second(s)

26-03-2024T10:00:59 - [MESSAGE][PASSED] - Delayed 2 second(s)

26-03-2024T10:00:59 - [TEST_STEP][PASSED] - click(findTestObject("Object Repository/Page_2GrowHR - Login/Login Button")): Object: 'Object Repository/Page_2GrowHR - Login/Login Button' is clicked on

26-03-2024T10:01:09 - [MESSAGE][PASSED] - Object: 'Object Repository/Page_2GrowHR - Login/Login Button' is clicked on

26-03-2024T10:01:09 - [TEST_STEP][PASSED] - delay(2): Delayed 2 second(s)

26-03-2024T10:01:11 - [MESSAGE][PASSED] - Delayed 2 second(s)

26-03-2024T10:01:11 - [TEST_STEP][PASSED] - click(findTestObject("Object Repository/Page_2GrowHr - Dashboard/Checkin button BR")): Object: 'Object Repository/Page_2GrowHr - Dashboard/Checkin button BR' is clicked on

26-03-2024T10:01:12 - [MESSAGE][PASSED] - Object: 'Object Repository/Page_2GrowHr - Dashboard/Checkin button BR' is clicked on

26-03-2024T10:01:12 - [TEST_STEP][PASSED] - setText(findTestObject("Object Repository/Page_2GrowHr - Dashboard/Checkin remark"), checkinRemark): Text 'CheckinRemark' is set on object 'Object Repository/Page_2GrowHr - Dashboard/Checkin remark'

26-03-2024T10:01:13 - [MESSAGE][PASSED] - Text 'CheckinRemark' is set on object 'Object Repository/Page_2GrowHr - Dashboard/Checkin remark'

26-03-2024T10:01:13 - [TEST_STEP][PASSED] - delay(2): Delayed 2 second(s)

26-03-2024T10:01:15 - [MESSAGE][PASSED] - Delayed 2 second(s)

26-03-2024T10:01:15 - [TEST_STEP][PASSED] - click(findTestObject("Object Repository/Page_2GrowHr - Dashboard/Checkin button AR")): Object: 'Object Repository/Page_2GrowHr - Dashboard/Checkin button AR' is clicked on

26-03-2024T10:01:16 - [MESSAGE][PASSED] - Object: 'Object Repository/Page_2GrowHr - Dashboard/Checkin button AR' is clicked on

26-03-2024T10:01:16 - [TEST_STEP][PASSED] - delay(2): Delayed 2 second(s)

26-03-2024T10:01:18 - [MESSAGE][PASSED] - Delayed 2 second(s)

26-03-2024T10:01:18 - [TEST_STEP][PASSED] - click(findTestObject("Object Repository/Page_2GrowHr - Menu_Report/Attentance mouseover")): Object: 'Object Repository/Page_2GrowHr - Menu_Report/Attentance mouseover' is clicked on

26-03-2024T10:01:19 - [MESSAGE][PASSED] - Object: 'Object Repository/Page_2GrowHr - Menu_Report/Attentance mouseover' is clicked on

26-03-2024T10:01:19 - [TEST_STEP][PASSED] - delay(2): Delayed 2 second(s)

26-03-2024T10:01:21 - [MESSAGE][PASSED] - Delayed 2 second(s)

26-03-2024T10:01:21 - [TEST_STEP][PASSED] - click(findTestObject("Object Repository/Page_2GrowHr - Menu_Report/General Attendance Summary - Report")): Object: 'Object Repository/Page_2GrowHr - Menu_Report/General Attendance Summary - Report' is clicked on

26-03-2024T10:01:23 - [MESSAGE][PASSED] - Object: 'Object Repository/Page_2GrowHr - Menu_Report/General Attendance Summary - Report' is clicked on

26-03-2024T10:01:23 - [TEST_STEP][PASSED] - click(findTestObject("Object Repository/Page_2GrowHr - Menu_Report/Date selection field")): Object: 'Object Repository/Page_2GrowHr - Menu_Report/Date selection field' is clicked on

26-03-2024T10:01:24 - [MESSAGE][PASSED] - Object: 'Object Repository/Page_2GrowHr - Menu_Report/Date selection field' is clicked on

26-03-2024T10:01:24 - [TEST_STEP][PASSED] - setText(findTestObject("Object Repository/Page_2GrowHr - Menu_Report/Date selection field"), currentDateStr): Text '03/26/2024' is set on object 'Object Repository/Page_2GrowHr - Menu_Report/Date selection field'

26-03-2024T10:01:24 - [MESSAGE][PASSED] - Text '03/26/2024' is set on object 'Object Repository/Page_2GrowHr - Menu_Report/Date selection field'

26-03-2024T10:01:24 - [TEST_STEP][PASSED] - delay(2): Delayed 2 second(s)

26-03-2024T10:01:26 - [MESSAGE][PASSED] - Delayed 2 second(s)

26-03-2024T10:01:26 - [TEST_STEP][PASSED] - click(findTestObject("Object Repository/Page_2GrowHr - Menu_Report/Get Report button Day count attendance summary report")): Object: 'Object Repository/Page_2GrowHr - Menu_Report/Get Report button Day count attendance summary report' is clicked on

26-03-2024T10:01:27 - [MESSAGE][PASSED] - Object: 'Object Repository/Page_2GrowHr - Menu_Report/Get Report button Day count attendance summary report' is clicked on

26-03-2024T10:01:27 - [TEST_STEP][PASSED] - scrollToElement(findTestObject("Object Repository/Page_2GrowHr - Day Wise Report/Scroll to Page down"), 10): Scroll to object 'Object Repository/Page_2GrowHr - Day Wise Report/Scroll to Page down' successfully

26-03-2024T10:01:28 - [MESSAGE][PASSED] - Scroll to object 'Object Repository/Page_2GrowHr - Day Wise Report/Scroll to Page down' successfully

26-03-2024T10:01:28 - [TEST_STEP][PASSED] - delay(5): Delayed 5 second(s)

26-03-2024T10:01:33 - [MESSAGE][PASSED] - Delayed 5 second(s)

26-03-2024T10:01:33 - [TEST_STEP][PASSED] - closeBrowser(): Browser is closed

26-03-2024T10:01:33 - [MESSAGE][PASSED] - Browser is closed

26-03-2024T10:01:33 - [TEST_STEP][PASSED] - url = Data.getValue("URL", i): null

26-03-2024T10:01:33 - [TEST_STEP][PASSED] - username = Data.getValue("Username", i): null

26-03-2024T10:01:33 - [TEST_STEP][PASSED] - password = Data.getValue("Password", i): null

26-03-2024T10:01:33 - [TEST_STEP][PASSED] - checkinRemark = Data.getValue("CheckinRemark", i): null

26-03-2024T10:01:33 - [TEST_STEP][PASSED] - openBrowser(""): Browser is opened with url: ''

26-03-2024T10:01:33 - [MESSAGE][INFO] - Starting 'Chrome' driver

26-03-2024T10:01:33 - [MESSAGE][INFO] - Action delay is set to 0 milliseconds

26-03-2024T10:01:34 - [MESSAGE][PASSED] - Browser is opened with url: ''

26-03-2024T10:01:34 - [TEST_STEP][PASSED] - maximizeWindow(): Current window maximized

26-03-2024T10:01:34 - [MESSAGE][PASSED] - Current window maximized

26-03-2024T10:01:34 - [TEST_STEP][PASSED] - navigateToUrl(url): Navigate to 'http://testing.2growhr.io/' successfully

26-03-2024T10:01:37 - [MESSAGE][PASSED] - Navigate to 'http://testing.2growhr.io/' successfully

26-03-2024T10:01:37 - [TEST_STEP][PASSED] - setText(findTestObject("Object Repository/Page_2GrowHR - Login/UserName"), username): Text 'Farveen' is set on object 'Object Repository/Page_2GrowHR - Login/UserName'

26-03-2024T10:01:37 - [MESSAGE][PASSED] - Text 'Farveen' is set on object 'Object Repository/Page_2GrowHR - Login/UserName'

26-03-2024T10:01:37 - [TEST_STEP][PASSED] - setText(findTestObject("Object Repository/Page_2GrowHR - Login/Password"), password): Text '123' is set on object 'Object Repository/Page_2GrowHR - Login/Password'

26-03-2024T10:01:38 - [MESSAGE][PASSED] - Text '123' is set on object 'Object Repository/Page_2GrowHR - Login/Password'

26-03-2024T10:01:38 - [TEST_STEP][PASSED] - click(findTestObject("Object Repository/Page_2GrowHR - Login/Password - view icon")): Object: 'Object Repository/Page_2GrowHR - Login/Password - view icon' is clicked on

26-03-2024T10:01:38 - [MESSAGE][PASSED] - Object: 'Object Repository/Page_2GrowHR - Login/Password - view icon' is clicked on

26-03-2024T10:01:38 - [TEST_STEP][PASSED] - delay(2): Delayed 2 second(s)

26-03-2024T10:01:40 - [MESSAGE][PASSED] - Delayed 2 second(s)

26-03-2024T10:01:40 - [TEST_STEP][PASSED] - click(findTestObject("Object Repository/Page_2GrowHR - Login/Login Button")): Object: 'Object Repository/Page_2GrowHR - Login/Login Button' is clicked on

26-03-2024T10:01:49 - [MESSAGE][PASSED] - Object: 'Object Repository/Page_2GrowHR - Login/Login Button' is clicked on

26-03-2024T10:01:49 - [TEST_STEP][PASSED] - delay(2): Delayed 2 second(s)

26-03-2024T10:01:51 - [MESSAGE][PASSED] - Delayed 2 second(s)

26-03-2024T10:01:51 - [TEST_STEP][PASSED] - click(findTestObject("Object Repository/Page_2GrowHr - Dashboard/Checkin button BR")): Object: 'Object Repository/Page_2GrowHr - Dashboard/Checkin button BR' is clicked on

26-03-2024T10:01:51 - [MESSAGE][PASSED] - Object: 'Object Repository/Page_2GrowHr - Dashboard/Checkin button BR' is clicked on

26-03-2024T10:01:51 - [TEST_STEP][PASSED] - setText(findTestObject("Object Repository/Page_2GrowHr - Dashboard/Checkin remark"), checkinRemark): Text 'CheckinRemark' is set on object 'Object Repository/Page_2GrowHr - Dashboard/Checkin remark'

26-03-2024T10:01:52 - [MESSAGE][PASSED] - Text 'CheckinRemark' is set on object 'Object Repository/Page_2GrowHr - Dashboard/Checkin remark'

26-03-2024T10:01:52 - [TEST_STEP][PASSED] - delay(2): Delayed 2 second(s)

26-03-2024T10:01:54 - [MESSAGE][PASSED] - Delayed 2 second(s)

26-03-2024T10:01:54 - [TEST_STEP][PASSED] - click(findTestObject("Object Repository/Page_2GrowHr - Dashboard/Checkin button AR")): Object: 'Object Repository/Page_2GrowHr - Dashboard/Checkin button AR' is clicked on

26-03-2024T10:01:55 - [MESSAGE][PASSED] - Object: 'Object Repository/Page_2GrowHr - Dashboard/Checkin button AR' is clicked on

26-03-2024T10:01:55 - [TEST_STEP][PASSED] - delay(2): Delayed 2 second(s)

26-03-2024T10:01:57 - [MESSAGE][PASSED] - Delayed 2 second(s)

26-03-2024T10:01:57 - [TEST_STEP][PASSED] - click(findTestObject("Object Repository/Page_2GrowHr - Menu_Report/Attentance mouseover")): Object: 'Object Repository/Page_2GrowHr - Menu_Report/Attentance mouseover' is clicked on

26-03-2024T10:01:58 - [MESSAGE][PASSED] - Object: 'Object Repository/Page_2GrowHr - Menu_Report/Attentance mouseover' is clicked on

26-03-2024T10:01:58 - [TEST_STEP][PASSED] - delay(2): Delayed 2 second(s)

26-03-2024T10:02:00 - [MESSAGE][PASSED] - Delayed 2 second(s)

26-03-2024T10:02:00 - [TEST_STEP][PASSED] - click(findTestObject("Object Repository/Page_2GrowHr - Menu_Report/General Attendance Summary - Report")): Object: 'Object Repository/Page_2GrowHr - Menu_Report/General Attendance Summary - Report' is clicked on

26-03-2024T10:02:02 - [MESSAGE][PASSED] - Object: 'Object Repository/Page_2GrowHr - Menu_Report/General Attendance Summary - Report' is clicked on

26-03-2024T10:02:02 - [TEST_STEP][PASSED] - click(findTestObject("Object Repository/Page_2GrowHr - Menu_Report/Date selection field")): Object: 'Object Repository/Page_2GrowHr - Menu_Report/Date selection field' is clicked on

26-03-2024T10:02:03 - [MESSAGE][PASSED] - Object: 'Object Repository/Page_2GrowHr - Menu_Report/Date selection field' is clicked on

26-03-2024T10:02:03 - [TEST_STEP][PASSED] - setText(findTestObject("Object Repository/Page_2GrowHr - Menu_Report/Date selection field"), currentDateStr): Text '03/26/2024' is set on object 'Object Repository/Page_2GrowHr - Menu_Report/Date selection field'

26-03-2024T10:02:04 - [MESSAGE][PASSED] - Text '03/26/2024' is set on object 'Object Repository/Page_2GrowHr - Menu_Report/Date selection field'

26-03-2024T10:02:04 - [TEST_STEP][PASSED] - delay(2): Delayed 2 second(s)

26-03-2024T10:02:06 - [MESSAGE][PASSED] - Delayed 2 second(s)

26-03-2024T10:02:06 - [TEST_STEP][PASSED] - click(findTestObject("Object Repository/Page_2GrowHr - Menu_Report/Get Report button Day count attendance summary report")): Object: 'Object Repository/Page_2GrowHr - Menu_Report/Get Report button Day count attendance summary report' is clicked on

26-03-2024T10:02:06 - [MESSAGE][PASSED] - Object: 'Object Repository/Page_2GrowHr - Menu_Report/Get Report button Day count attendance summary report' is clicked on

26-03-2024T10:02:06 - [TEST_STEP][PASSED] - scrollToElement(findTestObject("Object Repository/Page_2GrowHr - Day Wise Report/Scroll to Page down"), 10): Scroll to object 'Object Repository/Page_2GrowHr - Day Wise Report/Scroll to Page down' successfully

26-03-2024T10:02:07 - [MESSAGE][PASSED] - Scroll to object 'Object Repository/Page_2GrowHr - Day Wise Report/Scroll to Page down' successfully

26-03-2024T10:02:07 - [TEST_STEP][PASSED] - delay(5): Delayed 5 second(s)

26-03-2024T10:02:12 - [MESSAGE][PASSED] - Delayed 5 second(s)

26-03-2024T10:02:12 - [TEST_STEP][PASSED] - closeBrowser(): Browser is closed

26-03-2024T10:02:12 - [MESSAGE][PASSED] - Browser is closed

26-03-2024T10:02:12 - [TEST_STEP][PASSED] - url = Data.getValue("URL", i): null

26-03-2024T10:02:12 - [TEST_STEP][PASSED] - username = Data.getValue("Username", i): null

26-03-2024T10:02:12 - [TEST_STEP][PASSED] - password = Data.getValue("Password", i): null

26-03-2024T10:02:12 - [TEST_STEP][PASSED] - checkinRemark = Data.getValue("CheckinRemark", i): null

26-03-2024T10:02:12 - [TEST_STEP][PASSED] - openBrowser(""): Browser is opened with url: ''

26-03-2024T10:02:12 - [MESSAGE][INFO] - Starting 'Chrome' driver

26-03-2024T10:02:12 - [MESSAGE][INFO] - Action delay is set to 0 milliseconds

26-03-2024T10:02:13 - [MESSAGE][PASSED] - Browser is opened with url: ''

26-03-2024T10:02:13 - [TEST_STEP][PASSED] - maximizeWindow(): Current window maximized

26-03-2024T10:02:13 - [MESSAGE][PASSED] - Current window maximized

26-03-2024T10:02:13 - [TEST_STEP][PASSED] - navigateToUrl(url): Navigate to 'http://testing.2growhr.io/' successfully

26-03-2024T10:02:15 - [MESSAGE][PASSED] - Navigate to 'http://testing.2growhr.io/' successfully

26-03-2024T10:02:15 - [TEST_STEP][PASSED] - setText(findTestObject("Object Repository/Page_2GrowHR - Login/UserName"), username): Text 'CBS2227' is set on object 'Object Repository/Page_2GrowHR - Login/UserName'

26-03-2024T10:02:16 - [MESSAGE][PASSED] - Text 'CBS2227' is set on object 'Object Repository/Page_2GrowHR - Login/UserName'

26-03-2024T10:02:16 - [TEST_STEP][PASSED] - setText(findTestObject("Object Repository/Page_2GrowHR - Login/Password"), password): Text '123' is set on object 'Object Repository/Page_2GrowHR - Login/Password'

26-03-2024T10:02:17 - [MESSAGE][PASSED] - Text '123' is set on object 'Object Repository/Page_2GrowHR - Login/Password'

26-03-2024T10:02:17 - [TEST_STEP][PASSED] - click(findTestObject("Object Repository/Page_2GrowHR - Login/Password - view icon")): Object: 'Object Repository/Page_2GrowHR - Login/Password - view icon' is clicked on

26-03-2024T10:02:17 - [MESSAGE][PASSED] - Object: 'Object Repository/Page_2GrowHR - Login/Password - view icon' is clicked on

26-03-2024T10:02:17 - [TEST_STEP][PASSED] - delay(2): Delayed 2 second(s)

26-03-2024T10:02:19 - [MESSAGE][PASSED] - Delayed 2 second(s)

26-03-2024T10:02:19 - [TEST_STEP][PASSED] - click(findTestObject("Object Repository/Page_2GrowHR - Login/Login Button")): Object: 'Object Repository/Page_2GrowHR - Login/Login Button' is clicked on

26-03-2024T10:02:29 - [MESSAGE][PASSED] - Object: 'Object Repository/Page_2GrowHR - Login/Login Button' is clicked on

26-03-2024T10:02:29 - [TEST_STEP][PASSED] - delay(2): Delayed 2 second(s)

26-03-2024T10:02:31 - [MESSAGE][PASSED] - Delayed 2 second(s)

26-03-2024T10:02:31 - [TEST_STEP][PASSED] - click(findTestObject("Object Repository/Page_2GrowHr - Dashboard/Checkin button BR")): Object: 'Object Repository/Page_2GrowHr - Dashboard/Checkin button BR' is clicked on

26-03-2024T10:02:31 - [MESSAGE][PASSED] - Object: 'Object Repository/Page_2GrowHr - Dashboard/Checkin button BR' is clicked on

26-03-2024T10:02:31 - [TEST_STEP][PASSED] - setText(findTestObject("Object Repository/Page_2GrowHr - Dashboard/Checkin remark"), checkinRemark): Text 'CheckinRemark' is set on object 'Object Repository/Page_2GrowHr - Dashboard/Checkin remark'

26-03-2024T10:02:33 - [MESSAGE][PASSED] - Text 'CheckinRemark' is set on object 'Object Repository/Page_2GrowHr - Dashboard/Checkin remark'

26-03-2024T10:02:33 - [TEST_STEP][PASSED] - delay(2): Delayed 2 second(s)

26-03-2024T10:02:35 - [MESSAGE][PASSED] - Delayed 2 second(s)

26-03-2024T10:02:35 - [TEST_STEP][PASSED] - click(findTestObject("Object Repository/Page_2GrowHr - Dashboard/Checkin button AR")): Object: 'Object Repository/Page_2GrowHr - Dashboard/Checkin button AR' is clicked on

26-03-2024T10:02:35 - [MESSAGE][PASSED] - Object: 'Object Repository/Page_2GrowHr - Dashboard/Checkin button AR' is clicked on

26-03-2024T10:02:35 - [TEST_STEP][PASSED] - delay(2): Delayed 2 second(s)

26-03-2024T10:02:37 - [MESSAGE][PASSED] - Delayed 2 second(s)

26-03-2024T10:02:37 - [TEST_STEP][PASSED] - click(findTestObject("Object Repository/Page_2GrowHr - Menu_Report/Attentance mouseover")): Object: 'Object Repository/Page_2GrowHr - Menu_Report/Attentance mouseover' is clicked on

26-03-2024T10:02:39 - [MESSAGE][PASSED] - Object: 'Object Repository/Page_2GrowHr - Menu_Report/Attentance mouseover' is clicked on

26-03-2024T10:02:39 - [TEST_STEP][PASSED] - delay(2): Delayed 2 second(s)

26-03-2024T10:02:41 - [MESSAGE][PASSED] - Delayed 2 second(s)

26-03-2024T10:02:41 - [TEST_STEP][PASSED] - click(findTestObject("Object Repository/Page_2GrowHr - Menu_Report/General Attendance Summary - Report")): Object: 'Object Repository/Page_2GrowHr - Menu_Report/General Attendance Summary - Report' is clicked on

26-03-2024T10:02:43 - [MESSAGE][PASSED] - Object: 'Object Repository/Page_2GrowHr - Menu_Report/General Attendance Summary - Report' is clicked on

26-03-2024T10:02:43 - [TEST_STEP][PASSED] - click(findTestObject("Object Repository/Page_2GrowHr - Menu_Report/Date selection field")): Object: 'Object Repository/Page_2GrowHr - Menu_Report/Date selection field' is clicked on

26-03-2024T10:02:43 - [MESSAGE][PASSED] - Object: 'Object Repository/Page_2GrowHr - Menu_Report/Date selection field' is clicked on

26-03-2024T10:02:43 - [TEST_STEP][PASSED] - setText(findTestObject("Object Repository/Page_2GrowHr - Menu_Report/Date selection field"), currentDateStr): Text '03/26/2024' is set on object 'Object Repository/Page_2GrowHr - Menu_Report/Date selection field'

26-03-2024T10:02:44 - [MESSAGE][PASSED] - Text '03/26/2024' is set on object 'Object Repository/Page_2GrowHr - Menu_Report/Date selection field'

26-03-2024T10:02:44 - [TEST_STEP][PASSED] - delay(2): Delayed 2 second(s)

26-03-2024T10:02:46 - [MESSAGE][PASSED] - Delayed 2 second(s)

26-03-2024T10:02:46 - [TEST_STEP][PASSED] - click(findTestObject("Object Repository/Page_2GrowHr - Menu_Report/Get Report button Day count attendance summary report")): Object: 'Object Repository/Page_2GrowHr - Menu_Report/Get Report button Day count attendance summary report' is clicked on

26-03-2024T10:02:46 - [MESSAGE][PASSED] - Object: 'Object Repository/Page_2GrowHr - Menu_Report/Get Report button Day count attendance summary report' is clicked on

26-03-2024T10:02:46 - [TEST_STEP][PASSED] - scrollToElement(findTestObject("Object Repository/Page_2GrowHr - Day Wise Report/Scroll to Page down"), 10): Scroll to object 'Object Repository/Page_2GrowHr - Day Wise Report/Scroll to Page down' successfully

26-03-2024T10:02:47 - [MESSAGE][PASSED] - Scroll to object 'Object Repository/Page_2GrowHr - Day Wise Report/Scroll to Page down' successfully

26-03-2024T10:02:47 - [TEST_STEP][PASSED] - delay(5): Delayed 5 second(s)

26-03-2024T10:02:52 - [MESSAGE][PASSED] - Delayed 5 second(s)

26-03-2024T10:02:52 - [TEST_STEP][PASSED] - closeBrowser(): Browser is closed

26-03-2024T10:02:52 - [MESSAGE][PASSED] - Browser is closed

26-03-2024T10:02:52 - [TEST_STEP][PASSED] - url = Data.getValue("URL", i): null

26-03-2024T10:02:52 - [TEST_STEP][PASSED] - username = Data.getValue("Username", i): null

26-03-2024T10:02:52 - [TEST_STEP][PASSED] - password = Data.getValue("Password", i): null

26-03-2024T10:02:52 - [TEST_STEP][PASSED] - checkinRemark = Data.getValue("CheckinRemark", i): null

26-03-2024T10:02:52 - [TEST_STEP][PASSED] - openBrowser(""): Browser is opened with url: ''

26-03-2024T10:02:52 - [MESSAGE][INFO] - Starting 'Chrome' driver

26-03-2024T10:02:52 - [MESSAGE][INFO] - Action delay is set to 0 milliseconds

26-03-2024T10:02:53 - [MESSAGE][PASSED] - Browser is opened with url: ''

26-03-2024T10:02:53 - [TEST_STEP][PASSED] - maximizeWindow(): Current window maximized

26-03-2024T10:02:54 - [MESSAGE][PASSED] - Current window maximized

26-03-2024T10:02:54 - [TEST_STEP][PASSED] - navigateToUrl(url): Navigate to 'http://testing.2growhr.io/' successfully

26-03-2024T10:02:56 - [MESSAGE][PASSED] - Navigate to 'http://testing.2growhr.io/' successfully

26-03-2024T10:02:56 - [TEST_STEP][PASSED] - setText(findTestObject("Object Repository/Page_2GrowHR - Login/UserName"), username): Text 'CBS2155' is set on object 'Object Repository/Page_2GrowHR - Login/UserName'

26-03-2024T10:02:56 - [MESSAGE][PASSED] - Text 'CBS2155' is set on object 'Object Repository/Page_2GrowHR - Login/UserName'

26-03-2024T10:02:56 - [TEST_STEP][PASSED] - setText(findTestObject("Object Repository/Page_2GrowHR - Login/Password"), password): Text '123' is set on object 'Object Repository/Page_2GrowHR - Login/Password'

26-03-2024T10:02:57 - [MESSAGE][PASSED] - Text '123' is set on object 'Object Repository/Page_2GrowHR - Login/Password'

26-03-2024T10:02:57 - [TEST_STEP][PASSED] - click(findTestObject("Object Repository/Page_2GrowHR - Login/Password - view icon")): Object: 'Object Repository/Page_2GrowHR - Login/Password - view icon' is clicked on

26-03-2024T10:02:57 - [MESSAGE][PASSED] - Object: 'Object Repository/Page_2GrowHR - Login/Password - view icon' is clicked on

26-03-2024T10:02:57 - [TEST_STEP][PASSED] - delay(2): Delayed 2 second(s)

26-03-2024T10:02:59 - [MESSAGE][PASSED] - Delayed 2 second(s)

26-03-2024T10:02:59 - [TEST_STEP][PASSED] - click(findTestObject("Object Repository/Page_2GrowHR - Login/Login Button")): Object: 'Object Repository/Page_2GrowHR - Login/Login Button' is clicked on

26-03-2024T10:03:10 - [MESSAGE][PASSED] - Object: 'Object Repository/Page_2GrowHR - Login/Login Button' is clicked on

26-03-2024T10:03:10 - [TEST_STEP][PASSED] - delay(2): Delayed 2 second(s)

26-03-2024T10:03:12 - [MESSAGE][PASSED] - Delayed 2 second(s)

26-03-2024T10:03:12 - [TEST_STEP][PASSED] - click(findTestObject("Object Repository/Page_2GrowHr - Dashboard/Checkin button BR")): Object: 'Object Repository/Page_2GrowHr - Dashboard/Checkin button BR' is clicked on

26-03-2024T10:03:12 - [MESSAGE][PASSED] - Object: 'Object Repository/Page_2GrowHr - Dashboard/Checkin button BR' is clicked on

26-03-2024T10:03:12 - [TEST_STEP][PASSED] - setText(findTestObject("Object Repository/Page_2GrowHr - Dashboard/Checkin remark"), checkinRemark): Text 'CheckinRemark' is set on object 'Object Repository/Page_2GrowHr - Dashboard/Checkin remark'

26-03-2024T10:03:13 - [MESSAGE][PASSED] - Text 'CheckinRemark' is set on object 'Object Repository/Page_2GrowHr - Dashboard/Checkin remark'

26-03-2024T10:03:13 - [TEST_STEP][PASSED] - delay(2): Delayed 2 second(s)

26-03-2024T10:03:15 - [MESSAGE][PASSED] - Delayed 2 second(s)

26-03-2024T10:03:15 - [TEST_STEP][PASSED] - click(findTestObject("Object Repository/Page_2GrowHr - Dashboard/Checkin button AR")): Object: 'Object Repository/Page_2GrowHr - Dashboard/Checkin button AR' is clicked on

26-03-2024T10:03:16 - [MESSAGE][PASSED] - Object: 'Object Repository/Page_2GrowHr - Dashboard/Checkin button AR' is clicked on

26-03-2024T10:03:16 - [TEST_STEP][PASSED] - delay(2): Delayed 2 second(s)

26-03-2024T10:03:18 - [MESSAGE][PASSED] - Delayed 2 second(s)

26-03-2024T10:03:18 - [TEST_STEP][PASSED] - click(findTestObject("Object Repository/Page_2GrowHr - Menu_Report/Attentance mouseover")): Object: 'Object Repository/Page_2GrowHr - Menu_Report/Attentance mouseover' is clicked on

26-03-2024T10:03:19 - [MESSAGE][PASSED] - Object: 'Object Repository/Page_2GrowHr - Menu_Report/Attentance mouseover' is clicked on

26-03-2024T10:03:19 - [TEST_STEP][PASSED] - delay(2): Delayed 2 second(s)

26-03-2024T10:03:21 - [MESSAGE][PASSED] - Delayed 2 second(s)

26-03-2024T10:03:21 - [TEST_STEP][PASSED] - click(findTestObject("Object Repository/Page_2GrowHr - Menu_Report/General Attendance Summary - Report")): Object: 'Object Repository/Page_2GrowHr - Menu_Report/General Attendance Summary - Report' is clicked on

26-03-2024T10:03:24 - [MESSAGE][PASSED] - Object: 'Object Repository/Page_2GrowHr - Menu_Report/General Attendance Summary - Report' is clicked on

26-03-2024T10:03:24 - [TEST_STEP][PASSED] - click(findTestObject("Object Repository/Page_2GrowHr - Menu_Report/Date selection field")): Object: 'Object Repository/Page_2GrowHr - Menu_Report/Date selection field' is clicked on

26-03-2024T10:03:24 - [MESSAGE][PASSED] - Object: 'Object Repository/Page_2GrowHr - Menu_Report/Date selection field' is clicked on

26-03-2024T10:03:24 - [TEST_STEP][PASSED] - setText(findTestObject("Object Repository/Page_2GrowHr - Menu_Report/Date selection field"), currentDateStr): Text '03/26/2024' is set on object 'Object Repository/Page_2GrowHr - Menu_Report/Date selection field'

26-03-2024T10:03:25 - [MESSAGE][PASSED] - Text '03/26/2024' is set on object 'Object Repository/Page_2GrowHr - Menu_Report/Date selection field'

26-03-2024T10:03:25 - [TEST_STEP][PASSED] - delay(2): Delayed 2 second(s)

26-03-2024T10:03:27 - [MESSAGE][PASSED] - Delayed 2 second(s)

26-03-2024T10:03:27 - [TEST_STEP][PASSED] - click(findTestObject("Object Repository/Page_2GrowHr - Menu_Report/Get Report button Day count attendance summary report")): Object: 'Object Repository/Page_2GrowHr - Menu_Report/Get Report button Day count attendance summary report' is clicked on

26-03-2024T10:03:28 - [MESSAGE][PASSED] - Object: 'Object Repository/Page_2GrowHr - Menu_Report/Get Report button Day count attendance summary report' is clicked on

26-03-2024T10:03:28 - [TEST_STEP][PASSED] - scrollToElement(findTestObject("Object Repository/Page_2GrowHr - Day Wise Report/Scroll to Page down"), 10): Scroll to object 'Object Repository/Page_2GrowHr - Day Wise Report/Scroll to Page down' successfully

26-03-2024T10:03:29 - [MESSAGE][PASSED] - Scroll to object 'Object Repository/Page_2GrowHr - Day Wise Report/Scroll to Page down' successfully

26-03-2024T10:03:29 - [TEST_STEP][PASSED] - delay(5): Delayed 5 second(s)

26-03-2024T10:03:34 - [MESSAGE][PASSED] - Delayed 5 second(s)

26-03-2024T10:03:34 - [TEST_STEP][PASSED] - closeBrowser(): Browser is closed

26-03-2024T10:03:34 - [MESSAGE][PASSED] - Browser is closed

26-03-2024T10:03:34 - [TEST_STEP][PASSED] - url = Data.getValue("URL", i): null

26-03-2024T10:03:34 - [TEST_STEP][PASSED] - username = Data.getValue("Username", i): null

26-03-2024T10:03:34 - [TEST_STEP][PASSED] - password = Data.getValue("Password", i): null

26-03-2024T10:03:34 - [TEST_STEP][PASSED] - checkinRemark = Data.getValue("CheckinRemark", i): null

26-03-2024T10:03:34 - [TEST_STEP][PASSED] - openBrowser(""): Browser is opened with url: ''

26-03-2024T10:03:34 - [MESSAGE][INFO] - Starting 'Chrome' driver

26-03-2024T10:03:34 - [MESSAGE][INFO] - Action delay is set to 0 milliseconds

26-03-2024T10:03:35 - [MESSAGE][PASSED] - Browser is opened with url: ''

26-03-2024T10:03:35 - [TEST_STEP][PASSED] - maximizeWindow(): Current window maximized

26-03-2024T10:03:35 - [MESSAGE][PASSED] - Current window maximized

26-03-2024T10:03:35 - [TEST_STEP][PASSED] - navigateToUrl(url): Navigate to 'http://testing.2growhr.io/' successfully

26-03-2024T10:03:37 - [MESSAGE][PASSED] - Navigate to 'http://testing.2growhr.io/' successfully

26-03-2024T10:03:37 - [TEST_STEP][PASSED] - setText(findTestObject("Object Repository/Page_2GrowHR - Login/UserName"), username): Text 'CBS0761' is set on object 'Object Repository/Page_2GrowHR - Login/UserName'

26-03-2024T10:03:38 - [MESSAGE][PASSED] - Text 'CBS0761' is set on object 'Object Repository/Page_2GrowHR - Login/UserName'

26-03-2024T10:03:38 - [TEST_STEP][PASSED] - setText(findTestObject("Object Repository/Page_2GrowHR - Login/Password"), password): Text '123' is set on object 'Object Repository/Page_2GrowHR - Login/Password'

26-03-2024T10:03:38 - [MESSAGE][PASSED] - Text '123' is set on object 'Object Repository/Page_2GrowHR - Login/Password'

26-03-2024T10:03:38 - [TEST_STEP][PASSED] - click(findTestObject("Object Repository/Page_2GrowHR - Login/Password - view icon")): Object: 'Object Repository/Page_2GrowHR - Login/Password - view icon' is clicked on

26-03-2024T10:03:39 - [MESSAGE][PASSED] - Object: 'Object Repository/Page_2GrowHR - Login/Password - view icon' is clicked on

26-03-2024T10:03:39 - [TEST_STEP][PASSED] - delay(2): Delayed 2 second(s)

26-03-2024T10:03:41 - [MESSAGE][PASSED] - Delayed 2 second(s)

26-03-2024T10:03:41 - [TEST_STEP][PASSED] - click(findTestObject("Object Repository/Page_2GrowHR - Login/Login Button")): Object: 'Object Repository/Page_2GrowHR - Login/Login Button' is clicked on

26-03-2024T10:03:51 - [MESSAGE][PASSED] - Object: 'Object Repository/Page_2GrowHR - Login/Login Button' is clicked on

26-03-2024T10:03:51 - [TEST_STEP][PASSED] - delay(2): Delayed 2 second(s)

26-03-2024T10:03:53 - [MESSAGE][PASSED] - Delayed 2 second(s)

26-03-2024T10:03:53 - [TEST_STEP][PASSED] - click(findTestObject("Object Repository/Page_2GrowHr - Dashboard/Checkin button BR")): Object: 'Object Repository/Page_2GrowHr - Dashboard/Checkin button BR' is clicked on

26-03-2024T10:03:54 - [MESSAGE][PASSED] - Object: 'Object Repository/Page_2GrowHr - Dashboard/Checkin button BR' is clicked on

26-03-2024T10:03:54 - [TEST_STEP][PASSED] - setText(findTestObject("Object Repository/Page_2GrowHr - Dashboard/Checkin remark"), checkinRemark): Text 'CheckinRemark' is set on object 'Object Repository/Page_2GrowHr - Dashboard/Checkin remark'

26-03-2024T10:03:56 - [MESSAGE][PASSED] - Text 'CheckinRemark' is set on object 'Object Repository/Page_2GrowHr - Dashboard/Checkin remark'

26-03-2024T10:03:56 - [TEST_STEP][PASSED] - delay(2): Delayed 2 second(s)

26-03-2024T10:03:58 - [MESSAGE][PASSED] - Delayed 2 second(s)

26-03-2024T10:03:58 - [TEST_STEP][PASSED] - click(findTestObject("Object Repository/Page_2GrowHr - Dashboard/Checkin button AR")): Object: 'Object Repository/Page_2GrowHr - Dashboard/Checkin button AR' is clicked on

26-03-2024T10:03:58 - [MESSAGE][PASSED] - Object: 'Object Repository/Page_2GrowHr - Dashboard/Checkin button AR' is clicked on

26-03-2024T10:03:58 - [TEST_STEP][PASSED] - delay(2): Delayed 2 second(s)

26-03-2024T10:04:00 - [MESSAGE][PASSED] - Delayed 2 second(s)

26-03-2024T10:04:00 - [TEST_STEP][PASSED] - click(findTestObject("Object Repository/Page_2GrowHr - Menu_Report/Attentance mouseover")): Object: 'Object Repository/Page_2GrowHr - Menu_Report/Attentance mouseover' is clicked on

26-03-2024T10:04:01 - [MESSAGE][PASSED] - Object: 'Object Repository/Page_2GrowHr - Menu_Report/Attentance mouseover' is clicked on

26-03-2024T10:04:01 - [TEST_STEP][PASSED] - delay(2): Delayed 2 second(s)

26-03-2024T10:04:03 - [MESSAGE][PASSED] - Delayed 2 second(s)

26-03-2024T10:04:03 - [TEST_STEP][PASSED] - click(findTestObject("Object Repository/Page_2GrowHr - Menu_Report/General Attendance Summary - Report")): Object: 'Object Repository/Page_2GrowHr - Menu_Report/General Attendance Summary - Report' is clicked on

26-03-2024T10:04:05 - [MESSAGE][PASSED] - Object: 'Object Repository/Page_2GrowHr - Menu_Report/General Attendance Summary - Report' is clicked on

26-03-2024T10:04:05 - [TEST_STEP][PASSED] - click(findTestObject("Object Repository/Page_2GrowHr - Menu_Report/Date selection field")): Object: 'Object Repository/Page_2GrowHr - Menu_Report/Date selection field' is clicked on

26-03-2024T10:04:06 - [MESSAGE][PASSED] - Object: 'Object Repository/Page_2GrowHr - Menu_Report/Date selection field' is clicked on

26-03-2024T10:04:06 - [TEST_STEP][PASSED] - setText(findTestObject("Object Repository/Page_2GrowHr - Menu_Report/Date selection field"), currentDateStr): Text '03/26/2024' is set on object 'Object Repository/Page_2GrowHr - Menu_Report/Date selection field'

26-03-2024T10:04:06 - [MESSAGE][PASSED] - Text '03/26/2024' is set on object 'Object Repository/Page_2GrowHr - Menu_Report/Date selection field'

26-03-2024T10:04:06 - [TEST_STEP][PASSED] - delay(2): Delayed 2 second(s)

26-03-2024T10:04:08 - [MESSAGE][PASSED] - Delayed 2 second(s)

26-03-2024T10:04:08 - [TEST_STEP][PASSED] - click(findTestObject("Object Repository/Page_2GrowHr - Menu_Report/Get Report button Day count attendance summary report")): Object: 'Object Repository/Page_2GrowHr - Menu_Report/Get Report button Day count attendance summary report' is clicked on

26-03-2024T10:04:09 - [MESSAGE][PASSED] - Object: 'Object Repository/Page_2GrowHr - Menu_Report/Get Report button Day count attendance summary report' is clicked on

26-03-2024T10:04:09 - [TEST_STEP][PASSED] - scrollToElement(findTestObject("Object Repository/Page_2GrowHr - Day Wise Report/Scroll to Page down"), 10): Scroll to object 'Object Repository/Page_2GrowHr - Day Wise Report/Scroll to Page down' successfully

26-03-2024T10:04:10 - [MESSAGE][PASSED] - Scroll to object 'Object Repository/Page_2GrowHr - Day Wise Report/Scroll to Page down' successfully

26-03-2024T10:04:10 - [TEST_STEP][PASSED] - delay(5): Delayed 5 second(s)

26-03-2024T10:04:15 - [MESSAGE][PASSED] - Delayed 5 second(s)

26-03-2024T10:04:15 - [TEST_STEP][PASSED] - closeBrowser(): Browser is closed

26-03-2024T10:04:15 - [MESSAGE][PASSED] - Browser is closed]]></system-out>
         <system-err><![CDATA[]]></system-err>
      </testcase>
      <system-out><![CDATA[26-03-2024T10:00:50 - [TEST_SUITE][PASSED] - Login and Checkin: Test Cases/Login and do checkin]]></system-out>
      <system-err><![CDATA[]]></system-err>
   </testsuite>
</testsuites>
