<?xml version="1.0" encoding="UTF-8"?>
<testsuites name="Apply OD and Checkin" time="180.872" tests="1" failures="0" errors="0">
   <testsuite name="Apply OD and Checkin" tests="1" failures="0" errors="0" time="180.872" skipped="0" timestamp="13-03-2024T17:50:06" hostname="91957 - Lead-Force-CRM" id="Test Suites/Apply OD and Checkin">
      <properties>
         <property name="deviceName" value=""/>
         <property name="devicePlatform" value=""/>
         <property name="logFolder" value="C:\\Users\\91957\\Desktop\\Automation Testing - Katalon\\Payroll Web\\Reports\\20240313_174102\\Apply OD and Checkin\\20240313_174107"/>
         <property name="logFiles" value="C:\\Users\\91957\\Desktop\\Automation Testing - Katalon\\Payroll Web\\Reports\\20240313_174102\\Apply OD and Checkin\\20240313_174107\\execution0.log"/>
         <property name="attachments" value=""/>
         <property name="hostName" value="91957 - Lead-Force-CRM"/>
         <property name="os" value="Windows 11 64bit"/>
         <property name="katalonVersion" value="9.3.0.212"/>
         <property name="browser" value="Chrome 122.0.0.0"/>
         <property name="hostAddress" value="192.168.29.70"/>
         <property name="sessionId" value="0ee8e743911d910feb919c0545459278"/>
         <property name="seleniumVersion" value="3.141.59"/>
         <property name="proxyInformation" value="ProxyInformation { proxyOption=NO_PROXY, proxyServerType=HTTP, username=, password=********, proxyServerAddress=, proxyServerPort=0, executionList=&quot;&quot;, isApplyToDesiredCapabilities=true }"/>
         <property name="platform" value="Windows 11"/>
      </properties>
      <testcase name="Test Cases/Apply OD and Checkin" time="180.732" classname="Test Cases/Apply OD and Checkin" status="PASSED">
         <system-out><![CDATA[13-03-2024T17:50:06 - [TEST_CASE][PASSED] - Test Cases/Apply OD and Checkin: Test Cases/Apply OD and Checkin

13-03-2024T17:50:06 - [TEST_STEP][PASSED] - Data = findTestData("Apply OD and Checkin"): null

13-03-2024T17:50:07 - [TEST_STEP][PASSED] - dateFormat = new java.text.SimpleDateFormat(MM/dd/yyyy): null

13-03-2024T17:50:07 - [TEST_STEP][PASSED] - currentDate = getInstance().getTime(): null

13-03-2024T17:50:07 - [TEST_STEP][PASSED] - currentDateStr = dateFormat.format(currentDate): null

13-03-2024T17:50:07 - [TEST_STEP][PASSED] - for ([i = 1, i <= Data.getRowNumbers(), (i++)]): Browser is closed

13-03-2024T17:50:07 - [TEST_STEP][PASSED] - url = Data.getValue("URL", i): null

13-03-2024T17:50:07 - [TEST_STEP][PASSED] - username = Data.getValue("Username", i): null

13-03-2024T17:50:07 - [TEST_STEP][PASSED] - password = Data.getValue("Password", i): null

13-03-2024T17:50:07 - [TEST_STEP][PASSED] - checkinRemark = Data.getValue("CheckinRemark", i): null

13-03-2024T17:50:07 - [TEST_STEP][PASSED] - ODRemark = Data.getValue("ODRemark", i): null

13-03-2024T17:50:07 - [TEST_STEP][PASSED] - openBrowser(""): Browser is opened with url: ''

13-03-2024T17:50:07 - [MESSAGE][INFO] - Starting 'Chrome' driver

13-03-2024T17:50:07 - [MESSAGE][INFO] - Action delay is set to 0 milliseconds

13-03-2024T17:50:08 - [MESSAGE][PASSED] - Browser is opened with url: ''

13-03-2024T17:50:08 - [TEST_STEP][PASSED] - maximizeWindow(): Current window maximized

13-03-2024T17:50:08 - [MESSAGE][PASSED] - Current window maximized

13-03-2024T17:50:08 - [TEST_STEP][PASSED] - navigateToUrl(url): Navigate to 'http://testing.2growhr.io/' successfully

13-03-2024T17:50:19 - [MESSAGE][PASSED] - Navigate to 'http://testing.2growhr.io/' successfully

13-03-2024T17:50:19 - [TEST_STEP][PASSED] - setText(findTestObject("Object Repository/Page_2GrowHR - Login/UserName"), username): Text 'CBS1665' is set on object 'Object Repository/Page_2GrowHR - Login/UserName'

13-03-2024T17:50:20 - [MESSAGE][PASSED] - Text 'CBS1665' is set on object 'Object Repository/Page_2GrowHR - Login/UserName'

13-03-2024T17:50:20 - [TEST_STEP][PASSED] - setText(findTestObject("Object Repository/Page_2GrowHR - Login/Password"), password): Text '123' is set on object 'Object Repository/Page_2GrowHR - Login/Password'

13-03-2024T17:50:21 - [MESSAGE][PASSED] - Text '123' is set on object 'Object Repository/Page_2GrowHR - Login/Password'

13-03-2024T17:50:21 - [TEST_STEP][PASSED] - click(findTestObject("Object Repository/Page_2GrowHR - Login/Password - view icon")): Object: 'Object Repository/Page_2GrowHR - Login/Password - view icon' is clicked on

13-03-2024T17:50:21 - [MESSAGE][PASSED] - Object: 'Object Repository/Page_2GrowHR - Login/Password - view icon' is clicked on

13-03-2024T17:50:21 - [TEST_STEP][PASSED] - delay(2): Delayed 2 second(s)

13-03-2024T17:50:23 - [MESSAGE][PASSED] - Delayed 2 second(s)

13-03-2024T17:50:23 - [TEST_STEP][PASSED] - click(findTestObject("Object Repository/Page_2GrowHR - Login/Login Button")): Object: 'Object Repository/Page_2GrowHR - Login/Login Button' is clicked on

13-03-2024T17:50:42 - [MESSAGE][PASSED] - Object: 'Object Repository/Page_2GrowHR - Login/Login Button' is clicked on

13-03-2024T17:50:42 - [TEST_STEP][PASSED] - delay(3): Delayed 3 second(s)

13-03-2024T17:50:45 - [MESSAGE][PASSED] - Delayed 3 second(s)

13-03-2024T17:50:45 - [TEST_STEP][PASSED] - click(findTestObject("Object Repository/Page_2GrowHr - Dashboard/On Duty button")): Object: 'Object Repository/Page_2GrowHr - Dashboard/On Duty button' is clicked on

13-03-2024T17:50:45 - [MESSAGE][PASSED] - Object: 'Object Repository/Page_2GrowHr - Dashboard/On Duty button' is clicked on

13-03-2024T17:50:45 - [TEST_STEP][PASSED] - click(findTestObject("Object Repository/Page_2GrowHr - Dashboard/OD date selection")): Object: 'Object Repository/Page_2GrowHr - Dashboard/OD date selection' is clicked on

13-03-2024T17:50:46 - [MESSAGE][PASSED] - Object: 'Object Repository/Page_2GrowHr - Dashboard/OD date selection' is clicked on

13-03-2024T17:50:46 - [TEST_STEP][PASSED] - setText(findTestObject("Object Repository/Page_2GrowHr - Dashboard/OD date selection"), currentDateStr): Text '03/13/2024' is set on object 'Object Repository/Page_2GrowHr - Dashboard/OD date selection'

13-03-2024T17:50:48 - [MESSAGE][PASSED] - Text '03/13/2024' is set on object 'Object Repository/Page_2GrowHr - Dashboard/OD date selection'

13-03-2024T17:50:48 - [TEST_STEP][PASSED] - click(findTestObject("Object Repository/Page_2GrowHr - Dashboard/img__img-fluid week_calender_icon dp_align_OD")): Object: 'Object Repository/Page_2GrowHr - Dashboard/img__img-fluid week_calender_icon dp_align_OD' is clicked on

13-03-2024T17:50:48 - [MESSAGE][PASSED] - Object: 'Object Repository/Page_2GrowHr - Dashboard/img__img-fluid week_calender_icon dp_align_OD' is clicked on

13-03-2024T17:50:48 - [TEST_STEP][PASSED] - setText(findTestObject("Object Repository/Page_2GrowHr - Dashboard/OD Remarks"), ODRemark): Text 'OD Applied' is set on object 'Object Repository/Page_2GrowHr - Dashboard/OD Remarks'

13-03-2024T17:50:49 - [MESSAGE][PASSED] - Text 'OD Applied' is set on object 'Object Repository/Page_2GrowHr - Dashboard/OD Remarks'

13-03-2024T17:50:49 - [TEST_STEP][PASSED] - delay(3): Delayed 3 second(s)

13-03-2024T17:50:52 - [MESSAGE][PASSED] - Delayed 3 second(s)

13-03-2024T17:50:52 - [TEST_STEP][PASSED] - click(findTestObject("Object Repository/Page_2GrowHr - Dashboard/OD Save button")): Object: 'Object Repository/Page_2GrowHr - Dashboard/OD Save button' is clicked on

13-03-2024T17:50:54 - [MESSAGE][PASSED] - Object: 'Object Repository/Page_2GrowHr - Dashboard/OD Save button' is clicked on

13-03-2024T17:50:54 - [TEST_STEP][PASSED] - delay(5): Delayed 5 second(s)

13-03-2024T17:50:59 - [MESSAGE][PASSED] - Delayed 5 second(s)

13-03-2024T17:50:59 - [TEST_STEP][PASSED] - click(findTestObject("Object Repository/Page_2GrowHr - Dashboard/Checkin button BR")): Object: 'Object Repository/Page_2GrowHr - Dashboard/Checkin button BR' is clicked on

13-03-2024T17:51:00 - [MESSAGE][PASSED] - Object: 'Object Repository/Page_2GrowHr - Dashboard/Checkin button BR' is clicked on

13-03-2024T17:51:00 - [TEST_STEP][PASSED] - setText(findTestObject("Object Repository/Page_2GrowHr - Dashboard/Checkin remark"), checkinRemark + " " + currentDateStr): Text 'OD CheckinRemark 03/13/2024' is set on object 'Object Repository/Page_2GrowHr - Dashboard/Checkin remark'

13-03-2024T17:51:02 - [MESSAGE][PASSED] - Text 'OD CheckinRemark 03/13/2024' is set on object 'Object Repository/Page_2GrowHr - Dashboard/Checkin remark'

13-03-2024T17:51:02 - [TEST_STEP][PASSED] - delay(3): Delayed 3 second(s)

13-03-2024T17:51:05 - [MESSAGE][PASSED] - Delayed 3 second(s)

13-03-2024T17:51:05 - [TEST_STEP][PASSED] - click(findTestObject("Object Repository/Page_2GrowHr - Dashboard/Checkin button AR")): Object: 'Object Repository/Page_2GrowHr - Dashboard/Checkin button AR' is clicked on

13-03-2024T17:51:05 - [MESSAGE][PASSED] - Object: 'Object Repository/Page_2GrowHr - Dashboard/Checkin button AR' is clicked on

13-03-2024T17:51:05 - [TEST_STEP][PASSED] - delay(5): Delayed 5 second(s)

13-03-2024T17:51:10 - [MESSAGE][PASSED] - Delayed 5 second(s)

13-03-2024T17:51:10 - [TEST_STEP][PASSED] - click(findTestObject("Object Repository/Page_2GrowHr - Menu_Report/Attentance mouseover")): Object: 'Object Repository/Page_2GrowHr - Menu_Report/Attentance mouseover' is clicked on

13-03-2024T17:51:11 - [MESSAGE][PASSED] - Object: 'Object Repository/Page_2GrowHr - Menu_Report/Attentance mouseover' is clicked on

13-03-2024T17:51:11 - [TEST_STEP][PASSED] - delay(3): Delayed 3 second(s)

13-03-2024T17:51:14 - [MESSAGE][PASSED] - Delayed 3 second(s)

13-03-2024T17:51:14 - [TEST_STEP][PASSED] - click(findTestObject("Object Repository/Page_2GrowHr - Menu_Report/Day Count Attendance Summary report")): Object: 'Object Repository/Page_2GrowHr - Menu_Report/Day Count Attendance Summary report' is clicked on

13-03-2024T17:51:16 - [MESSAGE][PASSED] - Object: 'Object Repository/Page_2GrowHr - Menu_Report/Day Count Attendance Summary report' is clicked on

13-03-2024T17:51:16 - [TEST_STEP][PASSED] - click(findTestObject("Object Repository/Page_2GrowHr - Real Time Report/Select Date range field day count attendance report")): Object: 'Object Repository/Page_2GrowHr - Real Time Report/Select Date range field day count attendance report' is clicked on

13-03-2024T17:51:18 - [MESSAGE][PASSED] - Object: 'Object Repository/Page_2GrowHr - Real Time Report/Select Date range field day count attendance report' is clicked on

13-03-2024T17:51:18 - [TEST_STEP][PASSED] - delay(2): Delayed 2 second(s)

13-03-2024T17:51:20 - [MESSAGE][PASSED] - Delayed 2 second(s)

13-03-2024T17:51:20 - [TEST_STEP][PASSED] - click(findTestObject("Object Repository/Page_2GrowHr - Real Time Report/Today")): Object: 'Object Repository/Page_2GrowHr - Real Time Report/Today' is clicked on

13-03-2024T17:51:21 - [MESSAGE][PASSED] - Object: 'Object Repository/Page_2GrowHr - Real Time Report/Today' is clicked on

13-03-2024T17:51:21 - [TEST_STEP][PASSED] - click(findTestObject("Object Repository/Page_2GrowHr - Real Time Report/Get Report button")): Object: 'Object Repository/Page_2GrowHr - Real Time Report/Get Report button' is clicked on

13-03-2024T17:51:21 - [MESSAGE][PASSED] - Object: 'Object Repository/Page_2GrowHr - Real Time Report/Get Report button' is clicked on

13-03-2024T17:51:21 - [TEST_STEP][PASSED] - delay(3): Delayed 3 second(s)

13-03-2024T17:51:24 - [MESSAGE][PASSED] - Delayed 3 second(s)

13-03-2024T17:51:24 - [TEST_STEP][PASSED] - linkElement = getWebDriver().findElement(By.xpath("//*[@id="datatable"]/tbody/tr/td[2]/a")): null

13-03-2024T17:51:25 - [TEST_STEP][PASSED] - linkElement.click(): null

13-03-2024T17:51:25 - [TEST_STEP][PASSED] - delay(10): Delayed 10 second(s)

13-03-2024T17:51:35 - [MESSAGE][PASSED] - Delayed 10 second(s)

13-03-2024T17:51:35 - [TEST_STEP][PASSED] - closeBrowser(): Browser is closed

13-03-2024T17:51:35 - [MESSAGE][PASSED] - Browser is closed

13-03-2024T17:51:35 - [TEST_STEP][PASSED] - url = Data.getValue("URL", i): null

13-03-2024T17:51:35 - [TEST_STEP][PASSED] - username = Data.getValue("Username", i): null

13-03-2024T17:51:35 - [TEST_STEP][PASSED] - password = Data.getValue("Password", i): null

13-03-2024T17:51:35 - [TEST_STEP][PASSED] - checkinRemark = Data.getValue("CheckinRemark", i): null

13-03-2024T17:51:35 - [TEST_STEP][PASSED] - ODRemark = Data.getValue("ODRemark", i): null

13-03-2024T17:51:35 - [TEST_STEP][PASSED] - openBrowser(""): Browser is opened with url: ''

13-03-2024T17:51:35 - [MESSAGE][INFO] - Starting 'Chrome' driver

13-03-2024T17:51:35 - [MESSAGE][INFO] - Action delay is set to 0 milliseconds

13-03-2024T17:51:36 - [MESSAGE][PASSED] - Browser is opened with url: ''

13-03-2024T17:51:36 - [TEST_STEP][PASSED] - maximizeWindow(): Current window maximized

13-03-2024T17:51:36 - [MESSAGE][PASSED] - Current window maximized

13-03-2024T17:51:36 - [TEST_STEP][PASSED] - navigateToUrl(url): Navigate to 'http://testing.2growhr.io/' successfully

13-03-2024T17:51:50 - [MESSAGE][PASSED] - Navigate to 'http://testing.2growhr.io/' successfully

13-03-2024T17:51:50 - [TEST_STEP][PASSED] - setText(findTestObject("Object Repository/Page_2GrowHR - Login/UserName"), username): Text 'CBS0499' is set on object 'Object Repository/Page_2GrowHR - Login/UserName'

13-03-2024T17:51:51 - [MESSAGE][PASSED] - Text 'CBS0499' is set on object 'Object Repository/Page_2GrowHR - Login/UserName'

13-03-2024T17:51:51 - [TEST_STEP][PASSED] - setText(findTestObject("Object Repository/Page_2GrowHR - Login/Password"), password): Text '123' is set on object 'Object Repository/Page_2GrowHR - Login/Password'

13-03-2024T17:51:51 - [MESSAGE][PASSED] - Text '123' is set on object 'Object Repository/Page_2GrowHR - Login/Password'

13-03-2024T17:51:51 - [TEST_STEP][PASSED] - click(findTestObject("Object Repository/Page_2GrowHR - Login/Password - view icon")): Object: 'Object Repository/Page_2GrowHR - Login/Password - view icon' is clicked on

13-03-2024T17:51:52 - [MESSAGE][PASSED] - Object: 'Object Repository/Page_2GrowHR - Login/Password - view icon' is clicked on

13-03-2024T17:51:52 - [TEST_STEP][PASSED] - delay(2): Delayed 2 second(s)

13-03-2024T17:51:54 - [MESSAGE][PASSED] - Delayed 2 second(s)

13-03-2024T17:51:54 - [TEST_STEP][PASSED] - click(findTestObject("Object Repository/Page_2GrowHR - Login/Login Button")): Object: 'Object Repository/Page_2GrowHR - Login/Login Button' is clicked on

13-03-2024T17:52:10 - [MESSAGE][PASSED] - Object: 'Object Repository/Page_2GrowHR - Login/Login Button' is clicked on

13-03-2024T17:52:10 - [TEST_STEP][PASSED] - delay(3): Delayed 3 second(s)

13-03-2024T17:52:13 - [MESSAGE][PASSED] - Delayed 3 second(s)

13-03-2024T17:52:13 - [TEST_STEP][PASSED] - click(findTestObject("Object Repository/Page_2GrowHr - Dashboard/On Duty button")): Object: 'Object Repository/Page_2GrowHr - Dashboard/On Duty button' is clicked on

13-03-2024T17:52:14 - [MESSAGE][PASSED] - Object: 'Object Repository/Page_2GrowHr - Dashboard/On Duty button' is clicked on

13-03-2024T17:52:14 - [TEST_STEP][PASSED] - click(findTestObject("Object Repository/Page_2GrowHr - Dashboard/OD date selection")): Object: 'Object Repository/Page_2GrowHr - Dashboard/OD date selection' is clicked on

13-03-2024T17:52:15 - [MESSAGE][PASSED] - Object: 'Object Repository/Page_2GrowHr - Dashboard/OD date selection' is clicked on

13-03-2024T17:52:15 - [TEST_STEP][PASSED] - setText(findTestObject("Object Repository/Page_2GrowHr - Dashboard/OD date selection"), currentDateStr): Text '03/13/2024' is set on object 'Object Repository/Page_2GrowHr - Dashboard/OD date selection'

13-03-2024T17:52:16 - [MESSAGE][PASSED] - Text '03/13/2024' is set on object 'Object Repository/Page_2GrowHr - Dashboard/OD date selection'

13-03-2024T17:52:16 - [TEST_STEP][PASSED] - click(findTestObject("Object Repository/Page_2GrowHr - Dashboard/img__img-fluid week_calender_icon dp_align_OD")): Object: 'Object Repository/Page_2GrowHr - Dashboard/img__img-fluid week_calender_icon dp_align_OD' is clicked on

13-03-2024T17:52:16 - [MESSAGE][PASSED] - Object: 'Object Repository/Page_2GrowHr - Dashboard/img__img-fluid week_calender_icon dp_align_OD' is clicked on

13-03-2024T17:52:16 - [TEST_STEP][PASSED] - setText(findTestObject("Object Repository/Page_2GrowHr - Dashboard/OD Remarks"), ODRemark): Text 'OD Applied' is set on object 'Object Repository/Page_2GrowHr - Dashboard/OD Remarks'

13-03-2024T17:52:17 - [MESSAGE][PASSED] - Text 'OD Applied' is set on object 'Object Repository/Page_2GrowHr - Dashboard/OD Remarks'

13-03-2024T17:52:17 - [TEST_STEP][PASSED] - delay(3): Delayed 3 second(s)

13-03-2024T17:52:20 - [MESSAGE][PASSED] - Delayed 3 second(s)

13-03-2024T17:52:20 - [TEST_STEP][PASSED] - click(findTestObject("Object Repository/Page_2GrowHr - Dashboard/OD Save button")): Object: 'Object Repository/Page_2GrowHr - Dashboard/OD Save button' is clicked on

13-03-2024T17:52:23 - [MESSAGE][PASSED] - Object: 'Object Repository/Page_2GrowHr - Dashboard/OD Save button' is clicked on

13-03-2024T17:52:23 - [TEST_STEP][PASSED] - delay(5): Delayed 5 second(s)

13-03-2024T17:52:28 - [MESSAGE][PASSED] - Delayed 5 second(s)

13-03-2024T17:52:28 - [TEST_STEP][PASSED] - click(findTestObject("Object Repository/Page_2GrowHr - Dashboard/Checkin button BR")): Object: 'Object Repository/Page_2GrowHr - Dashboard/Checkin button BR' is clicked on

13-03-2024T17:52:30 - [MESSAGE][PASSED] - Object: 'Object Repository/Page_2GrowHr - Dashboard/Checkin button BR' is clicked on

13-03-2024T17:52:30 - [TEST_STEP][PASSED] - setText(findTestObject("Object Repository/Page_2GrowHr - Dashboard/Checkin remark"), checkinRemark + " " + currentDateStr): Text 'OD CheckinRemark 03/13/2024' is set on object 'Object Repository/Page_2GrowHr - Dashboard/Checkin remark'

13-03-2024T17:52:31 - [MESSAGE][PASSED] - Text 'OD CheckinRemark 03/13/2024' is set on object 'Object Repository/Page_2GrowHr - Dashboard/Checkin remark'

13-03-2024T17:52:31 - [TEST_STEP][PASSED] - delay(3): Delayed 3 second(s)

13-03-2024T17:52:34 - [MESSAGE][PASSED] - Delayed 3 second(s)

13-03-2024T17:52:34 - [TEST_STEP][PASSED] - click(findTestObject("Object Repository/Page_2GrowHr - Dashboard/Checkin button AR")): Object: 'Object Repository/Page_2GrowHr - Dashboard/Checkin button AR' is clicked on

13-03-2024T17:52:35 - [MESSAGE][PASSED] - Object: 'Object Repository/Page_2GrowHr - Dashboard/Checkin button AR' is clicked on

13-03-2024T17:52:35 - [TEST_STEP][PASSED] - delay(5): Delayed 5 second(s)

13-03-2024T17:52:40 - [MESSAGE][PASSED] - Delayed 5 second(s)

13-03-2024T17:52:40 - [TEST_STEP][PASSED] - click(findTestObject("Object Repository/Page_2GrowHr - Menu_Report/Attentance mouseover")): Object: 'Object Repository/Page_2GrowHr - Menu_Report/Attentance mouseover' is clicked on

13-03-2024T17:52:41 - [MESSAGE][PASSED] - Object: 'Object Repository/Page_2GrowHr - Menu_Report/Attentance mouseover' is clicked on

13-03-2024T17:52:41 - [TEST_STEP][PASSED] - delay(3): Delayed 3 second(s)

13-03-2024T17:52:44 - [MESSAGE][PASSED] - Delayed 3 second(s)

13-03-2024T17:52:44 - [TEST_STEP][PASSED] - click(findTestObject("Object Repository/Page_2GrowHr - Menu_Report/Day Count Attendance Summary report")): Object: 'Object Repository/Page_2GrowHr - Menu_Report/Day Count Attendance Summary report' is clicked on

13-03-2024T17:52:47 - [MESSAGE][PASSED] - Object: 'Object Repository/Page_2GrowHr - Menu_Report/Day Count Attendance Summary report' is clicked on

13-03-2024T17:52:47 - [TEST_STEP][PASSED] - click(findTestObject("Object Repository/Page_2GrowHr - Real Time Report/Select Date range field day count attendance report")): Object: 'Object Repository/Page_2GrowHr - Real Time Report/Select Date range field day count attendance report' is clicked on

13-03-2024T17:52:50 - [MESSAGE][PASSED] - Object: 'Object Repository/Page_2GrowHr - Real Time Report/Select Date range field day count attendance report' is clicked on

13-03-2024T17:52:50 - [TEST_STEP][PASSED] - delay(2): Delayed 2 second(s)

13-03-2024T17:52:52 - [MESSAGE][PASSED] - Delayed 2 second(s)

13-03-2024T17:52:52 - [TEST_STEP][PASSED] - click(findTestObject("Object Repository/Page_2GrowHr - Real Time Report/Today")): Object: 'Object Repository/Page_2GrowHr - Real Time Report/Today' is clicked on

13-03-2024T17:52:52 - [MESSAGE][PASSED] - Object: 'Object Repository/Page_2GrowHr - Real Time Report/Today' is clicked on

13-03-2024T17:52:52 - [TEST_STEP][PASSED] - click(findTestObject("Object Repository/Page_2GrowHr - Real Time Report/Get Report button")): Object: 'Object Repository/Page_2GrowHr - Real Time Report/Get Report button' is clicked on

13-03-2024T17:52:53 - [MESSAGE][PASSED] - Object: 'Object Repository/Page_2GrowHr - Real Time Report/Get Report button' is clicked on

13-03-2024T17:52:53 - [TEST_STEP][PASSED] - delay(3): Delayed 3 second(s)

13-03-2024T17:52:56 - [MESSAGE][PASSED] - Delayed 3 second(s)

13-03-2024T17:52:56 - [TEST_STEP][PASSED] - linkElement = getWebDriver().findElement(By.xpath("//*[@id="datatable"]/tbody/tr/td[2]/a")): null

13-03-2024T17:52:56 - [TEST_STEP][PASSED] - linkElement.click(): null

13-03-2024T17:52:56 - [TEST_STEP][PASSED] - delay(10): Delayed 10 second(s)

13-03-2024T17:53:06 - [MESSAGE][PASSED] - Delayed 10 second(s)

13-03-2024T17:53:06 - [TEST_STEP][PASSED] - closeBrowser(): Browser is closed

13-03-2024T17:53:06 - [MESSAGE][PASSED] - Browser is closed]]></system-out>
         <system-err><![CDATA[]]></system-err>
      </testcase>
      <system-out><![CDATA[13-03-2024T17:50:06 - [TEST_SUITE][PASSED] - Apply OD and Checkin: Test Cases/Apply OD and Checkin]]></system-out>
      <system-err><![CDATA[]]></system-err>
   </testsuite>
</testsuites>
