<?xml version="1.0" encoding="UTF-8"?>
<testsuites name="Login and Checkin" time="368.398" tests="1" failures="0" errors="0">
   <testsuite name="Login and Checkin" tests="1" failures="0" errors="0" time="368.398" skipped="0" timestamp="18-03-2024T14:13:46" hostname="91957 - Lead-Force-CRM" id="Test Suites/Login and Checkin">
      <properties>
         <property name="deviceName" value=""/>
         <property name="devicePlatform" value=""/>
         <property name="logFolder" value="C:\\Users\\91957\\Desktop\\Automation Testing - Katalon\\Payroll Web\\Reports\\20240318_141337\\Login and Checkin\\20240318_141338"/>
         <property name="logFiles" value="C:\\Users\\91957\\Desktop\\Automation Testing - Katalon\\Payroll Web\\Reports\\20240318_141337\\Login and Checkin\\20240318_141338\\execution0.log"/>
         <property name="attachments" value=""/>
         <property name="hostName" value="91957 - Lead-Force-CRM"/>
         <property name="os" value="Windows 11 64bit"/>
         <property name="katalonVersion" value="9.3.0.212"/>
         <property name="browser" value="Chrome 122.0.0.0"/>
         <property name="hostAddress" value="192.168.29.70"/>
         <property name="sessionId" value="7f98087a5554adcf41e0750ff5515529"/>
         <property name="seleniumVersion" value="3.141.59"/>
         <property name="proxyInformation" value="ProxyInformation { proxyOption=NO_PROXY, proxyServerType=HTTP, username=, password=********, proxyServerAddress=, proxyServerPort=0, executionList=&quot;&quot;, isApplyToDesiredCapabilities=true }"/>
         <property name="platform" value="Windows 11"/>
      </properties>
      <testcase name="Test Cases/Login and do checkin" time="368.23" classname="Test Cases/Login and do checkin" status="PASSED">
         <system-out><![CDATA[18-03-2024T14:13:46 - [TEST_CASE][PASSED] - Test Cases/Login and do checkin: Test Cases/Login and do checkin

18-03-2024T14:13:47 - [TEST_STEP][PASSED] - Data = findTestData("Login and Checkin"): null

18-03-2024T14:13:47 - [TEST_STEP][PASSED] - dateFormat = new java.text.SimpleDateFormat(MM/dd/yyyy): null

18-03-2024T14:13:47 - [TEST_STEP][PASSED] - currentDate = getInstance().getTime(): null

18-03-2024T14:13:47 - [TEST_STEP][PASSED] - currentDateStr = dateFormat.format(currentDate): null

18-03-2024T14:13:47 - [TEST_STEP][PASSED] - for ([i = 1, i <= Data.getRowNumbers(), (i++)]): Browser is closed

18-03-2024T14:13:47 - [TEST_STEP][PASSED] - url = Data.getValue("URL", i): null

18-03-2024T14:13:47 - [TEST_STEP][PASSED] - username = Data.getValue("Username", i): null

18-03-2024T14:13:47 - [TEST_STEP][PASSED] - password = Data.getValue("Password", i): null

18-03-2024T14:13:47 - [TEST_STEP][PASSED] - checkinRemark = Data.getValue("CheckinRemark", i): null

18-03-2024T14:13:47 - [TEST_STEP][PASSED] - openBrowser(""): Browser is opened with url: ''

18-03-2024T14:13:48 - [MESSAGE][INFO] - Starting 'Chrome' driver

18-03-2024T14:13:48 - [MESSAGE][INFO] - Action delay is set to 0 milliseconds

18-03-2024T14:13:51 - [MESSAGE][PASSED] - Browser is opened with url: ''

18-03-2024T14:13:51 - [TEST_STEP][PASSED] - maximizeWindow(): Current window maximized

18-03-2024T14:13:52 - [MESSAGE][PASSED] - Current window maximized

18-03-2024T14:13:52 - [TEST_STEP][PASSED] - navigateToUrl(url): Navigate to 'http://testing.2growhr.io/' successfully

18-03-2024T14:13:55 - [MESSAGE][PASSED] - Navigate to 'http://testing.2growhr.io/' successfully

18-03-2024T14:13:55 - [TEST_STEP][PASSED] - setText(findTestObject("Object Repository/Page_2GrowHR - Login/UserName"), username): Text 'Yashik' is set on object 'Object Repository/Page_2GrowHR - Login/UserName'

18-03-2024T14:13:56 - [MESSAGE][PASSED] - Text 'Yashik' is set on object 'Object Repository/Page_2GrowHR - Login/UserName'

18-03-2024T14:13:56 - [TEST_STEP][PASSED] - setText(findTestObject("Object Repository/Page_2GrowHR - Login/Password"), password): Text '123' is set on object 'Object Repository/Page_2GrowHR - Login/Password'

18-03-2024T14:13:58 - [MESSAGE][PASSED] - Text '123' is set on object 'Object Repository/Page_2GrowHR - Login/Password'

18-03-2024T14:13:58 - [TEST_STEP][PASSED] - click(findTestObject("Object Repository/Page_2GrowHR - Login/Password - view icon")): Object: 'Object Repository/Page_2GrowHR - Login/Password - view icon' is clicked on

18-03-2024T14:14:00 - [MESSAGE][PASSED] - Object: 'Object Repository/Page_2GrowHR - Login/Password - view icon' is clicked on

18-03-2024T14:14:00 - [TEST_STEP][PASSED] - delay(2): Delayed 2 second(s)

18-03-2024T14:14:02 - [MESSAGE][PASSED] - Delayed 2 second(s)

18-03-2024T14:14:02 - [TEST_STEP][PASSED] - click(findTestObject("Object Repository/Page_2GrowHR - Login/Login Button")): Object: 'Object Repository/Page_2GrowHR - Login/Login Button' is clicked on

18-03-2024T14:14:21 - [MESSAGE][PASSED] - Object: 'Object Repository/Page_2GrowHR - Login/Login Button' is clicked on

18-03-2024T14:14:21 - [TEST_STEP][PASSED] - delay(3): Delayed 3 second(s)

18-03-2024T14:14:24 - [MESSAGE][PASSED] - Delayed 3 second(s)

18-03-2024T14:14:24 - [TEST_STEP][PASSED] - click(findTestObject("Object Repository/Page_2GrowHr - Dashboard/Checkin button BR")): Object: 'Object Repository/Page_2GrowHr - Dashboard/Checkin button BR' is clicked on

18-03-2024T14:14:25 - [MESSAGE][PASSED] - Object: 'Object Repository/Page_2GrowHr - Dashboard/Checkin button BR' is clicked on

18-03-2024T14:14:25 - [TEST_STEP][PASSED] - setText(findTestObject("Object Repository/Page_2GrowHr - Dashboard/Checkin remark"), checkinRemark): Text 'CheckinRemark' is set on object 'Object Repository/Page_2GrowHr - Dashboard/Checkin remark'

18-03-2024T14:14:29 - [MESSAGE][PASSED] - Text 'CheckinRemark' is set on object 'Object Repository/Page_2GrowHr - Dashboard/Checkin remark'

18-03-2024T14:14:29 - [TEST_STEP][PASSED] - delay(3): Delayed 3 second(s)

18-03-2024T14:14:32 - [MESSAGE][PASSED] - Delayed 3 second(s)

18-03-2024T14:14:32 - [TEST_STEP][PASSED] - click(findTestObject("Object Repository/Page_2GrowHr - Dashboard/Checkin button AR")): Object: 'Object Repository/Page_2GrowHr - Dashboard/Checkin button AR' is clicked on

18-03-2024T14:14:34 - [MESSAGE][PASSED] - Object: 'Object Repository/Page_2GrowHr - Dashboard/Checkin button AR' is clicked on

18-03-2024T14:14:34 - [TEST_STEP][PASSED] - delay(5): Delayed 5 second(s)

18-03-2024T14:14:39 - [MESSAGE][PASSED] - Delayed 5 second(s)

18-03-2024T14:14:39 - [TEST_STEP][PASSED] - click(findTestObject("Object Repository/Page_2GrowHr - Menu_Report/Attentance mouseover")): Object: 'Object Repository/Page_2GrowHr - Menu_Report/Attentance mouseover' is clicked on

18-03-2024T14:14:42 - [MESSAGE][PASSED] - Object: 'Object Repository/Page_2GrowHr - Menu_Report/Attentance mouseover' is clicked on

18-03-2024T14:14:42 - [TEST_STEP][PASSED] - delay(3): Delayed 3 second(s)

18-03-2024T14:14:45 - [MESSAGE][PASSED] - Delayed 3 second(s)

18-03-2024T14:14:45 - [TEST_STEP][PASSED] - click(findTestObject("Object Repository/Page_2GrowHr - Menu_Report/General Attendance Summary - Report")): Object: 'Object Repository/Page_2GrowHr - Menu_Report/General Attendance Summary - Report' is clicked on

18-03-2024T14:15:00 - [MESSAGE][PASSED] - Object: 'Object Repository/Page_2GrowHr - Menu_Report/General Attendance Summary - Report' is clicked on

18-03-2024T14:15:00 - [TEST_STEP][PASSED] - click(findTestObject("Object Repository/Page_2GrowHr - Menu_Report/Date selection field")): Object: 'Object Repository/Page_2GrowHr - Menu_Report/Date selection field' is clicked on

18-03-2024T14:15:02 - [MESSAGE][PASSED] - Object: 'Object Repository/Page_2GrowHr - Menu_Report/Date selection field' is clicked on

18-03-2024T14:15:02 - [TEST_STEP][PASSED] - setText(findTestObject("Object Repository/Page_2GrowHr - Menu_Report/Date selection field"), currentDateStr): Text '03/18/2024' is set on object 'Object Repository/Page_2GrowHr - Menu_Report/Date selection field'

18-03-2024T14:15:06 - [MESSAGE][PASSED] - Text '03/18/2024' is set on object 'Object Repository/Page_2GrowHr - Menu_Report/Date selection field'

18-03-2024T14:15:06 - [TEST_STEP][PASSED] - delay(3): Delayed 3 second(s)

18-03-2024T14:15:09 - [MESSAGE][PASSED] - Delayed 3 second(s)

18-03-2024T14:15:09 - [TEST_STEP][PASSED] - click(findTestObject("Object Repository/Page_2GrowHr - Menu_Report/Get Report button Day count attendance summary report")): Object: 'Object Repository/Page_2GrowHr - Menu_Report/Get Report button Day count attendance summary report' is clicked on

18-03-2024T14:15:11 - [MESSAGE][PASSED] - Object: 'Object Repository/Page_2GrowHr - Menu_Report/Get Report button Day count attendance summary report' is clicked on

18-03-2024T14:15:11 - [TEST_STEP][PASSED] - scrollToElement(findTestObject("Object Repository/Page_2GrowHr - Day Wise Report/Scroll to Page down"), 10): Scroll to object 'Object Repository/Page_2GrowHr - Day Wise Report/Scroll to Page down' successfully

18-03-2024T14:15:13 - [MESSAGE][PASSED] - Scroll to object 'Object Repository/Page_2GrowHr - Day Wise Report/Scroll to Page down' successfully

18-03-2024T14:15:13 - [TEST_STEP][PASSED] - delay(10): Delayed 10 second(s)

18-03-2024T14:15:23 - [MESSAGE][PASSED] - Delayed 10 second(s)

18-03-2024T14:15:23 - [TEST_STEP][PASSED] - closeBrowser(): Browser is closed

18-03-2024T14:15:23 - [MESSAGE][PASSED] - Browser is closed

18-03-2024T14:15:23 - [TEST_STEP][PASSED] - url = Data.getValue("URL", i): null

18-03-2024T14:15:23 - [TEST_STEP][PASSED] - username = Data.getValue("Username", i): null

18-03-2024T14:15:23 - [TEST_STEP][PASSED] - password = Data.getValue("Password", i): null

18-03-2024T14:15:23 - [TEST_STEP][PASSED] - checkinRemark = Data.getValue("CheckinRemark", i): null

18-03-2024T14:15:23 - [TEST_STEP][PASSED] - openBrowser(""): Browser is opened with url: ''

18-03-2024T14:15:23 - [MESSAGE][INFO] - Starting 'Chrome' driver

18-03-2024T14:15:23 - [MESSAGE][INFO] - Action delay is set to 0 milliseconds

18-03-2024T14:15:26 - [MESSAGE][PASSED] - Browser is opened with url: ''

18-03-2024T14:15:26 - [TEST_STEP][PASSED] - maximizeWindow(): Current window maximized

18-03-2024T14:15:26 - [MESSAGE][PASSED] - Current window maximized

18-03-2024T14:15:26 - [TEST_STEP][PASSED] - navigateToUrl(url): Navigate to 'http://testing.2growhr.io/' successfully

18-03-2024T14:15:29 - [MESSAGE][PASSED] - Navigate to 'http://testing.2growhr.io/' successfully

18-03-2024T14:15:29 - [TEST_STEP][PASSED] - setText(findTestObject("Object Repository/Page_2GrowHR - Login/UserName"), username): Text 'Farveen' is set on object 'Object Repository/Page_2GrowHR - Login/UserName'

18-03-2024T14:15:30 - [MESSAGE][PASSED] - Text 'Farveen' is set on object 'Object Repository/Page_2GrowHR - Login/UserName'

18-03-2024T14:15:30 - [TEST_STEP][PASSED] - setText(findTestObject("Object Repository/Page_2GrowHR - Login/Password"), password): Text '123' is set on object 'Object Repository/Page_2GrowHR - Login/Password'

18-03-2024T14:15:31 - [MESSAGE][PASSED] - Text '123' is set on object 'Object Repository/Page_2GrowHR - Login/Password'

18-03-2024T14:15:31 - [TEST_STEP][PASSED] - click(findTestObject("Object Repository/Page_2GrowHR - Login/Password - view icon")): Object: 'Object Repository/Page_2GrowHR - Login/Password - view icon' is clicked on

18-03-2024T14:15:31 - [MESSAGE][PASSED] - Object: 'Object Repository/Page_2GrowHR - Login/Password - view icon' is clicked on

18-03-2024T14:15:31 - [TEST_STEP][PASSED] - delay(2): Delayed 2 second(s)

18-03-2024T14:15:33 - [MESSAGE][PASSED] - Delayed 2 second(s)

18-03-2024T14:15:33 - [TEST_STEP][PASSED] - click(findTestObject("Object Repository/Page_2GrowHR - Login/Login Button")): Object: 'Object Repository/Page_2GrowHR - Login/Login Button' is clicked on

18-03-2024T14:15:45 - [MESSAGE][PASSED] - Object: 'Object Repository/Page_2GrowHR - Login/Login Button' is clicked on

18-03-2024T14:15:45 - [TEST_STEP][PASSED] - delay(3): Delayed 3 second(s)

18-03-2024T14:15:48 - [MESSAGE][PASSED] - Delayed 3 second(s)

18-03-2024T14:15:48 - [TEST_STEP][PASSED] - click(findTestObject("Object Repository/Page_2GrowHr - Dashboard/Checkin button BR")): Object: 'Object Repository/Page_2GrowHr - Dashboard/Checkin button BR' is clicked on

18-03-2024T14:15:49 - [MESSAGE][PASSED] - Object: 'Object Repository/Page_2GrowHr - Dashboard/Checkin button BR' is clicked on

18-03-2024T14:15:49 - [TEST_STEP][PASSED] - setText(findTestObject("Object Repository/Page_2GrowHr - Dashboard/Checkin remark"), checkinRemark): Text 'CheckinRemark' is set on object 'Object Repository/Page_2GrowHr - Dashboard/Checkin remark'

18-03-2024T14:15:50 - [MESSAGE][PASSED] - Text 'CheckinRemark' is set on object 'Object Repository/Page_2GrowHr - Dashboard/Checkin remark'

18-03-2024T14:15:50 - [TEST_STEP][PASSED] - delay(3): Delayed 3 second(s)

18-03-2024T14:15:53 - [MESSAGE][PASSED] - Delayed 3 second(s)

18-03-2024T14:15:53 - [TEST_STEP][PASSED] - click(findTestObject("Object Repository/Page_2GrowHr - Dashboard/Checkin button AR")): Object: 'Object Repository/Page_2GrowHr - Dashboard/Checkin button AR' is clicked on

18-03-2024T14:15:53 - [MESSAGE][PASSED] - Object: 'Object Repository/Page_2GrowHr - Dashboard/Checkin button AR' is clicked on

18-03-2024T14:15:53 - [TEST_STEP][PASSED] - delay(5): Delayed 5 second(s)

18-03-2024T14:15:58 - [MESSAGE][PASSED] - Delayed 5 second(s)

18-03-2024T14:15:58 - [TEST_STEP][PASSED] - click(findTestObject("Object Repository/Page_2GrowHr - Menu_Report/Attentance mouseover")): Object: 'Object Repository/Page_2GrowHr - Menu_Report/Attentance mouseover' is clicked on

18-03-2024T14:15:59 - [MESSAGE][PASSED] - Object: 'Object Repository/Page_2GrowHr - Menu_Report/Attentance mouseover' is clicked on

18-03-2024T14:15:59 - [TEST_STEP][PASSED] - delay(3): Delayed 3 second(s)

18-03-2024T14:16:02 - [MESSAGE][PASSED] - Delayed 3 second(s)

18-03-2024T14:16:02 - [TEST_STEP][PASSED] - click(findTestObject("Object Repository/Page_2GrowHr - Menu_Report/General Attendance Summary - Report")): Object: 'Object Repository/Page_2GrowHr - Menu_Report/General Attendance Summary - Report' is clicked on

18-03-2024T14:16:05 - [MESSAGE][PASSED] - Object: 'Object Repository/Page_2GrowHr - Menu_Report/General Attendance Summary - Report' is clicked on

18-03-2024T14:16:05 - [TEST_STEP][PASSED] - click(findTestObject("Object Repository/Page_2GrowHr - Menu_Report/Date selection field")): Object: 'Object Repository/Page_2GrowHr - Menu_Report/Date selection field' is clicked on

18-03-2024T14:16:06 - [MESSAGE][PASSED] - Object: 'Object Repository/Page_2GrowHr - Menu_Report/Date selection field' is clicked on

18-03-2024T14:16:06 - [TEST_STEP][PASSED] - setText(findTestObject("Object Repository/Page_2GrowHr - Menu_Report/Date selection field"), currentDateStr): Text '03/18/2024' is set on object 'Object Repository/Page_2GrowHr - Menu_Report/Date selection field'

18-03-2024T14:16:07 - [MESSAGE][PASSED] - Text '03/18/2024' is set on object 'Object Repository/Page_2GrowHr - Menu_Report/Date selection field'

18-03-2024T14:16:07 - [TEST_STEP][PASSED] - delay(3): Delayed 3 second(s)

18-03-2024T14:16:10 - [MESSAGE][PASSED] - Delayed 3 second(s)

18-03-2024T14:16:10 - [TEST_STEP][PASSED] - click(findTestObject("Object Repository/Page_2GrowHr - Menu_Report/Get Report button Day count attendance summary report")): Object: 'Object Repository/Page_2GrowHr - Menu_Report/Get Report button Day count attendance summary report' is clicked on

18-03-2024T14:16:10 - [MESSAGE][PASSED] - Object: 'Object Repository/Page_2GrowHr - Menu_Report/Get Report button Day count attendance summary report' is clicked on

18-03-2024T14:16:10 - [TEST_STEP][PASSED] - scrollToElement(findTestObject("Object Repository/Page_2GrowHr - Day Wise Report/Scroll to Page down"), 10): Scroll to object 'Object Repository/Page_2GrowHr - Day Wise Report/Scroll to Page down' successfully

18-03-2024T14:16:11 - [MESSAGE][PASSED] - Scroll to object 'Object Repository/Page_2GrowHr - Day Wise Report/Scroll to Page down' successfully

18-03-2024T14:16:11 - [TEST_STEP][PASSED] - delay(10): Delayed 10 second(s)

18-03-2024T14:16:21 - [MESSAGE][PASSED] - Delayed 10 second(s)

18-03-2024T14:16:21 - [TEST_STEP][PASSED] - closeBrowser(): Browser is closed

18-03-2024T14:16:21 - [MESSAGE][PASSED] - Browser is closed

18-03-2024T14:16:21 - [TEST_STEP][PASSED] - url = Data.getValue("URL", i): null

18-03-2024T14:16:21 - [TEST_STEP][PASSED] - username = Data.getValue("Username", i): null

18-03-2024T14:16:21 - [TEST_STEP][PASSED] - password = Data.getValue("Password", i): null

18-03-2024T14:16:21 - [TEST_STEP][PASSED] - checkinRemark = Data.getValue("CheckinRemark", i): null

18-03-2024T14:16:21 - [TEST_STEP][PASSED] - openBrowser(""): Browser is opened with url: ''

18-03-2024T14:16:21 - [MESSAGE][INFO] - Starting 'Chrome' driver

18-03-2024T14:16:21 - [MESSAGE][INFO] - Action delay is set to 0 milliseconds

18-03-2024T14:16:22 - [MESSAGE][PASSED] - Browser is opened with url: ''

18-03-2024T14:16:22 - [TEST_STEP][PASSED] - maximizeWindow(): Current window maximized

18-03-2024T14:16:22 - [MESSAGE][PASSED] - Current window maximized

18-03-2024T14:16:22 - [TEST_STEP][PASSED] - navigateToUrl(url): Navigate to 'http://testing.2growhr.io/' successfully

18-03-2024T14:16:26 - [MESSAGE][PASSED] - Navigate to 'http://testing.2growhr.io/' successfully

18-03-2024T14:16:26 - [TEST_STEP][PASSED] - setText(findTestObject("Object Repository/Page_2GrowHR - Login/UserName"), username): Text 'CBS2227' is set on object 'Object Repository/Page_2GrowHR - Login/UserName'

18-03-2024T14:16:27 - [MESSAGE][PASSED] - Text 'CBS2227' is set on object 'Object Repository/Page_2GrowHR - Login/UserName'

18-03-2024T14:16:27 - [TEST_STEP][PASSED] - setText(findTestObject("Object Repository/Page_2GrowHR - Login/Password"), password): Text '123' is set on object 'Object Repository/Page_2GrowHR - Login/Password'

18-03-2024T14:16:28 - [MESSAGE][PASSED] - Text '123' is set on object 'Object Repository/Page_2GrowHR - Login/Password'

18-03-2024T14:16:28 - [TEST_STEP][PASSED] - click(findTestObject("Object Repository/Page_2GrowHR - Login/Password - view icon")): Object: 'Object Repository/Page_2GrowHR - Login/Password - view icon' is clicked on

18-03-2024T14:16:28 - [MESSAGE][PASSED] - Object: 'Object Repository/Page_2GrowHR - Login/Password - view icon' is clicked on

18-03-2024T14:16:28 - [TEST_STEP][PASSED] - delay(2): Delayed 2 second(s)

18-03-2024T14:16:30 - [MESSAGE][PASSED] - Delayed 2 second(s)

18-03-2024T14:16:30 - [TEST_STEP][PASSED] - click(findTestObject("Object Repository/Page_2GrowHR - Login/Login Button")): Object: 'Object Repository/Page_2GrowHR - Login/Login Button' is clicked on

18-03-2024T14:16:45 - [MESSAGE][PASSED] - Object: 'Object Repository/Page_2GrowHR - Login/Login Button' is clicked on

18-03-2024T14:16:45 - [TEST_STEP][PASSED] - delay(3): Delayed 3 second(s)

18-03-2024T14:16:48 - [MESSAGE][PASSED] - Delayed 3 second(s)

18-03-2024T14:16:48 - [TEST_STEP][PASSED] - click(findTestObject("Object Repository/Page_2GrowHr - Dashboard/Checkin button BR")): Object: 'Object Repository/Page_2GrowHr - Dashboard/Checkin button BR' is clicked on

18-03-2024T14:16:49 - [MESSAGE][PASSED] - Object: 'Object Repository/Page_2GrowHr - Dashboard/Checkin button BR' is clicked on

18-03-2024T14:16:49 - [TEST_STEP][PASSED] - setText(findTestObject("Object Repository/Page_2GrowHr - Dashboard/Checkin remark"), checkinRemark): Text 'CheckinRemark' is set on object 'Object Repository/Page_2GrowHr - Dashboard/Checkin remark'

18-03-2024T14:16:50 - [MESSAGE][PASSED] - Text 'CheckinRemark' is set on object 'Object Repository/Page_2GrowHr - Dashboard/Checkin remark'

18-03-2024T14:16:50 - [TEST_STEP][PASSED] - delay(3): Delayed 3 second(s)

18-03-2024T14:16:53 - [MESSAGE][PASSED] - Delayed 3 second(s)

18-03-2024T14:16:53 - [TEST_STEP][PASSED] - click(findTestObject("Object Repository/Page_2GrowHr - Dashboard/Checkin button AR")): Object: 'Object Repository/Page_2GrowHr - Dashboard/Checkin button AR' is clicked on

18-03-2024T14:16:54 - [MESSAGE][PASSED] - Object: 'Object Repository/Page_2GrowHr - Dashboard/Checkin button AR' is clicked on

18-03-2024T14:16:54 - [TEST_STEP][PASSED] - delay(5): Delayed 5 second(s)

18-03-2024T14:16:59 - [MESSAGE][PASSED] - Delayed 5 second(s)

18-03-2024T14:16:59 - [TEST_STEP][PASSED] - click(findTestObject("Object Repository/Page_2GrowHr - Menu_Report/Attentance mouseover")): Object: 'Object Repository/Page_2GrowHr - Menu_Report/Attentance mouseover' is clicked on

18-03-2024T14:17:00 - [MESSAGE][PASSED] - Object: 'Object Repository/Page_2GrowHr - Menu_Report/Attentance mouseover' is clicked on

18-03-2024T14:17:00 - [TEST_STEP][PASSED] - delay(3): Delayed 3 second(s)

18-03-2024T14:17:03 - [MESSAGE][PASSED] - Delayed 3 second(s)

18-03-2024T14:17:03 - [TEST_STEP][PASSED] - click(findTestObject("Object Repository/Page_2GrowHr - Menu_Report/General Attendance Summary - Report")): Object: 'Object Repository/Page_2GrowHr - Menu_Report/General Attendance Summary - Report' is clicked on

18-03-2024T14:17:07 - [MESSAGE][PASSED] - Object: 'Object Repository/Page_2GrowHr - Menu_Report/General Attendance Summary - Report' is clicked on

18-03-2024T14:17:07 - [TEST_STEP][PASSED] - click(findTestObject("Object Repository/Page_2GrowHr - Menu_Report/Date selection field")): Object: 'Object Repository/Page_2GrowHr - Menu_Report/Date selection field' is clicked on

18-03-2024T14:17:09 - [MESSAGE][PASSED] - Object: 'Object Repository/Page_2GrowHr - Menu_Report/Date selection field' is clicked on

18-03-2024T14:17:09 - [TEST_STEP][PASSED] - setText(findTestObject("Object Repository/Page_2GrowHr - Menu_Report/Date selection field"), currentDateStr): Text '03/18/2024' is set on object 'Object Repository/Page_2GrowHr - Menu_Report/Date selection field'

18-03-2024T14:17:13 - [MESSAGE][PASSED] - Text '03/18/2024' is set on object 'Object Repository/Page_2GrowHr - Menu_Report/Date selection field'

18-03-2024T14:17:13 - [TEST_STEP][PASSED] - delay(3): Delayed 3 second(s)

18-03-2024T14:17:16 - [MESSAGE][PASSED] - Delayed 3 second(s)

18-03-2024T14:17:16 - [TEST_STEP][PASSED] - click(findTestObject("Object Repository/Page_2GrowHr - Menu_Report/Get Report button Day count attendance summary report")): Object: 'Object Repository/Page_2GrowHr - Menu_Report/Get Report button Day count attendance summary report' is clicked on

18-03-2024T14:17:18 - [MESSAGE][PASSED] - Object: 'Object Repository/Page_2GrowHr - Menu_Report/Get Report button Day count attendance summary report' is clicked on

18-03-2024T14:17:18 - [TEST_STEP][PASSED] - scrollToElement(findTestObject("Object Repository/Page_2GrowHr - Day Wise Report/Scroll to Page down"), 10): Scroll to object 'Object Repository/Page_2GrowHr - Day Wise Report/Scroll to Page down' successfully

18-03-2024T14:17:20 - [MESSAGE][PASSED] - Scroll to object 'Object Repository/Page_2GrowHr - Day Wise Report/Scroll to Page down' successfully

18-03-2024T14:17:20 - [TEST_STEP][PASSED] - delay(10): Delayed 10 second(s)

18-03-2024T14:17:30 - [MESSAGE][PASSED] - Delayed 10 second(s)

18-03-2024T14:17:30 - [TEST_STEP][PASSED] - closeBrowser(): Browser is closed

18-03-2024T14:17:30 - [MESSAGE][PASSED] - Browser is closed

18-03-2024T14:17:30 - [TEST_STEP][PASSED] - url = Data.getValue("URL", i): null

18-03-2024T14:17:30 - [TEST_STEP][PASSED] - username = Data.getValue("Username", i): null

18-03-2024T14:17:30 - [TEST_STEP][PASSED] - password = Data.getValue("Password", i): null

18-03-2024T14:17:30 - [TEST_STEP][PASSED] - checkinRemark = Data.getValue("CheckinRemark", i): null

18-03-2024T14:17:30 - [TEST_STEP][PASSED] - openBrowser(""): Browser is opened with url: ''

18-03-2024T14:17:30 - [MESSAGE][INFO] - Starting 'Chrome' driver

18-03-2024T14:17:30 - [MESSAGE][INFO] - Action delay is set to 0 milliseconds

18-03-2024T14:17:31 - [MESSAGE][PASSED] - Browser is opened with url: ''

18-03-2024T14:17:31 - [TEST_STEP][PASSED] - maximizeWindow(): Current window maximized

18-03-2024T14:17:31 - [MESSAGE][PASSED] - Current window maximized

18-03-2024T14:17:31 - [TEST_STEP][PASSED] - navigateToUrl(url): Navigate to 'http://testing.2growhr.io/' successfully

18-03-2024T14:17:35 - [MESSAGE][PASSED] - Navigate to 'http://testing.2growhr.io/' successfully

18-03-2024T14:17:35 - [TEST_STEP][PASSED] - setText(findTestObject("Object Repository/Page_2GrowHR - Login/UserName"), username): Text 'CBS2155' is set on object 'Object Repository/Page_2GrowHR - Login/UserName'

18-03-2024T14:17:37 - [MESSAGE][PASSED] - Text 'CBS2155' is set on object 'Object Repository/Page_2GrowHR - Login/UserName'

18-03-2024T14:17:37 - [TEST_STEP][PASSED] - setText(findTestObject("Object Repository/Page_2GrowHR - Login/Password"), password): Text '123' is set on object 'Object Repository/Page_2GrowHR - Login/Password'

18-03-2024T14:17:39 - [MESSAGE][PASSED] - Text '123' is set on object 'Object Repository/Page_2GrowHR - Login/Password'

18-03-2024T14:17:39 - [TEST_STEP][PASSED] - click(findTestObject("Object Repository/Page_2GrowHR - Login/Password - view icon")): Object: 'Object Repository/Page_2GrowHR - Login/Password - view icon' is clicked on

18-03-2024T14:17:41 - [MESSAGE][PASSED] - Object: 'Object Repository/Page_2GrowHR - Login/Password - view icon' is clicked on

18-03-2024T14:17:41 - [TEST_STEP][PASSED] - delay(2): Delayed 2 second(s)

18-03-2024T14:17:43 - [MESSAGE][PASSED] - Delayed 2 second(s)

18-03-2024T14:17:43 - [TEST_STEP][PASSED] - click(findTestObject("Object Repository/Page_2GrowHR - Login/Login Button")): Object: 'Object Repository/Page_2GrowHR - Login/Login Button' is clicked on

18-03-2024T14:18:01 - [MESSAGE][PASSED] - Object: 'Object Repository/Page_2GrowHR - Login/Login Button' is clicked on

18-03-2024T14:18:01 - [TEST_STEP][PASSED] - delay(3): Delayed 3 second(s)

18-03-2024T14:18:04 - [MESSAGE][PASSED] - Delayed 3 second(s)

18-03-2024T14:18:04 - [TEST_STEP][PASSED] - click(findTestObject("Object Repository/Page_2GrowHr - Dashboard/Checkin button BR")): Object: 'Object Repository/Page_2GrowHr - Dashboard/Checkin button BR' is clicked on

18-03-2024T14:18:05 - [MESSAGE][PASSED] - Object: 'Object Repository/Page_2GrowHr - Dashboard/Checkin button BR' is clicked on

18-03-2024T14:18:05 - [TEST_STEP][PASSED] - setText(findTestObject("Object Repository/Page_2GrowHr - Dashboard/Checkin remark"), checkinRemark): Text 'CheckinRemark' is set on object 'Object Repository/Page_2GrowHr - Dashboard/Checkin remark'

18-03-2024T14:18:09 - [MESSAGE][PASSED] - Text 'CheckinRemark' is set on object 'Object Repository/Page_2GrowHr - Dashboard/Checkin remark'

18-03-2024T14:18:09 - [TEST_STEP][PASSED] - delay(3): Delayed 3 second(s)

18-03-2024T14:18:12 - [MESSAGE][PASSED] - Delayed 3 second(s)

18-03-2024T14:18:12 - [TEST_STEP][PASSED] - click(findTestObject("Object Repository/Page_2GrowHr - Dashboard/Checkin button AR")): Object: 'Object Repository/Page_2GrowHr - Dashboard/Checkin button AR' is clicked on

18-03-2024T14:18:15 - [MESSAGE][PASSED] - Object: 'Object Repository/Page_2GrowHr - Dashboard/Checkin button AR' is clicked on

18-03-2024T14:18:15 - [TEST_STEP][PASSED] - delay(5): Delayed 5 second(s)

18-03-2024T14:18:20 - [MESSAGE][PASSED] - Delayed 5 second(s)

18-03-2024T14:18:20 - [TEST_STEP][PASSED] - click(findTestObject("Object Repository/Page_2GrowHr - Menu_Report/Attentance mouseover")): Object: 'Object Repository/Page_2GrowHr - Menu_Report/Attentance mouseover' is clicked on

18-03-2024T14:18:23 - [MESSAGE][PASSED] - Object: 'Object Repository/Page_2GrowHr - Menu_Report/Attentance mouseover' is clicked on

18-03-2024T14:18:23 - [TEST_STEP][PASSED] - delay(3): Delayed 3 second(s)

18-03-2024T14:18:26 - [MESSAGE][PASSED] - Delayed 3 second(s)

18-03-2024T14:18:26 - [TEST_STEP][PASSED] - click(findTestObject("Object Repository/Page_2GrowHr - Menu_Report/General Attendance Summary - Report")): Object: 'Object Repository/Page_2GrowHr - Menu_Report/General Attendance Summary - Report' is clicked on

18-03-2024T14:18:32 - [MESSAGE][PASSED] - Object: 'Object Repository/Page_2GrowHr - Menu_Report/General Attendance Summary - Report' is clicked on

18-03-2024T14:18:32 - [TEST_STEP][PASSED] - click(findTestObject("Object Repository/Page_2GrowHr - Menu_Report/Date selection field")): Object: 'Object Repository/Page_2GrowHr - Menu_Report/Date selection field' is clicked on

18-03-2024T14:18:33 - [MESSAGE][PASSED] - Object: 'Object Repository/Page_2GrowHr - Menu_Report/Date selection field' is clicked on

18-03-2024T14:18:33 - [TEST_STEP][PASSED] - setText(findTestObject("Object Repository/Page_2GrowHr - Menu_Report/Date selection field"), currentDateStr): Text '03/18/2024' is set on object 'Object Repository/Page_2GrowHr - Menu_Report/Date selection field'

18-03-2024T14:18:37 - [MESSAGE][PASSED] - Text '03/18/2024' is set on object 'Object Repository/Page_2GrowHr - Menu_Report/Date selection field'

18-03-2024T14:18:37 - [TEST_STEP][PASSED] - delay(3): Delayed 3 second(s)

18-03-2024T14:18:40 - [MESSAGE][PASSED] - Delayed 3 second(s)

18-03-2024T14:18:40 - [TEST_STEP][PASSED] - click(findTestObject("Object Repository/Page_2GrowHr - Menu_Report/Get Report button Day count attendance summary report")): Object: 'Object Repository/Page_2GrowHr - Menu_Report/Get Report button Day count attendance summary report' is clicked on

18-03-2024T14:18:42 - [MESSAGE][PASSED] - Object: 'Object Repository/Page_2GrowHr - Menu_Report/Get Report button Day count attendance summary report' is clicked on

18-03-2024T14:18:42 - [TEST_STEP][PASSED] - scrollToElement(findTestObject("Object Repository/Page_2GrowHr - Day Wise Report/Scroll to Page down"), 10): Scroll to object 'Object Repository/Page_2GrowHr - Day Wise Report/Scroll to Page down' successfully

18-03-2024T14:18:44 - [MESSAGE][PASSED] - Scroll to object 'Object Repository/Page_2GrowHr - Day Wise Report/Scroll to Page down' successfully

18-03-2024T14:18:44 - [TEST_STEP][PASSED] - delay(10): Delayed 10 second(s)

18-03-2024T14:18:54 - [MESSAGE][PASSED] - Delayed 10 second(s)

18-03-2024T14:18:54 - [TEST_STEP][PASSED] - closeBrowser(): Browser is closed

18-03-2024T14:18:54 - [MESSAGE][PASSED] - Browser is closed

18-03-2024T14:18:54 - [TEST_STEP][PASSED] - url = Data.getValue("URL", i): null

18-03-2024T14:18:54 - [TEST_STEP][PASSED] - username = Data.getValue("Username", i): null

18-03-2024T14:18:54 - [TEST_STEP][PASSED] - password = Data.getValue("Password", i): null

18-03-2024T14:18:54 - [TEST_STEP][PASSED] - checkinRemark = Data.getValue("CheckinRemark", i): null

18-03-2024T14:18:54 - [TEST_STEP][PASSED] - openBrowser(""): Browser is opened with url: ''

18-03-2024T14:18:54 - [MESSAGE][INFO] - Starting 'Chrome' driver

18-03-2024T14:18:54 - [MESSAGE][INFO] - Action delay is set to 0 milliseconds

18-03-2024T14:18:57 - [MESSAGE][PASSED] - Browser is opened with url: ''

18-03-2024T14:18:57 - [TEST_STEP][PASSED] - maximizeWindow(): Current window maximized

18-03-2024T14:18:58 - [MESSAGE][PASSED] - Current window maximized

18-03-2024T14:18:58 - [TEST_STEP][PASSED] - navigateToUrl(url): Navigate to 'http://testing.2growhr.io/' successfully

18-03-2024T14:19:01 - [MESSAGE][PASSED] - Navigate to 'http://testing.2growhr.io/' successfully

18-03-2024T14:19:01 - [TEST_STEP][PASSED] - setText(findTestObject("Object Repository/Page_2GrowHR - Login/UserName"), username): Text 'CBS0761' is set on object 'Object Repository/Page_2GrowHR - Login/UserName'

18-03-2024T14:19:01 - [MESSAGE][PASSED] - Text 'CBS0761' is set on object 'Object Repository/Page_2GrowHR - Login/UserName'

18-03-2024T14:19:01 - [TEST_STEP][PASSED] - setText(findTestObject("Object Repository/Page_2GrowHR - Login/Password"), password): Text '123' is set on object 'Object Repository/Page_2GrowHR - Login/Password'

18-03-2024T14:19:02 - [MESSAGE][PASSED] - Text '123' is set on object 'Object Repository/Page_2GrowHR - Login/Password'

18-03-2024T14:19:02 - [TEST_STEP][PASSED] - click(findTestObject("Object Repository/Page_2GrowHR - Login/Password - view icon")): Object: 'Object Repository/Page_2GrowHR - Login/Password - view icon' is clicked on

18-03-2024T14:19:02 - [MESSAGE][PASSED] - Object: 'Object Repository/Page_2GrowHR - Login/Password - view icon' is clicked on

18-03-2024T14:19:02 - [TEST_STEP][PASSED] - delay(2): Delayed 2 second(s)

18-03-2024T14:19:04 - [MESSAGE][PASSED] - Delayed 2 second(s)

18-03-2024T14:19:04 - [TEST_STEP][PASSED] - click(findTestObject("Object Repository/Page_2GrowHR - Login/Login Button")): Object: 'Object Repository/Page_2GrowHR - Login/Login Button' is clicked on

18-03-2024T14:19:18 - [MESSAGE][PASSED] - Object: 'Object Repository/Page_2GrowHR - Login/Login Button' is clicked on

18-03-2024T14:19:18 - [TEST_STEP][PASSED] - delay(3): Delayed 3 second(s)

18-03-2024T14:19:21 - [MESSAGE][PASSED] - Delayed 3 second(s)

18-03-2024T14:19:21 - [TEST_STEP][PASSED] - click(findTestObject("Object Repository/Page_2GrowHr - Dashboard/Checkin button BR")): Object: 'Object Repository/Page_2GrowHr - Dashboard/Checkin button BR' is clicked on

18-03-2024T14:19:22 - [MESSAGE][PASSED] - Object: 'Object Repository/Page_2GrowHr - Dashboard/Checkin button BR' is clicked on

18-03-2024T14:19:22 - [TEST_STEP][PASSED] - setText(findTestObject("Object Repository/Page_2GrowHr - Dashboard/Checkin remark"), checkinRemark): Text 'CheckinRemark' is set on object 'Object Repository/Page_2GrowHr - Dashboard/Checkin remark'

18-03-2024T14:19:23 - [MESSAGE][PASSED] - Text 'CheckinRemark' is set on object 'Object Repository/Page_2GrowHr - Dashboard/Checkin remark'

18-03-2024T14:19:23 - [TEST_STEP][PASSED] - delay(3): Delayed 3 second(s)

18-03-2024T14:19:26 - [MESSAGE][PASSED] - Delayed 3 second(s)

18-03-2024T14:19:26 - [TEST_STEP][PASSED] - click(findTestObject("Object Repository/Page_2GrowHr - Dashboard/Checkin button AR")): Object: 'Object Repository/Page_2GrowHr - Dashboard/Checkin button AR' is clicked on

18-03-2024T14:19:26 - [MESSAGE][PASSED] - Object: 'Object Repository/Page_2GrowHr - Dashboard/Checkin button AR' is clicked on

18-03-2024T14:19:26 - [TEST_STEP][PASSED] - delay(5): Delayed 5 second(s)

18-03-2024T14:19:31 - [MESSAGE][PASSED] - Delayed 5 second(s)

18-03-2024T14:19:31 - [TEST_STEP][PASSED] - click(findTestObject("Object Repository/Page_2GrowHr - Menu_Report/Attentance mouseover")): Object: 'Object Repository/Page_2GrowHr - Menu_Report/Attentance mouseover' is clicked on

18-03-2024T14:19:33 - [MESSAGE][PASSED] - Object: 'Object Repository/Page_2GrowHr - Menu_Report/Attentance mouseover' is clicked on

18-03-2024T14:19:33 - [TEST_STEP][PASSED] - delay(3): Delayed 3 second(s)

18-03-2024T14:19:36 - [MESSAGE][PASSED] - Delayed 3 second(s)

18-03-2024T14:19:36 - [TEST_STEP][PASSED] - click(findTestObject("Object Repository/Page_2GrowHr - Menu_Report/General Attendance Summary - Report")): Object: 'Object Repository/Page_2GrowHr - Menu_Report/General Attendance Summary - Report' is clicked on

18-03-2024T14:19:39 - [MESSAGE][PASSED] - Object: 'Object Repository/Page_2GrowHr - Menu_Report/General Attendance Summary - Report' is clicked on

18-03-2024T14:19:39 - [TEST_STEP][PASSED] - click(findTestObject("Object Repository/Page_2GrowHr - Menu_Report/Date selection field")): Object: 'Object Repository/Page_2GrowHr - Menu_Report/Date selection field' is clicked on

18-03-2024T14:19:39 - [MESSAGE][PASSED] - Object: 'Object Repository/Page_2GrowHr - Menu_Report/Date selection field' is clicked on

18-03-2024T14:19:39 - [TEST_STEP][PASSED] - setText(findTestObject("Object Repository/Page_2GrowHr - Menu_Report/Date selection field"), currentDateStr): Text '03/18/2024' is set on object 'Object Repository/Page_2GrowHr - Menu_Report/Date selection field'

18-03-2024T14:19:40 - [MESSAGE][PASSED] - Text '03/18/2024' is set on object 'Object Repository/Page_2GrowHr - Menu_Report/Date selection field'

18-03-2024T14:19:40 - [TEST_STEP][PASSED] - delay(3): Delayed 3 second(s)

18-03-2024T14:19:43 - [MESSAGE][PASSED] - Delayed 3 second(s)

18-03-2024T14:19:43 - [TEST_STEP][PASSED] - click(findTestObject("Object Repository/Page_2GrowHr - Menu_Report/Get Report button Day count attendance summary report")): Object: 'Object Repository/Page_2GrowHr - Menu_Report/Get Report button Day count attendance summary report' is clicked on

18-03-2024T14:19:43 - [MESSAGE][PASSED] - Object: 'Object Repository/Page_2GrowHr - Menu_Report/Get Report button Day count attendance summary report' is clicked on

18-03-2024T14:19:43 - [TEST_STEP][PASSED] - scrollToElement(findTestObject("Object Repository/Page_2GrowHr - Day Wise Report/Scroll to Page down"), 10): Scroll to object 'Object Repository/Page_2GrowHr - Day Wise Report/Scroll to Page down' successfully

18-03-2024T14:19:44 - [MESSAGE][PASSED] - Scroll to object 'Object Repository/Page_2GrowHr - Day Wise Report/Scroll to Page down' successfully

18-03-2024T14:19:44 - [TEST_STEP][PASSED] - delay(10): Delayed 10 second(s)

18-03-2024T14:19:54 - [MESSAGE][PASSED] - Delayed 10 second(s)

18-03-2024T14:19:54 - [TEST_STEP][PASSED] - closeBrowser(): Browser is closed

18-03-2024T14:19:55 - [MESSAGE][PASSED] - Browser is closed]]></system-out>
         <system-err><![CDATA[]]></system-err>
      </testcase>
      <system-out><![CDATA[18-03-2024T14:13:46 - [TEST_SUITE][PASSED] - Login and Checkin: Test Cases/Login and do checkin]]></system-out>
      <system-err><![CDATA[]]></system-err>
   </testsuite>
</testsuites>
