<?xml version="1.0" encoding="UTF-8"?>
<testsuites name="OD checkout" time="90.823" tests="1" failures="0" errors="0">
   <testsuite name="OD checkout" tests="1" failures="0" errors="0" time="90.823" skipped="0" timestamp="18-03-2024T18:06:38" hostname="91957 - Lead-Force-CRM" id="Test Suites/OD checkout">
      <properties>
         <property name="deviceName" value=""/>
         <property name="devicePlatform" value=""/>
         <property name="logFolder" value="C:\\Users\\91957\\Desktop\\Automation Testing - Katalon\\Payroll Web\\Reports\\20240318_180032\\OD checkout\\20240318_180038"/>
         <property name="logFiles" value="C:\\Users\\91957\\Desktop\\Automation Testing - Katalon\\Payroll Web\\Reports\\20240318_180032\\OD checkout\\20240318_180038\\execution0.log"/>
         <property name="attachments" value=""/>
         <property name="hostName" value="91957 - Lead-Force-CRM"/>
         <property name="os" value="Windows 11 64bit"/>
         <property name="katalonVersion" value="9.3.0.212"/>
         <property name="browser" value="Chrome 122.0.0.0"/>
         <property name="hostAddress" value="192.168.29.70"/>
         <property name="sessionId" value="3971dae9fb683cdb3d7a8e603a72e880"/>
         <property name="seleniumVersion" value="3.141.59"/>
         <property name="proxyInformation" value="ProxyInformation { proxyOption=NO_PROXY, proxyServerType=HTTP, username=, password=********, proxyServerAddress=, proxyServerPort=0, executionList=&quot;&quot;, isApplyToDesiredCapabilities=true }"/>
         <property name="platform" value="Windows 11"/>
      </properties>
      <testcase name="Test Cases/OD Checkout" time="90.623" classname="Test Cases/OD Checkout" status="PASSED">
         <system-out><![CDATA[18-03-2024T18:06:38 - [TEST_CASE][PASSED] - Test Cases/OD Checkout: Test Cases/OD Checkout

18-03-2024T18:06:38 - [TEST_STEP][PASSED] - Data = findTestData("OD Checkout"): null

18-03-2024T18:06:39 - [TEST_STEP][PASSED] - dateFormat = new java.text.SimpleDateFormat(MM/dd/yyyy): null

18-03-2024T18:06:39 - [TEST_STEP][PASSED] - currentDate = getInstance().getTime(): null

18-03-2024T18:06:39 - [TEST_STEP][PASSED] - currentDateStr = dateFormat.format(currentDate): null

18-03-2024T18:06:39 - [TEST_STEP][PASSED] - for ([i = 1, i <= Data.getRowNumbers(), (i++)]): Browser is closed

18-03-2024T18:06:39 - [TEST_STEP][PASSED] - url = Data.getValue("URL", i): null

18-03-2024T18:06:39 - [TEST_STEP][PASSED] - username = Data.getValue("Username", i): null

18-03-2024T18:06:39 - [TEST_STEP][PASSED] - password = Data.getValue("Password", i): null

18-03-2024T18:06:39 - [TEST_STEP][PASSED] - checkoutRemark = Data.getValue("CheckoutRemark", i): null

18-03-2024T18:06:39 - [TEST_STEP][PASSED] - openBrowser(""): Browser is opened with url: ''

18-03-2024T18:06:39 - [MESSAGE][INFO] - Starting 'Chrome' driver

18-03-2024T18:06:39 - [MESSAGE][INFO] - Action delay is set to 0 milliseconds

18-03-2024T18:06:41 - [MESSAGE][PASSED] - Browser is opened with url: ''

18-03-2024T18:06:41 - [TEST_STEP][PASSED] - maximizeWindow(): Current window maximized

18-03-2024T18:06:41 - [MESSAGE][PASSED] - Current window maximized

18-03-2024T18:06:41 - [TEST_STEP][PASSED] - navigateToUrl(url): Navigate to 'http://testing.2growhr.io/' successfully

18-03-2024T18:06:43 - [MESSAGE][PASSED] - Navigate to 'http://testing.2growhr.io/' successfully

18-03-2024T18:06:43 - [TEST_STEP][PASSED] - setText(findTestObject("Object Repository/Page_2GrowHR - Login/UserName"), username): Text 'CBS1665' is set on object 'Object Repository/Page_2GrowHR - Login/UserName'

18-03-2024T18:06:44 - [MESSAGE][PASSED] - Text 'CBS1665' is set on object 'Object Repository/Page_2GrowHR - Login/UserName'

18-03-2024T18:06:44 - [TEST_STEP][PASSED] - setText(findTestObject("Object Repository/Page_2GrowHR - Login/Password"), password): Text '123' is set on object 'Object Repository/Page_2GrowHR - Login/Password'

18-03-2024T18:06:45 - [MESSAGE][PASSED] - Text '123' is set on object 'Object Repository/Page_2GrowHR - Login/Password'

18-03-2024T18:06:45 - [TEST_STEP][PASSED] - click(findTestObject("Object Repository/Page_2GrowHR - Login/Password - view icon")): Object: 'Object Repository/Page_2GrowHR - Login/Password - view icon' is clicked on

18-03-2024T18:06:45 - [MESSAGE][PASSED] - Object: 'Object Repository/Page_2GrowHR - Login/Password - view icon' is clicked on

18-03-2024T18:06:45 - [TEST_STEP][PASSED] - delay(2): Delayed 2 second(s)

18-03-2024T18:06:47 - [MESSAGE][PASSED] - Delayed 2 second(s)

18-03-2024T18:06:47 - [TEST_STEP][PASSED] - click(findTestObject("Object Repository/Page_2GrowHR - Login/Login Button")): Object: 'Object Repository/Page_2GrowHR - Login/Login Button' is clicked on

18-03-2024T18:06:48 - [MESSAGE][PASSED] - Object: 'Object Repository/Page_2GrowHR - Login/Login Button' is clicked on

18-03-2024T18:06:48 - [TEST_STEP][PASSED] - delay(2): Delayed 2 second(s)

18-03-2024T18:06:50 - [MESSAGE][PASSED] - Delayed 2 second(s)

18-03-2024T18:06:50 - [TEST_STEP][PASSED] - click(findTestObject("Object Repository/Page_2GrowHr - Dashboard/Check-Out button BR")): Object: 'Object Repository/Page_2GrowHr - Dashboard/Check-Out button BR' is clicked on

18-03-2024T18:06:56 - [MESSAGE][PASSED] - Object: 'Object Repository/Page_2GrowHr - Dashboard/Check-Out button BR' is clicked on

18-03-2024T18:06:56 - [TEST_STEP][PASSED] - setText(findTestObject("Object Repository/Page_2GrowHr - Dashboard/Checkout Remarks"), checkoutRemark + " " + currentDateStr): Text 'OD CheckoutRemark 03/18/2024' is set on object 'Object Repository/Page_2GrowHr - Dashboard/Checkout Remarks'

18-03-2024T18:06:58 - [MESSAGE][PASSED] - Text 'OD CheckoutRemark 03/18/2024' is set on object 'Object Repository/Page_2GrowHr - Dashboard/Checkout Remarks'

18-03-2024T18:06:58 - [TEST_STEP][PASSED] - delay(2): Delayed 2 second(s)

18-03-2024T18:07:00 - [MESSAGE][PASSED] - Delayed 2 second(s)

18-03-2024T18:07:00 - [TEST_STEP][PASSED] - click(findTestObject("Object Repository/Page_2GrowHr - Dashboard/Check-Out button AR")): Object: 'Object Repository/Page_2GrowHr - Dashboard/Check-Out button AR' is clicked on

18-03-2024T18:07:00 - [MESSAGE][PASSED] - Object: 'Object Repository/Page_2GrowHr - Dashboard/Check-Out button AR' is clicked on

18-03-2024T18:07:00 - [TEST_STEP][PASSED] - delay(2): Delayed 2 second(s)

18-03-2024T18:07:02 - [MESSAGE][PASSED] - Delayed 2 second(s)

18-03-2024T18:07:02 - [TEST_STEP][PASSED] - click(findTestObject("Object Repository/Page_2GrowHr - Menu_Report/Attentance mouseover")): Object: 'Object Repository/Page_2GrowHr - Menu_Report/Attentance mouseover' is clicked on

18-03-2024T18:07:03 - [MESSAGE][PASSED] - Object: 'Object Repository/Page_2GrowHr - Menu_Report/Attentance mouseover' is clicked on

18-03-2024T18:07:03 - [TEST_STEP][PASSED] - delay(2): Delayed 2 second(s)

18-03-2024T18:07:05 - [MESSAGE][PASSED] - Delayed 2 second(s)

18-03-2024T18:07:05 - [TEST_STEP][PASSED] - click(findTestObject("Object Repository/Page_2GrowHr - Menu_Report/Day Count Attendance Summary report")): Object: 'Object Repository/Page_2GrowHr - Menu_Report/Day Count Attendance Summary report' is clicked on

18-03-2024T18:07:07 - [MESSAGE][PASSED] - Object: 'Object Repository/Page_2GrowHr - Menu_Report/Day Count Attendance Summary report' is clicked on

18-03-2024T18:07:07 - [TEST_STEP][PASSED] - click(findTestObject("Object Repository/Page_2GrowHr - Real Time Report/Select Date range field day count attendance report")): Object: 'Object Repository/Page_2GrowHr - Real Time Report/Select Date range field day count attendance report' is clicked on

18-03-2024T18:07:09 - [MESSAGE][PASSED] - Object: 'Object Repository/Page_2GrowHr - Real Time Report/Select Date range field day count attendance report' is clicked on

18-03-2024T18:07:09 - [TEST_STEP][PASSED] - delay(2): Delayed 2 second(s)

18-03-2024T18:07:11 - [MESSAGE][PASSED] - Delayed 2 second(s)

18-03-2024T18:07:11 - [TEST_STEP][PASSED] - click(findTestObject("Object Repository/Page_2GrowHr - Real Time Report/Today")): Object: 'Object Repository/Page_2GrowHr - Real Time Report/Today' is clicked on

18-03-2024T18:07:12 - [MESSAGE][PASSED] - Object: 'Object Repository/Page_2GrowHr - Real Time Report/Today' is clicked on

18-03-2024T18:07:12 - [TEST_STEP][PASSED] - click(findTestObject("Object Repository/Page_2GrowHr - Real Time Report/Get Report button")): Object: 'Object Repository/Page_2GrowHr - Real Time Report/Get Report button' is clicked on

18-03-2024T18:07:12 - [MESSAGE][PASSED] - Object: 'Object Repository/Page_2GrowHr - Real Time Report/Get Report button' is clicked on

18-03-2024T18:07:12 - [TEST_STEP][PASSED] - delay(2): Delayed 2 second(s)

18-03-2024T18:07:14 - [MESSAGE][PASSED] - Delayed 2 second(s)

18-03-2024T18:07:14 - [TEST_STEP][PASSED] - linkElement = getWebDriver().findElement(By.xpath("//*[@id="datatable"]/tbody/tr/td[2]/a")): null

18-03-2024T18:07:14 - [TEST_STEP][PASSED] - linkElement.click(): null

18-03-2024T18:07:14 - [TEST_STEP][PASSED] - scrollToElement(findTestObject("Object Repository/Page_2GrowHr - Real Time Report/Report scroll to Clock-Out IP"), 10): Scroll to object 'Object Repository/Page_2GrowHr - Real Time Report/Report scroll to Clock-Out IP' successfully

18-03-2024T18:07:16 - [MESSAGE][PASSED] - Scroll to object 'Object Repository/Page_2GrowHr - Real Time Report/Report scroll to Clock-Out IP' successfully

18-03-2024T18:07:16 - [TEST_STEP][PASSED] - delay(5): Delayed 5 second(s)

18-03-2024T18:07:21 - [MESSAGE][PASSED] - Delayed 5 second(s)

18-03-2024T18:07:21 - [TEST_STEP][PASSED] - closeBrowser(): Browser is closed

18-03-2024T18:07:21 - [MESSAGE][PASSED] - Browser is closed

18-03-2024T18:07:21 - [TEST_STEP][PASSED] - url = Data.getValue("URL", i): null

18-03-2024T18:07:21 - [TEST_STEP][PASSED] - username = Data.getValue("Username", i): null

18-03-2024T18:07:21 - [TEST_STEP][PASSED] - password = Data.getValue("Password", i): null

18-03-2024T18:07:21 - [TEST_STEP][PASSED] - checkoutRemark = Data.getValue("CheckoutRemark", i): null

18-03-2024T18:07:21 - [TEST_STEP][PASSED] - openBrowser(""): Browser is opened with url: ''

18-03-2024T18:07:21 - [MESSAGE][INFO] - Starting 'Chrome' driver

18-03-2024T18:07:21 - [MESSAGE][INFO] - Action delay is set to 0 milliseconds

18-03-2024T18:07:24 - [MESSAGE][PASSED] - Browser is opened with url: ''

18-03-2024T18:07:24 - [TEST_STEP][PASSED] - maximizeWindow(): Current window maximized

18-03-2024T18:07:24 - [MESSAGE][PASSED] - Current window maximized

18-03-2024T18:07:24 - [TEST_STEP][PASSED] - navigateToUrl(url): Navigate to 'http://testing.2growhr.io/' successfully

18-03-2024T18:07:27 - [MESSAGE][PASSED] - Navigate to 'http://testing.2growhr.io/' successfully

18-03-2024T18:07:27 - [TEST_STEP][PASSED] - setText(findTestObject("Object Repository/Page_2GrowHR - Login/UserName"), username): Text 'CBS0499' is set on object 'Object Repository/Page_2GrowHR - Login/UserName'

18-03-2024T18:07:28 - [MESSAGE][PASSED] - Text 'CBS0499' is set on object 'Object Repository/Page_2GrowHR - Login/UserName'

18-03-2024T18:07:28 - [TEST_STEP][PASSED] - setText(findTestObject("Object Repository/Page_2GrowHR - Login/Password"), password): Text '123' is set on object 'Object Repository/Page_2GrowHR - Login/Password'

18-03-2024T18:07:28 - [MESSAGE][PASSED] - Text '123' is set on object 'Object Repository/Page_2GrowHR - Login/Password'

18-03-2024T18:07:28 - [TEST_STEP][PASSED] - click(findTestObject("Object Repository/Page_2GrowHR - Login/Password - view icon")): Object: 'Object Repository/Page_2GrowHR - Login/Password - view icon' is clicked on

18-03-2024T18:07:29 - [MESSAGE][PASSED] - Object: 'Object Repository/Page_2GrowHR - Login/Password - view icon' is clicked on

18-03-2024T18:07:29 - [TEST_STEP][PASSED] - delay(2): Delayed 2 second(s)

18-03-2024T18:07:31 - [MESSAGE][PASSED] - Delayed 2 second(s)

18-03-2024T18:07:31 - [TEST_STEP][PASSED] - click(findTestObject("Object Repository/Page_2GrowHR - Login/Login Button")): Object: 'Object Repository/Page_2GrowHR - Login/Login Button' is clicked on

18-03-2024T18:07:40 - [MESSAGE][PASSED] - Object: 'Object Repository/Page_2GrowHR - Login/Login Button' is clicked on

18-03-2024T18:07:40 - [TEST_STEP][PASSED] - delay(2): Delayed 2 second(s)

18-03-2024T18:07:42 - [MESSAGE][PASSED] - Delayed 2 second(s)

18-03-2024T18:07:42 - [TEST_STEP][PASSED] - click(findTestObject("Object Repository/Page_2GrowHr - Dashboard/Check-Out button BR")): Object: 'Object Repository/Page_2GrowHr - Dashboard/Check-Out button BR' is clicked on

18-03-2024T18:07:43 - [MESSAGE][PASSED] - Object: 'Object Repository/Page_2GrowHr - Dashboard/Check-Out button BR' is clicked on

18-03-2024T18:07:43 - [TEST_STEP][PASSED] - setText(findTestObject("Object Repository/Page_2GrowHr - Dashboard/Checkout Remarks"), checkoutRemark + " " + currentDateStr): Text 'OD CheckoutRemark 03/18/2024' is set on object 'Object Repository/Page_2GrowHr - Dashboard/Checkout Remarks'

18-03-2024T18:07:44 - [MESSAGE][PASSED] - Text 'OD CheckoutRemark 03/18/2024' is set on object 'Object Repository/Page_2GrowHr - Dashboard/Checkout Remarks'

18-03-2024T18:07:44 - [TEST_STEP][PASSED] - delay(2): Delayed 2 second(s)

18-03-2024T18:07:46 - [MESSAGE][PASSED] - Delayed 2 second(s)

18-03-2024T18:07:46 - [TEST_STEP][PASSED] - click(findTestObject("Object Repository/Page_2GrowHr - Dashboard/Check-Out button AR")): Object: 'Object Repository/Page_2GrowHr - Dashboard/Check-Out button AR' is clicked on

18-03-2024T18:07:47 - [MESSAGE][PASSED] - Object: 'Object Repository/Page_2GrowHr - Dashboard/Check-Out button AR' is clicked on

18-03-2024T18:07:47 - [TEST_STEP][PASSED] - delay(2): Delayed 2 second(s)

18-03-2024T18:07:49 - [MESSAGE][PASSED] - Delayed 2 second(s)

18-03-2024T18:07:49 - [TEST_STEP][PASSED] - click(findTestObject("Object Repository/Page_2GrowHr - Menu_Report/Attentance mouseover")): Object: 'Object Repository/Page_2GrowHr - Menu_Report/Attentance mouseover' is clicked on

18-03-2024T18:07:50 - [MESSAGE][PASSED] - Object: 'Object Repository/Page_2GrowHr - Menu_Report/Attentance mouseover' is clicked on

18-03-2024T18:07:50 - [TEST_STEP][PASSED] - delay(2): Delayed 2 second(s)

18-03-2024T18:07:52 - [MESSAGE][PASSED] - Delayed 2 second(s)

18-03-2024T18:07:52 - [TEST_STEP][PASSED] - click(findTestObject("Object Repository/Page_2GrowHr - Menu_Report/Day Count Attendance Summary report")): Object: 'Object Repository/Page_2GrowHr - Menu_Report/Day Count Attendance Summary report' is clicked on

18-03-2024T18:07:55 - [MESSAGE][PASSED] - Object: 'Object Repository/Page_2GrowHr - Menu_Report/Day Count Attendance Summary report' is clicked on

18-03-2024T18:07:55 - [TEST_STEP][PASSED] - click(findTestObject("Object Repository/Page_2GrowHr - Real Time Report/Select Date range field day count attendance report")): Object: 'Object Repository/Page_2GrowHr - Real Time Report/Select Date range field day count attendance report' is clicked on

18-03-2024T18:07:57 - [MESSAGE][PASSED] - Object: 'Object Repository/Page_2GrowHr - Real Time Report/Select Date range field day count attendance report' is clicked on

18-03-2024T18:07:57 - [TEST_STEP][PASSED] - delay(2): Delayed 2 second(s)

18-03-2024T18:07:59 - [MESSAGE][PASSED] - Delayed 2 second(s)

18-03-2024T18:07:59 - [TEST_STEP][PASSED] - click(findTestObject("Object Repository/Page_2GrowHr - Real Time Report/Today")): Object: 'Object Repository/Page_2GrowHr - Real Time Report/Today' is clicked on

18-03-2024T18:07:59 - [MESSAGE][PASSED] - Object: 'Object Repository/Page_2GrowHr - Real Time Report/Today' is clicked on

18-03-2024T18:07:59 - [TEST_STEP][PASSED] - click(findTestObject("Object Repository/Page_2GrowHr - Real Time Report/Get Report button")): Object: 'Object Repository/Page_2GrowHr - Real Time Report/Get Report button' is clicked on

18-03-2024T18:08:00 - [MESSAGE][PASSED] - Object: 'Object Repository/Page_2GrowHr - Real Time Report/Get Report button' is clicked on

18-03-2024T18:08:00 - [TEST_STEP][PASSED] - delay(2): Delayed 2 second(s)

18-03-2024T18:08:02 - [MESSAGE][PASSED] - Delayed 2 second(s)

18-03-2024T18:08:02 - [TEST_STEP][PASSED] - linkElement = getWebDriver().findElement(By.xpath("//*[@id="datatable"]/tbody/tr/td[2]/a")): null

18-03-2024T18:08:02 - [TEST_STEP][PASSED] - linkElement.click(): null

18-03-2024T18:08:02 - [TEST_STEP][PASSED] - scrollToElement(findTestObject("Object Repository/Page_2GrowHr - Real Time Report/Report scroll to Clock-Out IP"), 10): Scroll to object 'Object Repository/Page_2GrowHr - Real Time Report/Report scroll to Clock-Out IP' successfully

18-03-2024T18:08:03 - [MESSAGE][PASSED] - Scroll to object 'Object Repository/Page_2GrowHr - Real Time Report/Report scroll to Clock-Out IP' successfully

18-03-2024T18:08:03 - [TEST_STEP][PASSED] - delay(5): Delayed 5 second(s)

18-03-2024T18:08:08 - [MESSAGE][PASSED] - Delayed 5 second(s)

18-03-2024T18:08:08 - [TEST_STEP][PASSED] - closeBrowser(): Browser is closed

18-03-2024T18:08:08 - [MESSAGE][PASSED] - Browser is closed]]></system-out>
         <system-err><![CDATA[]]></system-err>
      </testcase>
      <system-out><![CDATA[18-03-2024T18:06:38 - [TEST_SUITE][PASSED] - OD checkout: Test Cases/OD Checkout]]></system-out>
      <system-err><![CDATA[]]></system-err>
   </testsuite>
</testsuites>
