<?xml version="1.0" encoding="UTF-8"?>
<testsuites name="Login and Checkin" time="249.114" tests="1" failures="0" errors="0">
   <testsuite name="Login and Checkin" tests="1" failures="0" errors="0" time="249.114" skipped="0" timestamp="20-03-2024T10:04:25" hostname="91957 - Lead-Force-CRM" id="Test Suites/Login and Checkin">
      <properties>
         <property name="deviceName" value=""/>
         <property name="devicePlatform" value=""/>
         <property name="logFolder" value="C:\\Users\\91957\\Desktop\\Automation Testing - Katalon\\Payroll Web\\Reports\\20240320_100403\\Login and Checkin\\20240320_100404"/>
         <property name="logFiles" value="C:\\Users\\91957\\Desktop\\Automation Testing - Katalon\\Payroll Web\\Reports\\20240320_100403\\Login and Checkin\\20240320_100404\\execution0.log"/>
         <property name="attachments" value=""/>
         <property name="hostName" value="91957 - Lead-Force-CRM"/>
         <property name="os" value="Windows 11 64bit"/>
         <property name="katalonVersion" value="9.3.0.212"/>
         <property name="browser" value="Chrome 122.0.0.0"/>
         <property name="hostAddress" value="192.168.29.70"/>
         <property name="sessionId" value="b19a10c747131eee327908ae2dca7508"/>
         <property name="seleniumVersion" value="3.141.59"/>
         <property name="proxyInformation" value="ProxyInformation { proxyOption=NO_PROXY, proxyServerType=HTTP, username=, password=********, proxyServerAddress=, proxyServerPort=0, executionList=&quot;&quot;, isApplyToDesiredCapabilities=true }"/>
         <property name="platform" value="Windows 11"/>
      </properties>
      <testcase name="Test Cases/Login and do checkin" time="248.91" classname="Test Cases/Login and do checkin" status="PASSED">
         <system-out><![CDATA[20-03-2024T10:04:25 - [TEST_CASE][PASSED] - Test Cases/Login and do checkin: Test Cases/Login and do checkin

20-03-2024T10:04:25 - [TEST_STEP][PASSED] - Data = findTestData("Login and Checkin"): null

20-03-2024T10:04:26 - [TEST_STEP][PASSED] - dateFormat = new java.text.SimpleDateFormat(MM/dd/yyyy): null

20-03-2024T10:04:26 - [TEST_STEP][PASSED] - currentDate = getInstance().getTime(): null

20-03-2024T10:04:26 - [TEST_STEP][PASSED] - currentDateStr = dateFormat.format(currentDate): null

20-03-2024T10:04:26 - [TEST_STEP][PASSED] - for ([i = 1, i <= Data.getRowNumbers(), (i++)]): Browser is closed

20-03-2024T10:04:26 - [TEST_STEP][PASSED] - url = Data.getValue("URL", i): null

20-03-2024T10:04:26 - [TEST_STEP][PASSED] - username = Data.getValue("Username", i): null

20-03-2024T10:04:26 - [TEST_STEP][PASSED] - password = Data.getValue("Password", i): null

20-03-2024T10:04:26 - [TEST_STEP][PASSED] - checkinRemark = Data.getValue("CheckinRemark", i): null

20-03-2024T10:04:26 - [TEST_STEP][PASSED] - openBrowser(""): Browser is opened with url: ''

20-03-2024T10:04:26 - [MESSAGE][INFO] - Starting 'Chrome' driver

20-03-2024T10:04:26 - [MESSAGE][INFO] - Action delay is set to 0 milliseconds

20-03-2024T10:04:29 - [MESSAGE][PASSED] - Browser is opened with url: ''

20-03-2024T10:04:29 - [TEST_STEP][PASSED] - maximizeWindow(): Current window maximized

20-03-2024T10:04:29 - [MESSAGE][PASSED] - Current window maximized

20-03-2024T10:04:29 - [TEST_STEP][PASSED] - navigateToUrl(url): Navigate to 'http://testing.2growhr.io/' successfully

20-03-2024T10:04:31 - [MESSAGE][PASSED] - Navigate to 'http://testing.2growhr.io/' successfully

20-03-2024T10:04:31 - [TEST_STEP][PASSED] - setText(findTestObject("Object Repository/Page_2GrowHR - Login/UserName"), username): Text 'Yashik' is set on object 'Object Repository/Page_2GrowHR - Login/UserName'

20-03-2024T10:04:32 - [MESSAGE][PASSED] - Text 'Yashik' is set on object 'Object Repository/Page_2GrowHR - Login/UserName'

20-03-2024T10:04:32 - [TEST_STEP][PASSED] - setText(findTestObject("Object Repository/Page_2GrowHR - Login/Password"), password): Text '123' is set on object 'Object Repository/Page_2GrowHR - Login/Password'

20-03-2024T10:04:33 - [MESSAGE][PASSED] - Text '123' is set on object 'Object Repository/Page_2GrowHR - Login/Password'

20-03-2024T10:04:33 - [TEST_STEP][PASSED] - click(findTestObject("Object Repository/Page_2GrowHR - Login/Password - view icon")): Object: 'Object Repository/Page_2GrowHR - Login/Password - view icon' is clicked on

20-03-2024T10:04:33 - [MESSAGE][PASSED] - Object: 'Object Repository/Page_2GrowHR - Login/Password - view icon' is clicked on

20-03-2024T10:04:33 - [TEST_STEP][PASSED] - delay(2): Delayed 2 second(s)

20-03-2024T10:04:35 - [MESSAGE][PASSED] - Delayed 2 second(s)

20-03-2024T10:04:35 - [TEST_STEP][PASSED] - click(findTestObject("Object Repository/Page_2GrowHR - Login/Login Button")): Object: 'Object Repository/Page_2GrowHR - Login/Login Button' is clicked on

20-03-2024T10:04:46 - [MESSAGE][PASSED] - Object: 'Object Repository/Page_2GrowHR - Login/Login Button' is clicked on

20-03-2024T10:04:46 - [TEST_STEP][PASSED] - delay(2): Delayed 2 second(s)

20-03-2024T10:04:48 - [MESSAGE][PASSED] - Delayed 2 second(s)

20-03-2024T10:04:48 - [TEST_STEP][PASSED] - click(findTestObject("Object Repository/Page_2GrowHr - Dashboard/Checkin button BR")): Object: 'Object Repository/Page_2GrowHr - Dashboard/Checkin button BR' is clicked on

20-03-2024T10:04:50 - [MESSAGE][PASSED] - Object: 'Object Repository/Page_2GrowHr - Dashboard/Checkin button BR' is clicked on

20-03-2024T10:04:50 - [TEST_STEP][PASSED] - setText(findTestObject("Object Repository/Page_2GrowHr - Dashboard/Checkin remark"), checkinRemark): Text 'CheckinRemark' is set on object 'Object Repository/Page_2GrowHr - Dashboard/Checkin remark'

20-03-2024T10:04:54 - [MESSAGE][PASSED] - Text 'CheckinRemark' is set on object 'Object Repository/Page_2GrowHr - Dashboard/Checkin remark'

20-03-2024T10:04:54 - [TEST_STEP][PASSED] - delay(2): Delayed 2 second(s)

20-03-2024T10:04:56 - [MESSAGE][PASSED] - Delayed 2 second(s)

20-03-2024T10:04:56 - [TEST_STEP][PASSED] - click(findTestObject("Object Repository/Page_2GrowHr - Dashboard/Checkin button AR")): Object: 'Object Repository/Page_2GrowHr - Dashboard/Checkin button AR' is clicked on

20-03-2024T10:04:58 - [MESSAGE][PASSED] - Object: 'Object Repository/Page_2GrowHr - Dashboard/Checkin button AR' is clicked on

20-03-2024T10:04:58 - [TEST_STEP][PASSED] - delay(2): Delayed 2 second(s)

20-03-2024T10:05:00 - [MESSAGE][PASSED] - Delayed 2 second(s)

20-03-2024T10:05:00 - [TEST_STEP][PASSED] - click(findTestObject("Object Repository/Page_2GrowHr - Menu_Report/Attentance mouseover")): Object: 'Object Repository/Page_2GrowHr - Menu_Report/Attentance mouseover' is clicked on

20-03-2024T10:05:02 - [MESSAGE][PASSED] - Object: 'Object Repository/Page_2GrowHr - Menu_Report/Attentance mouseover' is clicked on

20-03-2024T10:05:02 - [TEST_STEP][PASSED] - delay(2): Delayed 2 second(s)

20-03-2024T10:05:04 - [MESSAGE][PASSED] - Delayed 2 second(s)

20-03-2024T10:05:04 - [TEST_STEP][PASSED] - click(findTestObject("Object Repository/Page_2GrowHr - Menu_Report/General Attendance Summary - Report")): Object: 'Object Repository/Page_2GrowHr - Menu_Report/General Attendance Summary - Report' is clicked on

20-03-2024T10:05:19 - [MESSAGE][PASSED] - Object: 'Object Repository/Page_2GrowHr - Menu_Report/General Attendance Summary - Report' is clicked on

20-03-2024T10:05:19 - [TEST_STEP][PASSED] - click(findTestObject("Object Repository/Page_2GrowHr - Menu_Report/Date selection field")): Object: 'Object Repository/Page_2GrowHr - Menu_Report/Date selection field' is clicked on

20-03-2024T10:05:21 - [MESSAGE][PASSED] - Object: 'Object Repository/Page_2GrowHr - Menu_Report/Date selection field' is clicked on

20-03-2024T10:05:21 - [TEST_STEP][PASSED] - setText(findTestObject("Object Repository/Page_2GrowHr - Menu_Report/Date selection field"), currentDateStr): Text '03/20/2024' is set on object 'Object Repository/Page_2GrowHr - Menu_Report/Date selection field'

20-03-2024T10:05:25 - [MESSAGE][PASSED] - Text '03/20/2024' is set on object 'Object Repository/Page_2GrowHr - Menu_Report/Date selection field'

20-03-2024T10:05:25 - [TEST_STEP][PASSED] - delay(2): Delayed 2 second(s)

20-03-2024T10:05:27 - [MESSAGE][PASSED] - Delayed 2 second(s)

20-03-2024T10:05:27 - [TEST_STEP][PASSED] - click(findTestObject("Object Repository/Page_2GrowHr - Menu_Report/Get Report button Day count attendance summary report")): Object: 'Object Repository/Page_2GrowHr - Menu_Report/Get Report button Day count attendance summary report' is clicked on

20-03-2024T10:05:29 - [MESSAGE][PASSED] - Object: 'Object Repository/Page_2GrowHr - Menu_Report/Get Report button Day count attendance summary report' is clicked on

20-03-2024T10:05:29 - [TEST_STEP][PASSED] - scrollToElement(findTestObject("Object Repository/Page_2GrowHr - Day Wise Report/Scroll to Page down"), 10): Scroll to object 'Object Repository/Page_2GrowHr - Day Wise Report/Scroll to Page down' successfully

20-03-2024T10:05:31 - [MESSAGE][PASSED] - Scroll to object 'Object Repository/Page_2GrowHr - Day Wise Report/Scroll to Page down' successfully

20-03-2024T10:05:31 - [TEST_STEP][PASSED] - delay(5): Delayed 5 second(s)

20-03-2024T10:05:36 - [MESSAGE][PASSED] - Delayed 5 second(s)

20-03-2024T10:05:36 - [TEST_STEP][PASSED] - closeBrowser(): Browser is closed

20-03-2024T10:05:36 - [MESSAGE][PASSED] - Browser is closed

20-03-2024T10:05:36 - [TEST_STEP][PASSED] - url = Data.getValue("URL", i): null

20-03-2024T10:05:36 - [TEST_STEP][PASSED] - username = Data.getValue("Username", i): null

20-03-2024T10:05:36 - [TEST_STEP][PASSED] - password = Data.getValue("Password", i): null

20-03-2024T10:05:36 - [TEST_STEP][PASSED] - checkinRemark = Data.getValue("CheckinRemark", i): null

20-03-2024T10:05:36 - [TEST_STEP][PASSED] - openBrowser(""): Browser is opened with url: ''

20-03-2024T10:05:36 - [MESSAGE][INFO] - Starting 'Chrome' driver

20-03-2024T10:05:36 - [MESSAGE][INFO] - Action delay is set to 0 milliseconds

20-03-2024T10:05:39 - [MESSAGE][PASSED] - Browser is opened with url: ''

20-03-2024T10:05:39 - [TEST_STEP][PASSED] - maximizeWindow(): Current window maximized

20-03-2024T10:05:39 - [MESSAGE][PASSED] - Current window maximized

20-03-2024T10:05:39 - [TEST_STEP][PASSED] - navigateToUrl(url): Navigate to 'http://testing.2growhr.io/' successfully

20-03-2024T10:05:41 - [MESSAGE][PASSED] - Navigate to 'http://testing.2growhr.io/' successfully

20-03-2024T10:05:41 - [TEST_STEP][PASSED] - setText(findTestObject("Object Repository/Page_2GrowHR - Login/UserName"), username): Text 'Farveen' is set on object 'Object Repository/Page_2GrowHR - Login/UserName'

20-03-2024T10:05:42 - [MESSAGE][PASSED] - Text 'Farveen' is set on object 'Object Repository/Page_2GrowHR - Login/UserName'

20-03-2024T10:05:42 - [TEST_STEP][PASSED] - setText(findTestObject("Object Repository/Page_2GrowHR - Login/Password"), password): Text '123' is set on object 'Object Repository/Page_2GrowHR - Login/Password'

20-03-2024T10:05:43 - [MESSAGE][PASSED] - Text '123' is set on object 'Object Repository/Page_2GrowHR - Login/Password'

20-03-2024T10:05:43 - [TEST_STEP][PASSED] - click(findTestObject("Object Repository/Page_2GrowHR - Login/Password - view icon")): Object: 'Object Repository/Page_2GrowHR - Login/Password - view icon' is clicked on

20-03-2024T10:05:43 - [MESSAGE][PASSED] - Object: 'Object Repository/Page_2GrowHR - Login/Password - view icon' is clicked on

20-03-2024T10:05:43 - [TEST_STEP][PASSED] - delay(2): Delayed 2 second(s)

20-03-2024T10:05:45 - [MESSAGE][PASSED] - Delayed 2 second(s)

20-03-2024T10:05:45 - [TEST_STEP][PASSED] - click(findTestObject("Object Repository/Page_2GrowHR - Login/Login Button")): Object: 'Object Repository/Page_2GrowHR - Login/Login Button' is clicked on

20-03-2024T10:05:54 - [MESSAGE][PASSED] - Object: 'Object Repository/Page_2GrowHR - Login/Login Button' is clicked on

20-03-2024T10:05:54 - [TEST_STEP][PASSED] - delay(2): Delayed 2 second(s)

20-03-2024T10:05:56 - [MESSAGE][PASSED] - Delayed 2 second(s)

20-03-2024T10:05:56 - [TEST_STEP][PASSED] - click(findTestObject("Object Repository/Page_2GrowHr - Dashboard/Checkin button BR")): Object: 'Object Repository/Page_2GrowHr - Dashboard/Checkin button BR' is clicked on

20-03-2024T10:05:56 - [MESSAGE][PASSED] - Object: 'Object Repository/Page_2GrowHr - Dashboard/Checkin button BR' is clicked on

20-03-2024T10:05:56 - [TEST_STEP][PASSED] - setText(findTestObject("Object Repository/Page_2GrowHr - Dashboard/Checkin remark"), checkinRemark): Text 'CheckinRemark' is set on object 'Object Repository/Page_2GrowHr - Dashboard/Checkin remark'

20-03-2024T10:05:57 - [MESSAGE][PASSED] - Text 'CheckinRemark' is set on object 'Object Repository/Page_2GrowHr - Dashboard/Checkin remark'

20-03-2024T10:05:57 - [TEST_STEP][PASSED] - delay(2): Delayed 2 second(s)

20-03-2024T10:05:59 - [MESSAGE][PASSED] - Delayed 2 second(s)

20-03-2024T10:05:59 - [TEST_STEP][PASSED] - click(findTestObject("Object Repository/Page_2GrowHr - Dashboard/Checkin button AR")): Object: 'Object Repository/Page_2GrowHr - Dashboard/Checkin button AR' is clicked on

20-03-2024T10:06:00 - [MESSAGE][PASSED] - Object: 'Object Repository/Page_2GrowHr - Dashboard/Checkin button AR' is clicked on

20-03-2024T10:06:00 - [TEST_STEP][PASSED] - delay(2): Delayed 2 second(s)

20-03-2024T10:06:02 - [MESSAGE][PASSED] - Delayed 2 second(s)

20-03-2024T10:06:02 - [TEST_STEP][PASSED] - click(findTestObject("Object Repository/Page_2GrowHr - Menu_Report/Attentance mouseover")): Object: 'Object Repository/Page_2GrowHr - Menu_Report/Attentance mouseover' is clicked on

20-03-2024T10:06:02 - [MESSAGE][PASSED] - Object: 'Object Repository/Page_2GrowHr - Menu_Report/Attentance mouseover' is clicked on

20-03-2024T10:06:02 - [TEST_STEP][PASSED] - delay(2): Delayed 2 second(s)

20-03-2024T10:06:04 - [MESSAGE][PASSED] - Delayed 2 second(s)

20-03-2024T10:06:04 - [TEST_STEP][PASSED] - click(findTestObject("Object Repository/Page_2GrowHr - Menu_Report/General Attendance Summary - Report")): Object: 'Object Repository/Page_2GrowHr - Menu_Report/General Attendance Summary - Report' is clicked on

20-03-2024T10:06:07 - [MESSAGE][PASSED] - Object: 'Object Repository/Page_2GrowHr - Menu_Report/General Attendance Summary - Report' is clicked on

20-03-2024T10:06:07 - [TEST_STEP][PASSED] - click(findTestObject("Object Repository/Page_2GrowHr - Menu_Report/Date selection field")): Object: 'Object Repository/Page_2GrowHr - Menu_Report/Date selection field' is clicked on

20-03-2024T10:06:07 - [MESSAGE][PASSED] - Object: 'Object Repository/Page_2GrowHr - Menu_Report/Date selection field' is clicked on

20-03-2024T10:06:07 - [TEST_STEP][PASSED] - setText(findTestObject("Object Repository/Page_2GrowHr - Menu_Report/Date selection field"), currentDateStr): Text '03/20/2024' is set on object 'Object Repository/Page_2GrowHr - Menu_Report/Date selection field'

20-03-2024T10:06:08 - [MESSAGE][PASSED] - Text '03/20/2024' is set on object 'Object Repository/Page_2GrowHr - Menu_Report/Date selection field'

20-03-2024T10:06:08 - [TEST_STEP][PASSED] - delay(2): Delayed 2 second(s)

20-03-2024T10:06:10 - [MESSAGE][PASSED] - Delayed 2 second(s)

20-03-2024T10:06:10 - [TEST_STEP][PASSED] - click(findTestObject("Object Repository/Page_2GrowHr - Menu_Report/Get Report button Day count attendance summary report")): Object: 'Object Repository/Page_2GrowHr - Menu_Report/Get Report button Day count attendance summary report' is clicked on

20-03-2024T10:06:10 - [MESSAGE][PASSED] - Object: 'Object Repository/Page_2GrowHr - Menu_Report/Get Report button Day count attendance summary report' is clicked on

20-03-2024T10:06:10 - [TEST_STEP][PASSED] - scrollToElement(findTestObject("Object Repository/Page_2GrowHr - Day Wise Report/Scroll to Page down"), 10): Scroll to object 'Object Repository/Page_2GrowHr - Day Wise Report/Scroll to Page down' successfully

20-03-2024T10:06:11 - [MESSAGE][PASSED] - Scroll to object 'Object Repository/Page_2GrowHr - Day Wise Report/Scroll to Page down' successfully

20-03-2024T10:06:11 - [TEST_STEP][PASSED] - delay(5): Delayed 5 second(s)

20-03-2024T10:06:16 - [MESSAGE][PASSED] - Delayed 5 second(s)

20-03-2024T10:06:16 - [TEST_STEP][PASSED] - closeBrowser(): Browser is closed

20-03-2024T10:06:16 - [MESSAGE][PASSED] - Browser is closed

20-03-2024T10:06:16 - [TEST_STEP][PASSED] - url = Data.getValue("URL", i): null

20-03-2024T10:06:16 - [TEST_STEP][PASSED] - username = Data.getValue("Username", i): null

20-03-2024T10:06:16 - [TEST_STEP][PASSED] - password = Data.getValue("Password", i): null

20-03-2024T10:06:16 - [TEST_STEP][PASSED] - checkinRemark = Data.getValue("CheckinRemark", i): null

20-03-2024T10:06:16 - [TEST_STEP][PASSED] - openBrowser(""): Browser is opened with url: ''

20-03-2024T10:06:16 - [MESSAGE][INFO] - Starting 'Chrome' driver

20-03-2024T10:06:16 - [MESSAGE][INFO] - Action delay is set to 0 milliseconds

20-03-2024T10:06:17 - [MESSAGE][PASSED] - Browser is opened with url: ''

20-03-2024T10:06:17 - [TEST_STEP][PASSED] - maximizeWindow(): Current window maximized

20-03-2024T10:06:18 - [MESSAGE][PASSED] - Current window maximized

20-03-2024T10:06:18 - [TEST_STEP][PASSED] - navigateToUrl(url): Navigate to 'http://testing.2growhr.io/' successfully

20-03-2024T10:06:19 - [MESSAGE][PASSED] - Navigate to 'http://testing.2growhr.io/' successfully

20-03-2024T10:06:19 - [TEST_STEP][PASSED] - setText(findTestObject("Object Repository/Page_2GrowHR - Login/UserName"), username): Text 'CBS2227' is set on object 'Object Repository/Page_2GrowHR - Login/UserName'

20-03-2024T10:06:20 - [MESSAGE][PASSED] - Text 'CBS2227' is set on object 'Object Repository/Page_2GrowHR - Login/UserName'

20-03-2024T10:06:20 - [TEST_STEP][PASSED] - setText(findTestObject("Object Repository/Page_2GrowHR - Login/Password"), password): Text '123' is set on object 'Object Repository/Page_2GrowHR - Login/Password'

20-03-2024T10:06:21 - [MESSAGE][PASSED] - Text '123' is set on object 'Object Repository/Page_2GrowHR - Login/Password'

20-03-2024T10:06:21 - [TEST_STEP][PASSED] - click(findTestObject("Object Repository/Page_2GrowHR - Login/Password - view icon")): Object: 'Object Repository/Page_2GrowHR - Login/Password - view icon' is clicked on

20-03-2024T10:06:21 - [MESSAGE][PASSED] - Object: 'Object Repository/Page_2GrowHR - Login/Password - view icon' is clicked on

20-03-2024T10:06:21 - [TEST_STEP][PASSED] - delay(2): Delayed 2 second(s)

20-03-2024T10:06:23 - [MESSAGE][PASSED] - Delayed 2 second(s)

20-03-2024T10:06:23 - [TEST_STEP][PASSED] - click(findTestObject("Object Repository/Page_2GrowHR - Login/Login Button")): Object: 'Object Repository/Page_2GrowHR - Login/Login Button' is clicked on

20-03-2024T10:06:33 - [MESSAGE][PASSED] - Object: 'Object Repository/Page_2GrowHR - Login/Login Button' is clicked on

20-03-2024T10:06:33 - [TEST_STEP][PASSED] - delay(2): Delayed 2 second(s)

20-03-2024T10:06:35 - [MESSAGE][PASSED] - Delayed 2 second(s)

20-03-2024T10:06:35 - [TEST_STEP][PASSED] - click(findTestObject("Object Repository/Page_2GrowHr - Dashboard/Checkin button BR")): Object: 'Object Repository/Page_2GrowHr - Dashboard/Checkin button BR' is clicked on

20-03-2024T10:06:35 - [MESSAGE][PASSED] - Object: 'Object Repository/Page_2GrowHr - Dashboard/Checkin button BR' is clicked on

20-03-2024T10:06:35 - [TEST_STEP][PASSED] - setText(findTestObject("Object Repository/Page_2GrowHr - Dashboard/Checkin remark"), checkinRemark): Text 'CheckinRemark' is set on object 'Object Repository/Page_2GrowHr - Dashboard/Checkin remark'

20-03-2024T10:06:37 - [MESSAGE][PASSED] - Text 'CheckinRemark' is set on object 'Object Repository/Page_2GrowHr - Dashboard/Checkin remark'

20-03-2024T10:06:37 - [TEST_STEP][PASSED] - delay(2): Delayed 2 second(s)

20-03-2024T10:06:39 - [MESSAGE][PASSED] - Delayed 2 second(s)

20-03-2024T10:06:39 - [TEST_STEP][PASSED] - click(findTestObject("Object Repository/Page_2GrowHr - Dashboard/Checkin button AR")): Object: 'Object Repository/Page_2GrowHr - Dashboard/Checkin button AR' is clicked on

20-03-2024T10:06:39 - [MESSAGE][PASSED] - Object: 'Object Repository/Page_2GrowHr - Dashboard/Checkin button AR' is clicked on

20-03-2024T10:06:39 - [TEST_STEP][PASSED] - delay(2): Delayed 2 second(s)

20-03-2024T10:06:41 - [MESSAGE][PASSED] - Delayed 2 second(s)

20-03-2024T10:06:41 - [TEST_STEP][PASSED] - click(findTestObject("Object Repository/Page_2GrowHr - Menu_Report/Attentance mouseover")): Object: 'Object Repository/Page_2GrowHr - Menu_Report/Attentance mouseover' is clicked on

20-03-2024T10:06:43 - [MESSAGE][PASSED] - Object: 'Object Repository/Page_2GrowHr - Menu_Report/Attentance mouseover' is clicked on

20-03-2024T10:06:43 - [TEST_STEP][PASSED] - delay(2): Delayed 2 second(s)

20-03-2024T10:06:45 - [MESSAGE][PASSED] - Delayed 2 second(s)

20-03-2024T10:06:45 - [TEST_STEP][PASSED] - click(findTestObject("Object Repository/Page_2GrowHr - Menu_Report/General Attendance Summary - Report")): Object: 'Object Repository/Page_2GrowHr - Menu_Report/General Attendance Summary - Report' is clicked on

20-03-2024T10:06:47 - [MESSAGE][PASSED] - Object: 'Object Repository/Page_2GrowHr - Menu_Report/General Attendance Summary - Report' is clicked on

20-03-2024T10:06:47 - [TEST_STEP][PASSED] - click(findTestObject("Object Repository/Page_2GrowHr - Menu_Report/Date selection field")): Object: 'Object Repository/Page_2GrowHr - Menu_Report/Date selection field' is clicked on

20-03-2024T10:06:47 - [MESSAGE][PASSED] - Object: 'Object Repository/Page_2GrowHr - Menu_Report/Date selection field' is clicked on

20-03-2024T10:06:47 - [TEST_STEP][PASSED] - setText(findTestObject("Object Repository/Page_2GrowHr - Menu_Report/Date selection field"), currentDateStr): Text '03/20/2024' is set on object 'Object Repository/Page_2GrowHr - Menu_Report/Date selection field'

20-03-2024T10:06:48 - [MESSAGE][PASSED] - Text '03/20/2024' is set on object 'Object Repository/Page_2GrowHr - Menu_Report/Date selection field'

20-03-2024T10:06:48 - [TEST_STEP][PASSED] - delay(2): Delayed 2 second(s)

20-03-2024T10:06:50 - [MESSAGE][PASSED] - Delayed 2 second(s)

20-03-2024T10:06:50 - [TEST_STEP][PASSED] - click(findTestObject("Object Repository/Page_2GrowHr - Menu_Report/Get Report button Day count attendance summary report")): Object: 'Object Repository/Page_2GrowHr - Menu_Report/Get Report button Day count attendance summary report' is clicked on

20-03-2024T10:06:50 - [MESSAGE][PASSED] - Object: 'Object Repository/Page_2GrowHr - Menu_Report/Get Report button Day count attendance summary report' is clicked on

20-03-2024T10:06:50 - [TEST_STEP][PASSED] - scrollToElement(findTestObject("Object Repository/Page_2GrowHr - Day Wise Report/Scroll to Page down"), 10): Scroll to object 'Object Repository/Page_2GrowHr - Day Wise Report/Scroll to Page down' successfully

20-03-2024T10:06:51 - [MESSAGE][PASSED] - Scroll to object 'Object Repository/Page_2GrowHr - Day Wise Report/Scroll to Page down' successfully

20-03-2024T10:06:51 - [TEST_STEP][PASSED] - delay(5): Delayed 5 second(s)

20-03-2024T10:06:56 - [MESSAGE][PASSED] - Delayed 5 second(s)

20-03-2024T10:06:56 - [TEST_STEP][PASSED] - closeBrowser(): Browser is closed

20-03-2024T10:06:56 - [MESSAGE][PASSED] - Browser is closed

20-03-2024T10:06:56 - [TEST_STEP][PASSED] - url = Data.getValue("URL", i): null

20-03-2024T10:06:56 - [TEST_STEP][PASSED] - username = Data.getValue("Username", i): null

20-03-2024T10:06:56 - [TEST_STEP][PASSED] - password = Data.getValue("Password", i): null

20-03-2024T10:06:56 - [TEST_STEP][PASSED] - checkinRemark = Data.getValue("CheckinRemark", i): null

20-03-2024T10:06:56 - [TEST_STEP][PASSED] - openBrowser(""): Browser is opened with url: ''

20-03-2024T10:06:56 - [MESSAGE][INFO] - Starting 'Chrome' driver

20-03-2024T10:06:56 - [MESSAGE][INFO] - Action delay is set to 0 milliseconds

20-03-2024T10:06:59 - [MESSAGE][PASSED] - Browser is opened with url: ''

20-03-2024T10:06:59 - [TEST_STEP][PASSED] - maximizeWindow(): Current window maximized

20-03-2024T10:07:00 - [MESSAGE][PASSED] - Current window maximized

20-03-2024T10:07:00 - [TEST_STEP][PASSED] - navigateToUrl(url): Navigate to 'http://testing.2growhr.io/' successfully

20-03-2024T10:07:04 - [MESSAGE][PASSED] - Navigate to 'http://testing.2growhr.io/' successfully

20-03-2024T10:07:04 - [TEST_STEP][PASSED] - setText(findTestObject("Object Repository/Page_2GrowHR - Login/UserName"), username): Text 'CBS2155' is set on object 'Object Repository/Page_2GrowHR - Login/UserName'

20-03-2024T10:07:05 - [MESSAGE][PASSED] - Text 'CBS2155' is set on object 'Object Repository/Page_2GrowHR - Login/UserName'

20-03-2024T10:07:05 - [TEST_STEP][PASSED] - setText(findTestObject("Object Repository/Page_2GrowHR - Login/Password"), password): Text '123' is set on object 'Object Repository/Page_2GrowHR - Login/Password'

20-03-2024T10:07:05 - [MESSAGE][PASSED] - Text '123' is set on object 'Object Repository/Page_2GrowHR - Login/Password'

20-03-2024T10:07:05 - [TEST_STEP][PASSED] - click(findTestObject("Object Repository/Page_2GrowHR - Login/Password - view icon")): Object: 'Object Repository/Page_2GrowHR - Login/Password - view icon' is clicked on

20-03-2024T10:07:06 - [MESSAGE][PASSED] - Object: 'Object Repository/Page_2GrowHR - Login/Password - view icon' is clicked on

20-03-2024T10:07:06 - [TEST_STEP][PASSED] - delay(2): Delayed 2 second(s)

20-03-2024T10:07:08 - [MESSAGE][PASSED] - Delayed 2 second(s)

20-03-2024T10:07:08 - [TEST_STEP][PASSED] - click(findTestObject("Object Repository/Page_2GrowHR - Login/Login Button")): Object: 'Object Repository/Page_2GrowHR - Login/Login Button' is clicked on

20-03-2024T10:07:17 - [MESSAGE][PASSED] - Object: 'Object Repository/Page_2GrowHR - Login/Login Button' is clicked on

20-03-2024T10:07:17 - [TEST_STEP][PASSED] - delay(2): Delayed 2 second(s)

20-03-2024T10:07:19 - [MESSAGE][PASSED] - Delayed 2 second(s)

20-03-2024T10:07:19 - [TEST_STEP][PASSED] - click(findTestObject("Object Repository/Page_2GrowHr - Dashboard/Checkin button BR")): Object: 'Object Repository/Page_2GrowHr - Dashboard/Checkin button BR' is clicked on

20-03-2024T10:07:19 - [MESSAGE][PASSED] - Object: 'Object Repository/Page_2GrowHr - Dashboard/Checkin button BR' is clicked on

20-03-2024T10:07:19 - [TEST_STEP][PASSED] - setText(findTestObject("Object Repository/Page_2GrowHr - Dashboard/Checkin remark"), checkinRemark): Text 'CheckinRemark' is set on object 'Object Repository/Page_2GrowHr - Dashboard/Checkin remark'

20-03-2024T10:07:21 - [MESSAGE][PASSED] - Text 'CheckinRemark' is set on object 'Object Repository/Page_2GrowHr - Dashboard/Checkin remark'

20-03-2024T10:07:21 - [TEST_STEP][PASSED] - delay(2): Delayed 2 second(s)

20-03-2024T10:07:23 - [MESSAGE][PASSED] - Delayed 2 second(s)

20-03-2024T10:07:23 - [TEST_STEP][PASSED] - click(findTestObject("Object Repository/Page_2GrowHr - Dashboard/Checkin button AR")): Object: 'Object Repository/Page_2GrowHr - Dashboard/Checkin button AR' is clicked on

20-03-2024T10:07:23 - [MESSAGE][PASSED] - Object: 'Object Repository/Page_2GrowHr - Dashboard/Checkin button AR' is clicked on

20-03-2024T10:07:23 - [TEST_STEP][PASSED] - delay(2): Delayed 2 second(s)

20-03-2024T10:07:25 - [MESSAGE][PASSED] - Delayed 2 second(s)

20-03-2024T10:07:25 - [TEST_STEP][PASSED] - click(findTestObject("Object Repository/Page_2GrowHr - Menu_Report/Attentance mouseover")): Object: 'Object Repository/Page_2GrowHr - Menu_Report/Attentance mouseover' is clicked on

20-03-2024T10:07:27 - [MESSAGE][PASSED] - Object: 'Object Repository/Page_2GrowHr - Menu_Report/Attentance mouseover' is clicked on

20-03-2024T10:07:27 - [TEST_STEP][PASSED] - delay(2): Delayed 2 second(s)

20-03-2024T10:07:29 - [MESSAGE][PASSED] - Delayed 2 second(s)

20-03-2024T10:07:29 - [TEST_STEP][PASSED] - click(findTestObject("Object Repository/Page_2GrowHr - Menu_Report/General Attendance Summary - Report")): Object: 'Object Repository/Page_2GrowHr - Menu_Report/General Attendance Summary - Report' is clicked on

20-03-2024T10:07:30 - [MESSAGE][PASSED] - Object: 'Object Repository/Page_2GrowHr - Menu_Report/General Attendance Summary - Report' is clicked on

20-03-2024T10:07:30 - [TEST_STEP][PASSED] - click(findTestObject("Object Repository/Page_2GrowHr - Menu_Report/Date selection field")): Object: 'Object Repository/Page_2GrowHr - Menu_Report/Date selection field' is clicked on

20-03-2024T10:07:31 - [MESSAGE][PASSED] - Object: 'Object Repository/Page_2GrowHr - Menu_Report/Date selection field' is clicked on

20-03-2024T10:07:31 - [TEST_STEP][PASSED] - setText(findTestObject("Object Repository/Page_2GrowHr - Menu_Report/Date selection field"), currentDateStr): Text '03/20/2024' is set on object 'Object Repository/Page_2GrowHr - Menu_Report/Date selection field'

20-03-2024T10:07:32 - [MESSAGE][PASSED] - Text '03/20/2024' is set on object 'Object Repository/Page_2GrowHr - Menu_Report/Date selection field'

20-03-2024T10:07:32 - [TEST_STEP][PASSED] - delay(2): Delayed 2 second(s)

20-03-2024T10:07:34 - [MESSAGE][PASSED] - Delayed 2 second(s)

20-03-2024T10:07:34 - [TEST_STEP][PASSED] - click(findTestObject("Object Repository/Page_2GrowHr - Menu_Report/Get Report button Day count attendance summary report")): Object: 'Object Repository/Page_2GrowHr - Menu_Report/Get Report button Day count attendance summary report' is clicked on

20-03-2024T10:07:34 - [MESSAGE][PASSED] - Object: 'Object Repository/Page_2GrowHr - Menu_Report/Get Report button Day count attendance summary report' is clicked on

20-03-2024T10:07:34 - [TEST_STEP][PASSED] - scrollToElement(findTestObject("Object Repository/Page_2GrowHr - Day Wise Report/Scroll to Page down"), 10): Scroll to object 'Object Repository/Page_2GrowHr - Day Wise Report/Scroll to Page down' successfully

20-03-2024T10:07:35 - [MESSAGE][PASSED] - Scroll to object 'Object Repository/Page_2GrowHr - Day Wise Report/Scroll to Page down' successfully

20-03-2024T10:07:35 - [TEST_STEP][PASSED] - delay(5): Delayed 5 second(s)

20-03-2024T10:07:40 - [MESSAGE][PASSED] - Delayed 5 second(s)

20-03-2024T10:07:40 - [TEST_STEP][PASSED] - closeBrowser(): Browser is closed

20-03-2024T10:07:40 - [MESSAGE][PASSED] - Browser is closed

20-03-2024T10:07:40 - [TEST_STEP][PASSED] - url = Data.getValue("URL", i): null

20-03-2024T10:07:40 - [TEST_STEP][PASSED] - username = Data.getValue("Username", i): null

20-03-2024T10:07:40 - [TEST_STEP][PASSED] - password = Data.getValue("Password", i): null

20-03-2024T10:07:40 - [TEST_STEP][PASSED] - checkinRemark = Data.getValue("CheckinRemark", i): null

20-03-2024T10:07:40 - [TEST_STEP][PASSED] - openBrowser(""): Browser is opened with url: ''

20-03-2024T10:07:40 - [MESSAGE][INFO] - Starting 'Chrome' driver

20-03-2024T10:07:40 - [MESSAGE][INFO] - Action delay is set to 0 milliseconds

20-03-2024T10:07:41 - [MESSAGE][PASSED] - Browser is opened with url: ''

20-03-2024T10:07:41 - [TEST_STEP][PASSED] - maximizeWindow(): Current window maximized

20-03-2024T10:07:41 - [MESSAGE][PASSED] - Current window maximized

20-03-2024T10:07:41 - [TEST_STEP][PASSED] - navigateToUrl(url): Navigate to 'http://testing.2growhr.io/' successfully

20-03-2024T10:07:43 - [MESSAGE][PASSED] - Navigate to 'http://testing.2growhr.io/' successfully

20-03-2024T10:07:43 - [TEST_STEP][PASSED] - setText(findTestObject("Object Repository/Page_2GrowHR - Login/UserName"), username): Text 'CBS0761' is set on object 'Object Repository/Page_2GrowHR - Login/UserName'

20-03-2024T10:07:44 - [MESSAGE][PASSED] - Text 'CBS0761' is set on object 'Object Repository/Page_2GrowHR - Login/UserName'

20-03-2024T10:07:44 - [TEST_STEP][PASSED] - setText(findTestObject("Object Repository/Page_2GrowHR - Login/Password"), password): Text '123' is set on object 'Object Repository/Page_2GrowHR - Login/Password'

20-03-2024T10:07:45 - [MESSAGE][PASSED] - Text '123' is set on object 'Object Repository/Page_2GrowHR - Login/Password'

20-03-2024T10:07:45 - [TEST_STEP][PASSED] - click(findTestObject("Object Repository/Page_2GrowHR - Login/Password - view icon")): Object: 'Object Repository/Page_2GrowHR - Login/Password - view icon' is clicked on

20-03-2024T10:07:45 - [MESSAGE][PASSED] - Object: 'Object Repository/Page_2GrowHR - Login/Password - view icon' is clicked on

20-03-2024T10:07:45 - [TEST_STEP][PASSED] - delay(2): Delayed 2 second(s)

20-03-2024T10:07:47 - [MESSAGE][PASSED] - Delayed 2 second(s)

20-03-2024T10:07:47 - [TEST_STEP][PASSED] - click(findTestObject("Object Repository/Page_2GrowHR - Login/Login Button")): Object: 'Object Repository/Page_2GrowHR - Login/Login Button' is clicked on

20-03-2024T10:07:55 - [MESSAGE][PASSED] - Object: 'Object Repository/Page_2GrowHR - Login/Login Button' is clicked on

20-03-2024T10:07:55 - [TEST_STEP][PASSED] - delay(2): Delayed 2 second(s)

20-03-2024T10:07:57 - [MESSAGE][PASSED] - Delayed 2 second(s)

20-03-2024T10:07:57 - [TEST_STEP][PASSED] - click(findTestObject("Object Repository/Page_2GrowHr - Dashboard/Checkin button BR")): Object: 'Object Repository/Page_2GrowHr - Dashboard/Checkin button BR' is clicked on

20-03-2024T10:07:59 - [MESSAGE][PASSED] - Object: 'Object Repository/Page_2GrowHr - Dashboard/Checkin button BR' is clicked on

20-03-2024T10:07:59 - [TEST_STEP][PASSED] - setText(findTestObject("Object Repository/Page_2GrowHr - Dashboard/Checkin remark"), checkinRemark): Text 'CheckinRemark' is set on object 'Object Repository/Page_2GrowHr - Dashboard/Checkin remark'

20-03-2024T10:08:03 - [MESSAGE][PASSED] - Text 'CheckinRemark' is set on object 'Object Repository/Page_2GrowHr - Dashboard/Checkin remark'

20-03-2024T10:08:03 - [TEST_STEP][PASSED] - delay(2): Delayed 2 second(s)

20-03-2024T10:08:05 - [MESSAGE][PASSED] - Delayed 2 second(s)

20-03-2024T10:08:05 - [TEST_STEP][PASSED] - click(findTestObject("Object Repository/Page_2GrowHr - Dashboard/Checkin button AR")): Object: 'Object Repository/Page_2GrowHr - Dashboard/Checkin button AR' is clicked on

20-03-2024T10:08:07 - [MESSAGE][PASSED] - Object: 'Object Repository/Page_2GrowHr - Dashboard/Checkin button AR' is clicked on

20-03-2024T10:08:07 - [TEST_STEP][PASSED] - delay(2): Delayed 2 second(s)

20-03-2024T10:08:09 - [MESSAGE][PASSED] - Delayed 2 second(s)

20-03-2024T10:08:09 - [TEST_STEP][PASSED] - click(findTestObject("Object Repository/Page_2GrowHr - Menu_Report/Attentance mouseover")): Object: 'Object Repository/Page_2GrowHr - Menu_Report/Attentance mouseover' is clicked on

20-03-2024T10:08:11 - [MESSAGE][PASSED] - Object: 'Object Repository/Page_2GrowHr - Menu_Report/Attentance mouseover' is clicked on

20-03-2024T10:08:11 - [TEST_STEP][PASSED] - delay(2): Delayed 2 second(s)

20-03-2024T10:08:13 - [MESSAGE][PASSED] - Delayed 2 second(s)

20-03-2024T10:08:13 - [TEST_STEP][PASSED] - click(findTestObject("Object Repository/Page_2GrowHr - Menu_Report/General Attendance Summary - Report")): Object: 'Object Repository/Page_2GrowHr - Menu_Report/General Attendance Summary - Report' is clicked on

20-03-2024T10:08:17 - [MESSAGE][PASSED] - Object: 'Object Repository/Page_2GrowHr - Menu_Report/General Attendance Summary - Report' is clicked on

20-03-2024T10:08:17 - [TEST_STEP][PASSED] - click(findTestObject("Object Repository/Page_2GrowHr - Menu_Report/Date selection field")): Object: 'Object Repository/Page_2GrowHr - Menu_Report/Date selection field' is clicked on

20-03-2024T10:08:19 - [MESSAGE][PASSED] - Object: 'Object Repository/Page_2GrowHr - Menu_Report/Date selection field' is clicked on

20-03-2024T10:08:19 - [TEST_STEP][PASSED] - setText(findTestObject("Object Repository/Page_2GrowHr - Menu_Report/Date selection field"), currentDateStr): Text '03/20/2024' is set on object 'Object Repository/Page_2GrowHr - Menu_Report/Date selection field'

20-03-2024T10:08:23 - [MESSAGE][PASSED] - Text '03/20/2024' is set on object 'Object Repository/Page_2GrowHr - Menu_Report/Date selection field'

20-03-2024T10:08:23 - [TEST_STEP][PASSED] - delay(2): Delayed 2 second(s)

20-03-2024T10:08:25 - [MESSAGE][PASSED] - Delayed 2 second(s)

20-03-2024T10:08:25 - [TEST_STEP][PASSED] - click(findTestObject("Object Repository/Page_2GrowHr - Menu_Report/Get Report button Day count attendance summary report")): Object: 'Object Repository/Page_2GrowHr - Menu_Report/Get Report button Day count attendance summary report' is clicked on

20-03-2024T10:08:27 - [MESSAGE][PASSED] - Object: 'Object Repository/Page_2GrowHr - Menu_Report/Get Report button Day count attendance summary report' is clicked on

20-03-2024T10:08:27 - [TEST_STEP][PASSED] - scrollToElement(findTestObject("Object Repository/Page_2GrowHr - Day Wise Report/Scroll to Page down"), 10): Scroll to object 'Object Repository/Page_2GrowHr - Day Wise Report/Scroll to Page down' successfully

20-03-2024T10:08:29 - [MESSAGE][PASSED] - Scroll to object 'Object Repository/Page_2GrowHr - Day Wise Report/Scroll to Page down' successfully

20-03-2024T10:08:29 - [TEST_STEP][PASSED] - delay(5): Delayed 5 second(s)

20-03-2024T10:08:34 - [MESSAGE][PASSED] - Delayed 5 second(s)

20-03-2024T10:08:34 - [TEST_STEP][PASSED] - closeBrowser(): Browser is closed

20-03-2024T10:08:34 - [MESSAGE][PASSED] - Browser is closed]]></system-out>
         <system-err><![CDATA[]]></system-err>
      </testcase>
      <system-out><![CDATA[20-03-2024T10:04:25 - [TEST_SUITE][PASSED] - Login and Checkin: Test Cases/Login and do checkin]]></system-out>
      <system-err><![CDATA[]]></system-err>
   </testsuite>
</testsuites>
