<?xml version="1.0" encoding="UTF-8"?>
<testsuites name="Apply OD and Checkin" time="205.317" tests="1" failures="0" errors="0">
   <testsuite name="Apply OD and Checkin" tests="1" failures="0" errors="0" time="205.317" skipped="0" timestamp="22-03-2024T10:12:24" hostname="91957 - Lead-Force-CRM" id="Test Suites/Apply OD and Checkin">
      <properties>
         <property name="deviceName" value=""/>
         <property name="devicePlatform" value=""/>
         <property name="logFolder" value="C:\\Users\\91957\\Desktop\\Automation Testing - Katalon\\Payroll Web\\Reports\\20240322_100114\\Apply OD and Checkin\\20240322_100120"/>
         <property name="logFiles" value="C:\\Users\\91957\\Desktop\\Automation Testing - Katalon\\Payroll Web\\Reports\\20240322_100114\\Apply OD and Checkin\\20240322_100120\\execution0.log"/>
         <property name="attachments" value=""/>
         <property name="hostName" value="91957 - Lead-Force-CRM"/>
         <property name="os" value="Windows 11 64bit"/>
         <property name="katalonVersion" value="9.3.0.212"/>
         <property name="browser" value="Chrome 122.0.0.0"/>
         <property name="hostAddress" value="192.168.29.70"/>
         <property name="sessionId" value="27080a54b3eb05a64c8c44cd01f52a6a"/>
         <property name="seleniumVersion" value="3.141.59"/>
         <property name="proxyInformation" value="ProxyInformation { proxyOption=NO_PROXY, proxyServerType=HTTP, username=, password=********, proxyServerAddress=, proxyServerPort=0, executionList=&quot;&quot;, isApplyToDesiredCapabilities=true }"/>
         <property name="platform" value="Windows 11"/>
      </properties>
      <testcase name="Test Cases/Apply OD and Checkin" time="205.17" classname="Test Cases/Apply OD and Checkin" status="PASSED">
         <system-out><![CDATA[22-03-2024T10:12:24 - [TEST_CASE][PASSED] - Test Cases/Apply OD and Checkin: Test Cases/Apply OD and Checkin

22-03-2024T10:12:25 - [TEST_STEP][PASSED] - Data = findTestData("Apply OD and Checkin"): null

22-03-2024T10:12:25 - [TEST_STEP][PASSED] - dateFormat = new java.text.SimpleDateFormat(MM/dd/yyyy): null

22-03-2024T10:12:25 - [TEST_STEP][PASSED] - currentDate = getInstance().getTime(): null

22-03-2024T10:12:25 - [TEST_STEP][PASSED] - currentDateStr = dateFormat.format(currentDate): null

22-03-2024T10:12:25 - [TEST_STEP][PASSED] - for ([i = 1, i <= Data.getRowNumbers(), (i++)]): Browser is closed

22-03-2024T10:12:25 - [TEST_STEP][PASSED] - url = Data.getValue("URL", i): null

22-03-2024T10:12:25 - [TEST_STEP][PASSED] - username = Data.getValue("Username", i): null

22-03-2024T10:12:25 - [TEST_STEP][PASSED] - password = Data.getValue("Password", i): null

22-03-2024T10:12:25 - [TEST_STEP][PASSED] - checkinRemark = Data.getValue("CheckinRemark", i): null

22-03-2024T10:12:25 - [TEST_STEP][PASSED] - ODRemark = Data.getValue("ODRemark", i): null

22-03-2024T10:12:25 - [TEST_STEP][PASSED] - openBrowser(""): Browser is opened with url: ''

22-03-2024T10:12:26 - [MESSAGE][INFO] - Starting 'Chrome' driver

22-03-2024T10:12:26 - [MESSAGE][INFO] - Action delay is set to 0 milliseconds

22-03-2024T10:12:27 - [MESSAGE][PASSED] - Browser is opened with url: ''

22-03-2024T10:12:27 - [TEST_STEP][PASSED] - maximizeWindow(): Current window maximized

22-03-2024T10:12:27 - [MESSAGE][PASSED] - Current window maximized

22-03-2024T10:12:27 - [TEST_STEP][PASSED] - navigateToUrl(url): Navigate to 'http://testing.2growhr.io/' successfully

22-03-2024T10:12:35 - [MESSAGE][PASSED] - Navigate to 'http://testing.2growhr.io/' successfully

22-03-2024T10:12:35 - [TEST_STEP][PASSED] - setText(findTestObject("Object Repository/Page_2GrowHR - Login/UserName"), username): Text 'CBS1665' is set on object 'Object Repository/Page_2GrowHR - Login/UserName'

22-03-2024T10:12:36 - [MESSAGE][PASSED] - Text 'CBS1665' is set on object 'Object Repository/Page_2GrowHR - Login/UserName'

22-03-2024T10:12:36 - [TEST_STEP][PASSED] - setText(findTestObject("Object Repository/Page_2GrowHR - Login/Password"), password): Text '123' is set on object 'Object Repository/Page_2GrowHR - Login/Password'

22-03-2024T10:12:37 - [MESSAGE][PASSED] - Text '123' is set on object 'Object Repository/Page_2GrowHR - Login/Password'

22-03-2024T10:12:37 - [TEST_STEP][PASSED] - click(findTestObject("Object Repository/Page_2GrowHR - Login/Password - view icon")): Object: 'Object Repository/Page_2GrowHR - Login/Password - view icon' is clicked on

22-03-2024T10:12:37 - [MESSAGE][PASSED] - Object: 'Object Repository/Page_2GrowHR - Login/Password - view icon' is clicked on

22-03-2024T10:12:37 - [TEST_STEP][PASSED] - delay(2): Delayed 2 second(s)

22-03-2024T10:12:39 - [MESSAGE][PASSED] - Delayed 2 second(s)

22-03-2024T10:12:39 - [TEST_STEP][PASSED] - click(findTestObject("Object Repository/Page_2GrowHR - Login/Login Button")): Object: 'Object Repository/Page_2GrowHR - Login/Login Button' is clicked on

22-03-2024T10:13:15 - [MESSAGE][PASSED] - Object: 'Object Repository/Page_2GrowHR - Login/Login Button' is clicked on

22-03-2024T10:13:15 - [TEST_STEP][PASSED] - delay(2): Delayed 2 second(s)

22-03-2024T10:13:17 - [MESSAGE][PASSED] - Delayed 2 second(s)

22-03-2024T10:13:17 - [TEST_STEP][PASSED] - click(findTestObject("Object Repository/Page_2GrowHr - Dashboard/On Duty button")): Object: 'Object Repository/Page_2GrowHr - Dashboard/On Duty button' is clicked on

22-03-2024T10:13:18 - [MESSAGE][PASSED] - Object: 'Object Repository/Page_2GrowHr - Dashboard/On Duty button' is clicked on

22-03-2024T10:13:18 - [TEST_STEP][PASSED] - click(findTestObject("Object Repository/Page_2GrowHr - Dashboard/OD date selection")): Object: 'Object Repository/Page_2GrowHr - Dashboard/OD date selection' is clicked on

22-03-2024T10:13:19 - [MESSAGE][PASSED] - Object: 'Object Repository/Page_2GrowHr - Dashboard/OD date selection' is clicked on

22-03-2024T10:13:19 - [TEST_STEP][PASSED] - setText(findTestObject("Object Repository/Page_2GrowHr - Dashboard/OD date selection"), currentDateStr): Text '03/22/2024' is set on object 'Object Repository/Page_2GrowHr - Dashboard/OD date selection'

22-03-2024T10:13:20 - [MESSAGE][PASSED] - Text '03/22/2024' is set on object 'Object Repository/Page_2GrowHr - Dashboard/OD date selection'

22-03-2024T10:13:20 - [TEST_STEP][PASSED] - click(findTestObject("Object Repository/Page_2GrowHr - Dashboard/img__img-fluid week_calender_icon dp_align_OD")): Object: 'Object Repository/Page_2GrowHr - Dashboard/img__img-fluid week_calender_icon dp_align_OD' is clicked on

22-03-2024T10:13:21 - [MESSAGE][PASSED] - Object: 'Object Repository/Page_2GrowHr - Dashboard/img__img-fluid week_calender_icon dp_align_OD' is clicked on

22-03-2024T10:13:21 - [TEST_STEP][PASSED] - setText(findTestObject("Object Repository/Page_2GrowHr - Dashboard/OD Remarks"), ODRemark): Text 'OD Applied' is set on object 'Object Repository/Page_2GrowHr - Dashboard/OD Remarks'

22-03-2024T10:13:22 - [MESSAGE][PASSED] - Text 'OD Applied' is set on object 'Object Repository/Page_2GrowHr - Dashboard/OD Remarks'

22-03-2024T10:13:22 - [TEST_STEP][PASSED] - delay(2): Delayed 2 second(s)

22-03-2024T10:13:24 - [MESSAGE][PASSED] - Delayed 2 second(s)

22-03-2024T10:13:24 - [TEST_STEP][PASSED] - click(findTestObject("Object Repository/Page_2GrowHr - Dashboard/OD Save button")): Object: 'Object Repository/Page_2GrowHr - Dashboard/OD Save button' is clicked on

22-03-2024T10:13:25 - [MESSAGE][PASSED] - Object: 'Object Repository/Page_2GrowHr - Dashboard/OD Save button' is clicked on

22-03-2024T10:13:25 - [TEST_STEP][PASSED] - delay(2): Delayed 2 second(s)

22-03-2024T10:13:27 - [MESSAGE][PASSED] - Delayed 2 second(s)

22-03-2024T10:13:27 - [TEST_STEP][PASSED] - click(findTestObject("Object Repository/Page_2GrowHr - Dashboard/Checkin button BR")): Object: 'Object Repository/Page_2GrowHr - Dashboard/Checkin button BR' is clicked on

22-03-2024T10:13:52 - [MESSAGE][PASSED] - Object: 'Object Repository/Page_2GrowHr - Dashboard/Checkin button BR' is clicked on

22-03-2024T10:13:52 - [TEST_STEP][PASSED] - setText(findTestObject("Object Repository/Page_2GrowHr - Dashboard/Checkin remark"), checkinRemark + " " + currentDateStr): Text 'OD CheckinRemark 03/22/2024' is set on object 'Object Repository/Page_2GrowHr - Dashboard/Checkin remark'

22-03-2024T10:13:53 - [MESSAGE][PASSED] - Text 'OD CheckinRemark 03/22/2024' is set on object 'Object Repository/Page_2GrowHr - Dashboard/Checkin remark'

22-03-2024T10:13:53 - [TEST_STEP][PASSED] - delay(2): Delayed 2 second(s)

22-03-2024T10:13:55 - [MESSAGE][PASSED] - Delayed 2 second(s)

22-03-2024T10:13:55 - [TEST_STEP][PASSED] - click(findTestObject("Object Repository/Page_2GrowHr - Dashboard/Checkin button AR")): Object: 'Object Repository/Page_2GrowHr - Dashboard/Checkin button AR' is clicked on

22-03-2024T10:13:56 - [MESSAGE][PASSED] - Object: 'Object Repository/Page_2GrowHr - Dashboard/Checkin button AR' is clicked on

22-03-2024T10:13:56 - [TEST_STEP][PASSED] - delay(2): Delayed 2 second(s)

22-03-2024T10:13:58 - [MESSAGE][PASSED] - Delayed 2 second(s)

22-03-2024T10:13:58 - [TEST_STEP][PASSED] - click(findTestObject("Object Repository/Page_2GrowHr - Menu_Report/Attentance mouseover")): Object: 'Object Repository/Page_2GrowHr - Menu_Report/Attentance mouseover' is clicked on

22-03-2024T10:13:59 - [MESSAGE][PASSED] - Object: 'Object Repository/Page_2GrowHr - Menu_Report/Attentance mouseover' is clicked on

22-03-2024T10:13:59 - [TEST_STEP][PASSED] - delay(2): Delayed 2 second(s)

22-03-2024T10:14:01 - [MESSAGE][PASSED] - Delayed 2 second(s)

22-03-2024T10:14:01 - [TEST_STEP][PASSED] - click(findTestObject("Object Repository/Page_2GrowHr - Menu_Report/Day Count Attendance Summary report")): Object: 'Object Repository/Page_2GrowHr - Menu_Report/Day Count Attendance Summary report' is clicked on

22-03-2024T10:14:04 - [MESSAGE][PASSED] - Object: 'Object Repository/Page_2GrowHr - Menu_Report/Day Count Attendance Summary report' is clicked on

22-03-2024T10:14:04 - [TEST_STEP][PASSED] - click(findTestObject("Object Repository/Page_2GrowHr - Real Time Report/Select Date range field day count attendance report")): Object: 'Object Repository/Page_2GrowHr - Real Time Report/Select Date range field day count attendance report' is clicked on

22-03-2024T10:14:07 - [MESSAGE][PASSED] - Object: 'Object Repository/Page_2GrowHr - Real Time Report/Select Date range field day count attendance report' is clicked on

22-03-2024T10:14:07 - [TEST_STEP][PASSED] - delay(2): Delayed 2 second(s)

22-03-2024T10:14:09 - [MESSAGE][PASSED] - Delayed 2 second(s)

22-03-2024T10:14:09 - [TEST_STEP][PASSED] - click(findTestObject("Object Repository/Page_2GrowHr - Real Time Report/Today")): Object: 'Object Repository/Page_2GrowHr - Real Time Report/Today' is clicked on

22-03-2024T10:14:09 - [MESSAGE][PASSED] - Object: 'Object Repository/Page_2GrowHr - Real Time Report/Today' is clicked on

22-03-2024T10:14:09 - [TEST_STEP][PASSED] - click(findTestObject("Object Repository/Page_2GrowHr - Real Time Report/Get Report button")): Object: 'Object Repository/Page_2GrowHr - Real Time Report/Get Report button' is clicked on

22-03-2024T10:14:09 - [MESSAGE][PASSED] - Object: 'Object Repository/Page_2GrowHr - Real Time Report/Get Report button' is clicked on

22-03-2024T10:14:09 - [TEST_STEP][PASSED] - delay(2): Delayed 2 second(s)

22-03-2024T10:14:11 - [MESSAGE][PASSED] - Delayed 2 second(s)

22-03-2024T10:14:11 - [TEST_STEP][PASSED] - linkElement = getWebDriver().findElement(By.xpath("//*[@id="datatable"]/tbody/tr/td[2]/a")): null

22-03-2024T10:14:12 - [TEST_STEP][PASSED] - linkElement.click(): null

22-03-2024T10:14:12 - [TEST_STEP][PASSED] - delay(5): Delayed 5 second(s)

22-03-2024T10:14:17 - [MESSAGE][PASSED] - Delayed 5 second(s)

22-03-2024T10:14:17 - [TEST_STEP][PASSED] - closeBrowser(): Browser is closed

22-03-2024T10:14:17 - [MESSAGE][PASSED] - Browser is closed

22-03-2024T10:14:17 - [TEST_STEP][PASSED] - url = Data.getValue("URL", i): null

22-03-2024T10:14:17 - [TEST_STEP][PASSED] - username = Data.getValue("Username", i): null

22-03-2024T10:14:17 - [TEST_STEP][PASSED] - password = Data.getValue("Password", i): null

22-03-2024T10:14:17 - [TEST_STEP][PASSED] - checkinRemark = Data.getValue("CheckinRemark", i): null

22-03-2024T10:14:17 - [TEST_STEP][PASSED] - ODRemark = Data.getValue("ODRemark", i): null

22-03-2024T10:14:17 - [TEST_STEP][PASSED] - openBrowser(""): Browser is opened with url: ''

22-03-2024T10:14:17 - [MESSAGE][INFO] - Starting 'Chrome' driver

22-03-2024T10:14:17 - [MESSAGE][INFO] - Action delay is set to 0 milliseconds

22-03-2024T10:14:18 - [MESSAGE][PASSED] - Browser is opened with url: ''

22-03-2024T10:14:18 - [TEST_STEP][PASSED] - maximizeWindow(): Current window maximized

22-03-2024T10:14:18 - [MESSAGE][PASSED] - Current window maximized

22-03-2024T10:14:18 - [TEST_STEP][PASSED] - navigateToUrl(url): Navigate to 'http://testing.2growhr.io/' successfully

22-03-2024T10:14:27 - [MESSAGE][PASSED] - Navigate to 'http://testing.2growhr.io/' successfully

22-03-2024T10:14:27 - [TEST_STEP][PASSED] - setText(findTestObject("Object Repository/Page_2GrowHR - Login/UserName"), username): Text 'CBS0499' is set on object 'Object Repository/Page_2GrowHR - Login/UserName'

22-03-2024T10:14:27 - [MESSAGE][PASSED] - Text 'CBS0499' is set on object 'Object Repository/Page_2GrowHR - Login/UserName'

22-03-2024T10:14:27 - [TEST_STEP][PASSED] - setText(findTestObject("Object Repository/Page_2GrowHR - Login/Password"), password): Text '123' is set on object 'Object Repository/Page_2GrowHR - Login/Password'

22-03-2024T10:14:28 - [MESSAGE][PASSED] - Text '123' is set on object 'Object Repository/Page_2GrowHR - Login/Password'

22-03-2024T10:14:28 - [TEST_STEP][PASSED] - click(findTestObject("Object Repository/Page_2GrowHR - Login/Password - view icon")): Object: 'Object Repository/Page_2GrowHR - Login/Password - view icon' is clicked on

22-03-2024T10:14:28 - [MESSAGE][PASSED] - Object: 'Object Repository/Page_2GrowHR - Login/Password - view icon' is clicked on

22-03-2024T10:14:28 - [TEST_STEP][PASSED] - delay(2): Delayed 2 second(s)

22-03-2024T10:14:30 - [MESSAGE][PASSED] - Delayed 2 second(s)

22-03-2024T10:14:30 - [TEST_STEP][PASSED] - click(findTestObject("Object Repository/Page_2GrowHR - Login/Login Button")): Object: 'Object Repository/Page_2GrowHR - Login/Login Button' is clicked on

22-03-2024T10:15:01 - [MESSAGE][PASSED] - Object: 'Object Repository/Page_2GrowHR - Login/Login Button' is clicked on

22-03-2024T10:15:01 - [TEST_STEP][PASSED] - delay(2): Delayed 2 second(s)

22-03-2024T10:15:03 - [MESSAGE][PASSED] - Delayed 2 second(s)

22-03-2024T10:15:03 - [TEST_STEP][PASSED] - click(findTestObject("Object Repository/Page_2GrowHr - Dashboard/On Duty button")): Object: 'Object Repository/Page_2GrowHr - Dashboard/On Duty button' is clicked on

22-03-2024T10:15:03 - [MESSAGE][PASSED] - Object: 'Object Repository/Page_2GrowHr - Dashboard/On Duty button' is clicked on

22-03-2024T10:15:03 - [TEST_STEP][PASSED] - click(findTestObject("Object Repository/Page_2GrowHr - Dashboard/OD date selection")): Object: 'Object Repository/Page_2GrowHr - Dashboard/OD date selection' is clicked on

22-03-2024T10:15:04 - [MESSAGE][PASSED] - Object: 'Object Repository/Page_2GrowHr - Dashboard/OD date selection' is clicked on

22-03-2024T10:15:04 - [TEST_STEP][PASSED] - setText(findTestObject("Object Repository/Page_2GrowHr - Dashboard/OD date selection"), currentDateStr): Text '03/22/2024' is set on object 'Object Repository/Page_2GrowHr - Dashboard/OD date selection'

22-03-2024T10:15:05 - [MESSAGE][PASSED] - Text '03/22/2024' is set on object 'Object Repository/Page_2GrowHr - Dashboard/OD date selection'

22-03-2024T10:15:05 - [TEST_STEP][PASSED] - click(findTestObject("Object Repository/Page_2GrowHr - Dashboard/img__img-fluid week_calender_icon dp_align_OD")): Object: 'Object Repository/Page_2GrowHr - Dashboard/img__img-fluid week_calender_icon dp_align_OD' is clicked on

22-03-2024T10:15:06 - [MESSAGE][PASSED] - Object: 'Object Repository/Page_2GrowHr - Dashboard/img__img-fluid week_calender_icon dp_align_OD' is clicked on

22-03-2024T10:15:06 - [TEST_STEP][PASSED] - setText(findTestObject("Object Repository/Page_2GrowHr - Dashboard/OD Remarks"), ODRemark): Text 'OD Applied' is set on object 'Object Repository/Page_2GrowHr - Dashboard/OD Remarks'

22-03-2024T10:15:07 - [MESSAGE][PASSED] - Text 'OD Applied' is set on object 'Object Repository/Page_2GrowHr - Dashboard/OD Remarks'

22-03-2024T10:15:07 - [TEST_STEP][PASSED] - delay(2): Delayed 2 second(s)

22-03-2024T10:15:09 - [MESSAGE][PASSED] - Delayed 2 second(s)

22-03-2024T10:15:09 - [TEST_STEP][PASSED] - click(findTestObject("Object Repository/Page_2GrowHr - Dashboard/OD Save button")): Object: 'Object Repository/Page_2GrowHr - Dashboard/OD Save button' is clicked on

22-03-2024T10:15:10 - [MESSAGE][PASSED] - Object: 'Object Repository/Page_2GrowHr - Dashboard/OD Save button' is clicked on

22-03-2024T10:15:10 - [TEST_STEP][PASSED] - delay(2): Delayed 2 second(s)

22-03-2024T10:15:12 - [MESSAGE][PASSED] - Delayed 2 second(s)

22-03-2024T10:15:12 - [TEST_STEP][PASSED] - click(findTestObject("Object Repository/Page_2GrowHr - Dashboard/Checkin button BR")): Object: 'Object Repository/Page_2GrowHr - Dashboard/Checkin button BR' is clicked on

22-03-2024T10:15:24 - [MESSAGE][PASSED] - Object: 'Object Repository/Page_2GrowHr - Dashboard/Checkin button BR' is clicked on

22-03-2024T10:15:24 - [TEST_STEP][PASSED] - setText(findTestObject("Object Repository/Page_2GrowHr - Dashboard/Checkin remark"), checkinRemark + " " + currentDateStr): Text 'OD CheckinRemark 03/22/2024' is set on object 'Object Repository/Page_2GrowHr - Dashboard/Checkin remark'

22-03-2024T10:15:25 - [MESSAGE][PASSED] - Text 'OD CheckinRemark 03/22/2024' is set on object 'Object Repository/Page_2GrowHr - Dashboard/Checkin remark'

22-03-2024T10:15:25 - [TEST_STEP][PASSED] - delay(2): Delayed 2 second(s)

22-03-2024T10:15:27 - [MESSAGE][PASSED] - Delayed 2 second(s)

22-03-2024T10:15:27 - [TEST_STEP][PASSED] - click(findTestObject("Object Repository/Page_2GrowHr - Dashboard/Checkin button AR")): Object: 'Object Repository/Page_2GrowHr - Dashboard/Checkin button AR' is clicked on

22-03-2024T10:15:28 - [MESSAGE][PASSED] - Object: 'Object Repository/Page_2GrowHr - Dashboard/Checkin button AR' is clicked on

22-03-2024T10:15:28 - [TEST_STEP][PASSED] - delay(2): Delayed 2 second(s)

22-03-2024T10:15:30 - [MESSAGE][PASSED] - Delayed 2 second(s)

22-03-2024T10:15:30 - [TEST_STEP][PASSED] - click(findTestObject("Object Repository/Page_2GrowHr - Menu_Report/Attentance mouseover")): Object: 'Object Repository/Page_2GrowHr - Menu_Report/Attentance mouseover' is clicked on

22-03-2024T10:15:31 - [MESSAGE][PASSED] - Object: 'Object Repository/Page_2GrowHr - Menu_Report/Attentance mouseover' is clicked on

22-03-2024T10:15:31 - [TEST_STEP][PASSED] - delay(2): Delayed 2 second(s)

22-03-2024T10:15:33 - [MESSAGE][PASSED] - Delayed 2 second(s)

22-03-2024T10:15:33 - [TEST_STEP][PASSED] - click(findTestObject("Object Repository/Page_2GrowHr - Menu_Report/Day Count Attendance Summary report")): Object: 'Object Repository/Page_2GrowHr - Menu_Report/Day Count Attendance Summary report' is clicked on

22-03-2024T10:15:36 - [MESSAGE][PASSED] - Object: 'Object Repository/Page_2GrowHr - Menu_Report/Day Count Attendance Summary report' is clicked on

22-03-2024T10:15:36 - [TEST_STEP][PASSED] - click(findTestObject("Object Repository/Page_2GrowHr - Real Time Report/Select Date range field day count attendance report")): Object: 'Object Repository/Page_2GrowHr - Real Time Report/Select Date range field day count attendance report' is clicked on

22-03-2024T10:15:39 - [MESSAGE][PASSED] - Object: 'Object Repository/Page_2GrowHr - Real Time Report/Select Date range field day count attendance report' is clicked on

22-03-2024T10:15:39 - [TEST_STEP][PASSED] - delay(2): Delayed 2 second(s)

22-03-2024T10:15:41 - [MESSAGE][PASSED] - Delayed 2 second(s)

22-03-2024T10:15:41 - [TEST_STEP][PASSED] - click(findTestObject("Object Repository/Page_2GrowHr - Real Time Report/Today")): Object: 'Object Repository/Page_2GrowHr - Real Time Report/Today' is clicked on

22-03-2024T10:15:41 - [MESSAGE][PASSED] - Object: 'Object Repository/Page_2GrowHr - Real Time Report/Today' is clicked on

22-03-2024T10:15:41 - [TEST_STEP][PASSED] - click(findTestObject("Object Repository/Page_2GrowHr - Real Time Report/Get Report button")): Object: 'Object Repository/Page_2GrowHr - Real Time Report/Get Report button' is clicked on

22-03-2024T10:15:42 - [MESSAGE][PASSED] - Object: 'Object Repository/Page_2GrowHr - Real Time Report/Get Report button' is clicked on

22-03-2024T10:15:42 - [TEST_STEP][PASSED] - delay(2): Delayed 2 second(s)

22-03-2024T10:15:44 - [MESSAGE][PASSED] - Delayed 2 second(s)

22-03-2024T10:15:44 - [TEST_STEP][PASSED] - linkElement = getWebDriver().findElement(By.xpath("//*[@id="datatable"]/tbody/tr/td[2]/a")): null

22-03-2024T10:15:44 - [TEST_STEP][PASSED] - linkElement.click(): null

22-03-2024T10:15:44 - [TEST_STEP][PASSED] - delay(5): Delayed 5 second(s)

22-03-2024T10:15:49 - [MESSAGE][PASSED] - Delayed 5 second(s)

22-03-2024T10:15:49 - [TEST_STEP][PASSED] - closeBrowser(): Browser is closed

22-03-2024T10:15:50 - [MESSAGE][PASSED] - Browser is closed]]></system-out>
         <system-err><![CDATA[]]></system-err>
      </testcase>
      <system-out><![CDATA[22-03-2024T10:12:24 - [TEST_SUITE][PASSED] - Apply OD and Checkin: Test Cases/Apply OD and Checkin]]></system-out>
      <system-err><![CDATA[]]></system-err>
   </testsuite>
</testsuites>
