<?xml version="1.0" encoding="UTF-8"?>
<testsuites name="Apply WFH and Checkin" time="119.399" tests="1" failures="0" errors="0">
   <testsuite name="Apply WFH and Checkin" tests="1" failures="0" errors="0" time="119.399" skipped="0" timestamp="20-03-2024T10:08:48" hostname="91957 - Lead-Force-CRM" id="Test Suites/Apply WFH and Checkin">
      <properties>
         <property name="deviceName" value=""/>
         <property name="devicePlatform" value=""/>
         <property name="logFolder" value="C:\\Users\\91957\\Desktop\\Automation Testing - Katalon\\Payroll Web\\Reports\\20240320_100403\\Apply WFH and Checkin\\20240320_100406"/>
         <property name="logFiles" value="C:\\Users\\91957\\Desktop\\Automation Testing - Katalon\\Payroll Web\\Reports\\20240320_100403\\Apply WFH and Checkin\\20240320_100406\\execution0.log"/>
         <property name="attachments" value=""/>
         <property name="hostName" value="91957 - Lead-Force-CRM"/>
         <property name="os" value="Windows 11 64bit"/>
         <property name="katalonVersion" value="9.3.0.212"/>
         <property name="browser" value="Chrome 122.0.0.0"/>
         <property name="hostAddress" value="192.168.29.70"/>
         <property name="sessionId" value="ab107ac41f79071fdaf60be0548e1c07"/>
         <property name="seleniumVersion" value="3.141.59"/>
         <property name="proxyInformation" value="ProxyInformation { proxyOption=NO_PROXY, proxyServerType=HTTP, username=, password=********, proxyServerAddress=, proxyServerPort=0, executionList=&quot;&quot;, isApplyToDesiredCapabilities=true }"/>
         <property name="platform" value="Windows 11"/>
      </properties>
      <testcase name="Test Cases/Apply WFH and Checkin" time="119.193" classname="Test Cases/Apply WFH and Checkin" status="PASSED">
         <system-out><![CDATA[20-03-2024T10:08:48 - [TEST_CASE][PASSED] - Test Cases/Apply WFH and Checkin: Test Cases/Apply WFH and Checkin

20-03-2024T10:08:48 - [TEST_STEP][PASSED] - Data = findTestData("Apply WFH and Checkin"): null

20-03-2024T10:08:49 - [TEST_STEP][PASSED] - dateFormat = new java.text.SimpleDateFormat(MM/dd/yyyy): null

20-03-2024T10:08:49 - [TEST_STEP][PASSED] - currentDate = getInstance().getTime(): null

20-03-2024T10:08:49 - [TEST_STEP][PASSED] - currentDateStr = dateFormat.format(currentDate): null

20-03-2024T10:08:49 - [TEST_STEP][PASSED] - for ([i = 1, i <= Data.getRowNumbers(), (i++)]): Browser is closed

20-03-2024T10:08:49 - [TEST_STEP][PASSED] - url = Data.getValue("URL", i): null

20-03-2024T10:08:49 - [TEST_STEP][PASSED] - username = Data.getValue("Username", i): null

20-03-2024T10:08:49 - [TEST_STEP][PASSED] - password = Data.getValue("Password", i): null

20-03-2024T10:08:49 - [TEST_STEP][PASSED] - checkinRemark = Data.getValue("CheckinRemark", i): null

20-03-2024T10:08:49 - [TEST_STEP][PASSED] - WFHRemark = Data.getValue("WFHRemark", i): null

20-03-2024T10:08:49 - [TEST_STEP][PASSED] - openBrowser(""): Browser is opened with url: ''

20-03-2024T10:08:49 - [MESSAGE][INFO] - Starting 'Chrome' driver

20-03-2024T10:08:49 - [MESSAGE][INFO] - Action delay is set to 0 milliseconds

20-03-2024T10:08:51 - [MESSAGE][PASSED] - Browser is opened with url: ''

20-03-2024T10:08:51 - [TEST_STEP][PASSED] - maximizeWindow(): Current window maximized

20-03-2024T10:08:51 - [MESSAGE][PASSED] - Current window maximized

20-03-2024T10:08:51 - [TEST_STEP][PASSED] - navigateToUrl(url): Navigate to 'http://testing.2growhr.io/' successfully

20-03-2024T10:08:55 - [MESSAGE][PASSED] - Navigate to 'http://testing.2growhr.io/' successfully

20-03-2024T10:08:55 - [TEST_STEP][PASSED] - setText(findTestObject("Object Repository/Page_2GrowHR - Login/UserName"), username): Text 'Sathish238' is set on object 'Object Repository/Page_2GrowHR - Login/UserName'

20-03-2024T10:08:56 - [MESSAGE][PASSED] - Text 'Sathish238' is set on object 'Object Repository/Page_2GrowHR - Login/UserName'

20-03-2024T10:08:56 - [TEST_STEP][PASSED] - setText(findTestObject("Object Repository/Page_2GrowHR - Login/Password"), password): Text '123' is set on object 'Object Repository/Page_2GrowHR - Login/Password'

20-03-2024T10:08:57 - [MESSAGE][PASSED] - Text '123' is set on object 'Object Repository/Page_2GrowHR - Login/Password'

20-03-2024T10:08:57 - [TEST_STEP][PASSED] - click(findTestObject("Object Repository/Page_2GrowHR - Login/Password - view icon")): Object: 'Object Repository/Page_2GrowHR - Login/Password - view icon' is clicked on

20-03-2024T10:08:57 - [MESSAGE][PASSED] - Object: 'Object Repository/Page_2GrowHR - Login/Password - view icon' is clicked on

20-03-2024T10:08:57 - [TEST_STEP][PASSED] - delay(2): Delayed 2 second(s)

20-03-2024T10:08:59 - [MESSAGE][PASSED] - Delayed 2 second(s)

20-03-2024T10:08:59 - [TEST_STEP][PASSED] - click(findTestObject("Object Repository/Page_2GrowHR - Login/Login Button")): Object: 'Object Repository/Page_2GrowHR - Login/Login Button' is clicked on

20-03-2024T10:09:09 - [MESSAGE][PASSED] - Object: 'Object Repository/Page_2GrowHR - Login/Login Button' is clicked on

20-03-2024T10:09:09 - [TEST_STEP][PASSED] - delay(2): Delayed 2 second(s)

20-03-2024T10:09:11 - [MESSAGE][PASSED] - Delayed 2 second(s)

20-03-2024T10:09:11 - [TEST_STEP][PASSED] - click(findTestObject("Object Repository/Page_2GrowHr - Dashboard/Work From Home Button")): Object: 'Object Repository/Page_2GrowHr - Dashboard/Work From Home Button' is clicked on

20-03-2024T10:09:11 - [MESSAGE][PASSED] - Object: 'Object Repository/Page_2GrowHr - Dashboard/Work From Home Button' is clicked on

20-03-2024T10:09:11 - [TEST_STEP][PASSED] - click(findTestObject("Object Repository/Page_2GrowHr - Dashboard/WFH date selection")): Object: 'Object Repository/Page_2GrowHr - Dashboard/WFH date selection' is clicked on

20-03-2024T10:09:12 - [MESSAGE][PASSED] - Object: 'Object Repository/Page_2GrowHr - Dashboard/WFH date selection' is clicked on

20-03-2024T10:09:12 - [TEST_STEP][PASSED] - setText(findTestObject("Object Repository/Page_2GrowHr - Dashboard/WFH date selection"), currentDateStr): Text '03/20/2024' is set on object 'Object Repository/Page_2GrowHr - Dashboard/WFH date selection'

20-03-2024T10:09:13 - [MESSAGE][PASSED] - Text '03/20/2024' is set on object 'Object Repository/Page_2GrowHr - Dashboard/WFH date selection'

20-03-2024T10:09:13 - [TEST_STEP][PASSED] - click(findTestObject("Object Repository/Page_2GrowHr - Dashboard/After date entering click div")): Object: 'Object Repository/Page_2GrowHr - Dashboard/After date entering click div' is clicked on

20-03-2024T10:09:14 - [MESSAGE][PASSED] - Object: 'Object Repository/Page_2GrowHr - Dashboard/After date entering click div' is clicked on

20-03-2024T10:09:14 - [TEST_STEP][PASSED] - setText(findTestObject("Object Repository/Page_2GrowHr - Dashboard/WFH Remark"), WFHRemark): Text 'WFH Applied' is set on object 'Object Repository/Page_2GrowHr - Dashboard/WFH Remark'

20-03-2024T10:09:15 - [MESSAGE][PASSED] - Text 'WFH Applied' is set on object 'Object Repository/Page_2GrowHr - Dashboard/WFH Remark'

20-03-2024T10:09:15 - [TEST_STEP][PASSED] - delay(2): Delayed 2 second(s)

20-03-2024T10:09:17 - [MESSAGE][PASSED] - Delayed 2 second(s)

20-03-2024T10:09:17 - [TEST_STEP][PASSED] - click(findTestObject("Object Repository/Page_2GrowHr - Dashboard/button_SAVE")): Object: 'Object Repository/Page_2GrowHr - Dashboard/button_SAVE' is clicked on

20-03-2024T10:09:18 - [MESSAGE][PASSED] - Object: 'Object Repository/Page_2GrowHr - Dashboard/button_SAVE' is clicked on

20-03-2024T10:09:18 - [TEST_STEP][PASSED] - delay(2): Delayed 2 second(s)

20-03-2024T10:09:20 - [MESSAGE][PASSED] - Delayed 2 second(s)

20-03-2024T10:09:20 - [TEST_STEP][PASSED] - click(findTestObject("Object Repository/Page_2GrowHr - Dashboard/Checkin button BR")): Object: 'Object Repository/Page_2GrowHr - Dashboard/Checkin button BR' is clicked on

20-03-2024T10:09:22 - [MESSAGE][PASSED] - Object: 'Object Repository/Page_2GrowHr - Dashboard/Checkin button BR' is clicked on

20-03-2024T10:09:22 - [TEST_STEP][PASSED] - setText(findTestObject("Object Repository/Page_2GrowHr - Dashboard/Checkin remark"), checkinRemark + " " + currentDateStr): Text 'WFH CheckinRemark 03/20/2024' is set on object 'Object Repository/Page_2GrowHr - Dashboard/Checkin remark'

20-03-2024T10:09:23 - [MESSAGE][PASSED] - Text 'WFH CheckinRemark 03/20/2024' is set on object 'Object Repository/Page_2GrowHr - Dashboard/Checkin remark'

20-03-2024T10:09:23 - [TEST_STEP][PASSED] - delay(2): Delayed 2 second(s)

20-03-2024T10:09:25 - [MESSAGE][PASSED] - Delayed 2 second(s)

20-03-2024T10:09:25 - [TEST_STEP][PASSED] - click(findTestObject("Object Repository/Page_2GrowHr - Dashboard/Checkin button AR")): Object: 'Object Repository/Page_2GrowHr - Dashboard/Checkin button AR' is clicked on

20-03-2024T10:09:26 - [MESSAGE][PASSED] - Object: 'Object Repository/Page_2GrowHr - Dashboard/Checkin button AR' is clicked on

20-03-2024T10:09:26 - [TEST_STEP][PASSED] - delay(2): Delayed 2 second(s)

20-03-2024T10:09:28 - [MESSAGE][PASSED] - Delayed 2 second(s)

20-03-2024T10:09:28 - [TEST_STEP][PASSED] - click(findTestObject("Object Repository/Page_2GrowHr - Menu_Report/Attentance mouseover")): Object: 'Object Repository/Page_2GrowHr - Menu_Report/Attentance mouseover' is clicked on

20-03-2024T10:09:29 - [MESSAGE][PASSED] - Object: 'Object Repository/Page_2GrowHr - Menu_Report/Attentance mouseover' is clicked on

20-03-2024T10:09:29 - [TEST_STEP][PASSED] - delay(2): Delayed 2 second(s)

20-03-2024T10:09:31 - [MESSAGE][PASSED] - Delayed 2 second(s)

20-03-2024T10:09:31 - [TEST_STEP][PASSED] - click(findTestObject("Object Repository/Page_2GrowHr - Menu_Report/Day Count Attendance Summary report")): Object: 'Object Repository/Page_2GrowHr - Menu_Report/Day Count Attendance Summary report' is clicked on

20-03-2024T10:09:33 - [MESSAGE][PASSED] - Object: 'Object Repository/Page_2GrowHr - Menu_Report/Day Count Attendance Summary report' is clicked on

20-03-2024T10:09:33 - [TEST_STEP][PASSED] - click(findTestObject("Object Repository/Page_2GrowHr - Real Time Report/Select Date range field day count attendance report")): Object: 'Object Repository/Page_2GrowHr - Real Time Report/Select Date range field day count attendance report' is clicked on

20-03-2024T10:09:36 - [MESSAGE][PASSED] - Object: 'Object Repository/Page_2GrowHr - Real Time Report/Select Date range field day count attendance report' is clicked on

20-03-2024T10:09:36 - [TEST_STEP][PASSED] - delay(2): Delayed 2 second(s)

20-03-2024T10:09:38 - [MESSAGE][PASSED] - Delayed 2 second(s)

20-03-2024T10:09:38 - [TEST_STEP][PASSED] - click(findTestObject("Object Repository/Page_2GrowHr - Real Time Report/Today")): Object: 'Object Repository/Page_2GrowHr - Real Time Report/Today' is clicked on

20-03-2024T10:09:38 - [MESSAGE][PASSED] - Object: 'Object Repository/Page_2GrowHr - Real Time Report/Today' is clicked on

20-03-2024T10:09:38 - [TEST_STEP][PASSED] - click(findTestObject("Object Repository/Page_2GrowHr - Real Time Report/Get Report button")): Object: 'Object Repository/Page_2GrowHr - Real Time Report/Get Report button' is clicked on

20-03-2024T10:09:39 - [MESSAGE][PASSED] - Object: 'Object Repository/Page_2GrowHr - Real Time Report/Get Report button' is clicked on

20-03-2024T10:09:39 - [TEST_STEP][PASSED] - delay(2): Delayed 2 second(s)

20-03-2024T10:09:41 - [MESSAGE][PASSED] - Delayed 2 second(s)

20-03-2024T10:09:41 - [TEST_STEP][PASSED] - linkElement = getWebDriver().findElement(By.xpath("//*[@id="datatable"]/tbody/tr/td[2]/a")): null

20-03-2024T10:09:41 - [TEST_STEP][PASSED] - linkElement.click(): null

20-03-2024T10:09:41 - [TEST_STEP][PASSED] - delay(5): Delayed 5 second(s)

20-03-2024T10:09:46 - [MESSAGE][PASSED] - Delayed 5 second(s)

20-03-2024T10:09:46 - [TEST_STEP][PASSED] - closeBrowser(): Browser is closed

20-03-2024T10:09:46 - [MESSAGE][PASSED] - Browser is closed

20-03-2024T10:09:46 - [TEST_STEP][PASSED] - url = Data.getValue("URL", i): null

20-03-2024T10:09:46 - [TEST_STEP][PASSED] - username = Data.getValue("Username", i): null

20-03-2024T10:09:46 - [TEST_STEP][PASSED] - password = Data.getValue("Password", i): null

20-03-2024T10:09:46 - [TEST_STEP][PASSED] - checkinRemark = Data.getValue("CheckinRemark", i): null

20-03-2024T10:09:46 - [TEST_STEP][PASSED] - WFHRemark = Data.getValue("WFHRemark", i): null

20-03-2024T10:09:46 - [TEST_STEP][PASSED] - openBrowser(""): Browser is opened with url: ''

20-03-2024T10:09:46 - [MESSAGE][INFO] - Starting 'Chrome' driver

20-03-2024T10:09:46 - [MESSAGE][INFO] - Action delay is set to 0 milliseconds

20-03-2024T10:09:47 - [MESSAGE][PASSED] - Browser is opened with url: ''

20-03-2024T10:09:47 - [TEST_STEP][PASSED] - maximizeWindow(): Current window maximized

20-03-2024T10:09:47 - [MESSAGE][PASSED] - Current window maximized

20-03-2024T10:09:47 - [TEST_STEP][PASSED] - navigateToUrl(url): Navigate to 'http://testing.2growhr.io/' successfully

20-03-2024T10:09:49 - [MESSAGE][PASSED] - Navigate to 'http://testing.2growhr.io/' successfully

20-03-2024T10:09:49 - [TEST_STEP][PASSED] - setText(findTestObject("Object Repository/Page_2GrowHR - Login/UserName"), username): Text 'CBS0715' is set on object 'Object Repository/Page_2GrowHR - Login/UserName'

20-03-2024T10:09:50 - [MESSAGE][PASSED] - Text 'CBS0715' is set on object 'Object Repository/Page_2GrowHR - Login/UserName'

20-03-2024T10:09:50 - [TEST_STEP][PASSED] - setText(findTestObject("Object Repository/Page_2GrowHR - Login/Password"), password): Text '123' is set on object 'Object Repository/Page_2GrowHR - Login/Password'

20-03-2024T10:09:51 - [MESSAGE][PASSED] - Text '123' is set on object 'Object Repository/Page_2GrowHR - Login/Password'

20-03-2024T10:09:51 - [TEST_STEP][PASSED] - click(findTestObject("Object Repository/Page_2GrowHR - Login/Password - view icon")): Object: 'Object Repository/Page_2GrowHR - Login/Password - view icon' is clicked on

20-03-2024T10:09:51 - [MESSAGE][PASSED] - Object: 'Object Repository/Page_2GrowHR - Login/Password - view icon' is clicked on

20-03-2024T10:09:51 - [TEST_STEP][PASSED] - delay(2): Delayed 2 second(s)

20-03-2024T10:09:53 - [MESSAGE][PASSED] - Delayed 2 second(s)

20-03-2024T10:09:53 - [TEST_STEP][PASSED] - click(findTestObject("Object Repository/Page_2GrowHR - Login/Login Button")): Object: 'Object Repository/Page_2GrowHR - Login/Login Button' is clicked on

20-03-2024T10:09:54 - [MESSAGE][PASSED] - Object: 'Object Repository/Page_2GrowHR - Login/Login Button' is clicked on

20-03-2024T10:09:54 - [TEST_STEP][PASSED] - delay(2): Delayed 2 second(s)

20-03-2024T10:09:56 - [MESSAGE][PASSED] - Delayed 2 second(s)

20-03-2024T10:09:56 - [TEST_STEP][PASSED] - click(findTestObject("Object Repository/Page_2GrowHr - Dashboard/Work From Home Button")): Object: 'Object Repository/Page_2GrowHr - Dashboard/Work From Home Button' is clicked on

20-03-2024T10:10:03 - [MESSAGE][PASSED] - Object: 'Object Repository/Page_2GrowHr - Dashboard/Work From Home Button' is clicked on

20-03-2024T10:10:03 - [TEST_STEP][PASSED] - click(findTestObject("Object Repository/Page_2GrowHr - Dashboard/WFH date selection")): Object: 'Object Repository/Page_2GrowHr - Dashboard/WFH date selection' is clicked on

20-03-2024T10:10:04 - [MESSAGE][PASSED] - Object: 'Object Repository/Page_2GrowHr - Dashboard/WFH date selection' is clicked on

20-03-2024T10:10:04 - [TEST_STEP][PASSED] - setText(findTestObject("Object Repository/Page_2GrowHr - Dashboard/WFH date selection"), currentDateStr): Text '03/20/2024' is set on object 'Object Repository/Page_2GrowHr - Dashboard/WFH date selection'

20-03-2024T10:10:05 - [MESSAGE][PASSED] - Text '03/20/2024' is set on object 'Object Repository/Page_2GrowHr - Dashboard/WFH date selection'

20-03-2024T10:10:05 - [TEST_STEP][PASSED] - click(findTestObject("Object Repository/Page_2GrowHr - Dashboard/After date entering click div")): Object: 'Object Repository/Page_2GrowHr - Dashboard/After date entering click div' is clicked on

20-03-2024T10:10:06 - [MESSAGE][PASSED] - Object: 'Object Repository/Page_2GrowHr - Dashboard/After date entering click div' is clicked on

20-03-2024T10:10:06 - [TEST_STEP][PASSED] - setText(findTestObject("Object Repository/Page_2GrowHr - Dashboard/WFH Remark"), WFHRemark): Text 'WFH Applied' is set on object 'Object Repository/Page_2GrowHr - Dashboard/WFH Remark'

20-03-2024T10:10:07 - [MESSAGE][PASSED] - Text 'WFH Applied' is set on object 'Object Repository/Page_2GrowHr - Dashboard/WFH Remark'

20-03-2024T10:10:07 - [TEST_STEP][PASSED] - delay(2): Delayed 2 second(s)

20-03-2024T10:10:09 - [MESSAGE][PASSED] - Delayed 2 second(s)

20-03-2024T10:10:09 - [TEST_STEP][PASSED] - click(findTestObject("Object Repository/Page_2GrowHr - Dashboard/button_SAVE")): Object: 'Object Repository/Page_2GrowHr - Dashboard/button_SAVE' is clicked on

20-03-2024T10:10:10 - [MESSAGE][PASSED] - Object: 'Object Repository/Page_2GrowHr - Dashboard/button_SAVE' is clicked on

20-03-2024T10:10:10 - [TEST_STEP][PASSED] - delay(2): Delayed 2 second(s)

20-03-2024T10:10:12 - [MESSAGE][PASSED] - Delayed 2 second(s)

20-03-2024T10:10:12 - [TEST_STEP][PASSED] - click(findTestObject("Object Repository/Page_2GrowHr - Dashboard/Checkin button BR")): Object: 'Object Repository/Page_2GrowHr - Dashboard/Checkin button BR' is clicked on

20-03-2024T10:10:14 - [MESSAGE][PASSED] - Object: 'Object Repository/Page_2GrowHr - Dashboard/Checkin button BR' is clicked on

20-03-2024T10:10:14 - [TEST_STEP][PASSED] - setText(findTestObject("Object Repository/Page_2GrowHr - Dashboard/Checkin remark"), checkinRemark + " " + currentDateStr): Text 'WFH CheckinRemark 03/20/2024' is set on object 'Object Repository/Page_2GrowHr - Dashboard/Checkin remark'

20-03-2024T10:10:15 - [MESSAGE][PASSED] - Text 'WFH CheckinRemark 03/20/2024' is set on object 'Object Repository/Page_2GrowHr - Dashboard/Checkin remark'

20-03-2024T10:10:15 - [TEST_STEP][PASSED] - delay(2): Delayed 2 second(s)

20-03-2024T10:10:17 - [MESSAGE][PASSED] - Delayed 2 second(s)

20-03-2024T10:10:17 - [TEST_STEP][PASSED] - click(findTestObject("Object Repository/Page_2GrowHr - Dashboard/Checkin button AR")): Object: 'Object Repository/Page_2GrowHr - Dashboard/Checkin button AR' is clicked on

20-03-2024T10:10:19 - [MESSAGE][PASSED] - Object: 'Object Repository/Page_2GrowHr - Dashboard/Checkin button AR' is clicked on

20-03-2024T10:10:19 - [TEST_STEP][PASSED] - delay(2): Delayed 2 second(s)

20-03-2024T10:10:21 - [MESSAGE][PASSED] - Delayed 2 second(s)

20-03-2024T10:10:21 - [TEST_STEP][PASSED] - click(findTestObject("Object Repository/Page_2GrowHr - Menu_Report/Attentance mouseover")): Object: 'Object Repository/Page_2GrowHr - Menu_Report/Attentance mouseover' is clicked on

20-03-2024T10:10:23 - [MESSAGE][PASSED] - Object: 'Object Repository/Page_2GrowHr - Menu_Report/Attentance mouseover' is clicked on

20-03-2024T10:10:23 - [TEST_STEP][PASSED] - delay(2): Delayed 2 second(s)

20-03-2024T10:10:25 - [MESSAGE][PASSED] - Delayed 2 second(s)

20-03-2024T10:10:25 - [TEST_STEP][PASSED] - click(findTestObject("Object Repository/Page_2GrowHr - Menu_Report/Day Count Attendance Summary report")): Object: 'Object Repository/Page_2GrowHr - Menu_Report/Day Count Attendance Summary report' is clicked on

20-03-2024T10:10:28 - [MESSAGE][PASSED] - Object: 'Object Repository/Page_2GrowHr - Menu_Report/Day Count Attendance Summary report' is clicked on

20-03-2024T10:10:28 - [TEST_STEP][PASSED] - click(findTestObject("Object Repository/Page_2GrowHr - Real Time Report/Select Date range field day count attendance report")): Object: 'Object Repository/Page_2GrowHr - Real Time Report/Select Date range field day count attendance report' is clicked on

20-03-2024T10:10:32 - [MESSAGE][PASSED] - Object: 'Object Repository/Page_2GrowHr - Real Time Report/Select Date range field day count attendance report' is clicked on

20-03-2024T10:10:32 - [TEST_STEP][PASSED] - delay(2): Delayed 2 second(s)

20-03-2024T10:10:34 - [MESSAGE][PASSED] - Delayed 2 second(s)

20-03-2024T10:10:34 - [TEST_STEP][PASSED] - click(findTestObject("Object Repository/Page_2GrowHr - Real Time Report/Today")): Object: 'Object Repository/Page_2GrowHr - Real Time Report/Today' is clicked on

20-03-2024T10:10:36 - [MESSAGE][PASSED] - Object: 'Object Repository/Page_2GrowHr - Real Time Report/Today' is clicked on

20-03-2024T10:10:36 - [TEST_STEP][PASSED] - click(findTestObject("Object Repository/Page_2GrowHr - Real Time Report/Get Report button")): Object: 'Object Repository/Page_2GrowHr - Real Time Report/Get Report button' is clicked on

20-03-2024T10:10:38 - [MESSAGE][PASSED] - Object: 'Object Repository/Page_2GrowHr - Real Time Report/Get Report button' is clicked on

20-03-2024T10:10:38 - [TEST_STEP][PASSED] - delay(2): Delayed 2 second(s)

20-03-2024T10:10:40 - [MESSAGE][PASSED] - Delayed 2 second(s)

20-03-2024T10:10:40 - [TEST_STEP][PASSED] - linkElement = getWebDriver().findElement(By.xpath("//*[@id="datatable"]/tbody/tr/td[2]/a")): null

20-03-2024T10:10:42 - [TEST_STEP][PASSED] - linkElement.click(): null

20-03-2024T10:10:42 - [TEST_STEP][PASSED] - delay(5): Delayed 5 second(s)

20-03-2024T10:10:47 - [MESSAGE][PASSED] - Delayed 5 second(s)

20-03-2024T10:10:47 - [TEST_STEP][PASSED] - closeBrowser(): Browser is closed

20-03-2024T10:10:47 - [MESSAGE][PASSED] - Browser is closed]]></system-out>
         <system-err><![CDATA[]]></system-err>
      </testcase>
      <system-out><![CDATA[20-03-2024T10:08:48 - [TEST_SUITE][PASSED] - Apply WFH and Checkin: Test Cases/Apply WFH and Checkin]]></system-out>
      <system-err><![CDATA[]]></system-err>
   </testsuite>
</testsuites>
