<?xml version="1.0" encoding="UTF-8"?>
<testsuites name="Apply WFH and Checkin" time="190.277" tests="1" failures="0" errors="0">
   <testsuite name="Apply WFH and Checkin" tests="1" failures="0" errors="0" time="190.277" skipped="0" timestamp="19-03-2024T10:10:00" hostname="91957 - Lead-Force-CRM" id="Test Suites/Apply WFH and Checkin">
      <properties>
         <property name="deviceName" value=""/>
         <property name="devicePlatform" value=""/>
         <property name="logFolder" value="C:\\Users\\91957\\Desktop\\Automation Testing - Katalon\\Payroll Web\\Reports\\20240319_100048\\Apply WFH and Checkin\\20240319_100051"/>
         <property name="logFiles" value="C:\\Users\\91957\\Desktop\\Automation Testing - Katalon\\Payroll Web\\Reports\\20240319_100048\\Apply WFH and Checkin\\20240319_100051\\execution0.log"/>
         <property name="attachments" value=""/>
         <property name="hostName" value="91957 - Lead-Force-CRM"/>
         <property name="os" value="Windows 11 64bit"/>
         <property name="katalonVersion" value="9.3.0.212"/>
         <property name="browser" value="Chrome 122.0.0.0"/>
         <property name="hostAddress" value="192.168.1.127"/>
         <property name="sessionId" value="db81a21a3f319b227f76f35425fe2580"/>
         <property name="seleniumVersion" value="3.141.59"/>
         <property name="proxyInformation" value="ProxyInformation { proxyOption=NO_PROXY, proxyServerType=HTTP, username=, password=********, proxyServerAddress=, proxyServerPort=0, executionList=&quot;&quot;, isApplyToDesiredCapabilities=true }"/>
         <property name="platform" value="Windows 11"/>
      </properties>
      <testcase name="Test Cases/Apply WFH and Checkin" time="190.139" classname="Test Cases/Apply WFH and Checkin" status="PASSED">
         <system-out><![CDATA[19-03-2024T10:10:00 - [TEST_CASE][PASSED] - Test Cases/Apply WFH and Checkin: Test Cases/Apply WFH and Checkin

19-03-2024T10:10:01 - [TEST_STEP][PASSED] - Data = findTestData("Apply WFH and Checkin"): null

19-03-2024T10:10:01 - [TEST_STEP][PASSED] - dateFormat = new java.text.SimpleDateFormat(MM/dd/yyyy): null

19-03-2024T10:10:01 - [TEST_STEP][PASSED] - currentDate = getInstance().getTime(): null

19-03-2024T10:10:01 - [TEST_STEP][PASSED] - currentDateStr = dateFormat.format(currentDate): null

19-03-2024T10:10:01 - [TEST_STEP][PASSED] - for ([i = 1, i <= Data.getRowNumbers(), (i++)]): Browser is closed

19-03-2024T10:10:01 - [TEST_STEP][PASSED] - url = Data.getValue("URL", i): null

19-03-2024T10:10:01 - [TEST_STEP][PASSED] - username = Data.getValue("Username", i): null

19-03-2024T10:10:01 - [TEST_STEP][PASSED] - password = Data.getValue("Password", i): null

19-03-2024T10:10:01 - [TEST_STEP][PASSED] - checkinRemark = Data.getValue("CheckinRemark", i): null

19-03-2024T10:10:01 - [TEST_STEP][PASSED] - WFHRemark = Data.getValue("WFHRemark", i): null

19-03-2024T10:10:01 - [TEST_STEP][PASSED] - openBrowser(""): Browser is opened with url: ''

19-03-2024T10:10:01 - [MESSAGE][INFO] - Starting 'Chrome' driver

19-03-2024T10:10:01 - [MESSAGE][INFO] - Action delay is set to 0 milliseconds

19-03-2024T10:10:03 - [MESSAGE][PASSED] - Browser is opened with url: ''

19-03-2024T10:10:03 - [TEST_STEP][PASSED] - maximizeWindow(): Current window maximized

19-03-2024T10:10:03 - [MESSAGE][PASSED] - Current window maximized

19-03-2024T10:10:03 - [TEST_STEP][PASSED] - navigateToUrl(url): Navigate to 'http://testing.2growhr.io/' successfully

19-03-2024T10:10:31 - [MESSAGE][PASSED] - Navigate to 'http://testing.2growhr.io/' successfully

19-03-2024T10:10:31 - [TEST_STEP][PASSED] - setText(findTestObject("Object Repository/Page_2GrowHR - Login/UserName"), username): Text 'Sathish238' is set on object 'Object Repository/Page_2GrowHR - Login/UserName'

19-03-2024T10:10:32 - [MESSAGE][PASSED] - Text 'Sathish238' is set on object 'Object Repository/Page_2GrowHR - Login/UserName'

19-03-2024T10:10:32 - [TEST_STEP][PASSED] - setText(findTestObject("Object Repository/Page_2GrowHR - Login/Password"), password): Text '123' is set on object 'Object Repository/Page_2GrowHR - Login/Password'

19-03-2024T10:10:33 - [MESSAGE][PASSED] - Text '123' is set on object 'Object Repository/Page_2GrowHR - Login/Password'

19-03-2024T10:10:33 - [TEST_STEP][PASSED] - click(findTestObject("Object Repository/Page_2GrowHR - Login/Password - view icon")): Object: 'Object Repository/Page_2GrowHR - Login/Password - view icon' is clicked on

19-03-2024T10:10:33 - [MESSAGE][PASSED] - Object: 'Object Repository/Page_2GrowHR - Login/Password - view icon' is clicked on

19-03-2024T10:10:33 - [TEST_STEP][PASSED] - delay(2): Delayed 2 second(s)

19-03-2024T10:10:35 - [MESSAGE][PASSED] - Delayed 2 second(s)

19-03-2024T10:10:35 - [TEST_STEP][PASSED] - click(findTestObject("Object Repository/Page_2GrowHR - Login/Login Button")): Object: 'Object Repository/Page_2GrowHR - Login/Login Button' is clicked on

19-03-2024T10:10:52 - [MESSAGE][PASSED] - Object: 'Object Repository/Page_2GrowHR - Login/Login Button' is clicked on

19-03-2024T10:10:52 - [TEST_STEP][PASSED] - delay(2): Delayed 2 second(s)

19-03-2024T10:10:54 - [MESSAGE][PASSED] - Delayed 2 second(s)

19-03-2024T10:10:54 - [TEST_STEP][PASSED] - click(findTestObject("Object Repository/Page_2GrowHr - Dashboard/Work From Home Button")): Object: 'Object Repository/Page_2GrowHr - Dashboard/Work From Home Button' is clicked on

19-03-2024T10:10:56 - [MESSAGE][PASSED] - Object: 'Object Repository/Page_2GrowHr - Dashboard/Work From Home Button' is clicked on

19-03-2024T10:10:56 - [TEST_STEP][PASSED] - click(findTestObject("Object Repository/Page_2GrowHr - Dashboard/WFH date selection")): Object: 'Object Repository/Page_2GrowHr - Dashboard/WFH date selection' is clicked on

19-03-2024T10:10:58 - [MESSAGE][PASSED] - Object: 'Object Repository/Page_2GrowHr - Dashboard/WFH date selection' is clicked on

19-03-2024T10:10:58 - [TEST_STEP][PASSED] - setText(findTestObject("Object Repository/Page_2GrowHr - Dashboard/WFH date selection"), currentDateStr): Text '03/19/2024' is set on object 'Object Repository/Page_2GrowHr - Dashboard/WFH date selection'

19-03-2024T10:11:02 - [MESSAGE][PASSED] - Text '03/19/2024' is set on object 'Object Repository/Page_2GrowHr - Dashboard/WFH date selection'

19-03-2024T10:11:02 - [TEST_STEP][PASSED] - click(findTestObject("Object Repository/Page_2GrowHr - Dashboard/After date entering click div")): Object: 'Object Repository/Page_2GrowHr - Dashboard/After date entering click div' is clicked on

19-03-2024T10:11:04 - [MESSAGE][PASSED] - Object: 'Object Repository/Page_2GrowHr - Dashboard/After date entering click div' is clicked on

19-03-2024T10:11:04 - [TEST_STEP][PASSED] - setText(findTestObject("Object Repository/Page_2GrowHr - Dashboard/WFH Remark"), WFHRemark): Text 'WFH Applied' is set on object 'Object Repository/Page_2GrowHr - Dashboard/WFH Remark'

19-03-2024T10:11:08 - [MESSAGE][PASSED] - Text 'WFH Applied' is set on object 'Object Repository/Page_2GrowHr - Dashboard/WFH Remark'

19-03-2024T10:11:08 - [TEST_STEP][PASSED] - delay(2): Delayed 2 second(s)

19-03-2024T10:11:10 - [MESSAGE][PASSED] - Delayed 2 second(s)

19-03-2024T10:11:10 - [TEST_STEP][PASSED] - click(findTestObject("Object Repository/Page_2GrowHr - Dashboard/button_SAVE")): Object: 'Object Repository/Page_2GrowHr - Dashboard/button_SAVE' is clicked on

19-03-2024T10:11:12 - [MESSAGE][PASSED] - Object: 'Object Repository/Page_2GrowHr - Dashboard/button_SAVE' is clicked on

19-03-2024T10:11:12 - [TEST_STEP][PASSED] - delay(2): Delayed 2 second(s)

19-03-2024T10:11:14 - [MESSAGE][PASSED] - Delayed 2 second(s)

19-03-2024T10:11:14 - [TEST_STEP][PASSED] - click(findTestObject("Object Repository/Page_2GrowHr - Dashboard/Checkin button BR")): Object: 'Object Repository/Page_2GrowHr - Dashboard/Checkin button BR' is clicked on

19-03-2024T10:11:19 - [MESSAGE][PASSED] - Object: 'Object Repository/Page_2GrowHr - Dashboard/Checkin button BR' is clicked on

19-03-2024T10:11:19 - [TEST_STEP][PASSED] - setText(findTestObject("Object Repository/Page_2GrowHr - Dashboard/Checkin remark"), checkinRemark + " " + currentDateStr): Text 'WFH CheckinRemark 03/19/2024' is set on object 'Object Repository/Page_2GrowHr - Dashboard/Checkin remark'

19-03-2024T10:11:23 - [MESSAGE][PASSED] - Text 'WFH CheckinRemark 03/19/2024' is set on object 'Object Repository/Page_2GrowHr - Dashboard/Checkin remark'

19-03-2024T10:11:23 - [TEST_STEP][PASSED] - delay(2): Delayed 2 second(s)

19-03-2024T10:11:25 - [MESSAGE][PASSED] - Delayed 2 second(s)

19-03-2024T10:11:25 - [TEST_STEP][PASSED] - click(findTestObject("Object Repository/Page_2GrowHr - Dashboard/Checkin button AR")): Object: 'Object Repository/Page_2GrowHr - Dashboard/Checkin button AR' is clicked on

19-03-2024T10:11:27 - [MESSAGE][PASSED] - Object: 'Object Repository/Page_2GrowHr - Dashboard/Checkin button AR' is clicked on

19-03-2024T10:11:27 - [TEST_STEP][PASSED] - delay(2): Delayed 2 second(s)

19-03-2024T10:11:29 - [MESSAGE][PASSED] - Delayed 2 second(s)

19-03-2024T10:11:29 - [TEST_STEP][PASSED] - click(findTestObject("Object Repository/Page_2GrowHr - Menu_Report/Attentance mouseover")): Object: 'Object Repository/Page_2GrowHr - Menu_Report/Attentance mouseover' is clicked on

19-03-2024T10:11:31 - [MESSAGE][PASSED] - Object: 'Object Repository/Page_2GrowHr - Menu_Report/Attentance mouseover' is clicked on

19-03-2024T10:11:31 - [TEST_STEP][PASSED] - delay(2): Delayed 2 second(s)

19-03-2024T10:11:33 - [MESSAGE][PASSED] - Delayed 2 second(s)

19-03-2024T10:11:33 - [TEST_STEP][PASSED] - click(findTestObject("Object Repository/Page_2GrowHr - Menu_Report/Day Count Attendance Summary report")): Object: 'Object Repository/Page_2GrowHr - Menu_Report/Day Count Attendance Summary report' is clicked on

19-03-2024T10:11:36 - [MESSAGE][PASSED] - Object: 'Object Repository/Page_2GrowHr - Menu_Report/Day Count Attendance Summary report' is clicked on

19-03-2024T10:11:36 - [TEST_STEP][PASSED] - click(findTestObject("Object Repository/Page_2GrowHr - Real Time Report/Select Date range field day count attendance report")): Object: 'Object Repository/Page_2GrowHr - Real Time Report/Select Date range field day count attendance report' is clicked on

19-03-2024T10:11:40 - [MESSAGE][PASSED] - Object: 'Object Repository/Page_2GrowHr - Real Time Report/Select Date range field day count attendance report' is clicked on

19-03-2024T10:11:40 - [TEST_STEP][PASSED] - delay(2): Delayed 2 second(s)

19-03-2024T10:11:42 - [MESSAGE][PASSED] - Delayed 2 second(s)

19-03-2024T10:11:42 - [TEST_STEP][PASSED] - click(findTestObject("Object Repository/Page_2GrowHr - Real Time Report/Today")): Object: 'Object Repository/Page_2GrowHr - Real Time Report/Today' is clicked on

19-03-2024T10:11:44 - [MESSAGE][PASSED] - Object: 'Object Repository/Page_2GrowHr - Real Time Report/Today' is clicked on

19-03-2024T10:11:44 - [TEST_STEP][PASSED] - click(findTestObject("Object Repository/Page_2GrowHr - Real Time Report/Get Report button")): Object: 'Object Repository/Page_2GrowHr - Real Time Report/Get Report button' is clicked on

19-03-2024T10:11:46 - [MESSAGE][PASSED] - Object: 'Object Repository/Page_2GrowHr - Real Time Report/Get Report button' is clicked on

19-03-2024T10:11:46 - [TEST_STEP][PASSED] - delay(2): Delayed 2 second(s)

19-03-2024T10:11:48 - [MESSAGE][PASSED] - Delayed 2 second(s)

19-03-2024T10:11:48 - [TEST_STEP][PASSED] - linkElement = getWebDriver().findElement(By.xpath("//*[@id="datatable"]/tbody/tr/td[2]/a")): null

19-03-2024T10:11:50 - [TEST_STEP][PASSED] - linkElement.click(): null

19-03-2024T10:11:50 - [TEST_STEP][PASSED] - delay(5): Delayed 5 second(s)

19-03-2024T10:11:55 - [MESSAGE][PASSED] - Delayed 5 second(s)

19-03-2024T10:11:55 - [TEST_STEP][PASSED] - closeBrowser(): Browser is closed

19-03-2024T10:11:55 - [MESSAGE][PASSED] - Browser is closed

19-03-2024T10:11:55 - [TEST_STEP][PASSED] - url = Data.getValue("URL", i): null

19-03-2024T10:11:55 - [TEST_STEP][PASSED] - username = Data.getValue("Username", i): null

19-03-2024T10:11:55 - [TEST_STEP][PASSED] - password = Data.getValue("Password", i): null

19-03-2024T10:11:55 - [TEST_STEP][PASSED] - checkinRemark = Data.getValue("CheckinRemark", i): null

19-03-2024T10:11:55 - [TEST_STEP][PASSED] - WFHRemark = Data.getValue("WFHRemark", i): null

19-03-2024T10:11:55 - [TEST_STEP][PASSED] - openBrowser(""): Browser is opened with url: ''

19-03-2024T10:11:55 - [MESSAGE][INFO] - Starting 'Chrome' driver

19-03-2024T10:11:55 - [MESSAGE][INFO] - Action delay is set to 0 milliseconds

19-03-2024T10:11:58 - [MESSAGE][PASSED] - Browser is opened with url: ''

19-03-2024T10:11:58 - [TEST_STEP][PASSED] - maximizeWindow(): Current window maximized

19-03-2024T10:11:58 - [MESSAGE][PASSED] - Current window maximized

19-03-2024T10:11:58 - [TEST_STEP][PASSED] - navigateToUrl(url): Navigate to 'http://testing.2growhr.io/' successfully

19-03-2024T10:12:02 - [MESSAGE][PASSED] - Navigate to 'http://testing.2growhr.io/' successfully

19-03-2024T10:12:02 - [TEST_STEP][PASSED] - setText(findTestObject("Object Repository/Page_2GrowHR - Login/UserName"), username): Text 'CBS0715' is set on object 'Object Repository/Page_2GrowHR - Login/UserName'

19-03-2024T10:12:02 - [MESSAGE][PASSED] - Text 'CBS0715' is set on object 'Object Repository/Page_2GrowHR - Login/UserName'

19-03-2024T10:12:02 - [TEST_STEP][PASSED] - setText(findTestObject("Object Repository/Page_2GrowHR - Login/Password"), password): Text '123' is set on object 'Object Repository/Page_2GrowHR - Login/Password'

19-03-2024T10:12:03 - [MESSAGE][PASSED] - Text '123' is set on object 'Object Repository/Page_2GrowHR - Login/Password'

19-03-2024T10:12:03 - [TEST_STEP][PASSED] - click(findTestObject("Object Repository/Page_2GrowHR - Login/Password - view icon")): Object: 'Object Repository/Page_2GrowHR - Login/Password - view icon' is clicked on

19-03-2024T10:12:03 - [MESSAGE][PASSED] - Object: 'Object Repository/Page_2GrowHR - Login/Password - view icon' is clicked on

19-03-2024T10:12:03 - [TEST_STEP][PASSED] - delay(2): Delayed 2 second(s)

19-03-2024T10:12:05 - [MESSAGE][PASSED] - Delayed 2 second(s)

19-03-2024T10:12:05 - [TEST_STEP][PASSED] - click(findTestObject("Object Repository/Page_2GrowHR - Login/Login Button")): Object: 'Object Repository/Page_2GrowHR - Login/Login Button' is clicked on

19-03-2024T10:12:20 - [MESSAGE][PASSED] - Object: 'Object Repository/Page_2GrowHR - Login/Login Button' is clicked on

19-03-2024T10:12:20 - [TEST_STEP][PASSED] - delay(2): Delayed 2 second(s)

19-03-2024T10:12:22 - [MESSAGE][PASSED] - Delayed 2 second(s)

19-03-2024T10:12:22 - [TEST_STEP][PASSED] - click(findTestObject("Object Repository/Page_2GrowHr - Dashboard/Work From Home Button")): Object: 'Object Repository/Page_2GrowHr - Dashboard/Work From Home Button' is clicked on

19-03-2024T10:12:22 - [MESSAGE][PASSED] - Object: 'Object Repository/Page_2GrowHr - Dashboard/Work From Home Button' is clicked on

19-03-2024T10:12:22 - [TEST_STEP][PASSED] - click(findTestObject("Object Repository/Page_2GrowHr - Dashboard/WFH date selection")): Object: 'Object Repository/Page_2GrowHr - Dashboard/WFH date selection' is clicked on

19-03-2024T10:12:23 - [MESSAGE][PASSED] - Object: 'Object Repository/Page_2GrowHr - Dashboard/WFH date selection' is clicked on

19-03-2024T10:12:23 - [TEST_STEP][PASSED] - setText(findTestObject("Object Repository/Page_2GrowHr - Dashboard/WFH date selection"), currentDateStr): Text '03/19/2024' is set on object 'Object Repository/Page_2GrowHr - Dashboard/WFH date selection'

19-03-2024T10:12:24 - [MESSAGE][PASSED] - Text '03/19/2024' is set on object 'Object Repository/Page_2GrowHr - Dashboard/WFH date selection'

19-03-2024T10:12:24 - [TEST_STEP][PASSED] - click(findTestObject("Object Repository/Page_2GrowHr - Dashboard/After date entering click div")): Object: 'Object Repository/Page_2GrowHr - Dashboard/After date entering click div' is clicked on

19-03-2024T10:12:25 - [MESSAGE][PASSED] - Object: 'Object Repository/Page_2GrowHr - Dashboard/After date entering click div' is clicked on

19-03-2024T10:12:25 - [TEST_STEP][PASSED] - setText(findTestObject("Object Repository/Page_2GrowHr - Dashboard/WFH Remark"), WFHRemark): Text 'WFH Applied' is set on object 'Object Repository/Page_2GrowHr - Dashboard/WFH Remark'

19-03-2024T10:12:26 - [MESSAGE][PASSED] - Text 'WFH Applied' is set on object 'Object Repository/Page_2GrowHr - Dashboard/WFH Remark'

19-03-2024T10:12:26 - [TEST_STEP][PASSED] - delay(2): Delayed 2 second(s)

19-03-2024T10:12:28 - [MESSAGE][PASSED] - Delayed 2 second(s)

19-03-2024T10:12:28 - [TEST_STEP][PASSED] - click(findTestObject("Object Repository/Page_2GrowHr - Dashboard/button_SAVE")): Object: 'Object Repository/Page_2GrowHr - Dashboard/button_SAVE' is clicked on

19-03-2024T10:12:29 - [MESSAGE][PASSED] - Object: 'Object Repository/Page_2GrowHr - Dashboard/button_SAVE' is clicked on

19-03-2024T10:12:29 - [TEST_STEP][PASSED] - delay(2): Delayed 2 second(s)

19-03-2024T10:12:31 - [MESSAGE][PASSED] - Delayed 2 second(s)

19-03-2024T10:12:31 - [TEST_STEP][PASSED] - click(findTestObject("Object Repository/Page_2GrowHr - Dashboard/Checkin button BR")): Object: 'Object Repository/Page_2GrowHr - Dashboard/Checkin button BR' is clicked on

19-03-2024T10:12:34 - [MESSAGE][PASSED] - Object: 'Object Repository/Page_2GrowHr - Dashboard/Checkin button BR' is clicked on

19-03-2024T10:12:34 - [TEST_STEP][PASSED] - setText(findTestObject("Object Repository/Page_2GrowHr - Dashboard/Checkin remark"), checkinRemark + " " + currentDateStr): Text 'WFH CheckinRemark 03/19/2024' is set on object 'Object Repository/Page_2GrowHr - Dashboard/Checkin remark'

19-03-2024T10:12:36 - [MESSAGE][PASSED] - Text 'WFH CheckinRemark 03/19/2024' is set on object 'Object Repository/Page_2GrowHr - Dashboard/Checkin remark'

19-03-2024T10:12:36 - [TEST_STEP][PASSED] - delay(2): Delayed 2 second(s)

19-03-2024T10:12:38 - [MESSAGE][PASSED] - Delayed 2 second(s)

19-03-2024T10:12:38 - [TEST_STEP][PASSED] - click(findTestObject("Object Repository/Page_2GrowHr - Dashboard/Checkin button AR")): Object: 'Object Repository/Page_2GrowHr - Dashboard/Checkin button AR' is clicked on

19-03-2024T10:12:38 - [MESSAGE][PASSED] - Object: 'Object Repository/Page_2GrowHr - Dashboard/Checkin button AR' is clicked on

19-03-2024T10:12:38 - [TEST_STEP][PASSED] - delay(2): Delayed 2 second(s)

19-03-2024T10:12:40 - [MESSAGE][PASSED] - Delayed 2 second(s)

19-03-2024T10:12:40 - [TEST_STEP][PASSED] - click(findTestObject("Object Repository/Page_2GrowHr - Menu_Report/Attentance mouseover")): Object: 'Object Repository/Page_2GrowHr - Menu_Report/Attentance mouseover' is clicked on

19-03-2024T10:12:42 - [MESSAGE][PASSED] - Object: 'Object Repository/Page_2GrowHr - Menu_Report/Attentance mouseover' is clicked on

19-03-2024T10:12:42 - [TEST_STEP][PASSED] - delay(2): Delayed 2 second(s)

19-03-2024T10:12:44 - [MESSAGE][PASSED] - Delayed 2 second(s)

19-03-2024T10:12:44 - [TEST_STEP][PASSED] - click(findTestObject("Object Repository/Page_2GrowHr - Menu_Report/Day Count Attendance Summary report")): Object: 'Object Repository/Page_2GrowHr - Menu_Report/Day Count Attendance Summary report' is clicked on

19-03-2024T10:12:47 - [MESSAGE][PASSED] - Object: 'Object Repository/Page_2GrowHr - Menu_Report/Day Count Attendance Summary report' is clicked on

19-03-2024T10:12:47 - [TEST_STEP][PASSED] - click(findTestObject("Object Repository/Page_2GrowHr - Real Time Report/Select Date range field day count attendance report")): Object: 'Object Repository/Page_2GrowHr - Real Time Report/Select Date range field day count attendance report' is clicked on

19-03-2024T10:12:59 - [MESSAGE][PASSED] - Object: 'Object Repository/Page_2GrowHr - Real Time Report/Select Date range field day count attendance report' is clicked on

19-03-2024T10:12:59 - [TEST_STEP][PASSED] - delay(2): Delayed 2 second(s)

19-03-2024T10:13:01 - [MESSAGE][PASSED] - Delayed 2 second(s)

19-03-2024T10:13:01 - [TEST_STEP][PASSED] - click(findTestObject("Object Repository/Page_2GrowHr - Real Time Report/Today")): Object: 'Object Repository/Page_2GrowHr - Real Time Report/Today' is clicked on

19-03-2024T10:13:01 - [MESSAGE][PASSED] - Object: 'Object Repository/Page_2GrowHr - Real Time Report/Today' is clicked on

19-03-2024T10:13:01 - [TEST_STEP][PASSED] - click(findTestObject("Object Repository/Page_2GrowHr - Real Time Report/Get Report button")): Object: 'Object Repository/Page_2GrowHr - Real Time Report/Get Report button' is clicked on

19-03-2024T10:13:02 - [MESSAGE][PASSED] - Object: 'Object Repository/Page_2GrowHr - Real Time Report/Get Report button' is clicked on

19-03-2024T10:13:02 - [TEST_STEP][PASSED] - delay(2): Delayed 2 second(s)

19-03-2024T10:13:04 - [MESSAGE][PASSED] - Delayed 2 second(s)

19-03-2024T10:13:04 - [TEST_STEP][PASSED] - linkElement = getWebDriver().findElement(By.xpath("//*[@id="datatable"]/tbody/tr/td[2]/a")): null

19-03-2024T10:13:05 - [TEST_STEP][PASSED] - linkElement.click(): null

19-03-2024T10:13:05 - [TEST_STEP][PASSED] - delay(5): Delayed 5 second(s)

19-03-2024T10:13:10 - [MESSAGE][PASSED] - Delayed 5 second(s)

19-03-2024T10:13:10 - [TEST_STEP][PASSED] - closeBrowser(): Browser is closed

19-03-2024T10:13:10 - [MESSAGE][PASSED] - Browser is closed]]></system-out>
         <system-err><![CDATA[]]></system-err>
      </testcase>
      <system-out><![CDATA[19-03-2024T10:10:00 - [TEST_SUITE][PASSED] - Apply WFH and Checkin: Test Cases/Apply WFH and Checkin]]></system-out>
      <system-err><![CDATA[]]></system-err>
   </testsuite>
</testsuites>
