<?xml version="1.0" encoding="UTF-8"?>
<testsuites name="OD checkout" time="148.873" tests="1" failures="0" errors="0">
   <testsuite name="OD checkout" tests="1" failures="0" errors="0" time="148.873" skipped="0" timestamp="13-03-2024T18:20:51" hostname="91957 - Lead-Force-CRM" id="Test Suites/OD checkout">
      <properties>
         <property name="deviceName" value=""/>
         <property name="devicePlatform" value=""/>
         <property name="logFolder" value="C:\\Users\\91957\\Desktop\\Automation Testing - Katalon\\Payroll Web\\Reports\\20240313_181140\\OD checkout\\20240313_181146"/>
         <property name="logFiles" value="C:\\Users\\91957\\Desktop\\Automation Testing - Katalon\\Payroll Web\\Reports\\20240313_181140\\OD checkout\\20240313_181146\\execution0.log"/>
         <property name="attachments" value=""/>
         <property name="hostName" value="91957 - Lead-Force-CRM"/>
         <property name="os" value="Windows 11 64bit"/>
         <property name="katalonVersion" value="9.3.0.212"/>
         <property name="browser" value="Chrome 122.0.0.0"/>
         <property name="hostAddress" value="192.168.29.70"/>
         <property name="sessionId" value="507a2042cbedbffb930c5750d98e74c8"/>
         <property name="seleniumVersion" value="3.141.59"/>
         <property name="proxyInformation" value="ProxyInformation { proxyOption=NO_PROXY, proxyServerType=HTTP, username=, password=********, proxyServerAddress=, proxyServerPort=0, executionList=&quot;&quot;, isApplyToDesiredCapabilities=true }"/>
         <property name="platform" value="Windows 11"/>
      </properties>
      <testcase name="Test Cases/OD Checkout" time="148.721" classname="Test Cases/OD Checkout" status="PASSED">
         <system-out><![CDATA[13-03-2024T18:20:51 - [TEST_CASE][PASSED] - Test Cases/OD Checkout: Test Cases/OD Checkout

13-03-2024T18:20:52 - [TEST_STEP][PASSED] - Data = findTestData("OD Checkout"): null

13-03-2024T18:20:52 - [TEST_STEP][PASSED] - dateFormat = new java.text.SimpleDateFormat(MM/dd/yyyy): null

13-03-2024T18:20:52 - [TEST_STEP][PASSED] - currentDate = getInstance().getTime(): null

13-03-2024T18:20:52 - [TEST_STEP][PASSED] - currentDateStr = dateFormat.format(currentDate): null

13-03-2024T18:20:52 - [TEST_STEP][PASSED] - for ([i = 1, i <= Data.getRowNumbers(), (i++)]): Browser is closed

13-03-2024T18:20:52 - [TEST_STEP][PASSED] - url = Data.getValue("URL", i): null

13-03-2024T18:20:53 - [TEST_STEP][PASSED] - username = Data.getValue("Username", i): null

13-03-2024T18:20:53 - [TEST_STEP][PASSED] - password = Data.getValue("Password", i): null

13-03-2024T18:20:53 - [TEST_STEP][PASSED] - checkoutRemark = Data.getValue("CheckoutRemark", i): null

13-03-2024T18:20:53 - [TEST_STEP][PASSED] - openBrowser(""): Browser is opened with url: ''

13-03-2024T18:20:53 - [MESSAGE][INFO] - Starting 'Chrome' driver

13-03-2024T18:20:53 - [MESSAGE][INFO] - Action delay is set to 0 milliseconds

13-03-2024T18:20:54 - [MESSAGE][PASSED] - Browser is opened with url: ''

13-03-2024T18:20:54 - [TEST_STEP][PASSED] - maximizeWindow(): Current window maximized

13-03-2024T18:20:54 - [MESSAGE][PASSED] - Current window maximized

13-03-2024T18:20:54 - [TEST_STEP][PASSED] - navigateToUrl(url): Navigate to 'http://testing.2growhr.io/' successfully

13-03-2024T18:20:59 - [MESSAGE][PASSED] - Navigate to 'http://testing.2growhr.io/' successfully

13-03-2024T18:20:59 - [TEST_STEP][PASSED] - setText(findTestObject("Object Repository/Page_2GrowHR - Login/UserName"), username): Text 'CBS1665' is set on object 'Object Repository/Page_2GrowHR - Login/UserName'

13-03-2024T18:21:00 - [MESSAGE][PASSED] - Text 'CBS1665' is set on object 'Object Repository/Page_2GrowHR - Login/UserName'

13-03-2024T18:21:00 - [TEST_STEP][PASSED] - setText(findTestObject("Object Repository/Page_2GrowHR - Login/Password"), password): Text '123' is set on object 'Object Repository/Page_2GrowHR - Login/Password'

13-03-2024T18:21:00 - [MESSAGE][PASSED] - Text '123' is set on object 'Object Repository/Page_2GrowHR - Login/Password'

13-03-2024T18:21:00 - [TEST_STEP][PASSED] - click(findTestObject("Object Repository/Page_2GrowHR - Login/Password - view icon")): Object: 'Object Repository/Page_2GrowHR - Login/Password - view icon' is clicked on

13-03-2024T18:21:01 - [MESSAGE][PASSED] - Object: 'Object Repository/Page_2GrowHR - Login/Password - view icon' is clicked on

13-03-2024T18:21:01 - [TEST_STEP][PASSED] - delay(2): Delayed 2 second(s)

13-03-2024T18:21:03 - [MESSAGE][PASSED] - Delayed 2 second(s)

13-03-2024T18:21:03 - [TEST_STEP][PASSED] - click(findTestObject("Object Repository/Page_2GrowHR - Login/Login Button")): Object: 'Object Repository/Page_2GrowHR - Login/Login Button' is clicked on

13-03-2024T18:21:20 - [MESSAGE][PASSED] - Object: 'Object Repository/Page_2GrowHR - Login/Login Button' is clicked on

13-03-2024T18:21:20 - [TEST_STEP][PASSED] - delay(3): Delayed 3 second(s)

13-03-2024T18:21:23 - [MESSAGE][PASSED] - Delayed 3 second(s)

13-03-2024T18:21:23 - [TEST_STEP][PASSED] - click(findTestObject("Object Repository/Page_2GrowHr - Dashboard/Check-Out button BR")): Object: 'Object Repository/Page_2GrowHr - Dashboard/Check-Out button BR' is clicked on

13-03-2024T18:21:23 - [MESSAGE][PASSED] - Object: 'Object Repository/Page_2GrowHr - Dashboard/Check-Out button BR' is clicked on

13-03-2024T18:21:23 - [TEST_STEP][PASSED] - setText(findTestObject("Object Repository/Page_2GrowHr - Dashboard/Checkout Remarks"), checkoutRemark + " " + currentDateStr): Text 'OD CheckoutRemark 03/13/2024' is set on object 'Object Repository/Page_2GrowHr - Dashboard/Checkout Remarks'

13-03-2024T18:21:25 - [MESSAGE][PASSED] - Text 'OD CheckoutRemark 03/13/2024' is set on object 'Object Repository/Page_2GrowHr - Dashboard/Checkout Remarks'

13-03-2024T18:21:25 - [TEST_STEP][PASSED] - delay(3): Delayed 3 second(s)

13-03-2024T18:21:28 - [MESSAGE][PASSED] - Delayed 3 second(s)

13-03-2024T18:21:28 - [TEST_STEP][PASSED] - click(findTestObject("Object Repository/Page_2GrowHr - Dashboard/Check-Out button AR")): Object: 'Object Repository/Page_2GrowHr - Dashboard/Check-Out button AR' is clicked on

13-03-2024T18:21:28 - [MESSAGE][PASSED] - Object: 'Object Repository/Page_2GrowHr - Dashboard/Check-Out button AR' is clicked on

13-03-2024T18:21:28 - [TEST_STEP][PASSED] - delay(5): Delayed 5 second(s)

13-03-2024T18:21:33 - [MESSAGE][PASSED] - Delayed 5 second(s)

13-03-2024T18:21:33 - [TEST_STEP][PASSED] - click(findTestObject("Object Repository/Page_2GrowHr - Menu_Report/Attentance mouseover")): Object: 'Object Repository/Page_2GrowHr - Menu_Report/Attentance mouseover' is clicked on

13-03-2024T18:21:35 - [MESSAGE][PASSED] - Object: 'Object Repository/Page_2GrowHr - Menu_Report/Attentance mouseover' is clicked on

13-03-2024T18:21:35 - [TEST_STEP][PASSED] - delay(3): Delayed 3 second(s)

13-03-2024T18:21:38 - [MESSAGE][PASSED] - Delayed 3 second(s)

13-03-2024T18:21:38 - [TEST_STEP][PASSED] - click(findTestObject("Object Repository/Page_2GrowHr - Menu_Report/Day Count Attendance Summary report")): Object: 'Object Repository/Page_2GrowHr - Menu_Report/Day Count Attendance Summary report' is clicked on

13-03-2024T18:21:40 - [MESSAGE][PASSED] - Object: 'Object Repository/Page_2GrowHr - Menu_Report/Day Count Attendance Summary report' is clicked on

13-03-2024T18:21:40 - [TEST_STEP][PASSED] - click(findTestObject("Object Repository/Page_2GrowHr - Real Time Report/Select Date range field day count attendance report")): Object: 'Object Repository/Page_2GrowHr - Real Time Report/Select Date range field day count attendance report' is clicked on

13-03-2024T18:21:43 - [MESSAGE][PASSED] - Object: 'Object Repository/Page_2GrowHr - Real Time Report/Select Date range field day count attendance report' is clicked on

13-03-2024T18:21:43 - [TEST_STEP][PASSED] - delay(2): Delayed 2 second(s)

13-03-2024T18:21:45 - [MESSAGE][PASSED] - Delayed 2 second(s)

13-03-2024T18:21:45 - [TEST_STEP][PASSED] - click(findTestObject("Object Repository/Page_2GrowHr - Real Time Report/Today")): Object: 'Object Repository/Page_2GrowHr - Real Time Report/Today' is clicked on

13-03-2024T18:21:46 - [MESSAGE][PASSED] - Object: 'Object Repository/Page_2GrowHr - Real Time Report/Today' is clicked on

13-03-2024T18:21:46 - [TEST_STEP][PASSED] - click(findTestObject("Object Repository/Page_2GrowHr - Real Time Report/Get Report button")): Object: 'Object Repository/Page_2GrowHr - Real Time Report/Get Report button' is clicked on

13-03-2024T18:21:46 - [MESSAGE][PASSED] - Object: 'Object Repository/Page_2GrowHr - Real Time Report/Get Report button' is clicked on

13-03-2024T18:21:46 - [TEST_STEP][PASSED] - delay(3): Delayed 3 second(s)

13-03-2024T18:21:49 - [MESSAGE][PASSED] - Delayed 3 second(s)

13-03-2024T18:21:49 - [TEST_STEP][PASSED] - linkElement = getWebDriver().findElement(By.xpath("//*[@id="datatable"]/tbody/tr/td[2]/a")): null

13-03-2024T18:21:50 - [TEST_STEP][PASSED] - linkElement.click(): null

13-03-2024T18:21:50 - [TEST_STEP][PASSED] - scrollToElement(findTestObject("Object Repository/Page_2GrowHr - Real Time Report/Report scroll to Clock-Out IP"), 10): Scroll to object 'Object Repository/Page_2GrowHr - Real Time Report/Report scroll to Clock-Out IP' successfully

13-03-2024T18:21:51 - [MESSAGE][PASSED] - Scroll to object 'Object Repository/Page_2GrowHr - Real Time Report/Report scroll to Clock-Out IP' successfully

13-03-2024T18:21:51 - [TEST_STEP][PASSED] - delay(10): Delayed 10 second(s)

13-03-2024T18:22:01 - [MESSAGE][PASSED] - Delayed 10 second(s)

13-03-2024T18:22:01 - [TEST_STEP][PASSED] - closeBrowser(): Browser is closed

13-03-2024T18:22:01 - [MESSAGE][PASSED] - Browser is closed

13-03-2024T18:22:01 - [TEST_STEP][PASSED] - url = Data.getValue("URL", i): null

13-03-2024T18:22:01 - [TEST_STEP][PASSED] - username = Data.getValue("Username", i): null

13-03-2024T18:22:01 - [TEST_STEP][PASSED] - password = Data.getValue("Password", i): null

13-03-2024T18:22:01 - [TEST_STEP][PASSED] - checkoutRemark = Data.getValue("CheckoutRemark", i): null

13-03-2024T18:22:01 - [TEST_STEP][PASSED] - openBrowser(""): Browser is opened with url: ''

13-03-2024T18:22:01 - [MESSAGE][INFO] - Starting 'Chrome' driver

13-03-2024T18:22:01 - [MESSAGE][INFO] - Action delay is set to 0 milliseconds

13-03-2024T18:22:02 - [MESSAGE][PASSED] - Browser is opened with url: ''

13-03-2024T18:22:02 - [TEST_STEP][PASSED] - maximizeWindow(): Current window maximized

13-03-2024T18:22:02 - [MESSAGE][PASSED] - Current window maximized

13-03-2024T18:22:02 - [TEST_STEP][PASSED] - navigateToUrl(url): Navigate to 'http://testing.2growhr.io/' successfully

13-03-2024T18:22:06 - [MESSAGE][PASSED] - Navigate to 'http://testing.2growhr.io/' successfully

13-03-2024T18:22:06 - [TEST_STEP][PASSED] - setText(findTestObject("Object Repository/Page_2GrowHR - Login/UserName"), username): Text 'CBS0499' is set on object 'Object Repository/Page_2GrowHR - Login/UserName'

13-03-2024T18:22:07 - [MESSAGE][PASSED] - Text 'CBS0499' is set on object 'Object Repository/Page_2GrowHR - Login/UserName'

13-03-2024T18:22:07 - [TEST_STEP][PASSED] - setText(findTestObject("Object Repository/Page_2GrowHR - Login/Password"), password): Text '123' is set on object 'Object Repository/Page_2GrowHR - Login/Password'

13-03-2024T18:22:08 - [MESSAGE][PASSED] - Text '123' is set on object 'Object Repository/Page_2GrowHR - Login/Password'

13-03-2024T18:22:08 - [TEST_STEP][PASSED] - click(findTestObject("Object Repository/Page_2GrowHR - Login/Password - view icon")): Object: 'Object Repository/Page_2GrowHR - Login/Password - view icon' is clicked on

13-03-2024T18:22:08 - [MESSAGE][PASSED] - Object: 'Object Repository/Page_2GrowHR - Login/Password - view icon' is clicked on

13-03-2024T18:22:08 - [TEST_STEP][PASSED] - delay(2): Delayed 2 second(s)

13-03-2024T18:22:10 - [MESSAGE][PASSED] - Delayed 2 second(s)

13-03-2024T18:22:10 - [TEST_STEP][PASSED] - click(findTestObject("Object Repository/Page_2GrowHR - Login/Login Button")): Object: 'Object Repository/Page_2GrowHR - Login/Login Button' is clicked on

13-03-2024T18:22:23 - [MESSAGE][PASSED] - Object: 'Object Repository/Page_2GrowHR - Login/Login Button' is clicked on

13-03-2024T18:22:23 - [TEST_STEP][PASSED] - delay(3): Delayed 3 second(s)

13-03-2024T18:22:26 - [MESSAGE][PASSED] - Delayed 3 second(s)

13-03-2024T18:22:26 - [TEST_STEP][PASSED] - click(findTestObject("Object Repository/Page_2GrowHr - Dashboard/Check-Out button BR")): Object: 'Object Repository/Page_2GrowHr - Dashboard/Check-Out button BR' is clicked on

13-03-2024T18:22:27 - [MESSAGE][PASSED] - Object: 'Object Repository/Page_2GrowHr - Dashboard/Check-Out button BR' is clicked on

13-03-2024T18:22:27 - [TEST_STEP][PASSED] - setText(findTestObject("Object Repository/Page_2GrowHr - Dashboard/Checkout Remarks"), checkoutRemark + " " + currentDateStr): Text 'OD CheckoutRemark 03/13/2024' is set on object 'Object Repository/Page_2GrowHr - Dashboard/Checkout Remarks'

13-03-2024T18:22:28 - [MESSAGE][PASSED] - Text 'OD CheckoutRemark 03/13/2024' is set on object 'Object Repository/Page_2GrowHr - Dashboard/Checkout Remarks'

13-03-2024T18:22:28 - [TEST_STEP][PASSED] - delay(3): Delayed 3 second(s)

13-03-2024T18:22:31 - [MESSAGE][PASSED] - Delayed 3 second(s)

13-03-2024T18:22:31 - [TEST_STEP][PASSED] - click(findTestObject("Object Repository/Page_2GrowHr - Dashboard/Check-Out button AR")): Object: 'Object Repository/Page_2GrowHr - Dashboard/Check-Out button AR' is clicked on

13-03-2024T18:22:32 - [MESSAGE][PASSED] - Object: 'Object Repository/Page_2GrowHr - Dashboard/Check-Out button AR' is clicked on

13-03-2024T18:22:32 - [TEST_STEP][PASSED] - delay(5): Delayed 5 second(s)

13-03-2024T18:22:37 - [MESSAGE][PASSED] - Delayed 5 second(s)

13-03-2024T18:22:37 - [TEST_STEP][PASSED] - click(findTestObject("Object Repository/Page_2GrowHr - Menu_Report/Attentance mouseover")): Object: 'Object Repository/Page_2GrowHr - Menu_Report/Attentance mouseover' is clicked on

13-03-2024T18:22:37 - [MESSAGE][PASSED] - Object: 'Object Repository/Page_2GrowHr - Menu_Report/Attentance mouseover' is clicked on

13-03-2024T18:22:37 - [TEST_STEP][PASSED] - delay(3): Delayed 3 second(s)

13-03-2024T18:22:40 - [MESSAGE][PASSED] - Delayed 3 second(s)

13-03-2024T18:22:40 - [TEST_STEP][PASSED] - click(findTestObject("Object Repository/Page_2GrowHr - Menu_Report/Day Count Attendance Summary report")): Object: 'Object Repository/Page_2GrowHr - Menu_Report/Day Count Attendance Summary report' is clicked on

13-03-2024T18:23:00 - [MESSAGE][PASSED] - Object: 'Object Repository/Page_2GrowHr - Menu_Report/Day Count Attendance Summary report' is clicked on

13-03-2024T18:23:00 - [TEST_STEP][PASSED] - click(findTestObject("Object Repository/Page_2GrowHr - Real Time Report/Select Date range field day count attendance report")): Object: 'Object Repository/Page_2GrowHr - Real Time Report/Select Date range field day count attendance report' is clicked on

13-03-2024T18:23:03 - [MESSAGE][PASSED] - Object: 'Object Repository/Page_2GrowHr - Real Time Report/Select Date range field day count attendance report' is clicked on

13-03-2024T18:23:03 - [TEST_STEP][PASSED] - delay(2): Delayed 2 second(s)

13-03-2024T18:23:05 - [MESSAGE][PASSED] - Delayed 2 second(s)

13-03-2024T18:23:05 - [TEST_STEP][PASSED] - click(findTestObject("Object Repository/Page_2GrowHr - Real Time Report/Today")): Object: 'Object Repository/Page_2GrowHr - Real Time Report/Today' is clicked on

13-03-2024T18:23:05 - [MESSAGE][PASSED] - Object: 'Object Repository/Page_2GrowHr - Real Time Report/Today' is clicked on

13-03-2024T18:23:05 - [TEST_STEP][PASSED] - click(findTestObject("Object Repository/Page_2GrowHr - Real Time Report/Get Report button")): Object: 'Object Repository/Page_2GrowHr - Real Time Report/Get Report button' is clicked on

13-03-2024T18:23:05 - [MESSAGE][PASSED] - Object: 'Object Repository/Page_2GrowHr - Real Time Report/Get Report button' is clicked on

13-03-2024T18:23:05 - [TEST_STEP][PASSED] - delay(3): Delayed 3 second(s)

13-03-2024T18:23:08 - [MESSAGE][PASSED] - Delayed 3 second(s)

13-03-2024T18:23:08 - [TEST_STEP][PASSED] - linkElement = getWebDriver().findElement(By.xpath("//*[@id="datatable"]/tbody/tr/td[2]/a")): null

13-03-2024T18:23:09 - [TEST_STEP][PASSED] - linkElement.click(): null

13-03-2024T18:23:09 - [TEST_STEP][PASSED] - scrollToElement(findTestObject("Object Repository/Page_2GrowHr - Real Time Report/Report scroll to Clock-Out IP"), 10): Scroll to object 'Object Repository/Page_2GrowHr - Real Time Report/Report scroll to Clock-Out IP' successfully

13-03-2024T18:23:10 - [MESSAGE][PASSED] - Scroll to object 'Object Repository/Page_2GrowHr - Real Time Report/Report scroll to Clock-Out IP' successfully

13-03-2024T18:23:10 - [TEST_STEP][PASSED] - delay(10): Delayed 10 second(s)

13-03-2024T18:23:20 - [MESSAGE][PASSED] - Delayed 10 second(s)

13-03-2024T18:23:20 - [TEST_STEP][PASSED] - closeBrowser(): Browser is closed

13-03-2024T18:23:20 - [MESSAGE][PASSED] - Browser is closed]]></system-out>
         <system-err><![CDATA[]]></system-err>
      </testcase>
      <system-out><![CDATA[13-03-2024T18:20:51 - [TEST_SUITE][PASSED] - OD checkout: Test Cases/OD Checkout]]></system-out>
      <system-err><![CDATA[]]></system-err>
   </testsuite>
</testsuites>
