<?xml version="1.0" encoding="UTF-8"?>
<testsuites name="OD checkout" time="126.022" tests="1" failures="0" errors="0">
   <testsuite name="OD checkout" tests="1" failures="0" errors="0" time="126.022" skipped="0" timestamp="12-03-2024T18:30:57" hostname="91957 - Lead-Force-CRM" id="Test Suites/OD checkout">
      <properties>
         <property name="deviceName" value=""/>
         <property name="devicePlatform" value=""/>
         <property name="logFolder" value="C:\\Users\\91957\\Desktop\\Automation Testing - Katalon\\Payroll Web\\Reports\\20240312_182234\\OD checkout\\20240312_182239"/>
         <property name="logFiles" value="C:\\Users\\91957\\Desktop\\Automation Testing - Katalon\\Payroll Web\\Reports\\20240312_182234\\OD checkout\\20240312_182239\\execution0.log"/>
         <property name="attachments" value=""/>
         <property name="hostName" value="91957 - Lead-Force-CRM"/>
         <property name="os" value="Windows 11 64bit"/>
         <property name="katalonVersion" value="9.3.0.212"/>
         <property name="browser" value="Chrome 122.0.0.0"/>
         <property name="hostAddress" value="192.168.29.70"/>
         <property name="sessionId" value="31e5f364e70267915a11d28e9529a2fd"/>
         <property name="seleniumVersion" value="3.141.59"/>
         <property name="proxyInformation" value="ProxyInformation { proxyOption=NO_PROXY, proxyServerType=HTTP, username=, password=********, proxyServerAddress=, proxyServerPort=0, executionList=&quot;&quot;, isApplyToDesiredCapabilities=true }"/>
         <property name="platform" value="Windows 11"/>
      </properties>
      <testcase name="Test Cases/OD Checkout" time="125.854" classname="Test Cases/OD Checkout" status="PASSED">
         <system-out><![CDATA[12-03-2024T18:30:57 - [TEST_CASE][PASSED] - Test Cases/OD Checkout: Test Cases/OD Checkout

12-03-2024T18:30:57 - [TEST_STEP][PASSED] - Data = findTestData("OD Checkout"): null

12-03-2024T18:30:58 - [TEST_STEP][PASSED] - dateFormat = new java.text.SimpleDateFormat(MM/dd/yyyy): null

12-03-2024T18:30:58 - [TEST_STEP][PASSED] - currentDate = getInstance().getTime(): null

12-03-2024T18:30:58 - [TEST_STEP][PASSED] - currentDateStr = dateFormat.format(currentDate): null

12-03-2024T18:30:58 - [TEST_STEP][PASSED] - for ([i = 1, i <= Data.getRowNumbers(), (i++)]): Browser is closed

12-03-2024T18:30:58 - [TEST_STEP][PASSED] - url = Data.getValue("URL", i): null

12-03-2024T18:30:58 - [TEST_STEP][PASSED] - username = Data.getValue("Username", i): null

12-03-2024T18:30:58 - [TEST_STEP][PASSED] - password = Data.getValue("Password", i): null

12-03-2024T18:30:58 - [TEST_STEP][PASSED] - checkoutRemark = Data.getValue("CheckoutRemark", i): null

12-03-2024T18:30:58 - [TEST_STEP][PASSED] - openBrowser(""): Browser is opened with url: ''

12-03-2024T18:30:58 - [MESSAGE][INFO] - Starting 'Chrome' driver

12-03-2024T18:30:58 - [MESSAGE][INFO] - Action delay is set to 0 milliseconds

12-03-2024T18:31:00 - [MESSAGE][PASSED] - Browser is opened with url: ''

12-03-2024T18:31:00 - [TEST_STEP][PASSED] - maximizeWindow(): Current window maximized

12-03-2024T18:31:00 - [MESSAGE][PASSED] - Current window maximized

12-03-2024T18:31:00 - [TEST_STEP][PASSED] - navigateToUrl(url): Navigate to 'http://testing.2growhr.io/' successfully

12-03-2024T18:31:04 - [MESSAGE][PASSED] - Navigate to 'http://testing.2growhr.io/' successfully

12-03-2024T18:31:04 - [TEST_STEP][PASSED] - setText(findTestObject("Object Repository/Page_2GrowHR - Login/UserName"), username): Text 'CBS1665' is set on object 'Object Repository/Page_2GrowHR - Login/UserName'

12-03-2024T18:31:05 - [MESSAGE][PASSED] - Text 'CBS1665' is set on object 'Object Repository/Page_2GrowHR - Login/UserName'

12-03-2024T18:31:05 - [TEST_STEP][PASSED] - setText(findTestObject("Object Repository/Page_2GrowHR - Login/Password"), password): Text '123' is set on object 'Object Repository/Page_2GrowHR - Login/Password'

12-03-2024T18:31:05 - [MESSAGE][PASSED] - Text '123' is set on object 'Object Repository/Page_2GrowHR - Login/Password'

12-03-2024T18:31:05 - [TEST_STEP][PASSED] - click(findTestObject("Object Repository/Page_2GrowHR - Login/Password - view icon")): Object: 'Object Repository/Page_2GrowHR - Login/Password - view icon' is clicked on

12-03-2024T18:31:06 - [MESSAGE][PASSED] - Object: 'Object Repository/Page_2GrowHR - Login/Password - view icon' is clicked on

12-03-2024T18:31:06 - [TEST_STEP][PASSED] - delay(2): Delayed 2 second(s)

12-03-2024T18:31:08 - [MESSAGE][PASSED] - Delayed 2 second(s)

12-03-2024T18:31:08 - [TEST_STEP][PASSED] - click(findTestObject("Object Repository/Page_2GrowHR - Login/Login Button")): Object: 'Object Repository/Page_2GrowHR - Login/Login Button' is clicked on

12-03-2024T18:31:20 - [MESSAGE][PASSED] - Object: 'Object Repository/Page_2GrowHR - Login/Login Button' is clicked on

12-03-2024T18:31:20 - [TEST_STEP][PASSED] - delay(3): Delayed 3 second(s)

12-03-2024T18:31:23 - [MESSAGE][PASSED] - Delayed 3 second(s)

12-03-2024T18:31:23 - [TEST_STEP][PASSED] - click(findTestObject("Object Repository/Page_2GrowHr - Dashboard/Check-Out button BR")): Object: 'Object Repository/Page_2GrowHr - Dashboard/Check-Out button BR' is clicked on

12-03-2024T18:31:24 - [MESSAGE][PASSED] - Object: 'Object Repository/Page_2GrowHr - Dashboard/Check-Out button BR' is clicked on

12-03-2024T18:31:24 - [TEST_STEP][PASSED] - setText(findTestObject("Object Repository/Page_2GrowHr - Dashboard/Checkout Remarks"), checkoutRemark + " " + currentDateStr): Text 'OD CheckoutRemark 03/12/2024' is set on object 'Object Repository/Page_2GrowHr - Dashboard/Checkout Remarks'

12-03-2024T18:31:26 - [MESSAGE][PASSED] - Text 'OD CheckoutRemark 03/12/2024' is set on object 'Object Repository/Page_2GrowHr - Dashboard/Checkout Remarks'

12-03-2024T18:31:26 - [TEST_STEP][PASSED] - delay(3): Delayed 3 second(s)

12-03-2024T18:31:29 - [MESSAGE][PASSED] - Delayed 3 second(s)

12-03-2024T18:31:29 - [TEST_STEP][PASSED] - click(findTestObject("Object Repository/Page_2GrowHr - Dashboard/Check-Out button AR")): Object: 'Object Repository/Page_2GrowHr - Dashboard/Check-Out button AR' is clicked on

12-03-2024T18:31:30 - [MESSAGE][PASSED] - Object: 'Object Repository/Page_2GrowHr - Dashboard/Check-Out button AR' is clicked on

12-03-2024T18:31:30 - [TEST_STEP][PASSED] - delay(5): Delayed 5 second(s)

12-03-2024T18:31:35 - [MESSAGE][PASSED] - Delayed 5 second(s)

12-03-2024T18:31:35 - [TEST_STEP][PASSED] - click(findTestObject("Object Repository/Page_2GrowHr - Menu_Report/Attentance mouseover")): Object: 'Object Repository/Page_2GrowHr - Menu_Report/Attentance mouseover' is clicked on

12-03-2024T18:31:36 - [MESSAGE][PASSED] - Object: 'Object Repository/Page_2GrowHr - Menu_Report/Attentance mouseover' is clicked on

12-03-2024T18:31:36 - [TEST_STEP][PASSED] - delay(3): Delayed 3 second(s)

12-03-2024T18:31:39 - [MESSAGE][PASSED] - Delayed 3 second(s)

12-03-2024T18:31:39 - [TEST_STEP][PASSED] - click(findTestObject("Object Repository/Page_2GrowHr - Menu_Report/Day Count Attendance Summary report")): Object: 'Object Repository/Page_2GrowHr - Menu_Report/Day Count Attendance Summary report' is clicked on

12-03-2024T18:31:41 - [MESSAGE][PASSED] - Object: 'Object Repository/Page_2GrowHr - Menu_Report/Day Count Attendance Summary report' is clicked on

12-03-2024T18:31:41 - [TEST_STEP][PASSED] - click(findTestObject("Object Repository/Page_2GrowHr - Real Time Report/Select Date range field day count attendance report")): Object: 'Object Repository/Page_2GrowHr - Real Time Report/Select Date range field day count attendance report' is clicked on

12-03-2024T18:31:44 - [MESSAGE][PASSED] - Object: 'Object Repository/Page_2GrowHr - Real Time Report/Select Date range field day count attendance report' is clicked on

12-03-2024T18:31:44 - [TEST_STEP][PASSED] - delay(2): Delayed 2 second(s)

12-03-2024T18:31:46 - [MESSAGE][PASSED] - Delayed 2 second(s)

12-03-2024T18:31:46 - [TEST_STEP][PASSED] - click(findTestObject("Object Repository/Page_2GrowHr - Real Time Report/Today")): Object: 'Object Repository/Page_2GrowHr - Real Time Report/Today' is clicked on

12-03-2024T18:31:46 - [MESSAGE][PASSED] - Object: 'Object Repository/Page_2GrowHr - Real Time Report/Today' is clicked on

12-03-2024T18:31:46 - [TEST_STEP][PASSED] - click(findTestObject("Object Repository/Page_2GrowHr - Real Time Report/Get Report button")): Object: 'Object Repository/Page_2GrowHr - Real Time Report/Get Report button' is clicked on

12-03-2024T18:31:47 - [MESSAGE][PASSED] - Object: 'Object Repository/Page_2GrowHr - Real Time Report/Get Report button' is clicked on

12-03-2024T18:31:47 - [TEST_STEP][PASSED] - delay(3): Delayed 3 second(s)

12-03-2024T18:31:50 - [MESSAGE][PASSED] - Delayed 3 second(s)

12-03-2024T18:31:50 - [TEST_STEP][PASSED] - linkElement = getWebDriver().findElement(By.xpath("//*[@id="datatable"]/tbody/tr/td[2]/a")): null

12-03-2024T18:31:50 - [TEST_STEP][PASSED] - linkElement.click(): null

12-03-2024T18:31:50 - [TEST_STEP][PASSED] - scrollToElement(findTestObject("Object Repository/Page_2GrowHr - Real Time Report/Report scroll to Clock-Out IP"), 10): Scroll to object 'Object Repository/Page_2GrowHr - Real Time Report/Report scroll to Clock-Out IP' successfully

12-03-2024T18:31:51 - [MESSAGE][PASSED] - Scroll to object 'Object Repository/Page_2GrowHr - Real Time Report/Report scroll to Clock-Out IP' successfully

12-03-2024T18:31:51 - [TEST_STEP][PASSED] - delay(10): Delayed 10 second(s)

12-03-2024T18:32:01 - [MESSAGE][PASSED] - Delayed 10 second(s)

12-03-2024T18:32:01 - [TEST_STEP][PASSED] - closeBrowser(): Browser is closed

12-03-2024T18:32:02 - [MESSAGE][PASSED] - Browser is closed

12-03-2024T18:32:02 - [TEST_STEP][PASSED] - url = Data.getValue("URL", i): null

12-03-2024T18:32:02 - [TEST_STEP][PASSED] - username = Data.getValue("Username", i): null

12-03-2024T18:32:02 - [TEST_STEP][PASSED] - password = Data.getValue("Password", i): null

12-03-2024T18:32:02 - [TEST_STEP][PASSED] - checkoutRemark = Data.getValue("CheckoutRemark", i): null

12-03-2024T18:32:02 - [TEST_STEP][PASSED] - openBrowser(""): Browser is opened with url: ''

12-03-2024T18:32:02 - [MESSAGE][INFO] - Starting 'Chrome' driver

12-03-2024T18:32:02 - [MESSAGE][INFO] - Action delay is set to 0 milliseconds

12-03-2024T18:32:03 - [MESSAGE][PASSED] - Browser is opened with url: ''

12-03-2024T18:32:03 - [TEST_STEP][PASSED] - maximizeWindow(): Current window maximized

12-03-2024T18:32:03 - [MESSAGE][PASSED] - Current window maximized

12-03-2024T18:32:03 - [TEST_STEP][PASSED] - navigateToUrl(url): Navigate to 'http://testing.2growhr.io/' successfully

12-03-2024T18:32:07 - [MESSAGE][PASSED] - Navigate to 'http://testing.2growhr.io/' successfully

12-03-2024T18:32:07 - [TEST_STEP][PASSED] - setText(findTestObject("Object Repository/Page_2GrowHR - Login/UserName"), username): Text 'CBS0499' is set on object 'Object Repository/Page_2GrowHR - Login/UserName'

12-03-2024T18:32:07 - [MESSAGE][PASSED] - Text 'CBS0499' is set on object 'Object Repository/Page_2GrowHR - Login/UserName'

12-03-2024T18:32:07 - [TEST_STEP][PASSED] - setText(findTestObject("Object Repository/Page_2GrowHR - Login/Password"), password): Text '123' is set on object 'Object Repository/Page_2GrowHR - Login/Password'

12-03-2024T18:32:08 - [MESSAGE][PASSED] - Text '123' is set on object 'Object Repository/Page_2GrowHR - Login/Password'

12-03-2024T18:32:08 - [TEST_STEP][PASSED] - click(findTestObject("Object Repository/Page_2GrowHR - Login/Password - view icon")): Object: 'Object Repository/Page_2GrowHR - Login/Password - view icon' is clicked on

12-03-2024T18:32:08 - [MESSAGE][PASSED] - Object: 'Object Repository/Page_2GrowHR - Login/Password - view icon' is clicked on

12-03-2024T18:32:08 - [TEST_STEP][PASSED] - delay(2): Delayed 2 second(s)

12-03-2024T18:32:10 - [MESSAGE][PASSED] - Delayed 2 second(s)

12-03-2024T18:32:10 - [TEST_STEP][PASSED] - click(findTestObject("Object Repository/Page_2GrowHR - Login/Login Button")): Object: 'Object Repository/Page_2GrowHR - Login/Login Button' is clicked on

12-03-2024T18:32:23 - [MESSAGE][PASSED] - Object: 'Object Repository/Page_2GrowHR - Login/Login Button' is clicked on

12-03-2024T18:32:23 - [TEST_STEP][PASSED] - delay(3): Delayed 3 second(s)

12-03-2024T18:32:26 - [MESSAGE][PASSED] - Delayed 3 second(s)

12-03-2024T18:32:26 - [TEST_STEP][PASSED] - click(findTestObject("Object Repository/Page_2GrowHr - Dashboard/Check-Out button BR")): Object: 'Object Repository/Page_2GrowHr - Dashboard/Check-Out button BR' is clicked on

12-03-2024T18:32:26 - [MESSAGE][PASSED] - Object: 'Object Repository/Page_2GrowHr - Dashboard/Check-Out button BR' is clicked on

12-03-2024T18:32:26 - [TEST_STEP][PASSED] - setText(findTestObject("Object Repository/Page_2GrowHr - Dashboard/Checkout Remarks"), checkoutRemark + " " + currentDateStr): Text 'OD CheckoutRemark 03/12/2024' is set on object 'Object Repository/Page_2GrowHr - Dashboard/Checkout Remarks'

12-03-2024T18:32:28 - [MESSAGE][PASSED] - Text 'OD CheckoutRemark 03/12/2024' is set on object 'Object Repository/Page_2GrowHr - Dashboard/Checkout Remarks'

12-03-2024T18:32:28 - [TEST_STEP][PASSED] - delay(3): Delayed 3 second(s)

12-03-2024T18:32:31 - [MESSAGE][PASSED] - Delayed 3 second(s)

12-03-2024T18:32:31 - [TEST_STEP][PASSED] - click(findTestObject("Object Repository/Page_2GrowHr - Dashboard/Check-Out button AR")): Object: 'Object Repository/Page_2GrowHr - Dashboard/Check-Out button AR' is clicked on

12-03-2024T18:32:31 - [MESSAGE][PASSED] - Object: 'Object Repository/Page_2GrowHr - Dashboard/Check-Out button AR' is clicked on

12-03-2024T18:32:31 - [TEST_STEP][PASSED] - delay(5): Delayed 5 second(s)

12-03-2024T18:32:36 - [MESSAGE][PASSED] - Delayed 5 second(s)

12-03-2024T18:32:36 - [TEST_STEP][PASSED] - click(findTestObject("Object Repository/Page_2GrowHr - Menu_Report/Attentance mouseover")): Object: 'Object Repository/Page_2GrowHr - Menu_Report/Attentance mouseover' is clicked on

12-03-2024T18:32:37 - [MESSAGE][PASSED] - Object: 'Object Repository/Page_2GrowHr - Menu_Report/Attentance mouseover' is clicked on

12-03-2024T18:32:37 - [TEST_STEP][PASSED] - delay(3): Delayed 3 second(s)

12-03-2024T18:32:40 - [MESSAGE][PASSED] - Delayed 3 second(s)

12-03-2024T18:32:40 - [TEST_STEP][PASSED] - click(findTestObject("Object Repository/Page_2GrowHr - Menu_Report/Day Count Attendance Summary report")): Object: 'Object Repository/Page_2GrowHr - Menu_Report/Day Count Attendance Summary report' is clicked on

12-03-2024T18:32:43 - [MESSAGE][PASSED] - Object: 'Object Repository/Page_2GrowHr - Menu_Report/Day Count Attendance Summary report' is clicked on

12-03-2024T18:32:43 - [TEST_STEP][PASSED] - click(findTestObject("Object Repository/Page_2GrowHr - Real Time Report/Select Date range field day count attendance report")): Object: 'Object Repository/Page_2GrowHr - Real Time Report/Select Date range field day count attendance report' is clicked on

12-03-2024T18:32:45 - [MESSAGE][PASSED] - Object: 'Object Repository/Page_2GrowHr - Real Time Report/Select Date range field day count attendance report' is clicked on

12-03-2024T18:32:45 - [TEST_STEP][PASSED] - delay(2): Delayed 2 second(s)

12-03-2024T18:32:47 - [MESSAGE][PASSED] - Delayed 2 second(s)

12-03-2024T18:32:47 - [TEST_STEP][PASSED] - click(findTestObject("Object Repository/Page_2GrowHr - Real Time Report/Today")): Object: 'Object Repository/Page_2GrowHr - Real Time Report/Today' is clicked on

12-03-2024T18:32:48 - [MESSAGE][PASSED] - Object: 'Object Repository/Page_2GrowHr - Real Time Report/Today' is clicked on

12-03-2024T18:32:48 - [TEST_STEP][PASSED] - click(findTestObject("Object Repository/Page_2GrowHr - Real Time Report/Get Report button")): Object: 'Object Repository/Page_2GrowHr - Real Time Report/Get Report button' is clicked on

12-03-2024T18:32:48 - [MESSAGE][PASSED] - Object: 'Object Repository/Page_2GrowHr - Real Time Report/Get Report button' is clicked on

12-03-2024T18:32:48 - [TEST_STEP][PASSED] - delay(3): Delayed 3 second(s)

12-03-2024T18:32:51 - [MESSAGE][PASSED] - Delayed 3 second(s)

12-03-2024T18:32:51 - [TEST_STEP][PASSED] - linkElement = getWebDriver().findElement(By.xpath("//*[@id="datatable"]/tbody/tr/td[2]/a")): null

12-03-2024T18:32:51 - [TEST_STEP][PASSED] - linkElement.click(): null

12-03-2024T18:32:51 - [TEST_STEP][PASSED] - scrollToElement(findTestObject("Object Repository/Page_2GrowHr - Real Time Report/Report scroll to Clock-Out IP"), 10): Scroll to object 'Object Repository/Page_2GrowHr - Real Time Report/Report scroll to Clock-Out IP' successfully

12-03-2024T18:32:52 - [MESSAGE][PASSED] - Scroll to object 'Object Repository/Page_2GrowHr - Real Time Report/Report scroll to Clock-Out IP' successfully

12-03-2024T18:32:52 - [TEST_STEP][PASSED] - delay(10): Delayed 10 second(s)

12-03-2024T18:33:02 - [MESSAGE][PASSED] - Delayed 10 second(s)

12-03-2024T18:33:02 - [TEST_STEP][PASSED] - closeBrowser(): Browser is closed

12-03-2024T18:33:03 - [MESSAGE][PASSED] - Browser is closed]]></system-out>
         <system-err><![CDATA[]]></system-err>
      </testcase>
      <system-out><![CDATA[12-03-2024T18:30:57 - [TEST_SUITE][PASSED] - OD checkout: Test Cases/OD Checkout]]></system-out>
      <system-err><![CDATA[]]></system-err>
   </testsuite>
</testsuites>
