<?xml version="1.0" encoding="UTF-8"?>
<testsuites name="Apply OD and Checkin" time="136.737" tests="1" failures="0" errors="0">
   <testsuite name="Apply OD and Checkin" tests="1" failures="0" errors="0" time="136.737" skipped="0" timestamp="20-03-2024T10:10:58" hostname="91957 - Lead-Force-CRM" id="Test Suites/Apply OD and Checkin">
      <properties>
         <property name="deviceName" value=""/>
         <property name="devicePlatform" value=""/>
         <property name="logFolder" value="C:\\Users\\91957\\Desktop\\Automation Testing - Katalon\\Payroll Web\\Reports\\20240320_100403\\Apply OD and Checkin\\20240320_100408"/>
         <property name="logFiles" value="C:\\Users\\91957\\Desktop\\Automation Testing - Katalon\\Payroll Web\\Reports\\20240320_100403\\Apply OD and Checkin\\20240320_100408\\execution0.log"/>
         <property name="attachments" value=""/>
         <property name="hostName" value="91957 - Lead-Force-CRM"/>
         <property name="os" value="Windows 11 64bit"/>
         <property name="katalonVersion" value="9.3.0.212"/>
         <property name="browser" value="Chrome 122.0.0.0"/>
         <property name="hostAddress" value="192.168.29.70"/>
         <property name="sessionId" value="90b69548882ccb24623fd003d5e45e9a"/>
         <property name="seleniumVersion" value="3.141.59"/>
         <property name="proxyInformation" value="ProxyInformation { proxyOption=NO_PROXY, proxyServerType=HTTP, username=, password=********, proxyServerAddress=, proxyServerPort=0, executionList=&quot;&quot;, isApplyToDesiredCapabilities=true }"/>
         <property name="platform" value="Windows 11"/>
      </properties>
      <testcase name="Test Cases/Apply OD and Checkin" time="136.601" classname="Test Cases/Apply OD and Checkin" status="PASSED">
         <system-out><![CDATA[20-03-2024T10:10:58 - [TEST_CASE][PASSED] - Test Cases/Apply OD and Checkin: Test Cases/Apply OD and Checkin

20-03-2024T10:10:59 - [TEST_STEP][PASSED] - Data = findTestData("Apply OD and Checkin"): null

20-03-2024T10:10:59 - [TEST_STEP][PASSED] - dateFormat = new java.text.SimpleDateFormat(MM/dd/yyyy): null

20-03-2024T10:10:59 - [TEST_STEP][PASSED] - currentDate = getInstance().getTime(): null

20-03-2024T10:10:59 - [TEST_STEP][PASSED] - currentDateStr = dateFormat.format(currentDate): null

20-03-2024T10:10:59 - [TEST_STEP][PASSED] - for ([i = 1, i <= Data.getRowNumbers(), (i++)]): Browser is closed

20-03-2024T10:10:59 - [TEST_STEP][PASSED] - url = Data.getValue("URL", i): null

20-03-2024T10:10:59 - [TEST_STEP][PASSED] - username = Data.getValue("Username", i): null

20-03-2024T10:10:59 - [TEST_STEP][PASSED] - password = Data.getValue("Password", i): null

20-03-2024T10:10:59 - [TEST_STEP][PASSED] - checkinRemark = Data.getValue("CheckinRemark", i): null

20-03-2024T10:10:59 - [TEST_STEP][PASSED] - ODRemark = Data.getValue("ODRemark", i): null

20-03-2024T10:10:59 - [TEST_STEP][PASSED] - openBrowser(""): Browser is opened with url: ''

20-03-2024T10:11:00 - [MESSAGE][INFO] - Starting 'Chrome' driver

20-03-2024T10:11:00 - [MESSAGE][INFO] - Action delay is set to 0 milliseconds

20-03-2024T10:11:03 - [MESSAGE][PASSED] - Browser is opened with url: ''

20-03-2024T10:11:03 - [TEST_STEP][PASSED] - maximizeWindow(): Current window maximized

20-03-2024T10:11:04 - [MESSAGE][PASSED] - Current window maximized

20-03-2024T10:11:04 - [TEST_STEP][PASSED] - navigateToUrl(url): Navigate to 'http://testing.2growhr.io/' successfully

20-03-2024T10:11:08 - [MESSAGE][PASSED] - Navigate to 'http://testing.2growhr.io/' successfully

20-03-2024T10:11:08 - [TEST_STEP][PASSED] - setText(findTestObject("Object Repository/Page_2GrowHR - Login/UserName"), username): Text 'CBS1665' is set on object 'Object Repository/Page_2GrowHR - Login/UserName'

20-03-2024T10:11:09 - [MESSAGE][PASSED] - Text 'CBS1665' is set on object 'Object Repository/Page_2GrowHR - Login/UserName'

20-03-2024T10:11:09 - [TEST_STEP][PASSED] - setText(findTestObject("Object Repository/Page_2GrowHR - Login/Password"), password): Text '123' is set on object 'Object Repository/Page_2GrowHR - Login/Password'

20-03-2024T10:11:10 - [MESSAGE][PASSED] - Text '123' is set on object 'Object Repository/Page_2GrowHR - Login/Password'

20-03-2024T10:11:10 - [TEST_STEP][PASSED] - click(findTestObject("Object Repository/Page_2GrowHR - Login/Password - view icon")): Object: 'Object Repository/Page_2GrowHR - Login/Password - view icon' is clicked on

20-03-2024T10:11:10 - [MESSAGE][PASSED] - Object: 'Object Repository/Page_2GrowHR - Login/Password - view icon' is clicked on

20-03-2024T10:11:10 - [TEST_STEP][PASSED] - delay(2): Delayed 2 second(s)

20-03-2024T10:11:12 - [MESSAGE][PASSED] - Delayed 2 second(s)

20-03-2024T10:11:12 - [TEST_STEP][PASSED] - click(findTestObject("Object Repository/Page_2GrowHR - Login/Login Button")): Object: 'Object Repository/Page_2GrowHR - Login/Login Button' is clicked on

20-03-2024T10:11:18 - [MESSAGE][PASSED] - Object: 'Object Repository/Page_2GrowHR - Login/Login Button' is clicked on

20-03-2024T10:11:18 - [TEST_STEP][PASSED] - delay(2): Delayed 2 second(s)

20-03-2024T10:11:20 - [MESSAGE][PASSED] - Delayed 2 second(s)

20-03-2024T10:11:20 - [TEST_STEP][PASSED] - click(findTestObject("Object Repository/Page_2GrowHr - Dashboard/On Duty button")): Object: 'Object Repository/Page_2GrowHr - Dashboard/On Duty button' is clicked on

20-03-2024T10:11:22 - [MESSAGE][PASSED] - Object: 'Object Repository/Page_2GrowHr - Dashboard/On Duty button' is clicked on

20-03-2024T10:11:22 - [TEST_STEP][PASSED] - click(findTestObject("Object Repository/Page_2GrowHr - Dashboard/OD date selection")): Object: 'Object Repository/Page_2GrowHr - Dashboard/OD date selection' is clicked on

20-03-2024T10:11:24 - [MESSAGE][PASSED] - Object: 'Object Repository/Page_2GrowHr - Dashboard/OD date selection' is clicked on

20-03-2024T10:11:24 - [TEST_STEP][PASSED] - setText(findTestObject("Object Repository/Page_2GrowHr - Dashboard/OD date selection"), currentDateStr): Text '03/20/2024' is set on object 'Object Repository/Page_2GrowHr - Dashboard/OD date selection'

20-03-2024T10:11:28 - [MESSAGE][PASSED] - Text '03/20/2024' is set on object 'Object Repository/Page_2GrowHr - Dashboard/OD date selection'

20-03-2024T10:11:28 - [TEST_STEP][PASSED] - click(findTestObject("Object Repository/Page_2GrowHr - Dashboard/img__img-fluid week_calender_icon dp_align_OD")): Object: 'Object Repository/Page_2GrowHr - Dashboard/img__img-fluid week_calender_icon dp_align_OD' is clicked on

20-03-2024T10:11:30 - [MESSAGE][PASSED] - Object: 'Object Repository/Page_2GrowHr - Dashboard/img__img-fluid week_calender_icon dp_align_OD' is clicked on

20-03-2024T10:11:30 - [TEST_STEP][PASSED] - setText(findTestObject("Object Repository/Page_2GrowHr - Dashboard/OD Remarks"), ODRemark): Text 'OD Applied' is set on object 'Object Repository/Page_2GrowHr - Dashboard/OD Remarks'

20-03-2024T10:11:34 - [MESSAGE][PASSED] - Text 'OD Applied' is set on object 'Object Repository/Page_2GrowHr - Dashboard/OD Remarks'

20-03-2024T10:11:34 - [TEST_STEP][PASSED] - delay(2): Delayed 2 second(s)

20-03-2024T10:11:36 - [MESSAGE][PASSED] - Delayed 2 second(s)

20-03-2024T10:11:36 - [TEST_STEP][PASSED] - click(findTestObject("Object Repository/Page_2GrowHr - Dashboard/OD Save button")): Object: 'Object Repository/Page_2GrowHr - Dashboard/OD Save button' is clicked on

20-03-2024T10:11:38 - [MESSAGE][PASSED] - Object: 'Object Repository/Page_2GrowHr - Dashboard/OD Save button' is clicked on

20-03-2024T10:11:38 - [TEST_STEP][PASSED] - delay(2): Delayed 2 second(s)

20-03-2024T10:11:40 - [MESSAGE][PASSED] - Delayed 2 second(s)

20-03-2024T10:11:40 - [TEST_STEP][PASSED] - click(findTestObject("Object Repository/Page_2GrowHr - Dashboard/Checkin button BR")): Object: 'Object Repository/Page_2GrowHr - Dashboard/Checkin button BR' is clicked on

20-03-2024T10:11:45 - [MESSAGE][PASSED] - Object: 'Object Repository/Page_2GrowHr - Dashboard/Checkin button BR' is clicked on

20-03-2024T10:11:45 - [TEST_STEP][PASSED] - setText(findTestObject("Object Repository/Page_2GrowHr - Dashboard/Checkin remark"), checkinRemark + " " + currentDateStr): Text 'OD CheckinRemark 03/20/2024' is set on object 'Object Repository/Page_2GrowHr - Dashboard/Checkin remark'

20-03-2024T10:11:49 - [MESSAGE][PASSED] - Text 'OD CheckinRemark 03/20/2024' is set on object 'Object Repository/Page_2GrowHr - Dashboard/Checkin remark'

20-03-2024T10:11:49 - [TEST_STEP][PASSED] - delay(2): Delayed 2 second(s)

20-03-2024T10:11:51 - [MESSAGE][PASSED] - Delayed 2 second(s)

20-03-2024T10:11:51 - [TEST_STEP][PASSED] - click(findTestObject("Object Repository/Page_2GrowHr - Dashboard/Checkin button AR")): Object: 'Object Repository/Page_2GrowHr - Dashboard/Checkin button AR' is clicked on

20-03-2024T10:11:53 - [MESSAGE][PASSED] - Object: 'Object Repository/Page_2GrowHr - Dashboard/Checkin button AR' is clicked on

20-03-2024T10:11:53 - [TEST_STEP][PASSED] - delay(2): Delayed 2 second(s)

20-03-2024T10:11:55 - [MESSAGE][PASSED] - Delayed 2 second(s)

20-03-2024T10:11:55 - [TEST_STEP][PASSED] - click(findTestObject("Object Repository/Page_2GrowHr - Menu_Report/Attentance mouseover")): Object: 'Object Repository/Page_2GrowHr - Menu_Report/Attentance mouseover' is clicked on

20-03-2024T10:11:57 - [MESSAGE][PASSED] - Object: 'Object Repository/Page_2GrowHr - Menu_Report/Attentance mouseover' is clicked on

20-03-2024T10:11:57 - [TEST_STEP][PASSED] - delay(2): Delayed 2 second(s)

20-03-2024T10:11:59 - [MESSAGE][PASSED] - Delayed 2 second(s)

20-03-2024T10:11:59 - [TEST_STEP][PASSED] - click(findTestObject("Object Repository/Page_2GrowHr - Menu_Report/Day Count Attendance Summary report")): Object: 'Object Repository/Page_2GrowHr - Menu_Report/Day Count Attendance Summary report' is clicked on

20-03-2024T10:12:03 - [MESSAGE][PASSED] - Object: 'Object Repository/Page_2GrowHr - Menu_Report/Day Count Attendance Summary report' is clicked on

20-03-2024T10:12:03 - [TEST_STEP][PASSED] - click(findTestObject("Object Repository/Page_2GrowHr - Real Time Report/Select Date range field day count attendance report")): Object: 'Object Repository/Page_2GrowHr - Real Time Report/Select Date range field day count attendance report' is clicked on

20-03-2024T10:12:06 - [MESSAGE][PASSED] - Object: 'Object Repository/Page_2GrowHr - Real Time Report/Select Date range field day count attendance report' is clicked on

20-03-2024T10:12:06 - [TEST_STEP][PASSED] - delay(2): Delayed 2 second(s)

20-03-2024T10:12:08 - [MESSAGE][PASSED] - Delayed 2 second(s)

20-03-2024T10:12:08 - [TEST_STEP][PASSED] - click(findTestObject("Object Repository/Page_2GrowHr - Real Time Report/Today")): Object: 'Object Repository/Page_2GrowHr - Real Time Report/Today' is clicked on

20-03-2024T10:12:10 - [MESSAGE][PASSED] - Object: 'Object Repository/Page_2GrowHr - Real Time Report/Today' is clicked on

20-03-2024T10:12:10 - [TEST_STEP][PASSED] - click(findTestObject("Object Repository/Page_2GrowHr - Real Time Report/Get Report button")): Object: 'Object Repository/Page_2GrowHr - Real Time Report/Get Report button' is clicked on

20-03-2024T10:12:12 - [MESSAGE][PASSED] - Object: 'Object Repository/Page_2GrowHr - Real Time Report/Get Report button' is clicked on

20-03-2024T10:12:12 - [TEST_STEP][PASSED] - delay(2): Delayed 2 second(s)

20-03-2024T10:12:14 - [MESSAGE][PASSED] - Delayed 2 second(s)

20-03-2024T10:12:14 - [TEST_STEP][PASSED] - linkElement = getWebDriver().findElement(By.xpath("//*[@id="datatable"]/tbody/tr/td[2]/a")): null

20-03-2024T10:12:16 - [TEST_STEP][PASSED] - linkElement.click(): null

20-03-2024T10:12:16 - [TEST_STEP][PASSED] - delay(5): Delayed 5 second(s)

20-03-2024T10:12:21 - [MESSAGE][PASSED] - Delayed 5 second(s)

20-03-2024T10:12:21 - [TEST_STEP][PASSED] - closeBrowser(): Browser is closed

20-03-2024T10:12:21 - [MESSAGE][PASSED] - Browser is closed

20-03-2024T10:12:21 - [TEST_STEP][PASSED] - url = Data.getValue("URL", i): null

20-03-2024T10:12:21 - [TEST_STEP][PASSED] - username = Data.getValue("Username", i): null

20-03-2024T10:12:21 - [TEST_STEP][PASSED] - password = Data.getValue("Password", i): null

20-03-2024T10:12:21 - [TEST_STEP][PASSED] - checkinRemark = Data.getValue("CheckinRemark", i): null

20-03-2024T10:12:21 - [TEST_STEP][PASSED] - ODRemark = Data.getValue("ODRemark", i): null

20-03-2024T10:12:21 - [TEST_STEP][PASSED] - openBrowser(""): Browser is opened with url: ''

20-03-2024T10:12:21 - [MESSAGE][INFO] - Starting 'Chrome' driver

20-03-2024T10:12:21 - [MESSAGE][INFO] - Action delay is set to 0 milliseconds

20-03-2024T10:12:22 - [MESSAGE][PASSED] - Browser is opened with url: ''

20-03-2024T10:12:22 - [TEST_STEP][PASSED] - maximizeWindow(): Current window maximized

20-03-2024T10:12:22 - [MESSAGE][PASSED] - Current window maximized

20-03-2024T10:12:22 - [TEST_STEP][PASSED] - navigateToUrl(url): Navigate to 'http://testing.2growhr.io/' successfully

20-03-2024T10:12:24 - [MESSAGE][PASSED] - Navigate to 'http://testing.2growhr.io/' successfully

20-03-2024T10:12:24 - [TEST_STEP][PASSED] - setText(findTestObject("Object Repository/Page_2GrowHR - Login/UserName"), username): Text 'CBS0499' is set on object 'Object Repository/Page_2GrowHR - Login/UserName'

20-03-2024T10:12:25 - [MESSAGE][PASSED] - Text 'CBS0499' is set on object 'Object Repository/Page_2GrowHR - Login/UserName'

20-03-2024T10:12:25 - [TEST_STEP][PASSED] - setText(findTestObject("Object Repository/Page_2GrowHR - Login/Password"), password): Text '123' is set on object 'Object Repository/Page_2GrowHR - Login/Password'

20-03-2024T10:12:25 - [MESSAGE][PASSED] - Text '123' is set on object 'Object Repository/Page_2GrowHR - Login/Password'

20-03-2024T10:12:25 - [TEST_STEP][PASSED] - click(findTestObject("Object Repository/Page_2GrowHR - Login/Password - view icon")): Object: 'Object Repository/Page_2GrowHR - Login/Password - view icon' is clicked on

20-03-2024T10:12:26 - [MESSAGE][PASSED] - Object: 'Object Repository/Page_2GrowHR - Login/Password - view icon' is clicked on

20-03-2024T10:12:26 - [TEST_STEP][PASSED] - delay(2): Delayed 2 second(s)

20-03-2024T10:12:28 - [MESSAGE][PASSED] - Delayed 2 second(s)

20-03-2024T10:12:28 - [TEST_STEP][PASSED] - click(findTestObject("Object Repository/Page_2GrowHR - Login/Login Button")): Object: 'Object Repository/Page_2GrowHR - Login/Login Button' is clicked on

20-03-2024T10:12:37 - [MESSAGE][PASSED] - Object: 'Object Repository/Page_2GrowHR - Login/Login Button' is clicked on

20-03-2024T10:12:37 - [TEST_STEP][PASSED] - delay(2): Delayed 2 second(s)

20-03-2024T10:12:39 - [MESSAGE][PASSED] - Delayed 2 second(s)

20-03-2024T10:12:39 - [TEST_STEP][PASSED] - click(findTestObject("Object Repository/Page_2GrowHr - Dashboard/On Duty button")): Object: 'Object Repository/Page_2GrowHr - Dashboard/On Duty button' is clicked on

20-03-2024T10:12:40 - [MESSAGE][PASSED] - Object: 'Object Repository/Page_2GrowHr - Dashboard/On Duty button' is clicked on

20-03-2024T10:12:40 - [TEST_STEP][PASSED] - click(findTestObject("Object Repository/Page_2GrowHr - Dashboard/OD date selection")): Object: 'Object Repository/Page_2GrowHr - Dashboard/OD date selection' is clicked on

20-03-2024T10:12:40 - [MESSAGE][PASSED] - Object: 'Object Repository/Page_2GrowHr - Dashboard/OD date selection' is clicked on

20-03-2024T10:12:40 - [TEST_STEP][PASSED] - setText(findTestObject("Object Repository/Page_2GrowHr - Dashboard/OD date selection"), currentDateStr): Text '03/20/2024' is set on object 'Object Repository/Page_2GrowHr - Dashboard/OD date selection'

20-03-2024T10:12:42 - [MESSAGE][PASSED] - Text '03/20/2024' is set on object 'Object Repository/Page_2GrowHr - Dashboard/OD date selection'

20-03-2024T10:12:42 - [TEST_STEP][PASSED] - click(findTestObject("Object Repository/Page_2GrowHr - Dashboard/img__img-fluid week_calender_icon dp_align_OD")): Object: 'Object Repository/Page_2GrowHr - Dashboard/img__img-fluid week_calender_icon dp_align_OD' is clicked on

20-03-2024T10:12:42 - [MESSAGE][PASSED] - Object: 'Object Repository/Page_2GrowHr - Dashboard/img__img-fluid week_calender_icon dp_align_OD' is clicked on

20-03-2024T10:12:42 - [TEST_STEP][PASSED] - setText(findTestObject("Object Repository/Page_2GrowHr - Dashboard/OD Remarks"), ODRemark): Text 'OD Applied' is set on object 'Object Repository/Page_2GrowHr - Dashboard/OD Remarks'

20-03-2024T10:12:43 - [MESSAGE][PASSED] - Text 'OD Applied' is set on object 'Object Repository/Page_2GrowHr - Dashboard/OD Remarks'

20-03-2024T10:12:43 - [TEST_STEP][PASSED] - delay(2): Delayed 2 second(s)

20-03-2024T10:12:46 - [MESSAGE][PASSED] - Delayed 2 second(s)

20-03-2024T10:12:46 - [TEST_STEP][PASSED] - click(findTestObject("Object Repository/Page_2GrowHr - Dashboard/OD Save button")): Object: 'Object Repository/Page_2GrowHr - Dashboard/OD Save button' is clicked on

20-03-2024T10:12:46 - [MESSAGE][PASSED] - Object: 'Object Repository/Page_2GrowHr - Dashboard/OD Save button' is clicked on

20-03-2024T10:12:46 - [TEST_STEP][PASSED] - delay(2): Delayed 2 second(s)

20-03-2024T10:12:48 - [MESSAGE][PASSED] - Delayed 2 second(s)

20-03-2024T10:12:48 - [TEST_STEP][PASSED] - click(findTestObject("Object Repository/Page_2GrowHr - Dashboard/Checkin button BR")): Object: 'Object Repository/Page_2GrowHr - Dashboard/Checkin button BR' is clicked on

20-03-2024T10:12:51 - [MESSAGE][PASSED] - Object: 'Object Repository/Page_2GrowHr - Dashboard/Checkin button BR' is clicked on

20-03-2024T10:12:51 - [TEST_STEP][PASSED] - setText(findTestObject("Object Repository/Page_2GrowHr - Dashboard/Checkin remark"), checkinRemark + " " + currentDateStr): Text 'OD CheckinRemark 03/20/2024' is set on object 'Object Repository/Page_2GrowHr - Dashboard/Checkin remark'

20-03-2024T10:12:52 - [MESSAGE][PASSED] - Text 'OD CheckinRemark 03/20/2024' is set on object 'Object Repository/Page_2GrowHr - Dashboard/Checkin remark'

20-03-2024T10:12:52 - [TEST_STEP][PASSED] - delay(2): Delayed 2 second(s)

20-03-2024T10:12:54 - [MESSAGE][PASSED] - Delayed 2 second(s)

20-03-2024T10:12:54 - [TEST_STEP][PASSED] - click(findTestObject("Object Repository/Page_2GrowHr - Dashboard/Checkin button AR")): Object: 'Object Repository/Page_2GrowHr - Dashboard/Checkin button AR' is clicked on

20-03-2024T10:12:55 - [MESSAGE][PASSED] - Object: 'Object Repository/Page_2GrowHr - Dashboard/Checkin button AR' is clicked on

20-03-2024T10:12:55 - [TEST_STEP][PASSED] - delay(2): Delayed 2 second(s)

20-03-2024T10:12:57 - [MESSAGE][PASSED] - Delayed 2 second(s)

20-03-2024T10:12:57 - [TEST_STEP][PASSED] - click(findTestObject("Object Repository/Page_2GrowHr - Menu_Report/Attentance mouseover")): Object: 'Object Repository/Page_2GrowHr - Menu_Report/Attentance mouseover' is clicked on

20-03-2024T10:12:58 - [MESSAGE][PASSED] - Object: 'Object Repository/Page_2GrowHr - Menu_Report/Attentance mouseover' is clicked on

20-03-2024T10:12:58 - [TEST_STEP][PASSED] - delay(2): Delayed 2 second(s)

20-03-2024T10:13:00 - [MESSAGE][PASSED] - Delayed 2 second(s)

20-03-2024T10:13:00 - [TEST_STEP][PASSED] - click(findTestObject("Object Repository/Page_2GrowHr - Menu_Report/Day Count Attendance Summary report")): Object: 'Object Repository/Page_2GrowHr - Menu_Report/Day Count Attendance Summary report' is clicked on

20-03-2024T10:13:02 - [MESSAGE][PASSED] - Object: 'Object Repository/Page_2GrowHr - Menu_Report/Day Count Attendance Summary report' is clicked on

20-03-2024T10:13:02 - [TEST_STEP][PASSED] - click(findTestObject("Object Repository/Page_2GrowHr - Real Time Report/Select Date range field day count attendance report")): Object: 'Object Repository/Page_2GrowHr - Real Time Report/Select Date range field day count attendance report' is clicked on

20-03-2024T10:13:04 - [MESSAGE][PASSED] - Object: 'Object Repository/Page_2GrowHr - Real Time Report/Select Date range field day count attendance report' is clicked on

20-03-2024T10:13:04 - [TEST_STEP][PASSED] - delay(2): Delayed 2 second(s)

20-03-2024T10:13:06 - [MESSAGE][PASSED] - Delayed 2 second(s)

20-03-2024T10:13:06 - [TEST_STEP][PASSED] - click(findTestObject("Object Repository/Page_2GrowHr - Real Time Report/Today")): Object: 'Object Repository/Page_2GrowHr - Real Time Report/Today' is clicked on

20-03-2024T10:13:07 - [MESSAGE][PASSED] - Object: 'Object Repository/Page_2GrowHr - Real Time Report/Today' is clicked on

20-03-2024T10:13:07 - [TEST_STEP][PASSED] - click(findTestObject("Object Repository/Page_2GrowHr - Real Time Report/Get Report button")): Object: 'Object Repository/Page_2GrowHr - Real Time Report/Get Report button' is clicked on

20-03-2024T10:13:07 - [MESSAGE][PASSED] - Object: 'Object Repository/Page_2GrowHr - Real Time Report/Get Report button' is clicked on

20-03-2024T10:13:07 - [TEST_STEP][PASSED] - delay(2): Delayed 2 second(s)

20-03-2024T10:13:09 - [MESSAGE][PASSED] - Delayed 2 second(s)

20-03-2024T10:13:09 - [TEST_STEP][PASSED] - linkElement = getWebDriver().findElement(By.xpath("//*[@id="datatable"]/tbody/tr/td[2]/a")): null

20-03-2024T10:13:10 - [TEST_STEP][PASSED] - linkElement.click(): null

20-03-2024T10:13:10 - [TEST_STEP][PASSED] - delay(5): Delayed 5 second(s)

20-03-2024T10:13:15 - [MESSAGE][PASSED] - Delayed 5 second(s)

20-03-2024T10:13:15 - [TEST_STEP][PASSED] - closeBrowser(): Browser is closed

20-03-2024T10:13:15 - [MESSAGE][PASSED] - Browser is closed]]></system-out>
         <system-err><![CDATA[]]></system-err>
      </testcase>
      <system-out><![CDATA[20-03-2024T10:10:58 - [TEST_SUITE][PASSED] - Apply OD and Checkin: Test Cases/Apply OD and Checkin]]></system-out>
      <system-err><![CDATA[]]></system-err>
   </testsuite>
</testsuites>
