<?xml version="1.0" encoding="UTF-8"?>
<testsuites name="Login and do checkin" time="398.25" tests="1" failures="0" errors="0">
   <testsuite name="Login and do checkin" tests="1" failures="0" errors="0" time="398.25" skipped="0" timestamp="15-02-2024T17:57:44" hostname="91957 - Lead-Force-CRM" id="Test Suites/Login and do checkin">
      <properties>
         <property name="deviceName" value=""/>
         <property name="devicePlatform" value=""/>
         <property name="logFolder" value="C:\\Users\\91957\\Desktop\\Automation Testing - Katalon\\Payroll Web\\Reports\\20240215_175730\\Login and do checkin\\20240215_175731"/>
         <property name="logFiles" value="C:\\Users\\91957\\Desktop\\Automation Testing - Katalon\\Payroll Web\\Reports\\20240215_175730\\Login and do checkin\\20240215_175731\\execution0.log"/>
         <property name="attachments" value=""/>
         <property name="hostName" value="91957 - Lead-Force-CRM"/>
         <property name="os" value="Windows 11 64bit"/>
         <property name="katalonVersion" value="9.3.0.212"/>
         <property name="browser" value="Chrome 121.0.0.0"/>
         <property name="hostAddress" value="192.168.29.70"/>
         <property name="sessionId" value="f4e0d1d2d1276af3e43d96068e6f86fb"/>
         <property name="seleniumVersion" value="3.141.59"/>
         <property name="proxyInformation" value="ProxyInformation { proxyOption=NO_PROXY, proxyServerType=HTTP, username=, password=********, proxyServerAddress=, proxyServerPort=0, executionList=&quot;&quot;, isApplyToDesiredCapabilities=true }"/>
         <property name="platform" value="Windows 11"/>
      </properties>
      <testcase name="Test Cases/Login and do checkin" time="398.102" classname="Test Cases/Login and do checkin" status="PASSED">
         <system-out><![CDATA[15-02-2024T17:57:44 - [TEST_CASE][PASSED] - Test Cases/Login and do checkin: Test Cases/Login and do checkin

15-02-2024T17:57:45 - [TEST_STEP][PASSED] - Data = findTestData("Login and Checkin"): null

15-02-2024T17:57:45 - [TEST_STEP][PASSED] - dateFormat = new java.text.SimpleDateFormat(MM/dd/yyyy): null

15-02-2024T17:57:45 - [TEST_STEP][PASSED] - currentDate = getInstance().getTime(): null

15-02-2024T17:57:45 - [TEST_STEP][PASSED] - currentDateStr = dateFormat.format(currentDate): null

15-02-2024T17:57:45 - [TEST_STEP][PASSED] - for ([i = 1, i <= Data.getRowNumbers(), (i++)]): Browser is closed

15-02-2024T17:57:45 - [TEST_STEP][PASSED] - url = Data.getValue("URL", i): null

15-02-2024T17:57:45 - [TEST_STEP][PASSED] - username = Data.getValue("Username", i): null

15-02-2024T17:57:45 - [TEST_STEP][PASSED] - password = Data.getValue("Password", i): null

15-02-2024T17:57:45 - [TEST_STEP][PASSED] - checkinRemark = Data.getValue("CheckinRemark", i): null

15-02-2024T17:57:45 - [TEST_STEP][PASSED] - openBrowser(""): Browser is opened with url: ''

15-02-2024T17:57:45 - [MESSAGE][INFO] - Starting 'Chrome' driver

15-02-2024T17:57:46 - [MESSAGE][INFO] - Action delay is set to 0 milliseconds

15-02-2024T17:57:48 - [MESSAGE][PASSED] - Browser is opened with url: ''

15-02-2024T17:57:48 - [TEST_STEP][PASSED] - maximizeWindow(): Current window maximized

15-02-2024T17:57:48 - [MESSAGE][PASSED] - Current window maximized

15-02-2024T17:57:48 - [TEST_STEP][PASSED] - navigateToUrl(url): Navigate to 'http://testing.2growhr.io/' successfully

15-02-2024T17:57:55 - [MESSAGE][PASSED] - Navigate to 'http://testing.2growhr.io/' successfully

15-02-2024T17:57:55 - [TEST_STEP][PASSED] - setText(findTestObject("Object Repository/Page_2GrowHR - Login/UserName"), username): Text 'Yashik' is set on object 'Object Repository/Page_2GrowHR - Login/UserName'

15-02-2024T17:57:56 - [MESSAGE][PASSED] - Text 'Yashik' is set on object 'Object Repository/Page_2GrowHR - Login/UserName'

15-02-2024T17:57:56 - [TEST_STEP][PASSED] - setText(findTestObject("Object Repository/Page_2GrowHR - Login/Password"), password): Text '123' is set on object 'Object Repository/Page_2GrowHR - Login/Password'

15-02-2024T17:57:56 - [MESSAGE][PASSED] - Text '123' is set on object 'Object Repository/Page_2GrowHR - Login/Password'

15-02-2024T17:57:56 - [TEST_STEP][PASSED] - click(findTestObject("Object Repository/Page_2GrowHR - Login/Password - view icon")): Object: 'Object Repository/Page_2GrowHR - Login/Password - view icon' is clicked on

15-02-2024T17:57:57 - [MESSAGE][PASSED] - Object: 'Object Repository/Page_2GrowHR - Login/Password - view icon' is clicked on

15-02-2024T17:57:57 - [TEST_STEP][PASSED] - delay(2): Delayed 2 second(s)

15-02-2024T17:57:59 - [MESSAGE][PASSED] - Delayed 2 second(s)

15-02-2024T17:57:59 - [TEST_STEP][PASSED] - click(findTestObject("Object Repository/Page_2GrowHR - Login/Login Button")): Object: 'Object Repository/Page_2GrowHR - Login/Login Button' is clicked on

15-02-2024T17:58:11 - [MESSAGE][PASSED] - Object: 'Object Repository/Page_2GrowHR - Login/Login Button' is clicked on

15-02-2024T17:58:11 - [TEST_STEP][PASSED] - delay(3): Delayed 3 second(s)

15-02-2024T17:58:14 - [MESSAGE][PASSED] - Delayed 3 second(s)

15-02-2024T17:58:14 - [TEST_STEP][PASSED] - click(findTestObject("Object Repository/Page_2GrowHr - Dashboard/Checkin button BR")): Object: 'Object Repository/Page_2GrowHr - Dashboard/Checkin button BR' is clicked on

15-02-2024T17:58:15 - [MESSAGE][PASSED] - Object: 'Object Repository/Page_2GrowHr - Dashboard/Checkin button BR' is clicked on

15-02-2024T17:58:15 - [TEST_STEP][PASSED] - setText(findTestObject("Object Repository/Page_2GrowHr - Dashboard/Checkin remark"), checkinRemark): Text 'CheckinRemark' is set on object 'Object Repository/Page_2GrowHr - Dashboard/Checkin remark'

15-02-2024T17:58:16 - [MESSAGE][PASSED] - Text 'CheckinRemark' is set on object 'Object Repository/Page_2GrowHr - Dashboard/Checkin remark'

15-02-2024T17:58:16 - [TEST_STEP][PASSED] - delay(3): Delayed 3 second(s)

15-02-2024T17:58:19 - [MESSAGE][PASSED] - Delayed 3 second(s)

15-02-2024T17:58:19 - [TEST_STEP][PASSED] - click(findTestObject("Object Repository/Page_2GrowHr - Dashboard/Checkin button AR")): Object: 'Object Repository/Page_2GrowHr - Dashboard/Checkin button AR' is clicked on

15-02-2024T17:58:20 - [MESSAGE][PASSED] - Object: 'Object Repository/Page_2GrowHr - Dashboard/Checkin button AR' is clicked on

15-02-2024T17:58:20 - [TEST_STEP][PASSED] - delay(5): Delayed 5 second(s)

15-02-2024T17:58:25 - [MESSAGE][PASSED] - Delayed 5 second(s)

15-02-2024T17:58:25 - [TEST_STEP][PASSED] - click(findTestObject("Object Repository/Page_2GrowHr - Menu_Report/Attentance mouseover")): Object: 'Object Repository/Page_2GrowHr - Menu_Report/Attentance mouseover' is clicked on

15-02-2024T17:58:26 - [MESSAGE][PASSED] - Object: 'Object Repository/Page_2GrowHr - Menu_Report/Attentance mouseover' is clicked on

15-02-2024T17:58:26 - [TEST_STEP][PASSED] - delay(3): Delayed 3 second(s)

15-02-2024T17:58:29 - [MESSAGE][PASSED] - Delayed 3 second(s)

15-02-2024T17:58:29 - [TEST_STEP][PASSED] - click(findTestObject("Object Repository/Page_2GrowHr - Menu_Report/General Attendance Summary - Report")): Object: 'Object Repository/Page_2GrowHr - Menu_Report/General Attendance Summary - Report' is clicked on

15-02-2024T17:58:32 - [MESSAGE][PASSED] - Object: 'Object Repository/Page_2GrowHr - Menu_Report/General Attendance Summary - Report' is clicked on

15-02-2024T17:58:32 - [TEST_STEP][PASSED] - click(findTestObject("Object Repository/Page_2GrowHr - Menu_Report/Date selection field")): Object: 'Object Repository/Page_2GrowHr - Menu_Report/Date selection field' is clicked on

15-02-2024T17:58:32 - [MESSAGE][PASSED] - Object: 'Object Repository/Page_2GrowHr - Menu_Report/Date selection field' is clicked on

15-02-2024T17:58:32 - [TEST_STEP][PASSED] - setText(findTestObject("Object Repository/Page_2GrowHr - Menu_Report/Date selection field"), currentDateStr): Text '02/15/2024' is set on object 'Object Repository/Page_2GrowHr - Menu_Report/Date selection field'

15-02-2024T17:58:33 - [MESSAGE][PASSED] - Text '02/15/2024' is set on object 'Object Repository/Page_2GrowHr - Menu_Report/Date selection field'

15-02-2024T17:58:33 - [TEST_STEP][PASSED] - delay(3): Delayed 3 second(s)

15-02-2024T17:58:36 - [MESSAGE][PASSED] - Delayed 3 second(s)

15-02-2024T17:58:36 - [TEST_STEP][PASSED] - click(findTestObject("Object Repository/Page_2GrowHr - Menu_Report/Get Report button")): Object: 'Object Repository/Page_2GrowHr - Menu_Report/Get Report button' is clicked on

15-02-2024T17:58:37 - [MESSAGE][PASSED] - Object: 'Object Repository/Page_2GrowHr - Menu_Report/Get Report button' is clicked on

15-02-2024T17:58:37 - [TEST_STEP][PASSED] - delay(15): Delayed 15 second(s)

15-02-2024T17:58:52 - [MESSAGE][PASSED] - Delayed 15 second(s)

15-02-2024T17:58:52 - [TEST_STEP][PASSED] - click(findTestObject("Object Repository/Page_2GrowHr - Dashboard/Logout button")): Object: 'Object Repository/Page_2GrowHr - Dashboard/Logout button' is clicked on

15-02-2024T17:58:53 - [MESSAGE][PASSED] - Object: 'Object Repository/Page_2GrowHr - Dashboard/Logout button' is clicked on

15-02-2024T17:58:53 - [TEST_STEP][PASSED] - delay(3): Delayed 3 second(s)

15-02-2024T17:58:56 - [MESSAGE][PASSED] - Delayed 3 second(s)

15-02-2024T17:58:56 - [TEST_STEP][PASSED] - closeBrowser(): Browser is closed

15-02-2024T17:58:56 - [MESSAGE][PASSED] - Browser is closed

15-02-2024T17:58:56 - [TEST_STEP][PASSED] - url = Data.getValue("URL", i): null

15-02-2024T17:58:56 - [TEST_STEP][PASSED] - username = Data.getValue("Username", i): null

15-02-2024T17:58:56 - [TEST_STEP][PASSED] - password = Data.getValue("Password", i): null

15-02-2024T17:58:56 - [TEST_STEP][PASSED] - checkinRemark = Data.getValue("CheckinRemark", i): null

15-02-2024T17:58:56 - [TEST_STEP][PASSED] - openBrowser(""): Browser is opened with url: ''

15-02-2024T17:58:56 - [MESSAGE][INFO] - Starting 'Chrome' driver

15-02-2024T17:58:56 - [MESSAGE][INFO] - Action delay is set to 0 milliseconds

15-02-2024T17:58:57 - [MESSAGE][PASSED] - Browser is opened with url: ''

15-02-2024T17:58:57 - [TEST_STEP][PASSED] - maximizeWindow(): Current window maximized

15-02-2024T17:58:57 - [MESSAGE][PASSED] - Current window maximized

15-02-2024T17:58:57 - [TEST_STEP][PASSED] - navigateToUrl(url): Navigate to 'http://testing.2growhr.io/' successfully

15-02-2024T17:59:05 - [MESSAGE][PASSED] - Navigate to 'http://testing.2growhr.io/' successfully

15-02-2024T17:59:05 - [TEST_STEP][PASSED] - setText(findTestObject("Object Repository/Page_2GrowHR - Login/UserName"), username): Text 'Farveen' is set on object 'Object Repository/Page_2GrowHR - Login/UserName'

15-02-2024T17:59:06 - [MESSAGE][PASSED] - Text 'Farveen' is set on object 'Object Repository/Page_2GrowHR - Login/UserName'

15-02-2024T17:59:06 - [TEST_STEP][PASSED] - setText(findTestObject("Object Repository/Page_2GrowHR - Login/Password"), password): Text '123' is set on object 'Object Repository/Page_2GrowHR - Login/Password'

15-02-2024T17:59:06 - [MESSAGE][PASSED] - Text '123' is set on object 'Object Repository/Page_2GrowHR - Login/Password'

15-02-2024T17:59:06 - [TEST_STEP][PASSED] - click(findTestObject("Object Repository/Page_2GrowHR - Login/Password - view icon")): Object: 'Object Repository/Page_2GrowHR - Login/Password - view icon' is clicked on

15-02-2024T17:59:07 - [MESSAGE][PASSED] - Object: 'Object Repository/Page_2GrowHR - Login/Password - view icon' is clicked on

15-02-2024T17:59:07 - [TEST_STEP][PASSED] - delay(2): Delayed 2 second(s)

15-02-2024T17:59:09 - [MESSAGE][PASSED] - Delayed 2 second(s)

15-02-2024T17:59:09 - [TEST_STEP][PASSED] - click(findTestObject("Object Repository/Page_2GrowHR - Login/Login Button")): Object: 'Object Repository/Page_2GrowHR - Login/Login Button' is clicked on

15-02-2024T17:59:20 - [MESSAGE][PASSED] - Object: 'Object Repository/Page_2GrowHR - Login/Login Button' is clicked on

15-02-2024T17:59:20 - [TEST_STEP][PASSED] - delay(3): Delayed 3 second(s)

15-02-2024T17:59:23 - [MESSAGE][PASSED] - Delayed 3 second(s)

15-02-2024T17:59:23 - [TEST_STEP][PASSED] - click(findTestObject("Object Repository/Page_2GrowHr - Dashboard/Checkin button BR")): Object: 'Object Repository/Page_2GrowHr - Dashboard/Checkin button BR' is clicked on

15-02-2024T17:59:23 - [MESSAGE][PASSED] - Object: 'Object Repository/Page_2GrowHr - Dashboard/Checkin button BR' is clicked on

15-02-2024T17:59:23 - [TEST_STEP][PASSED] - setText(findTestObject("Object Repository/Page_2GrowHr - Dashboard/Checkin remark"), checkinRemark): Text 'CheckinRemark' is set on object 'Object Repository/Page_2GrowHr - Dashboard/Checkin remark'

15-02-2024T17:59:24 - [MESSAGE][PASSED] - Text 'CheckinRemark' is set on object 'Object Repository/Page_2GrowHr - Dashboard/Checkin remark'

15-02-2024T17:59:24 - [TEST_STEP][PASSED] - delay(3): Delayed 3 second(s)

15-02-2024T17:59:27 - [MESSAGE][PASSED] - Delayed 3 second(s)

15-02-2024T17:59:27 - [TEST_STEP][PASSED] - click(findTestObject("Object Repository/Page_2GrowHr - Dashboard/Checkin button AR")): Object: 'Object Repository/Page_2GrowHr - Dashboard/Checkin button AR' is clicked on

15-02-2024T17:59:28 - [MESSAGE][PASSED] - Object: 'Object Repository/Page_2GrowHr - Dashboard/Checkin button AR' is clicked on

15-02-2024T17:59:28 - [TEST_STEP][PASSED] - delay(5): Delayed 5 second(s)

15-02-2024T17:59:33 - [MESSAGE][PASSED] - Delayed 5 second(s)

15-02-2024T17:59:33 - [TEST_STEP][PASSED] - click(findTestObject("Object Repository/Page_2GrowHr - Menu_Report/Attentance mouseover")): Object: 'Object Repository/Page_2GrowHr - Menu_Report/Attentance mouseover' is clicked on

15-02-2024T17:59:34 - [MESSAGE][PASSED] - Object: 'Object Repository/Page_2GrowHr - Menu_Report/Attentance mouseover' is clicked on

15-02-2024T17:59:34 - [TEST_STEP][PASSED] - delay(3): Delayed 3 second(s)

15-02-2024T17:59:37 - [MESSAGE][PASSED] - Delayed 3 second(s)

15-02-2024T17:59:37 - [TEST_STEP][PASSED] - click(findTestObject("Object Repository/Page_2GrowHr - Menu_Report/General Attendance Summary - Report")): Object: 'Object Repository/Page_2GrowHr - Menu_Report/General Attendance Summary - Report' is clicked on

15-02-2024T17:59:40 - [MESSAGE][PASSED] - Object: 'Object Repository/Page_2GrowHr - Menu_Report/General Attendance Summary - Report' is clicked on

15-02-2024T17:59:40 - [TEST_STEP][PASSED] - click(findTestObject("Object Repository/Page_2GrowHr - Menu_Report/Date selection field")): Object: 'Object Repository/Page_2GrowHr - Menu_Report/Date selection field' is clicked on

15-02-2024T17:59:40 - [MESSAGE][PASSED] - Object: 'Object Repository/Page_2GrowHr - Menu_Report/Date selection field' is clicked on

15-02-2024T17:59:40 - [TEST_STEP][PASSED] - setText(findTestObject("Object Repository/Page_2GrowHr - Menu_Report/Date selection field"), currentDateStr): Text '02/15/2024' is set on object 'Object Repository/Page_2GrowHr - Menu_Report/Date selection field'

15-02-2024T17:59:41 - [MESSAGE][PASSED] - Text '02/15/2024' is set on object 'Object Repository/Page_2GrowHr - Menu_Report/Date selection field'

15-02-2024T17:59:41 - [TEST_STEP][PASSED] - delay(3): Delayed 3 second(s)

15-02-2024T17:59:44 - [MESSAGE][PASSED] - Delayed 3 second(s)

15-02-2024T17:59:44 - [TEST_STEP][PASSED] - click(findTestObject("Object Repository/Page_2GrowHr - Menu_Report/Get Report button")): Object: 'Object Repository/Page_2GrowHr - Menu_Report/Get Report button' is clicked on

15-02-2024T17:59:45 - [MESSAGE][PASSED] - Object: 'Object Repository/Page_2GrowHr - Menu_Report/Get Report button' is clicked on

15-02-2024T17:59:45 - [TEST_STEP][PASSED] - delay(15): Delayed 15 second(s)

15-02-2024T18:00:00 - [MESSAGE][PASSED] - Delayed 15 second(s)

15-02-2024T18:00:00 - [TEST_STEP][PASSED] - click(findTestObject("Object Repository/Page_2GrowHr - Dashboard/Logout button")): Object: 'Object Repository/Page_2GrowHr - Dashboard/Logout button' is clicked on

15-02-2024T18:00:01 - [MESSAGE][PASSED] - Object: 'Object Repository/Page_2GrowHr - Dashboard/Logout button' is clicked on

15-02-2024T18:00:01 - [TEST_STEP][PASSED] - delay(3): Delayed 3 second(s)

15-02-2024T18:00:04 - [MESSAGE][PASSED] - Delayed 3 second(s)

15-02-2024T18:00:04 - [TEST_STEP][PASSED] - closeBrowser(): Browser is closed

15-02-2024T18:00:04 - [MESSAGE][PASSED] - Browser is closed

15-02-2024T18:00:04 - [TEST_STEP][PASSED] - url = Data.getValue("URL", i): null

15-02-2024T18:00:04 - [TEST_STEP][PASSED] - username = Data.getValue("Username", i): null

15-02-2024T18:00:04 - [TEST_STEP][PASSED] - password = Data.getValue("Password", i): null

15-02-2024T18:00:04 - [TEST_STEP][PASSED] - checkinRemark = Data.getValue("CheckinRemark", i): null

15-02-2024T18:00:04 - [TEST_STEP][PASSED] - openBrowser(""): Browser is opened with url: ''

15-02-2024T18:00:04 - [MESSAGE][INFO] - Starting 'Chrome' driver

15-02-2024T18:00:04 - [MESSAGE][INFO] - Action delay is set to 0 milliseconds

15-02-2024T18:00:05 - [MESSAGE][PASSED] - Browser is opened with url: ''

15-02-2024T18:00:05 - [TEST_STEP][PASSED] - maximizeWindow(): Current window maximized

15-02-2024T18:00:05 - [MESSAGE][PASSED] - Current window maximized

15-02-2024T18:00:05 - [TEST_STEP][PASSED] - navigateToUrl(url): Navigate to 'http://testing.2growhr.io/' successfully

15-02-2024T18:00:10 - [MESSAGE][PASSED] - Navigate to 'http://testing.2growhr.io/' successfully

15-02-2024T18:00:10 - [TEST_STEP][PASSED] - setText(findTestObject("Object Repository/Page_2GrowHR - Login/UserName"), username): Text 'CBS2227' is set on object 'Object Repository/Page_2GrowHR - Login/UserName'

15-02-2024T18:00:11 - [MESSAGE][PASSED] - Text 'CBS2227' is set on object 'Object Repository/Page_2GrowHR - Login/UserName'

15-02-2024T18:00:11 - [TEST_STEP][PASSED] - setText(findTestObject("Object Repository/Page_2GrowHR - Login/Password"), password): Text '123' is set on object 'Object Repository/Page_2GrowHR - Login/Password'

15-02-2024T18:00:12 - [MESSAGE][PASSED] - Text '123' is set on object 'Object Repository/Page_2GrowHR - Login/Password'

15-02-2024T18:00:12 - [TEST_STEP][PASSED] - click(findTestObject("Object Repository/Page_2GrowHR - Login/Password - view icon")): Object: 'Object Repository/Page_2GrowHR - Login/Password - view icon' is clicked on

15-02-2024T18:00:12 - [MESSAGE][PASSED] - Object: 'Object Repository/Page_2GrowHR - Login/Password - view icon' is clicked on

15-02-2024T18:00:12 - [TEST_STEP][PASSED] - delay(2): Delayed 2 second(s)

15-02-2024T18:00:14 - [MESSAGE][PASSED] - Delayed 2 second(s)

15-02-2024T18:00:14 - [TEST_STEP][PASSED] - click(findTestObject("Object Repository/Page_2GrowHR - Login/Login Button")): Object: 'Object Repository/Page_2GrowHR - Login/Login Button' is clicked on

15-02-2024T18:00:23 - [MESSAGE][PASSED] - Object: 'Object Repository/Page_2GrowHR - Login/Login Button' is clicked on

15-02-2024T18:00:23 - [TEST_STEP][PASSED] - delay(3): Delayed 3 second(s)

15-02-2024T18:00:26 - [MESSAGE][PASSED] - Delayed 3 second(s)

15-02-2024T18:00:26 - [TEST_STEP][PASSED] - click(findTestObject("Object Repository/Page_2GrowHr - Dashboard/Checkin button BR")): Object: 'Object Repository/Page_2GrowHr - Dashboard/Checkin button BR' is clicked on

15-02-2024T18:00:27 - [MESSAGE][PASSED] - Object: 'Object Repository/Page_2GrowHr - Dashboard/Checkin button BR' is clicked on

15-02-2024T18:00:27 - [TEST_STEP][PASSED] - setText(findTestObject("Object Repository/Page_2GrowHr - Dashboard/Checkin remark"), checkinRemark): Text 'CheckinRemark' is set on object 'Object Repository/Page_2GrowHr - Dashboard/Checkin remark'

15-02-2024T18:00:29 - [MESSAGE][PASSED] - Text 'CheckinRemark' is set on object 'Object Repository/Page_2GrowHr - Dashboard/Checkin remark'

15-02-2024T18:00:29 - [TEST_STEP][PASSED] - delay(3): Delayed 3 second(s)

15-02-2024T18:00:32 - [MESSAGE][PASSED] - Delayed 3 second(s)

15-02-2024T18:00:32 - [TEST_STEP][PASSED] - click(findTestObject("Object Repository/Page_2GrowHr - Dashboard/Checkin button AR")): Object: 'Object Repository/Page_2GrowHr - Dashboard/Checkin button AR' is clicked on

15-02-2024T18:00:32 - [MESSAGE][PASSED] - Object: 'Object Repository/Page_2GrowHr - Dashboard/Checkin button AR' is clicked on

15-02-2024T18:00:32 - [TEST_STEP][PASSED] - delay(5): Delayed 5 second(s)

15-02-2024T18:00:37 - [MESSAGE][PASSED] - Delayed 5 second(s)

15-02-2024T18:00:37 - [TEST_STEP][PASSED] - click(findTestObject("Object Repository/Page_2GrowHr - Menu_Report/Attentance mouseover")): Object: 'Object Repository/Page_2GrowHr - Menu_Report/Attentance mouseover' is clicked on

15-02-2024T18:00:38 - [MESSAGE][PASSED] - Object: 'Object Repository/Page_2GrowHr - Menu_Report/Attentance mouseover' is clicked on

15-02-2024T18:00:38 - [TEST_STEP][PASSED] - delay(3): Delayed 3 second(s)

15-02-2024T18:00:41 - [MESSAGE][PASSED] - Delayed 3 second(s)

15-02-2024T18:00:41 - [TEST_STEP][PASSED] - click(findTestObject("Object Repository/Page_2GrowHr - Menu_Report/General Attendance Summary - Report")): Object: 'Object Repository/Page_2GrowHr - Menu_Report/General Attendance Summary - Report' is clicked on

15-02-2024T18:00:44 - [MESSAGE][PASSED] - Object: 'Object Repository/Page_2GrowHr - Menu_Report/General Attendance Summary - Report' is clicked on

15-02-2024T18:00:44 - [TEST_STEP][PASSED] - click(findTestObject("Object Repository/Page_2GrowHr - Menu_Report/Date selection field")): Object: 'Object Repository/Page_2GrowHr - Menu_Report/Date selection field' is clicked on

15-02-2024T18:00:45 - [MESSAGE][PASSED] - Object: 'Object Repository/Page_2GrowHr - Menu_Report/Date selection field' is clicked on

15-02-2024T18:00:45 - [TEST_STEP][PASSED] - setText(findTestObject("Object Repository/Page_2GrowHr - Menu_Report/Date selection field"), currentDateStr): Text '02/15/2024' is set on object 'Object Repository/Page_2GrowHr - Menu_Report/Date selection field'

15-02-2024T18:00:46 - [MESSAGE][PASSED] - Text '02/15/2024' is set on object 'Object Repository/Page_2GrowHr - Menu_Report/Date selection field'

15-02-2024T18:00:46 - [TEST_STEP][PASSED] - delay(3): Delayed 3 second(s)

15-02-2024T18:00:49 - [MESSAGE][PASSED] - Delayed 3 second(s)

15-02-2024T18:00:49 - [TEST_STEP][PASSED] - click(findTestObject("Object Repository/Page_2GrowHr - Menu_Report/Get Report button")): Object: 'Object Repository/Page_2GrowHr - Menu_Report/Get Report button' is clicked on

15-02-2024T18:00:49 - [MESSAGE][PASSED] - Object: 'Object Repository/Page_2GrowHr - Menu_Report/Get Report button' is clicked on

15-02-2024T18:00:49 - [TEST_STEP][PASSED] - delay(15): Delayed 15 second(s)

15-02-2024T18:01:04 - [MESSAGE][PASSED] - Delayed 15 second(s)

15-02-2024T18:01:04 - [TEST_STEP][PASSED] - click(findTestObject("Object Repository/Page_2GrowHr - Dashboard/Logout button")): Object: 'Object Repository/Page_2GrowHr - Dashboard/Logout button' is clicked on

15-02-2024T18:01:05 - [MESSAGE][PASSED] - Object: 'Object Repository/Page_2GrowHr - Dashboard/Logout button' is clicked on

15-02-2024T18:01:05 - [TEST_STEP][PASSED] - delay(3): Delayed 3 second(s)

15-02-2024T18:01:08 - [MESSAGE][PASSED] - Delayed 3 second(s)

15-02-2024T18:01:08 - [TEST_STEP][PASSED] - closeBrowser(): Browser is closed

15-02-2024T18:01:09 - [MESSAGE][PASSED] - Browser is closed

15-02-2024T18:01:09 - [TEST_STEP][PASSED] - url = Data.getValue("URL", i): null

15-02-2024T18:01:09 - [TEST_STEP][PASSED] - username = Data.getValue("Username", i): null

15-02-2024T18:01:09 - [TEST_STEP][PASSED] - password = Data.getValue("Password", i): null

15-02-2024T18:01:09 - [TEST_STEP][PASSED] - checkinRemark = Data.getValue("CheckinRemark", i): null

15-02-2024T18:01:09 - [TEST_STEP][PASSED] - openBrowser(""): Browser is opened with url: ''

15-02-2024T18:01:09 - [MESSAGE][INFO] - Starting 'Chrome' driver

15-02-2024T18:01:09 - [MESSAGE][INFO] - Action delay is set to 0 milliseconds

15-02-2024T18:01:10 - [MESSAGE][PASSED] - Browser is opened with url: ''

15-02-2024T18:01:10 - [TEST_STEP][PASSED] - maximizeWindow(): Current window maximized

15-02-2024T18:01:10 - [MESSAGE][PASSED] - Current window maximized

15-02-2024T18:01:10 - [TEST_STEP][PASSED] - navigateToUrl(url): Navigate to 'http://testing.2growhr.io/' successfully

15-02-2024T18:01:14 - [MESSAGE][PASSED] - Navigate to 'http://testing.2growhr.io/' successfully

15-02-2024T18:01:14 - [TEST_STEP][PASSED] - setText(findTestObject("Object Repository/Page_2GrowHR - Login/UserName"), username): Text 'CBS2155' is set on object 'Object Repository/Page_2GrowHR - Login/UserName'

15-02-2024T18:01:15 - [MESSAGE][PASSED] - Text 'CBS2155' is set on object 'Object Repository/Page_2GrowHR - Login/UserName'

15-02-2024T18:01:15 - [TEST_STEP][PASSED] - setText(findTestObject("Object Repository/Page_2GrowHR - Login/Password"), password): Text '123' is set on object 'Object Repository/Page_2GrowHR - Login/Password'

15-02-2024T18:01:16 - [MESSAGE][PASSED] - Text '123' is set on object 'Object Repository/Page_2GrowHR - Login/Password'

15-02-2024T18:01:16 - [TEST_STEP][PASSED] - click(findTestObject("Object Repository/Page_2GrowHR - Login/Password - view icon")): Object: 'Object Repository/Page_2GrowHR - Login/Password - view icon' is clicked on

15-02-2024T18:01:16 - [MESSAGE][PASSED] - Object: 'Object Repository/Page_2GrowHR - Login/Password - view icon' is clicked on

15-02-2024T18:01:16 - [TEST_STEP][PASSED] - delay(2): Delayed 2 second(s)

15-02-2024T18:01:18 - [MESSAGE][PASSED] - Delayed 2 second(s)

15-02-2024T18:01:18 - [TEST_STEP][PASSED] - click(findTestObject("Object Repository/Page_2GrowHR - Login/Login Button")): Object: 'Object Repository/Page_2GrowHR - Login/Login Button' is clicked on

15-02-2024T18:01:30 - [MESSAGE][PASSED] - Object: 'Object Repository/Page_2GrowHR - Login/Login Button' is clicked on

15-02-2024T18:01:30 - [TEST_STEP][PASSED] - delay(3): Delayed 3 second(s)

15-02-2024T18:01:33 - [MESSAGE][PASSED] - Delayed 3 second(s)

15-02-2024T18:01:33 - [TEST_STEP][PASSED] - click(findTestObject("Object Repository/Page_2GrowHr - Dashboard/Checkin button BR")): Object: 'Object Repository/Page_2GrowHr - Dashboard/Checkin button BR' is clicked on

15-02-2024T18:01:33 - [MESSAGE][PASSED] - Object: 'Object Repository/Page_2GrowHr - Dashboard/Checkin button BR' is clicked on

15-02-2024T18:01:33 - [TEST_STEP][PASSED] - setText(findTestObject("Object Repository/Page_2GrowHr - Dashboard/Checkin remark"), checkinRemark): Text 'CheckinRemark' is set on object 'Object Repository/Page_2GrowHr - Dashboard/Checkin remark'

15-02-2024T18:01:34 - [MESSAGE][PASSED] - Text 'CheckinRemark' is set on object 'Object Repository/Page_2GrowHr - Dashboard/Checkin remark'

15-02-2024T18:01:34 - [TEST_STEP][PASSED] - delay(3): Delayed 3 second(s)

15-02-2024T18:01:37 - [MESSAGE][PASSED] - Delayed 3 second(s)

15-02-2024T18:01:37 - [TEST_STEP][PASSED] - click(findTestObject("Object Repository/Page_2GrowHr - Dashboard/Checkin button AR")): Object: 'Object Repository/Page_2GrowHr - Dashboard/Checkin button AR' is clicked on

15-02-2024T18:01:38 - [MESSAGE][PASSED] - Object: 'Object Repository/Page_2GrowHr - Dashboard/Checkin button AR' is clicked on

15-02-2024T18:01:38 - [TEST_STEP][PASSED] - delay(5): Delayed 5 second(s)

15-02-2024T18:01:43 - [MESSAGE][PASSED] - Delayed 5 second(s)

15-02-2024T18:01:43 - [TEST_STEP][PASSED] - click(findTestObject("Object Repository/Page_2GrowHr - Menu_Report/Attentance mouseover")): Object: 'Object Repository/Page_2GrowHr - Menu_Report/Attentance mouseover' is clicked on

15-02-2024T18:01:44 - [MESSAGE][PASSED] - Object: 'Object Repository/Page_2GrowHr - Menu_Report/Attentance mouseover' is clicked on

15-02-2024T18:01:44 - [TEST_STEP][PASSED] - delay(3): Delayed 3 second(s)

15-02-2024T18:01:47 - [MESSAGE][PASSED] - Delayed 3 second(s)

15-02-2024T18:01:47 - [TEST_STEP][PASSED] - click(findTestObject("Object Repository/Page_2GrowHr - Menu_Report/General Attendance Summary - Report")): Object: 'Object Repository/Page_2GrowHr - Menu_Report/General Attendance Summary - Report' is clicked on

15-02-2024T18:01:50 - [MESSAGE][PASSED] - Object: 'Object Repository/Page_2GrowHr - Menu_Report/General Attendance Summary - Report' is clicked on

15-02-2024T18:01:50 - [TEST_STEP][PASSED] - click(findTestObject("Object Repository/Page_2GrowHr - Menu_Report/Date selection field")): Object: 'Object Repository/Page_2GrowHr - Menu_Report/Date selection field' is clicked on

15-02-2024T18:01:51 - [MESSAGE][PASSED] - Object: 'Object Repository/Page_2GrowHr - Menu_Report/Date selection field' is clicked on

15-02-2024T18:01:51 - [TEST_STEP][PASSED] - setText(findTestObject("Object Repository/Page_2GrowHr - Menu_Report/Date selection field"), currentDateStr): Text '02/15/2024' is set on object 'Object Repository/Page_2GrowHr - Menu_Report/Date selection field'

15-02-2024T18:01:52 - [MESSAGE][PASSED] - Text '02/15/2024' is set on object 'Object Repository/Page_2GrowHr - Menu_Report/Date selection field'

15-02-2024T18:01:52 - [TEST_STEP][PASSED] - delay(3): Delayed 3 second(s)

15-02-2024T18:01:55 - [MESSAGE][PASSED] - Delayed 3 second(s)

15-02-2024T18:01:55 - [TEST_STEP][PASSED] - click(findTestObject("Object Repository/Page_2GrowHr - Menu_Report/Get Report button")): Object: 'Object Repository/Page_2GrowHr - Menu_Report/Get Report button' is clicked on

15-02-2024T18:01:55 - [MESSAGE][PASSED] - Object: 'Object Repository/Page_2GrowHr - Menu_Report/Get Report button' is clicked on

15-02-2024T18:01:55 - [TEST_STEP][PASSED] - delay(15): Delayed 15 second(s)

15-02-2024T18:02:10 - [MESSAGE][PASSED] - Delayed 15 second(s)

15-02-2024T18:02:10 - [TEST_STEP][PASSED] - click(findTestObject("Object Repository/Page_2GrowHr - Dashboard/Logout button")): Object: 'Object Repository/Page_2GrowHr - Dashboard/Logout button' is clicked on

15-02-2024T18:02:12 - [MESSAGE][PASSED] - Object: 'Object Repository/Page_2GrowHr - Dashboard/Logout button' is clicked on

15-02-2024T18:02:12 - [TEST_STEP][PASSED] - delay(3): Delayed 3 second(s)

15-02-2024T18:02:15 - [MESSAGE][PASSED] - Delayed 3 second(s)

15-02-2024T18:02:15 - [TEST_STEP][PASSED] - closeBrowser(): Browser is closed

15-02-2024T18:02:15 - [MESSAGE][PASSED] - Browser is closed

15-02-2024T18:02:15 - [TEST_STEP][PASSED] - url = Data.getValue("URL", i): null

15-02-2024T18:02:15 - [TEST_STEP][PASSED] - username = Data.getValue("Username", i): null

15-02-2024T18:02:15 - [TEST_STEP][PASSED] - password = Data.getValue("Password", i): null

15-02-2024T18:02:15 - [TEST_STEP][PASSED] - checkinRemark = Data.getValue("CheckinRemark", i): null

15-02-2024T18:02:15 - [TEST_STEP][PASSED] - openBrowser(""): Browser is opened with url: ''

15-02-2024T18:02:15 - [MESSAGE][INFO] - Starting 'Chrome' driver

15-02-2024T18:02:15 - [MESSAGE][INFO] - Action delay is set to 0 milliseconds

15-02-2024T18:02:16 - [MESSAGE][PASSED] - Browser is opened with url: ''

15-02-2024T18:02:16 - [TEST_STEP][PASSED] - maximizeWindow(): Current window maximized

15-02-2024T18:02:16 - [MESSAGE][PASSED] - Current window maximized

15-02-2024T18:02:16 - [TEST_STEP][PASSED] - navigateToUrl(url): Navigate to 'http://testing.2growhr.io/' successfully

15-02-2024T18:02:20 - [MESSAGE][PASSED] - Navigate to 'http://testing.2growhr.io/' successfully

15-02-2024T18:02:20 - [TEST_STEP][PASSED] - setText(findTestObject("Object Repository/Page_2GrowHR - Login/UserName"), username): Text 'CBS0761' is set on object 'Object Repository/Page_2GrowHR - Login/UserName'

15-02-2024T18:02:21 - [MESSAGE][PASSED] - Text 'CBS0761' is set on object 'Object Repository/Page_2GrowHR - Login/UserName'

15-02-2024T18:02:21 - [TEST_STEP][PASSED] - setText(findTestObject("Object Repository/Page_2GrowHR - Login/Password"), password): Text '123' is set on object 'Object Repository/Page_2GrowHR - Login/Password'

15-02-2024T18:02:22 - [MESSAGE][PASSED] - Text '123' is set on object 'Object Repository/Page_2GrowHR - Login/Password'

15-02-2024T18:02:22 - [TEST_STEP][PASSED] - click(findTestObject("Object Repository/Page_2GrowHR - Login/Password - view icon")): Object: 'Object Repository/Page_2GrowHR - Login/Password - view icon' is clicked on

15-02-2024T18:02:22 - [MESSAGE][PASSED] - Object: 'Object Repository/Page_2GrowHR - Login/Password - view icon' is clicked on

15-02-2024T18:02:22 - [TEST_STEP][PASSED] - delay(2): Delayed 2 second(s)

15-02-2024T18:02:24 - [MESSAGE][PASSED] - Delayed 2 second(s)

15-02-2024T18:02:24 - [TEST_STEP][PASSED] - click(findTestObject("Object Repository/Page_2GrowHR - Login/Login Button")): Object: 'Object Repository/Page_2GrowHR - Login/Login Button' is clicked on

15-02-2024T18:02:34 - [MESSAGE][PASSED] - Object: 'Object Repository/Page_2GrowHR - Login/Login Button' is clicked on

15-02-2024T18:02:34 - [TEST_STEP][PASSED] - delay(3): Delayed 3 second(s)

15-02-2024T18:02:37 - [MESSAGE][PASSED] - Delayed 3 second(s)

15-02-2024T18:02:37 - [TEST_STEP][PASSED] - click(findTestObject("Object Repository/Page_2GrowHr - Dashboard/Checkin button BR")): Object: 'Object Repository/Page_2GrowHr - Dashboard/Checkin button BR' is clicked on

15-02-2024T18:02:37 - [MESSAGE][PASSED] - Object: 'Object Repository/Page_2GrowHr - Dashboard/Checkin button BR' is clicked on

15-02-2024T18:02:37 - [TEST_STEP][PASSED] - setText(findTestObject("Object Repository/Page_2GrowHr - Dashboard/Checkin remark"), checkinRemark): Text 'CheckinRemark' is set on object 'Object Repository/Page_2GrowHr - Dashboard/Checkin remark'

15-02-2024T18:02:38 - [MESSAGE][PASSED] - Text 'CheckinRemark' is set on object 'Object Repository/Page_2GrowHr - Dashboard/Checkin remark'

15-02-2024T18:02:38 - [TEST_STEP][PASSED] - delay(3): Delayed 3 second(s)

15-02-2024T18:02:42 - [MESSAGE][PASSED] - Delayed 3 second(s)

15-02-2024T18:02:42 - [TEST_STEP][PASSED] - click(findTestObject("Object Repository/Page_2GrowHr - Dashboard/Checkin button AR")): Object: 'Object Repository/Page_2GrowHr - Dashboard/Checkin button AR' is clicked on

15-02-2024T18:02:42 - [MESSAGE][PASSED] - Object: 'Object Repository/Page_2GrowHr - Dashboard/Checkin button AR' is clicked on

15-02-2024T18:02:42 - [TEST_STEP][PASSED] - delay(5): Delayed 5 second(s)

15-02-2024T18:02:47 - [MESSAGE][PASSED] - Delayed 5 second(s)

15-02-2024T18:02:47 - [TEST_STEP][PASSED] - click(findTestObject("Object Repository/Page_2GrowHr - Menu_Report/Attentance mouseover")): Object: 'Object Repository/Page_2GrowHr - Menu_Report/Attentance mouseover' is clicked on

15-02-2024T18:02:48 - [MESSAGE][PASSED] - Object: 'Object Repository/Page_2GrowHr - Menu_Report/Attentance mouseover' is clicked on

15-02-2024T18:02:48 - [TEST_STEP][PASSED] - delay(3): Delayed 3 second(s)

15-02-2024T18:02:51 - [MESSAGE][PASSED] - Delayed 3 second(s)

15-02-2024T18:02:51 - [TEST_STEP][PASSED] - click(findTestObject("Object Repository/Page_2GrowHr - Menu_Report/General Attendance Summary - Report")): Object: 'Object Repository/Page_2GrowHr - Menu_Report/General Attendance Summary - Report' is clicked on

15-02-2024T18:02:53 - [MESSAGE][PASSED] - Object: 'Object Repository/Page_2GrowHr - Menu_Report/General Attendance Summary - Report' is clicked on

15-02-2024T18:02:53 - [TEST_STEP][PASSED] - click(findTestObject("Object Repository/Page_2GrowHr - Menu_Report/Date selection field")): Object: 'Object Repository/Page_2GrowHr - Menu_Report/Date selection field' is clicked on

15-02-2024T18:02:53 - [MESSAGE][PASSED] - Object: 'Object Repository/Page_2GrowHr - Menu_Report/Date selection field' is clicked on

15-02-2024T18:02:53 - [TEST_STEP][PASSED] - setText(findTestObject("Object Repository/Page_2GrowHr - Menu_Report/Date selection field"), currentDateStr): Text '02/15/2024' is set on object 'Object Repository/Page_2GrowHr - Menu_Report/Date selection field'

15-02-2024T18:02:55 - [MESSAGE][PASSED] - Text '02/15/2024' is set on object 'Object Repository/Page_2GrowHr - Menu_Report/Date selection field'

15-02-2024T18:02:55 - [TEST_STEP][PASSED] - delay(3): Delayed 3 second(s)

15-02-2024T18:02:58 - [MESSAGE][PASSED] - Delayed 3 second(s)

15-02-2024T18:02:58 - [TEST_STEP][PASSED] - click(findTestObject("Object Repository/Page_2GrowHr - Menu_Report/Get Report button")): Object: 'Object Repository/Page_2GrowHr - Menu_Report/Get Report button' is clicked on

15-02-2024T18:02:58 - [MESSAGE][PASSED] - Object: 'Object Repository/Page_2GrowHr - Menu_Report/Get Report button' is clicked on

15-02-2024T18:02:58 - [TEST_STEP][PASSED] - delay(15): Delayed 15 second(s)

15-02-2024T18:03:13 - [MESSAGE][PASSED] - Delayed 15 second(s)

15-02-2024T18:03:13 - [TEST_STEP][PASSED] - click(findTestObject("Object Repository/Page_2GrowHr - Dashboard/Logout button")): Object: 'Object Repository/Page_2GrowHr - Dashboard/Logout button' is clicked on

15-02-2024T18:03:14 - [MESSAGE][PASSED] - Object: 'Object Repository/Page_2GrowHr - Dashboard/Logout button' is clicked on

15-02-2024T18:03:14 - [TEST_STEP][PASSED] - delay(3): Delayed 3 second(s)

15-02-2024T18:03:17 - [MESSAGE][PASSED] - Delayed 3 second(s)

15-02-2024T18:03:17 - [TEST_STEP][PASSED] - closeBrowser(): Browser is closed

15-02-2024T18:03:18 - [MESSAGE][PASSED] - Browser is closed

15-02-2024T18:03:18 - [TEST_STEP][PASSED] - url = Data.getValue("URL", i): null

15-02-2024T18:03:18 - [TEST_STEP][PASSED] - username = Data.getValue("Username", i): null

15-02-2024T18:03:18 - [TEST_STEP][PASSED] - password = Data.getValue("Password", i): null

15-02-2024T18:03:18 - [TEST_STEP][PASSED] - checkinRemark = Data.getValue("CheckinRemark", i): null

15-02-2024T18:03:18 - [TEST_STEP][PASSED] - openBrowser(""): Browser is opened with url: ''

15-02-2024T18:03:18 - [MESSAGE][INFO] - Starting 'Chrome' driver

15-02-2024T18:03:18 - [MESSAGE][INFO] - Action delay is set to 0 milliseconds

15-02-2024T18:03:19 - [MESSAGE][PASSED] - Browser is opened with url: ''

15-02-2024T18:03:19 - [TEST_STEP][PASSED] - maximizeWindow(): Current window maximized

15-02-2024T18:03:19 - [MESSAGE][PASSED] - Current window maximized

15-02-2024T18:03:19 - [TEST_STEP][PASSED] - navigateToUrl(url): Navigate to 'http://testing.2growhr.io/' successfully

15-02-2024T18:03:23 - [MESSAGE][PASSED] - Navigate to 'http://testing.2growhr.io/' successfully

15-02-2024T18:03:23 - [TEST_STEP][PASSED] - setText(findTestObject("Object Repository/Page_2GrowHR - Login/UserName"), username): Text 'CBS0952' is set on object 'Object Repository/Page_2GrowHR - Login/UserName'

15-02-2024T18:03:24 - [MESSAGE][PASSED] - Text 'CBS0952' is set on object 'Object Repository/Page_2GrowHR - Login/UserName'

15-02-2024T18:03:24 - [TEST_STEP][PASSED] - setText(findTestObject("Object Repository/Page_2GrowHR - Login/Password"), password): Text '123' is set on object 'Object Repository/Page_2GrowHR - Login/Password'

15-02-2024T18:03:24 - [MESSAGE][PASSED] - Text '123' is set on object 'Object Repository/Page_2GrowHR - Login/Password'

15-02-2024T18:03:24 - [TEST_STEP][PASSED] - click(findTestObject("Object Repository/Page_2GrowHR - Login/Password - view icon")): Object: 'Object Repository/Page_2GrowHR - Login/Password - view icon' is clicked on

15-02-2024T18:03:25 - [MESSAGE][PASSED] - Object: 'Object Repository/Page_2GrowHR - Login/Password - view icon' is clicked on

15-02-2024T18:03:25 - [TEST_STEP][PASSED] - delay(2): Delayed 2 second(s)

15-02-2024T18:03:27 - [MESSAGE][PASSED] - Delayed 2 second(s)

15-02-2024T18:03:27 - [TEST_STEP][PASSED] - click(findTestObject("Object Repository/Page_2GrowHR - Login/Login Button")): Object: 'Object Repository/Page_2GrowHR - Login/Login Button' is clicked on

15-02-2024T18:03:37 - [MESSAGE][PASSED] - Object: 'Object Repository/Page_2GrowHR - Login/Login Button' is clicked on

15-02-2024T18:03:37 - [TEST_STEP][PASSED] - delay(3): Delayed 3 second(s)

15-02-2024T18:03:40 - [MESSAGE][PASSED] - Delayed 3 second(s)

15-02-2024T18:03:40 - [TEST_STEP][PASSED] - click(findTestObject("Object Repository/Page_2GrowHr - Dashboard/Checkin button BR")): Object: 'Object Repository/Page_2GrowHr - Dashboard/Checkin button BR' is clicked on

15-02-2024T18:03:41 - [MESSAGE][PASSED] - Object: 'Object Repository/Page_2GrowHr - Dashboard/Checkin button BR' is clicked on

15-02-2024T18:03:41 - [TEST_STEP][PASSED] - setText(findTestObject("Object Repository/Page_2GrowHr - Dashboard/Checkin remark"), checkinRemark): Text 'CheckinRemark' is set on object 'Object Repository/Page_2GrowHr - Dashboard/Checkin remark'

15-02-2024T18:03:42 - [MESSAGE][PASSED] - Text 'CheckinRemark' is set on object 'Object Repository/Page_2GrowHr - Dashboard/Checkin remark'

15-02-2024T18:03:42 - [TEST_STEP][PASSED] - delay(3): Delayed 3 second(s)

15-02-2024T18:03:45 - [MESSAGE][PASSED] - Delayed 3 second(s)

15-02-2024T18:03:45 - [TEST_STEP][PASSED] - click(findTestObject("Object Repository/Page_2GrowHr - Dashboard/Checkin button AR")): Object: 'Object Repository/Page_2GrowHr - Dashboard/Checkin button AR' is clicked on

15-02-2024T18:03:46 - [MESSAGE][PASSED] - Object: 'Object Repository/Page_2GrowHr - Dashboard/Checkin button AR' is clicked on

15-02-2024T18:03:46 - [TEST_STEP][PASSED] - delay(5): Delayed 5 second(s)

15-02-2024T18:03:51 - [MESSAGE][PASSED] - Delayed 5 second(s)

15-02-2024T18:03:51 - [TEST_STEP][PASSED] - click(findTestObject("Object Repository/Page_2GrowHr - Menu_Report/Attentance mouseover")): Object: 'Object Repository/Page_2GrowHr - Menu_Report/Attentance mouseover' is clicked on

15-02-2024T18:03:52 - [MESSAGE][PASSED] - Object: 'Object Repository/Page_2GrowHr - Menu_Report/Attentance mouseover' is clicked on

15-02-2024T18:03:52 - [TEST_STEP][PASSED] - delay(3): Delayed 3 second(s)

15-02-2024T18:03:55 - [MESSAGE][PASSED] - Delayed 3 second(s)

15-02-2024T18:03:55 - [TEST_STEP][PASSED] - click(findTestObject("Object Repository/Page_2GrowHr - Menu_Report/General Attendance Summary - Report")): Object: 'Object Repository/Page_2GrowHr - Menu_Report/General Attendance Summary - Report' is clicked on

15-02-2024T18:03:58 - [MESSAGE][PASSED] - Object: 'Object Repository/Page_2GrowHr - Menu_Report/General Attendance Summary - Report' is clicked on

15-02-2024T18:03:58 - [TEST_STEP][PASSED] - click(findTestObject("Object Repository/Page_2GrowHr - Menu_Report/Date selection field")): Object: 'Object Repository/Page_2GrowHr - Menu_Report/Date selection field' is clicked on

15-02-2024T18:03:58 - [MESSAGE][PASSED] - Object: 'Object Repository/Page_2GrowHr - Menu_Report/Date selection field' is clicked on

15-02-2024T18:03:58 - [TEST_STEP][PASSED] - setText(findTestObject("Object Repository/Page_2GrowHr - Menu_Report/Date selection field"), currentDateStr): Text '02/15/2024' is set on object 'Object Repository/Page_2GrowHr - Menu_Report/Date selection field'

15-02-2024T18:03:59 - [MESSAGE][PASSED] - Text '02/15/2024' is set on object 'Object Repository/Page_2GrowHr - Menu_Report/Date selection field'

15-02-2024T18:03:59 - [TEST_STEP][PASSED] - delay(3): Delayed 3 second(s)

15-02-2024T18:04:02 - [MESSAGE][PASSED] - Delayed 3 second(s)

15-02-2024T18:04:02 - [TEST_STEP][PASSED] - click(findTestObject("Object Repository/Page_2GrowHr - Menu_Report/Get Report button")): Object: 'Object Repository/Page_2GrowHr - Menu_Report/Get Report button' is clicked on

15-02-2024T18:04:03 - [MESSAGE][PASSED] - Object: 'Object Repository/Page_2GrowHr - Menu_Report/Get Report button' is clicked on

15-02-2024T18:04:03 - [TEST_STEP][PASSED] - delay(15): Delayed 15 second(s)

15-02-2024T18:04:18 - [MESSAGE][PASSED] - Delayed 15 second(s)

15-02-2024T18:04:18 - [TEST_STEP][PASSED] - click(findTestObject("Object Repository/Page_2GrowHr - Dashboard/Logout button")): Object: 'Object Repository/Page_2GrowHr - Dashboard/Logout button' is clicked on

15-02-2024T18:04:19 - [MESSAGE][PASSED] - Object: 'Object Repository/Page_2GrowHr - Dashboard/Logout button' is clicked on

15-02-2024T18:04:19 - [TEST_STEP][PASSED] - delay(3): Delayed 3 second(s)

15-02-2024T18:04:22 - [MESSAGE][PASSED] - Delayed 3 second(s)

15-02-2024T18:04:22 - [TEST_STEP][PASSED] - closeBrowser(): Browser is closed

15-02-2024T18:04:22 - [MESSAGE][PASSED] - Browser is closed]]></system-out>
         <system-err><![CDATA[]]></system-err>
      </testcase>
      <system-out><![CDATA[15-02-2024T17:57:44 - [TEST_SUITE][PASSED] - Login and do checkin: Test Cases/Login and do checkin]]></system-out>
      <system-err><![CDATA[]]></system-err>
   </testsuite>
</testsuites>
