<?xml version="1.0" encoding="UTF-8"?>
<testsuites name="Apply OD and Checkin" time="178.67" tests="1" failures="0" errors="0">
   <testsuite name="Apply OD and Checkin" tests="1" failures="0" errors="0" time="178.67" skipped="0" timestamp="25-03-2024T10:05:17" hostname="91957 - Lead-Force-CRM" id="Test Suites/Apply OD and Checkin">
      <properties>
         <property name="deviceName" value=""/>
         <property name="devicePlatform" value=""/>
         <property name="logFolder" value="C:\\Users\\91957\\Desktop\\Automation Testing - Katalon\\Payroll Web\\Reports\\20240325_095811\\Apply OD and Checkin\\20240325_095816"/>
         <property name="logFiles" value="C:\\Users\\91957\\Desktop\\Automation Testing - Katalon\\Payroll Web\\Reports\\20240325_095811\\Apply OD and Checkin\\20240325_095816\\execution0.log"/>
         <property name="attachments" value=""/>
         <property name="hostName" value="91957 - Lead-Force-CRM"/>
         <property name="os" value="Windows 11 64bit"/>
         <property name="katalonVersion" value="9.3.0.212"/>
         <property name="browser" value="Chrome 122.0.0.0"/>
         <property name="hostAddress" value="192.168.29.70"/>
         <property name="sessionId" value="2dfd0bf2192b7bf50e1ed4528f97b147"/>
         <property name="seleniumVersion" value="3.141.59"/>
         <property name="proxyInformation" value="ProxyInformation { proxyOption=NO_PROXY, proxyServerType=HTTP, username=, password=********, proxyServerAddress=, proxyServerPort=0, executionList=&quot;&quot;, isApplyToDesiredCapabilities=true }"/>
         <property name="platform" value="Windows 11"/>
      </properties>
      <testcase name="Test Cases/Apply OD and Checkin" time="178.46" classname="Test Cases/Apply OD and Checkin" status="PASSED">
         <system-out><![CDATA[25-03-2024T10:05:17 - [TEST_CASE][PASSED] - Test Cases/Apply OD and Checkin: Test Cases/Apply OD and Checkin

25-03-2024T10:05:18 - [TEST_STEP][PASSED] - Data = findTestData("Apply OD and Checkin"): null

25-03-2024T10:05:18 - [TEST_STEP][PASSED] - dateFormat = new java.text.SimpleDateFormat(MM/dd/yyyy): null

25-03-2024T10:05:18 - [TEST_STEP][PASSED] - currentDate = getInstance().getTime(): null

25-03-2024T10:05:18 - [TEST_STEP][PASSED] - currentDateStr = dateFormat.format(currentDate): null

25-03-2024T10:05:18 - [TEST_STEP][PASSED] - for ([i = 1, i <= Data.getRowNumbers(), (i++)]): Browser is closed

25-03-2024T10:05:18 - [TEST_STEP][PASSED] - url = Data.getValue("URL", i): null

25-03-2024T10:05:18 - [TEST_STEP][PASSED] - username = Data.getValue("Username", i): null

25-03-2024T10:05:18 - [TEST_STEP][PASSED] - password = Data.getValue("Password", i): null

25-03-2024T10:05:18 - [TEST_STEP][PASSED] - checkinRemark = Data.getValue("CheckinRemark", i): null

25-03-2024T10:05:18 - [TEST_STEP][PASSED] - ODRemark = Data.getValue("ODRemark", i): null

25-03-2024T10:05:18 - [TEST_STEP][PASSED] - openBrowser(""): Browser is opened with url: ''

25-03-2024T10:05:18 - [MESSAGE][INFO] - Starting 'Chrome' driver

25-03-2024T10:05:18 - [MESSAGE][INFO] - Action delay is set to 0 milliseconds

25-03-2024T10:05:20 - [MESSAGE][PASSED] - Browser is opened with url: ''

25-03-2024T10:05:20 - [TEST_STEP][PASSED] - maximizeWindow(): Current window maximized

25-03-2024T10:05:20 - [MESSAGE][PASSED] - Current window maximized

25-03-2024T10:05:20 - [TEST_STEP][PASSED] - navigateToUrl(url): Navigate to 'http://testing.2growhr.io/' successfully

25-03-2024T10:05:27 - [MESSAGE][PASSED] - Navigate to 'http://testing.2growhr.io/' successfully

25-03-2024T10:05:27 - [TEST_STEP][PASSED] - setText(findTestObject("Object Repository/Page_2GrowHR - Login/UserName"), username): Text 'CBS1665' is set on object 'Object Repository/Page_2GrowHR - Login/UserName'

25-03-2024T10:05:28 - [MESSAGE][PASSED] - Text 'CBS1665' is set on object 'Object Repository/Page_2GrowHR - Login/UserName'

25-03-2024T10:05:28 - [TEST_STEP][PASSED] - setText(findTestObject("Object Repository/Page_2GrowHR - Login/Password"), password): Text '123' is set on object 'Object Repository/Page_2GrowHR - Login/Password'

25-03-2024T10:05:28 - [MESSAGE][PASSED] - Text '123' is set on object 'Object Repository/Page_2GrowHR - Login/Password'

25-03-2024T10:05:28 - [TEST_STEP][PASSED] - click(findTestObject("Object Repository/Page_2GrowHR - Login/Password - view icon")): Object: 'Object Repository/Page_2GrowHR - Login/Password - view icon' is clicked on

25-03-2024T10:05:29 - [MESSAGE][PASSED] - Object: 'Object Repository/Page_2GrowHR - Login/Password - view icon' is clicked on

25-03-2024T10:05:29 - [TEST_STEP][PASSED] - delay(2): Delayed 2 second(s)

25-03-2024T10:05:31 - [MESSAGE][PASSED] - Delayed 2 second(s)

25-03-2024T10:05:31 - [TEST_STEP][PASSED] - click(findTestObject("Object Repository/Page_2GrowHR - Login/Login Button")): Object: 'Object Repository/Page_2GrowHR - Login/Login Button' is clicked on

25-03-2024T10:05:45 - [MESSAGE][PASSED] - Object: 'Object Repository/Page_2GrowHR - Login/Login Button' is clicked on

25-03-2024T10:05:45 - [TEST_STEP][PASSED] - delay(2): Delayed 2 second(s)

25-03-2024T10:05:47 - [MESSAGE][PASSED] - Delayed 2 second(s)

25-03-2024T10:05:47 - [TEST_STEP][PASSED] - click(findTestObject("Object Repository/Page_2GrowHr - Dashboard/On Duty button")): Object: 'Object Repository/Page_2GrowHr - Dashboard/On Duty button' is clicked on

25-03-2024T10:05:48 - [MESSAGE][PASSED] - Object: 'Object Repository/Page_2GrowHr - Dashboard/On Duty button' is clicked on

25-03-2024T10:05:48 - [TEST_STEP][PASSED] - click(findTestObject("Object Repository/Page_2GrowHr - Dashboard/OD date selection")): Object: 'Object Repository/Page_2GrowHr - Dashboard/OD date selection' is clicked on

25-03-2024T10:05:48 - [MESSAGE][PASSED] - Object: 'Object Repository/Page_2GrowHr - Dashboard/OD date selection' is clicked on

25-03-2024T10:05:48 - [TEST_STEP][PASSED] - setText(findTestObject("Object Repository/Page_2GrowHr - Dashboard/OD date selection"), currentDateStr): Text '03/25/2024' is set on object 'Object Repository/Page_2GrowHr - Dashboard/OD date selection'

25-03-2024T10:05:50 - [MESSAGE][PASSED] - Text '03/25/2024' is set on object 'Object Repository/Page_2GrowHr - Dashboard/OD date selection'

25-03-2024T10:05:50 - [TEST_STEP][PASSED] - click(findTestObject("Object Repository/Page_2GrowHr - Dashboard/img__img-fluid week_calender_icon dp_align_OD")): Object: 'Object Repository/Page_2GrowHr - Dashboard/img__img-fluid week_calender_icon dp_align_OD' is clicked on

25-03-2024T10:05:50 - [MESSAGE][PASSED] - Object: 'Object Repository/Page_2GrowHr - Dashboard/img__img-fluid week_calender_icon dp_align_OD' is clicked on

25-03-2024T10:05:50 - [TEST_STEP][PASSED] - setText(findTestObject("Object Repository/Page_2GrowHr - Dashboard/OD Remarks"), ODRemark): Text 'OD Applied' is set on object 'Object Repository/Page_2GrowHr - Dashboard/OD Remarks'

25-03-2024T10:05:51 - [MESSAGE][PASSED] - Text 'OD Applied' is set on object 'Object Repository/Page_2GrowHr - Dashboard/OD Remarks'

25-03-2024T10:05:51 - [TEST_STEP][PASSED] - delay(2): Delayed 2 second(s)

25-03-2024T10:05:53 - [MESSAGE][PASSED] - Delayed 2 second(s)

25-03-2024T10:05:53 - [TEST_STEP][PASSED] - click(findTestObject("Object Repository/Page_2GrowHr - Dashboard/OD Save button")): Object: 'Object Repository/Page_2GrowHr - Dashboard/OD Save button' is clicked on

25-03-2024T10:05:54 - [MESSAGE][PASSED] - Object: 'Object Repository/Page_2GrowHr - Dashboard/OD Save button' is clicked on

25-03-2024T10:05:54 - [TEST_STEP][PASSED] - delay(2): Delayed 2 second(s)

25-03-2024T10:05:56 - [MESSAGE][PASSED] - Delayed 2 second(s)

25-03-2024T10:05:56 - [TEST_STEP][PASSED] - click(findTestObject("Object Repository/Page_2GrowHr - Dashboard/Checkin button BR")): Object: 'Object Repository/Page_2GrowHr - Dashboard/Checkin button BR' is clicked on

25-03-2024T10:06:05 - [MESSAGE][PASSED] - Object: 'Object Repository/Page_2GrowHr - Dashboard/Checkin button BR' is clicked on

25-03-2024T10:06:05 - [TEST_STEP][PASSED] - setText(findTestObject("Object Repository/Page_2GrowHr - Dashboard/Checkin remark"), checkinRemark + " " + currentDateStr): Text 'OD CheckinRemark 03/25/2024' is set on object 'Object Repository/Page_2GrowHr - Dashboard/Checkin remark'

25-03-2024T10:06:06 - [MESSAGE][PASSED] - Text 'OD CheckinRemark 03/25/2024' is set on object 'Object Repository/Page_2GrowHr - Dashboard/Checkin remark'

25-03-2024T10:06:06 - [TEST_STEP][PASSED] - delay(2): Delayed 2 second(s)

25-03-2024T10:06:08 - [MESSAGE][PASSED] - Delayed 2 second(s)

25-03-2024T10:06:08 - [TEST_STEP][PASSED] - click(findTestObject("Object Repository/Page_2GrowHr - Dashboard/Checkin button AR")): Object: 'Object Repository/Page_2GrowHr - Dashboard/Checkin button AR' is clicked on

25-03-2024T10:06:09 - [MESSAGE][PASSED] - Object: 'Object Repository/Page_2GrowHr - Dashboard/Checkin button AR' is clicked on

25-03-2024T10:06:09 - [TEST_STEP][PASSED] - delay(2): Delayed 2 second(s)

25-03-2024T10:06:11 - [MESSAGE][PASSED] - Delayed 2 second(s)

25-03-2024T10:06:11 - [TEST_STEP][PASSED] - click(findTestObject("Object Repository/Page_2GrowHr - Menu_Report/Attentance mouseover")): Object: 'Object Repository/Page_2GrowHr - Menu_Report/Attentance mouseover' is clicked on

25-03-2024T10:06:12 - [MESSAGE][PASSED] - Object: 'Object Repository/Page_2GrowHr - Menu_Report/Attentance mouseover' is clicked on

25-03-2024T10:06:12 - [TEST_STEP][PASSED] - delay(2): Delayed 2 second(s)

25-03-2024T10:06:14 - [MESSAGE][PASSED] - Delayed 2 second(s)

25-03-2024T10:06:14 - [TEST_STEP][PASSED] - click(findTestObject("Object Repository/Page_2GrowHr - Menu_Report/Day Count Attendance Summary report")): Object: 'Object Repository/Page_2GrowHr - Menu_Report/Day Count Attendance Summary report' is clicked on

25-03-2024T10:06:17 - [MESSAGE][PASSED] - Object: 'Object Repository/Page_2GrowHr - Menu_Report/Day Count Attendance Summary report' is clicked on

25-03-2024T10:06:17 - [TEST_STEP][PASSED] - click(findTestObject("Object Repository/Page_2GrowHr - Real Time Report/Select Date range field day count attendance report")): Object: 'Object Repository/Page_2GrowHr - Real Time Report/Select Date range field day count attendance report' is clicked on

25-03-2024T10:06:20 - [MESSAGE][PASSED] - Object: 'Object Repository/Page_2GrowHr - Real Time Report/Select Date range field day count attendance report' is clicked on

25-03-2024T10:06:20 - [TEST_STEP][PASSED] - delay(2): Delayed 2 second(s)

25-03-2024T10:06:22 - [MESSAGE][PASSED] - Delayed 2 second(s)

25-03-2024T10:06:22 - [TEST_STEP][PASSED] - click(findTestObject("Object Repository/Page_2GrowHr - Real Time Report/Today")): Object: 'Object Repository/Page_2GrowHr - Real Time Report/Today' is clicked on

25-03-2024T10:06:22 - [MESSAGE][PASSED] - Object: 'Object Repository/Page_2GrowHr - Real Time Report/Today' is clicked on

25-03-2024T10:06:22 - [TEST_STEP][PASSED] - click(findTestObject("Object Repository/Page_2GrowHr - Real Time Report/Get Report button")): Object: 'Object Repository/Page_2GrowHr - Real Time Report/Get Report button' is clicked on

25-03-2024T10:06:22 - [MESSAGE][PASSED] - Object: 'Object Repository/Page_2GrowHr - Real Time Report/Get Report button' is clicked on

25-03-2024T10:06:22 - [TEST_STEP][PASSED] - delay(2): Delayed 2 second(s)

25-03-2024T10:06:24 - [MESSAGE][PASSED] - Delayed 2 second(s)

25-03-2024T10:06:24 - [TEST_STEP][PASSED] - linkElement = getWebDriver().findElement(By.xpath("//*[@id="datatable"]/tbody/tr/td[2]/a")): null

25-03-2024T10:06:26 - [TEST_STEP][PASSED] - linkElement.click(): null

25-03-2024T10:06:26 - [TEST_STEP][PASSED] - delay(5): Delayed 5 second(s)

25-03-2024T10:06:31 - [MESSAGE][PASSED] - Delayed 5 second(s)

25-03-2024T10:06:31 - [TEST_STEP][PASSED] - closeBrowser(): Browser is closed

25-03-2024T10:06:31 - [MESSAGE][PASSED] - Browser is closed

25-03-2024T10:06:31 - [TEST_STEP][PASSED] - url = Data.getValue("URL", i): null

25-03-2024T10:06:31 - [TEST_STEP][PASSED] - username = Data.getValue("Username", i): null

25-03-2024T10:06:31 - [TEST_STEP][PASSED] - password = Data.getValue("Password", i): null

25-03-2024T10:06:31 - [TEST_STEP][PASSED] - checkinRemark = Data.getValue("CheckinRemark", i): null

25-03-2024T10:06:31 - [TEST_STEP][PASSED] - ODRemark = Data.getValue("ODRemark", i): null

25-03-2024T10:06:31 - [TEST_STEP][PASSED] - openBrowser(""): Browser is opened with url: ''

25-03-2024T10:06:31 - [MESSAGE][INFO] - Starting 'Chrome' driver

25-03-2024T10:06:31 - [MESSAGE][INFO] - Action delay is set to 0 milliseconds

25-03-2024T10:06:32 - [MESSAGE][PASSED] - Browser is opened with url: ''

25-03-2024T10:06:32 - [TEST_STEP][PASSED] - maximizeWindow(): Current window maximized

25-03-2024T10:06:33 - [MESSAGE][PASSED] - Current window maximized

25-03-2024T10:06:33 - [TEST_STEP][PASSED] - navigateToUrl(url): Navigate to 'http://testing.2growhr.io/' successfully

25-03-2024T10:06:37 - [MESSAGE][PASSED] - Navigate to 'http://testing.2growhr.io/' successfully

25-03-2024T10:06:37 - [TEST_STEP][PASSED] - setText(findTestObject("Object Repository/Page_2GrowHR - Login/UserName"), username): Text 'CBS0499' is set on object 'Object Repository/Page_2GrowHR - Login/UserName'

25-03-2024T10:06:40 - [MESSAGE][PASSED] - Text 'CBS0499' is set on object 'Object Repository/Page_2GrowHR - Login/UserName'

25-03-2024T10:06:40 - [TEST_STEP][PASSED] - setText(findTestObject("Object Repository/Page_2GrowHR - Login/Password"), password): Text '123' is set on object 'Object Repository/Page_2GrowHR - Login/Password'

25-03-2024T10:06:44 - [MESSAGE][PASSED] - Text '123' is set on object 'Object Repository/Page_2GrowHR - Login/Password'

25-03-2024T10:06:44 - [TEST_STEP][PASSED] - click(findTestObject("Object Repository/Page_2GrowHR - Login/Password - view icon")): Object: 'Object Repository/Page_2GrowHR - Login/Password - view icon' is clicked on

25-03-2024T10:06:46 - [MESSAGE][PASSED] - Object: 'Object Repository/Page_2GrowHR - Login/Password - view icon' is clicked on

25-03-2024T10:06:46 - [TEST_STEP][PASSED] - delay(2): Delayed 2 second(s)

25-03-2024T10:06:48 - [MESSAGE][PASSED] - Delayed 2 second(s)

25-03-2024T10:06:48 - [TEST_STEP][PASSED] - click(findTestObject("Object Repository/Page_2GrowHR - Login/Login Button")): Object: 'Object Repository/Page_2GrowHR - Login/Login Button' is clicked on

25-03-2024T10:07:06 - [MESSAGE][PASSED] - Object: 'Object Repository/Page_2GrowHR - Login/Login Button' is clicked on

25-03-2024T10:07:06 - [TEST_STEP][PASSED] - delay(2): Delayed 2 second(s)

25-03-2024T10:07:08 - [MESSAGE][PASSED] - Delayed 2 second(s)

25-03-2024T10:07:08 - [TEST_STEP][PASSED] - click(findTestObject("Object Repository/Page_2GrowHr - Dashboard/On Duty button")): Object: 'Object Repository/Page_2GrowHr - Dashboard/On Duty button' is clicked on

25-03-2024T10:07:10 - [MESSAGE][PASSED] - Object: 'Object Repository/Page_2GrowHr - Dashboard/On Duty button' is clicked on

25-03-2024T10:07:10 - [TEST_STEP][PASSED] - click(findTestObject("Object Repository/Page_2GrowHr - Dashboard/OD date selection")): Object: 'Object Repository/Page_2GrowHr - Dashboard/OD date selection' is clicked on

25-03-2024T10:07:12 - [MESSAGE][PASSED] - Object: 'Object Repository/Page_2GrowHr - Dashboard/OD date selection' is clicked on

25-03-2024T10:07:12 - [TEST_STEP][PASSED] - setText(findTestObject("Object Repository/Page_2GrowHr - Dashboard/OD date selection"), currentDateStr): Text '03/25/2024' is set on object 'Object Repository/Page_2GrowHr - Dashboard/OD date selection'

25-03-2024T10:07:16 - [MESSAGE][PASSED] - Text '03/25/2024' is set on object 'Object Repository/Page_2GrowHr - Dashboard/OD date selection'

25-03-2024T10:07:16 - [TEST_STEP][PASSED] - click(findTestObject("Object Repository/Page_2GrowHr - Dashboard/img__img-fluid week_calender_icon dp_align_OD")): Object: 'Object Repository/Page_2GrowHr - Dashboard/img__img-fluid week_calender_icon dp_align_OD' is clicked on

25-03-2024T10:07:18 - [MESSAGE][PASSED] - Object: 'Object Repository/Page_2GrowHr - Dashboard/img__img-fluid week_calender_icon dp_align_OD' is clicked on

25-03-2024T10:07:18 - [TEST_STEP][PASSED] - setText(findTestObject("Object Repository/Page_2GrowHr - Dashboard/OD Remarks"), ODRemark): Text 'OD Applied' is set on object 'Object Repository/Page_2GrowHr - Dashboard/OD Remarks'

25-03-2024T10:07:22 - [MESSAGE][PASSED] - Text 'OD Applied' is set on object 'Object Repository/Page_2GrowHr - Dashboard/OD Remarks'

25-03-2024T10:07:22 - [TEST_STEP][PASSED] - delay(2): Delayed 2 second(s)

25-03-2024T10:07:24 - [MESSAGE][PASSED] - Delayed 2 second(s)

25-03-2024T10:07:24 - [TEST_STEP][PASSED] - click(findTestObject("Object Repository/Page_2GrowHr - Dashboard/OD Save button")): Object: 'Object Repository/Page_2GrowHr - Dashboard/OD Save button' is clicked on

25-03-2024T10:07:27 - [MESSAGE][PASSED] - Object: 'Object Repository/Page_2GrowHr - Dashboard/OD Save button' is clicked on

25-03-2024T10:07:27 - [TEST_STEP][PASSED] - delay(2): Delayed 2 second(s)

25-03-2024T10:07:29 - [MESSAGE][PASSED] - Delayed 2 second(s)

25-03-2024T10:07:29 - [TEST_STEP][PASSED] - click(findTestObject("Object Repository/Page_2GrowHr - Dashboard/Checkin button BR")): Object: 'Object Repository/Page_2GrowHr - Dashboard/Checkin button BR' is clicked on

25-03-2024T10:07:35 - [MESSAGE][PASSED] - Object: 'Object Repository/Page_2GrowHr - Dashboard/Checkin button BR' is clicked on

25-03-2024T10:07:35 - [TEST_STEP][PASSED] - setText(findTestObject("Object Repository/Page_2GrowHr - Dashboard/Checkin remark"), checkinRemark + " " + currentDateStr): Text 'OD CheckinRemark 03/25/2024' is set on object 'Object Repository/Page_2GrowHr - Dashboard/Checkin remark'

25-03-2024T10:07:39 - [MESSAGE][PASSED] - Text 'OD CheckinRemark 03/25/2024' is set on object 'Object Repository/Page_2GrowHr - Dashboard/Checkin remark'

25-03-2024T10:07:39 - [TEST_STEP][PASSED] - delay(2): Delayed 2 second(s)

25-03-2024T10:07:41 - [MESSAGE][PASSED] - Delayed 2 second(s)

25-03-2024T10:07:41 - [TEST_STEP][PASSED] - click(findTestObject("Object Repository/Page_2GrowHr - Dashboard/Checkin button AR")): Object: 'Object Repository/Page_2GrowHr - Dashboard/Checkin button AR' is clicked on

25-03-2024T10:07:43 - [MESSAGE][PASSED] - Object: 'Object Repository/Page_2GrowHr - Dashboard/Checkin button AR' is clicked on

25-03-2024T10:07:43 - [TEST_STEP][PASSED] - delay(2): Delayed 2 second(s)

25-03-2024T10:07:45 - [MESSAGE][PASSED] - Delayed 2 second(s)

25-03-2024T10:07:45 - [TEST_STEP][PASSED] - click(findTestObject("Object Repository/Page_2GrowHr - Menu_Report/Attentance mouseover")): Object: 'Object Repository/Page_2GrowHr - Menu_Report/Attentance mouseover' is clicked on

25-03-2024T10:07:47 - [MESSAGE][PASSED] - Object: 'Object Repository/Page_2GrowHr - Menu_Report/Attentance mouseover' is clicked on

25-03-2024T10:07:47 - [TEST_STEP][PASSED] - delay(2): Delayed 2 second(s)

25-03-2024T10:07:49 - [MESSAGE][PASSED] - Delayed 2 second(s)

25-03-2024T10:07:49 - [TEST_STEP][PASSED] - click(findTestObject("Object Repository/Page_2GrowHr - Menu_Report/Day Count Attendance Summary report")): Object: 'Object Repository/Page_2GrowHr - Menu_Report/Day Count Attendance Summary report' is clicked on

25-03-2024T10:07:55 - [MESSAGE][PASSED] - Object: 'Object Repository/Page_2GrowHr - Menu_Report/Day Count Attendance Summary report' is clicked on

25-03-2024T10:07:55 - [TEST_STEP][PASSED] - click(findTestObject("Object Repository/Page_2GrowHr - Real Time Report/Select Date range field day count attendance report")): Object: 'Object Repository/Page_2GrowHr - Real Time Report/Select Date range field day count attendance report' is clicked on

25-03-2024T10:08:00 - [MESSAGE][PASSED] - Object: 'Object Repository/Page_2GrowHr - Real Time Report/Select Date range field day count attendance report' is clicked on

25-03-2024T10:08:00 - [TEST_STEP][PASSED] - delay(2): Delayed 2 second(s)

25-03-2024T10:08:02 - [MESSAGE][PASSED] - Delayed 2 second(s)

25-03-2024T10:08:02 - [TEST_STEP][PASSED] - click(findTestObject("Object Repository/Page_2GrowHr - Real Time Report/Today")): Object: 'Object Repository/Page_2GrowHr - Real Time Report/Today' is clicked on

25-03-2024T10:08:04 - [MESSAGE][PASSED] - Object: 'Object Repository/Page_2GrowHr - Real Time Report/Today' is clicked on

25-03-2024T10:08:04 - [TEST_STEP][PASSED] - click(findTestObject("Object Repository/Page_2GrowHr - Real Time Report/Get Report button")): Object: 'Object Repository/Page_2GrowHr - Real Time Report/Get Report button' is clicked on

25-03-2024T10:08:06 - [MESSAGE][PASSED] - Object: 'Object Repository/Page_2GrowHr - Real Time Report/Get Report button' is clicked on

25-03-2024T10:08:06 - [TEST_STEP][PASSED] - delay(2): Delayed 2 second(s)

25-03-2024T10:08:08 - [MESSAGE][PASSED] - Delayed 2 second(s)

25-03-2024T10:08:08 - [TEST_STEP][PASSED] - linkElement = getWebDriver().findElement(By.xpath("//*[@id="datatable"]/tbody/tr/td[2]/a")): null

25-03-2024T10:08:10 - [TEST_STEP][PASSED] - linkElement.click(): null

25-03-2024T10:08:10 - [TEST_STEP][PASSED] - delay(5): Delayed 5 second(s)

25-03-2024T10:08:15 - [MESSAGE][PASSED] - Delayed 5 second(s)

25-03-2024T10:08:15 - [TEST_STEP][PASSED] - closeBrowser(): Browser is closed

25-03-2024T10:08:15 - [MESSAGE][PASSED] - Browser is closed]]></system-out>
         <system-err><![CDATA[]]></system-err>
      </testcase>
      <system-out><![CDATA[25-03-2024T10:05:17 - [TEST_SUITE][PASSED] - Apply OD and Checkin: Test Cases/Apply OD and Checkin]]></system-out>
      <system-err><![CDATA[]]></system-err>
   </testsuite>
</testsuites>
