<?xml version="1.0" encoding="UTF-8"?>
<testsuites name="Login and Checkout" time="378.141" tests="1" failures="0" errors="0">
   <testsuite name="Login and Checkout" tests="1" failures="0" errors="0" time="378.141" skipped="0" timestamp="18-03-2024T14:02:02" hostname="91957 - Lead-Force-CRM" id="Test Suites/Login and Checkout">
      <properties>
         <property name="deviceName" value=""/>
         <property name="devicePlatform" value=""/>
         <property name="logFolder" value="C:\\Users\\91957\\Desktop\\Automation Testing - Katalon\\Payroll Web\\Reports\\20240318_140153\\Login and Checkout\\20240318_140155"/>
         <property name="logFiles" value="C:\\Users\\91957\\Desktop\\Automation Testing - Katalon\\Payroll Web\\Reports\\20240318_140153\\Login and Checkout\\20240318_140155\\execution0.log"/>
         <property name="attachments" value=""/>
         <property name="hostName" value="91957 - Lead-Force-CRM"/>
         <property name="os" value="Windows 11 64bit"/>
         <property name="katalonVersion" value="9.3.0.212"/>
         <property name="browser" value="Chrome 122.0.0.0"/>
         <property name="hostAddress" value="192.168.29.70"/>
         <property name="sessionId" value="a008ec3f27b2dcab9a2246ac5e0ddade"/>
         <property name="seleniumVersion" value="3.141.59"/>
         <property name="proxyInformation" value="ProxyInformation { proxyOption=NO_PROXY, proxyServerType=HTTP, username=, password=********, proxyServerAddress=, proxyServerPort=0, executionList=&quot;&quot;, isApplyToDesiredCapabilities=true }"/>
         <property name="platform" value="Windows 11"/>
      </properties>
      <testcase name="Test Cases/Checkout and do Logout" time="377.975" classname="Test Cases/Checkout and do Logout" status="PASSED">
         <system-out><![CDATA[18-03-2024T14:02:03 - [TEST_CASE][PASSED] - Test Cases/Checkout and do Logout: Test Cases/Checkout and do Logout

18-03-2024T14:02:03 - [TEST_STEP][PASSED] - Data = findTestData("Checkout and do logout"): null

18-03-2024T14:02:03 - [TEST_STEP][PASSED] - dateFormat = new java.text.SimpleDateFormat(MM/dd/yyyy): null

18-03-2024T14:02:03 - [TEST_STEP][PASSED] - currentDate = getInstance().getTime(): null

18-03-2024T14:02:03 - [TEST_STEP][PASSED] - currentDateStr = dateFormat.format(currentDate): null

18-03-2024T14:02:04 - [TEST_STEP][PASSED] - for ([i = 1, i <= Data.getRowNumbers(), (i++)]): Browser is closed

18-03-2024T14:02:04 - [TEST_STEP][PASSED] - url = Data.getValue("URL", i): null

18-03-2024T14:02:04 - [TEST_STEP][PASSED] - username = Data.getValue("Username", i): null

18-03-2024T14:02:04 - [TEST_STEP][PASSED] - password = Data.getValue("Password", i): null

18-03-2024T14:02:04 - [TEST_STEP][PASSED] - checkoutRemark = Data.getValue("CheckoutRemark", i): null

18-03-2024T14:02:04 - [TEST_STEP][PASSED] - openBrowser(""): Browser is opened with url: ''

18-03-2024T14:02:04 - [MESSAGE][INFO] - Starting 'Chrome' driver

18-03-2024T14:02:04 - [MESSAGE][INFO] - Action delay is set to 0 milliseconds

18-03-2024T14:02:05 - [MESSAGE][PASSED] - Browser is opened with url: ''

18-03-2024T14:02:05 - [TEST_STEP][PASSED] - maximizeWindow(): Current window maximized

18-03-2024T14:02:05 - [MESSAGE][PASSED] - Current window maximized

18-03-2024T14:02:05 - [TEST_STEP][PASSED] - navigateToUrl(url): Navigate to 'http://testing.2growhr.io/' successfully

18-03-2024T14:02:09 - [MESSAGE][PASSED] - Navigate to 'http://testing.2growhr.io/' successfully

18-03-2024T14:02:09 - [TEST_STEP][PASSED] - setText(findTestObject("Object Repository/Page_2GrowHR - Login/UserName"), username): Text 'Yashik' is set on object 'Object Repository/Page_2GrowHR - Login/UserName'

18-03-2024T14:02:10 - [MESSAGE][PASSED] - Text 'Yashik' is set on object 'Object Repository/Page_2GrowHR - Login/UserName'

18-03-2024T14:02:10 - [TEST_STEP][PASSED] - setText(findTestObject("Object Repository/Page_2GrowHR - Login/Password"), password): Text '123' is set on object 'Object Repository/Page_2GrowHR - Login/Password'

18-03-2024T14:02:11 - [MESSAGE][PASSED] - Text '123' is set on object 'Object Repository/Page_2GrowHR - Login/Password'

18-03-2024T14:02:11 - [TEST_STEP][PASSED] - click(findTestObject("Object Repository/Page_2GrowHR - Login/Password - view icon")): Object: 'Object Repository/Page_2GrowHR - Login/Password - view icon' is clicked on

18-03-2024T14:02:11 - [MESSAGE][PASSED] - Object: 'Object Repository/Page_2GrowHR - Login/Password - view icon' is clicked on

18-03-2024T14:02:11 - [TEST_STEP][PASSED] - delay(2): Delayed 2 second(s)

18-03-2024T14:02:13 - [MESSAGE][PASSED] - Delayed 2 second(s)

18-03-2024T14:02:13 - [TEST_STEP][PASSED] - click(findTestObject("Object Repository/Page_2GrowHR - Login/Login Button")): Object: 'Object Repository/Page_2GrowHR - Login/Login Button' is clicked on

18-03-2024T14:02:27 - [MESSAGE][PASSED] - Object: 'Object Repository/Page_2GrowHR - Login/Login Button' is clicked on

18-03-2024T14:02:27 - [TEST_STEP][PASSED] - delay(3): Delayed 3 second(s)

18-03-2024T14:02:30 - [MESSAGE][PASSED] - Delayed 3 second(s)

18-03-2024T14:02:30 - [TEST_STEP][PASSED] - click(findTestObject("Object Repository/Page_2GrowHr - Dashboard/Check-Out button BR")): Object: 'Object Repository/Page_2GrowHr - Dashboard/Check-Out button BR' is clicked on

18-03-2024T14:02:31 - [MESSAGE][PASSED] - Object: 'Object Repository/Page_2GrowHr - Dashboard/Check-Out button BR' is clicked on

18-03-2024T14:02:31 - [TEST_STEP][PASSED] - setText(findTestObject("Object Repository/Page_2GrowHr - Dashboard/Checkout Remarks"), checkoutRemark): Text 'CheckoutRemark' is set on object 'Object Repository/Page_2GrowHr - Dashboard/Checkout Remarks'

18-03-2024T14:02:33 - [MESSAGE][PASSED] - Text 'CheckoutRemark' is set on object 'Object Repository/Page_2GrowHr - Dashboard/Checkout Remarks'

18-03-2024T14:02:33 - [TEST_STEP][PASSED] - delay(3): Delayed 3 second(s)

18-03-2024T14:02:36 - [MESSAGE][PASSED] - Delayed 3 second(s)

18-03-2024T14:02:36 - [TEST_STEP][PASSED] - click(findTestObject("Object Repository/Page_2GrowHr - Dashboard/Check-Out button AR")): Object: 'Object Repository/Page_2GrowHr - Dashboard/Check-Out button AR' is clicked on

18-03-2024T14:02:37 - [MESSAGE][PASSED] - Object: 'Object Repository/Page_2GrowHr - Dashboard/Check-Out button AR' is clicked on

18-03-2024T14:02:37 - [TEST_STEP][PASSED] - delay(5): Delayed 5 second(s)

18-03-2024T14:02:42 - [MESSAGE][PASSED] - Delayed 5 second(s)

18-03-2024T14:02:42 - [TEST_STEP][PASSED] - click(findTestObject("Object Repository/Page_2GrowHr - Menu_Report/Attentance mouseover")): Object: 'Object Repository/Page_2GrowHr - Menu_Report/Attentance mouseover' is clicked on

18-03-2024T14:02:43 - [MESSAGE][PASSED] - Object: 'Object Repository/Page_2GrowHr - Menu_Report/Attentance mouseover' is clicked on

18-03-2024T14:02:43 - [TEST_STEP][PASSED] - delay(3): Delayed 3 second(s)

18-03-2024T14:02:46 - [MESSAGE][PASSED] - Delayed 3 second(s)

18-03-2024T14:02:46 - [TEST_STEP][PASSED] - click(findTestObject("Object Repository/Page_2GrowHr - Menu_Report/General Attendance Summary - Report")): Object: 'Object Repository/Page_2GrowHr - Menu_Report/General Attendance Summary - Report' is clicked on

18-03-2024T14:02:56 - [MESSAGE][PASSED] - Object: 'Object Repository/Page_2GrowHr - Menu_Report/General Attendance Summary - Report' is clicked on

18-03-2024T14:02:56 - [TEST_STEP][PASSED] - click(findTestObject("Object Repository/Page_2GrowHr - Menu_Report/Date selection field")): Object: 'Object Repository/Page_2GrowHr - Menu_Report/Date selection field' is clicked on

18-03-2024T14:02:57 - [MESSAGE][PASSED] - Object: 'Object Repository/Page_2GrowHr - Menu_Report/Date selection field' is clicked on

18-03-2024T14:02:57 - [TEST_STEP][PASSED] - setText(findTestObject("Object Repository/Page_2GrowHr - Menu_Report/Date selection field"), currentDateStr): Text '03/18/2024' is set on object 'Object Repository/Page_2GrowHr - Menu_Report/Date selection field'

18-03-2024T14:02:57 - [MESSAGE][PASSED] - Text '03/18/2024' is set on object 'Object Repository/Page_2GrowHr - Menu_Report/Date selection field'

18-03-2024T14:02:57 - [TEST_STEP][PASSED] - delay(3): Delayed 3 second(s)

18-03-2024T14:03:00 - [MESSAGE][PASSED] - Delayed 3 second(s)

18-03-2024T14:03:01 - [TEST_STEP][PASSED] - click(findTestObject("Object Repository/Page_2GrowHr - Menu_Report/Get Report button Day count attendance summary report")): Object: 'Object Repository/Page_2GrowHr - Menu_Report/Get Report button Day count attendance summary report' is clicked on

18-03-2024T14:03:01 - [MESSAGE][PASSED] - Object: 'Object Repository/Page_2GrowHr - Menu_Report/Get Report button Day count attendance summary report' is clicked on

18-03-2024T14:03:01 - [TEST_STEP][PASSED] - scrollToElement(findTestObject("Object Repository/Page_2GrowHr - Day Wise Report/Scroll to Page down"), 10): Scroll to object 'Object Repository/Page_2GrowHr - Day Wise Report/Scroll to Page down' successfully

18-03-2024T14:03:02 - [MESSAGE][PASSED] - Scroll to object 'Object Repository/Page_2GrowHr - Day Wise Report/Scroll to Page down' successfully

18-03-2024T14:03:02 - [TEST_STEP][PASSED] - delay(10): Delayed 10 second(s)

18-03-2024T14:03:12 - [MESSAGE][PASSED] - Delayed 10 second(s)

18-03-2024T14:03:12 - [TEST_STEP][PASSED] - closeBrowser(): Browser is closed

18-03-2024T14:03:12 - [MESSAGE][PASSED] - Browser is closed

18-03-2024T14:03:12 - [TEST_STEP][PASSED] - url = Data.getValue("URL", i): null

18-03-2024T14:03:12 - [TEST_STEP][PASSED] - username = Data.getValue("Username", i): null

18-03-2024T14:03:12 - [TEST_STEP][PASSED] - password = Data.getValue("Password", i): null

18-03-2024T14:03:12 - [TEST_STEP][PASSED] - checkoutRemark = Data.getValue("CheckoutRemark", i): null

18-03-2024T14:03:12 - [TEST_STEP][PASSED] - openBrowser(""): Browser is opened with url: ''

18-03-2024T14:03:12 - [MESSAGE][INFO] - Starting 'Chrome' driver

18-03-2024T14:03:12 - [MESSAGE][INFO] - Action delay is set to 0 milliseconds

18-03-2024T14:03:15 - [MESSAGE][PASSED] - Browser is opened with url: ''

18-03-2024T14:03:15 - [TEST_STEP][PASSED] - maximizeWindow(): Current window maximized

18-03-2024T14:03:15 - [MESSAGE][PASSED] - Current window maximized

18-03-2024T14:03:15 - [TEST_STEP][PASSED] - navigateToUrl(url): Navigate to 'http://testing.2growhr.io/' successfully

18-03-2024T14:03:18 - [MESSAGE][PASSED] - Navigate to 'http://testing.2growhr.io/' successfully

18-03-2024T14:03:18 - [TEST_STEP][PASSED] - setText(findTestObject("Object Repository/Page_2GrowHR - Login/UserName"), username): Text 'Farveen' is set on object 'Object Repository/Page_2GrowHR - Login/UserName'

18-03-2024T14:03:19 - [MESSAGE][PASSED] - Text 'Farveen' is set on object 'Object Repository/Page_2GrowHR - Login/UserName'

18-03-2024T14:03:19 - [TEST_STEP][PASSED] - setText(findTestObject("Object Repository/Page_2GrowHR - Login/Password"), password): Text '123' is set on object 'Object Repository/Page_2GrowHR - Login/Password'

18-03-2024T14:03:20 - [MESSAGE][PASSED] - Text '123' is set on object 'Object Repository/Page_2GrowHR - Login/Password'

18-03-2024T14:03:20 - [TEST_STEP][PASSED] - click(findTestObject("Object Repository/Page_2GrowHR - Login/Password - view icon")): Object: 'Object Repository/Page_2GrowHR - Login/Password - view icon' is clicked on

18-03-2024T14:03:20 - [MESSAGE][PASSED] - Object: 'Object Repository/Page_2GrowHR - Login/Password - view icon' is clicked on

18-03-2024T14:03:20 - [TEST_STEP][PASSED] - delay(2): Delayed 2 second(s)

18-03-2024T14:03:22 - [MESSAGE][PASSED] - Delayed 2 second(s)

18-03-2024T14:03:22 - [TEST_STEP][PASSED] - click(findTestObject("Object Repository/Page_2GrowHR - Login/Login Button")): Object: 'Object Repository/Page_2GrowHR - Login/Login Button' is clicked on

18-03-2024T14:03:34 - [MESSAGE][PASSED] - Object: 'Object Repository/Page_2GrowHR - Login/Login Button' is clicked on

18-03-2024T14:03:34 - [TEST_STEP][PASSED] - delay(3): Delayed 3 second(s)

18-03-2024T14:03:37 - [MESSAGE][PASSED] - Delayed 3 second(s)

18-03-2024T14:03:37 - [TEST_STEP][PASSED] - click(findTestObject("Object Repository/Page_2GrowHr - Dashboard/Check-Out button BR")): Object: 'Object Repository/Page_2GrowHr - Dashboard/Check-Out button BR' is clicked on

18-03-2024T14:03:37 - [MESSAGE][PASSED] - Object: 'Object Repository/Page_2GrowHr - Dashboard/Check-Out button BR' is clicked on

18-03-2024T14:03:37 - [TEST_STEP][PASSED] - setText(findTestObject("Object Repository/Page_2GrowHr - Dashboard/Checkout Remarks"), checkoutRemark): Text 'CheckoutRemark' is set on object 'Object Repository/Page_2GrowHr - Dashboard/Checkout Remarks'

18-03-2024T14:03:39 - [MESSAGE][PASSED] - Text 'CheckoutRemark' is set on object 'Object Repository/Page_2GrowHr - Dashboard/Checkout Remarks'

18-03-2024T14:03:39 - [TEST_STEP][PASSED] - delay(3): Delayed 3 second(s)

18-03-2024T14:03:42 - [MESSAGE][PASSED] - Delayed 3 second(s)

18-03-2024T14:03:42 - [TEST_STEP][PASSED] - click(findTestObject("Object Repository/Page_2GrowHr - Dashboard/Check-Out button AR")): Object: 'Object Repository/Page_2GrowHr - Dashboard/Check-Out button AR' is clicked on

18-03-2024T14:03:43 - [MESSAGE][PASSED] - Object: 'Object Repository/Page_2GrowHr - Dashboard/Check-Out button AR' is clicked on

18-03-2024T14:03:43 - [TEST_STEP][PASSED] - delay(5): Delayed 5 second(s)

18-03-2024T14:03:48 - [MESSAGE][PASSED] - Delayed 5 second(s)

18-03-2024T14:03:48 - [TEST_STEP][PASSED] - click(findTestObject("Object Repository/Page_2GrowHr - Menu_Report/Attentance mouseover")): Object: 'Object Repository/Page_2GrowHr - Menu_Report/Attentance mouseover' is clicked on

18-03-2024T14:03:49 - [MESSAGE][PASSED] - Object: 'Object Repository/Page_2GrowHr - Menu_Report/Attentance mouseover' is clicked on

18-03-2024T14:03:49 - [TEST_STEP][PASSED] - delay(3): Delayed 3 second(s)

18-03-2024T14:03:52 - [MESSAGE][PASSED] - Delayed 3 second(s)

18-03-2024T14:03:52 - [TEST_STEP][PASSED] - click(findTestObject("Object Repository/Page_2GrowHr - Menu_Report/General Attendance Summary - Report")): Object: 'Object Repository/Page_2GrowHr - Menu_Report/General Attendance Summary - Report' is clicked on

18-03-2024T14:03:56 - [MESSAGE][PASSED] - Object: 'Object Repository/Page_2GrowHr - Menu_Report/General Attendance Summary - Report' is clicked on

18-03-2024T14:03:56 - [TEST_STEP][PASSED] - click(findTestObject("Object Repository/Page_2GrowHr - Menu_Report/Date selection field")): Object: 'Object Repository/Page_2GrowHr - Menu_Report/Date selection field' is clicked on

18-03-2024T14:03:58 - [MESSAGE][PASSED] - Object: 'Object Repository/Page_2GrowHr - Menu_Report/Date selection field' is clicked on

18-03-2024T14:03:58 - [TEST_STEP][PASSED] - setText(findTestObject("Object Repository/Page_2GrowHr - Menu_Report/Date selection field"), currentDateStr): Text '03/18/2024' is set on object 'Object Repository/Page_2GrowHr - Menu_Report/Date selection field'

18-03-2024T14:04:02 - [MESSAGE][PASSED] - Text '03/18/2024' is set on object 'Object Repository/Page_2GrowHr - Menu_Report/Date selection field'

18-03-2024T14:04:02 - [TEST_STEP][PASSED] - delay(3): Delayed 3 second(s)

18-03-2024T14:04:05 - [MESSAGE][PASSED] - Delayed 3 second(s)

18-03-2024T14:04:05 - [TEST_STEP][PASSED] - click(findTestObject("Object Repository/Page_2GrowHr - Menu_Report/Get Report button Day count attendance summary report")): Object: 'Object Repository/Page_2GrowHr - Menu_Report/Get Report button Day count attendance summary report' is clicked on

18-03-2024T14:04:07 - [MESSAGE][PASSED] - Object: 'Object Repository/Page_2GrowHr - Menu_Report/Get Report button Day count attendance summary report' is clicked on

18-03-2024T14:04:07 - [TEST_STEP][PASSED] - scrollToElement(findTestObject("Object Repository/Page_2GrowHr - Day Wise Report/Scroll to Page down"), 10): Scroll to object 'Object Repository/Page_2GrowHr - Day Wise Report/Scroll to Page down' successfully

18-03-2024T14:04:09 - [MESSAGE][PASSED] - Scroll to object 'Object Repository/Page_2GrowHr - Day Wise Report/Scroll to Page down' successfully

18-03-2024T14:04:09 - [TEST_STEP][PASSED] - delay(10): Delayed 10 second(s)

18-03-2024T14:04:19 - [MESSAGE][PASSED] - Delayed 10 second(s)

18-03-2024T14:04:19 - [TEST_STEP][PASSED] - closeBrowser(): Browser is closed

18-03-2024T14:04:19 - [MESSAGE][PASSED] - Browser is closed

18-03-2024T14:04:19 - [TEST_STEP][PASSED] - url = Data.getValue("URL", i): null

18-03-2024T14:04:19 - [TEST_STEP][PASSED] - username = Data.getValue("Username", i): null

18-03-2024T14:04:19 - [TEST_STEP][PASSED] - password = Data.getValue("Password", i): null

18-03-2024T14:04:19 - [TEST_STEP][PASSED] - checkoutRemark = Data.getValue("CheckoutRemark", i): null

18-03-2024T14:04:19 - [TEST_STEP][PASSED] - openBrowser(""): Browser is opened with url: ''

18-03-2024T14:04:19 - [MESSAGE][INFO] - Starting 'Chrome' driver

18-03-2024T14:04:19 - [MESSAGE][INFO] - Action delay is set to 0 milliseconds

18-03-2024T14:04:20 - [MESSAGE][PASSED] - Browser is opened with url: ''

18-03-2024T14:04:20 - [TEST_STEP][PASSED] - maximizeWindow(): Current window maximized

18-03-2024T14:04:20 - [MESSAGE][PASSED] - Current window maximized

18-03-2024T14:04:20 - [TEST_STEP][PASSED] - navigateToUrl(url): Navigate to 'http://testing.2growhr.io/' successfully

18-03-2024T14:04:28 - [MESSAGE][PASSED] - Navigate to 'http://testing.2growhr.io/' successfully

18-03-2024T14:04:28 - [TEST_STEP][PASSED] - setText(findTestObject("Object Repository/Page_2GrowHR - Login/UserName"), username): Text 'CBS2227' is set on object 'Object Repository/Page_2GrowHR - Login/UserName'

18-03-2024T14:04:29 - [MESSAGE][PASSED] - Text 'CBS2227' is set on object 'Object Repository/Page_2GrowHR - Login/UserName'

18-03-2024T14:04:29 - [TEST_STEP][PASSED] - setText(findTestObject("Object Repository/Page_2GrowHR - Login/Password"), password): Text '123' is set on object 'Object Repository/Page_2GrowHR - Login/Password'

18-03-2024T14:04:30 - [MESSAGE][PASSED] - Text '123' is set on object 'Object Repository/Page_2GrowHR - Login/Password'

18-03-2024T14:04:30 - [TEST_STEP][PASSED] - click(findTestObject("Object Repository/Page_2GrowHR - Login/Password - view icon")): Object: 'Object Repository/Page_2GrowHR - Login/Password - view icon' is clicked on

18-03-2024T14:04:30 - [MESSAGE][PASSED] - Object: 'Object Repository/Page_2GrowHR - Login/Password - view icon' is clicked on

18-03-2024T14:04:30 - [TEST_STEP][PASSED] - delay(2): Delayed 2 second(s)

18-03-2024T14:04:32 - [MESSAGE][PASSED] - Delayed 2 second(s)

18-03-2024T14:04:32 - [TEST_STEP][PASSED] - click(findTestObject("Object Repository/Page_2GrowHR - Login/Login Button")): Object: 'Object Repository/Page_2GrowHR - Login/Login Button' is clicked on

18-03-2024T14:04:33 - [MESSAGE][PASSED] - Object: 'Object Repository/Page_2GrowHR - Login/Login Button' is clicked on

18-03-2024T14:04:33 - [TEST_STEP][PASSED] - delay(3): Delayed 3 second(s)

18-03-2024T14:04:36 - [MESSAGE][PASSED] - Delayed 3 second(s)

18-03-2024T14:04:36 - [TEST_STEP][PASSED] - click(findTestObject("Object Repository/Page_2GrowHr - Dashboard/Check-Out button BR")): Object: 'Object Repository/Page_2GrowHr - Dashboard/Check-Out button BR' is clicked on

18-03-2024T14:04:51 - [MESSAGE][PASSED] - Object: 'Object Repository/Page_2GrowHr - Dashboard/Check-Out button BR' is clicked on

18-03-2024T14:04:51 - [TEST_STEP][PASSED] - setText(findTestObject("Object Repository/Page_2GrowHr - Dashboard/Checkout Remarks"), checkoutRemark): Text 'CheckoutRemark' is set on object 'Object Repository/Page_2GrowHr - Dashboard/Checkout Remarks'

18-03-2024T14:04:56 - [MESSAGE][PASSED] - Text 'CheckoutRemark' is set on object 'Object Repository/Page_2GrowHr - Dashboard/Checkout Remarks'

18-03-2024T14:04:56 - [TEST_STEP][PASSED] - delay(3): Delayed 3 second(s)

18-03-2024T14:04:59 - [MESSAGE][PASSED] - Delayed 3 second(s)

18-03-2024T14:04:59 - [TEST_STEP][PASSED] - click(findTestObject("Object Repository/Page_2GrowHr - Dashboard/Check-Out button AR")): Object: 'Object Repository/Page_2GrowHr - Dashboard/Check-Out button AR' is clicked on

18-03-2024T14:05:02 - [MESSAGE][PASSED] - Object: 'Object Repository/Page_2GrowHr - Dashboard/Check-Out button AR' is clicked on

18-03-2024T14:05:02 - [TEST_STEP][PASSED] - delay(5): Delayed 5 second(s)

18-03-2024T14:05:07 - [MESSAGE][PASSED] - Delayed 5 second(s)

18-03-2024T14:05:07 - [TEST_STEP][PASSED] - click(findTestObject("Object Repository/Page_2GrowHr - Menu_Report/Attentance mouseover")): Object: 'Object Repository/Page_2GrowHr - Menu_Report/Attentance mouseover' is clicked on

18-03-2024T14:05:09 - [MESSAGE][PASSED] - Object: 'Object Repository/Page_2GrowHr - Menu_Report/Attentance mouseover' is clicked on

18-03-2024T14:05:09 - [TEST_STEP][PASSED] - delay(3): Delayed 3 second(s)

18-03-2024T14:05:12 - [MESSAGE][PASSED] - Delayed 3 second(s)

18-03-2024T14:05:12 - [TEST_STEP][PASSED] - click(findTestObject("Object Repository/Page_2GrowHr - Menu_Report/General Attendance Summary - Report")): Object: 'Object Repository/Page_2GrowHr - Menu_Report/General Attendance Summary - Report' is clicked on

18-03-2024T14:05:18 - [MESSAGE][PASSED] - Object: 'Object Repository/Page_2GrowHr - Menu_Report/General Attendance Summary - Report' is clicked on

18-03-2024T14:05:18 - [TEST_STEP][PASSED] - click(findTestObject("Object Repository/Page_2GrowHr - Menu_Report/Date selection field")): Object: 'Object Repository/Page_2GrowHr - Menu_Report/Date selection field' is clicked on

18-03-2024T14:05:19 - [MESSAGE][PASSED] - Object: 'Object Repository/Page_2GrowHr - Menu_Report/Date selection field' is clicked on

18-03-2024T14:05:19 - [TEST_STEP][PASSED] - setText(findTestObject("Object Repository/Page_2GrowHr - Menu_Report/Date selection field"), currentDateStr): Text '03/18/2024' is set on object 'Object Repository/Page_2GrowHr - Menu_Report/Date selection field'

18-03-2024T14:05:23 - [MESSAGE][PASSED] - Text '03/18/2024' is set on object 'Object Repository/Page_2GrowHr - Menu_Report/Date selection field'

18-03-2024T14:05:23 - [TEST_STEP][PASSED] - delay(3): Delayed 3 second(s)

18-03-2024T14:05:26 - [MESSAGE][PASSED] - Delayed 3 second(s)

18-03-2024T14:05:26 - [TEST_STEP][PASSED] - click(findTestObject("Object Repository/Page_2GrowHr - Menu_Report/Get Report button Day count attendance summary report")): Object: 'Object Repository/Page_2GrowHr - Menu_Report/Get Report button Day count attendance summary report' is clicked on

18-03-2024T14:05:28 - [MESSAGE][PASSED] - Object: 'Object Repository/Page_2GrowHr - Menu_Report/Get Report button Day count attendance summary report' is clicked on

18-03-2024T14:05:28 - [TEST_STEP][PASSED] - scrollToElement(findTestObject("Object Repository/Page_2GrowHr - Day Wise Report/Scroll to Page down"), 10): Scroll to object 'Object Repository/Page_2GrowHr - Day Wise Report/Scroll to Page down' successfully

18-03-2024T14:05:31 - [MESSAGE][PASSED] - Scroll to object 'Object Repository/Page_2GrowHr - Day Wise Report/Scroll to Page down' successfully

18-03-2024T14:05:31 - [TEST_STEP][PASSED] - delay(10): Delayed 10 second(s)

18-03-2024T14:05:41 - [MESSAGE][PASSED] - Delayed 10 second(s)

18-03-2024T14:05:41 - [TEST_STEP][PASSED] - closeBrowser(): Browser is closed

18-03-2024T14:05:41 - [MESSAGE][PASSED] - Browser is closed

18-03-2024T14:05:41 - [TEST_STEP][PASSED] - url = Data.getValue("URL", i): null

18-03-2024T14:05:41 - [TEST_STEP][PASSED] - username = Data.getValue("Username", i): null

18-03-2024T14:05:41 - [TEST_STEP][PASSED] - password = Data.getValue("Password", i): null

18-03-2024T14:05:41 - [TEST_STEP][PASSED] - checkoutRemark = Data.getValue("CheckoutRemark", i): null

18-03-2024T14:05:41 - [TEST_STEP][PASSED] - openBrowser(""): Browser is opened with url: ''

18-03-2024T14:05:41 - [MESSAGE][INFO] - Starting 'Chrome' driver

18-03-2024T14:05:41 - [MESSAGE][INFO] - Action delay is set to 0 milliseconds

18-03-2024T14:05:44 - [MESSAGE][PASSED] - Browser is opened with url: ''

18-03-2024T14:05:44 - [TEST_STEP][PASSED] - maximizeWindow(): Current window maximized

18-03-2024T14:05:44 - [MESSAGE][PASSED] - Current window maximized

18-03-2024T14:05:44 - [TEST_STEP][PASSED] - navigateToUrl(url): Navigate to 'http://testing.2growhr.io/' successfully

18-03-2024T14:05:50 - [MESSAGE][PASSED] - Navigate to 'http://testing.2growhr.io/' successfully

18-03-2024T14:05:50 - [TEST_STEP][PASSED] - setText(findTestObject("Object Repository/Page_2GrowHR - Login/UserName"), username): Text 'CBS2155' is set on object 'Object Repository/Page_2GrowHR - Login/UserName'

18-03-2024T14:05:51 - [MESSAGE][PASSED] - Text 'CBS2155' is set on object 'Object Repository/Page_2GrowHR - Login/UserName'

18-03-2024T14:05:51 - [TEST_STEP][PASSED] - setText(findTestObject("Object Repository/Page_2GrowHR - Login/Password"), password): Text '123' is set on object 'Object Repository/Page_2GrowHR - Login/Password'

18-03-2024T14:05:51 - [MESSAGE][PASSED] - Text '123' is set on object 'Object Repository/Page_2GrowHR - Login/Password'

18-03-2024T14:05:51 - [TEST_STEP][PASSED] - click(findTestObject("Object Repository/Page_2GrowHR - Login/Password - view icon")): Object: 'Object Repository/Page_2GrowHR - Login/Password - view icon' is clicked on

18-03-2024T14:05:52 - [MESSAGE][PASSED] - Object: 'Object Repository/Page_2GrowHR - Login/Password - view icon' is clicked on

18-03-2024T14:05:52 - [TEST_STEP][PASSED] - delay(2): Delayed 2 second(s)

18-03-2024T14:05:54 - [MESSAGE][PASSED] - Delayed 2 second(s)

18-03-2024T14:05:54 - [TEST_STEP][PASSED] - click(findTestObject("Object Repository/Page_2GrowHR - Login/Login Button")): Object: 'Object Repository/Page_2GrowHR - Login/Login Button' is clicked on

18-03-2024T14:06:06 - [MESSAGE][PASSED] - Object: 'Object Repository/Page_2GrowHR - Login/Login Button' is clicked on

18-03-2024T14:06:06 - [TEST_STEP][PASSED] - delay(3): Delayed 3 second(s)

18-03-2024T14:06:09 - [MESSAGE][PASSED] - Delayed 3 second(s)

18-03-2024T14:06:09 - [TEST_STEP][PASSED] - click(findTestObject("Object Repository/Page_2GrowHr - Dashboard/Check-Out button BR")): Object: 'Object Repository/Page_2GrowHr - Dashboard/Check-Out button BR' is clicked on

18-03-2024T14:06:10 - [MESSAGE][PASSED] - Object: 'Object Repository/Page_2GrowHr - Dashboard/Check-Out button BR' is clicked on

18-03-2024T14:06:10 - [TEST_STEP][PASSED] - setText(findTestObject("Object Repository/Page_2GrowHr - Dashboard/Checkout Remarks"), checkoutRemark): Text 'CheckoutRemark' is set on object 'Object Repository/Page_2GrowHr - Dashboard/Checkout Remarks'

18-03-2024T14:06:12 - [MESSAGE][PASSED] - Text 'CheckoutRemark' is set on object 'Object Repository/Page_2GrowHr - Dashboard/Checkout Remarks'

18-03-2024T14:06:12 - [TEST_STEP][PASSED] - delay(3): Delayed 3 second(s)

18-03-2024T14:06:15 - [MESSAGE][PASSED] - Delayed 3 second(s)

18-03-2024T14:06:15 - [TEST_STEP][PASSED] - click(findTestObject("Object Repository/Page_2GrowHr - Dashboard/Check-Out button AR")): Object: 'Object Repository/Page_2GrowHr - Dashboard/Check-Out button AR' is clicked on

18-03-2024T14:06:16 - [MESSAGE][PASSED] - Object: 'Object Repository/Page_2GrowHr - Dashboard/Check-Out button AR' is clicked on

18-03-2024T14:06:16 - [TEST_STEP][PASSED] - delay(5): Delayed 5 second(s)

18-03-2024T14:06:21 - [MESSAGE][PASSED] - Delayed 5 second(s)

18-03-2024T14:06:21 - [TEST_STEP][PASSED] - click(findTestObject("Object Repository/Page_2GrowHr - Menu_Report/Attentance mouseover")): Object: 'Object Repository/Page_2GrowHr - Menu_Report/Attentance mouseover' is clicked on

18-03-2024T14:06:22 - [MESSAGE][PASSED] - Object: 'Object Repository/Page_2GrowHr - Menu_Report/Attentance mouseover' is clicked on

18-03-2024T14:06:22 - [TEST_STEP][PASSED] - delay(3): Delayed 3 second(s)

18-03-2024T14:06:25 - [MESSAGE][PASSED] - Delayed 3 second(s)

18-03-2024T14:06:25 - [TEST_STEP][PASSED] - click(findTestObject("Object Repository/Page_2GrowHr - Menu_Report/General Attendance Summary - Report")): Object: 'Object Repository/Page_2GrowHr - Menu_Report/General Attendance Summary - Report' is clicked on

18-03-2024T14:06:27 - [MESSAGE][PASSED] - Object: 'Object Repository/Page_2GrowHr - Menu_Report/General Attendance Summary - Report' is clicked on

18-03-2024T14:06:27 - [TEST_STEP][PASSED] - click(findTestObject("Object Repository/Page_2GrowHr - Menu_Report/Date selection field")): Object: 'Object Repository/Page_2GrowHr - Menu_Report/Date selection field' is clicked on

18-03-2024T14:06:28 - [MESSAGE][PASSED] - Object: 'Object Repository/Page_2GrowHr - Menu_Report/Date selection field' is clicked on

18-03-2024T14:06:28 - [TEST_STEP][PASSED] - setText(findTestObject("Object Repository/Page_2GrowHr - Menu_Report/Date selection field"), currentDateStr): Text '03/18/2024' is set on object 'Object Repository/Page_2GrowHr - Menu_Report/Date selection field'

18-03-2024T14:06:29 - [MESSAGE][PASSED] - Text '03/18/2024' is set on object 'Object Repository/Page_2GrowHr - Menu_Report/Date selection field'

18-03-2024T14:06:29 - [TEST_STEP][PASSED] - delay(3): Delayed 3 second(s)

18-03-2024T14:06:32 - [MESSAGE][PASSED] - Delayed 3 second(s)

18-03-2024T14:06:32 - [TEST_STEP][PASSED] - click(findTestObject("Object Repository/Page_2GrowHr - Menu_Report/Get Report button Day count attendance summary report")): Object: 'Object Repository/Page_2GrowHr - Menu_Report/Get Report button Day count attendance summary report' is clicked on

18-03-2024T14:06:32 - [MESSAGE][PASSED] - Object: 'Object Repository/Page_2GrowHr - Menu_Report/Get Report button Day count attendance summary report' is clicked on

18-03-2024T14:06:32 - [TEST_STEP][PASSED] - scrollToElement(findTestObject("Object Repository/Page_2GrowHr - Day Wise Report/Scroll to Page down"), 10): Scroll to object 'Object Repository/Page_2GrowHr - Day Wise Report/Scroll to Page down' successfully

18-03-2024T14:06:33 - [MESSAGE][PASSED] - Scroll to object 'Object Repository/Page_2GrowHr - Day Wise Report/Scroll to Page down' successfully

18-03-2024T14:06:33 - [TEST_STEP][PASSED] - delay(10): Delayed 10 second(s)

18-03-2024T14:06:43 - [MESSAGE][PASSED] - Delayed 10 second(s)

18-03-2024T14:06:43 - [TEST_STEP][PASSED] - closeBrowser(): Browser is closed

18-03-2024T14:06:43 - [MESSAGE][PASSED] - Browser is closed

18-03-2024T14:06:43 - [TEST_STEP][PASSED] - url = Data.getValue("URL", i): null

18-03-2024T14:06:43 - [TEST_STEP][PASSED] - username = Data.getValue("Username", i): null

18-03-2024T14:06:43 - [TEST_STEP][PASSED] - password = Data.getValue("Password", i): null

18-03-2024T14:06:43 - [TEST_STEP][PASSED] - checkoutRemark = Data.getValue("CheckoutRemark", i): null

18-03-2024T14:06:43 - [TEST_STEP][PASSED] - openBrowser(""): Browser is opened with url: ''

18-03-2024T14:06:43 - [MESSAGE][INFO] - Starting 'Chrome' driver

18-03-2024T14:06:43 - [MESSAGE][INFO] - Action delay is set to 0 milliseconds

18-03-2024T14:06:44 - [MESSAGE][PASSED] - Browser is opened with url: ''

18-03-2024T14:06:44 - [TEST_STEP][PASSED] - maximizeWindow(): Current window maximized

18-03-2024T14:06:44 - [MESSAGE][PASSED] - Current window maximized

18-03-2024T14:06:44 - [TEST_STEP][PASSED] - navigateToUrl(url): Navigate to 'http://testing.2growhr.io/' successfully

18-03-2024T14:06:48 - [MESSAGE][PASSED] - Navigate to 'http://testing.2growhr.io/' successfully

18-03-2024T14:06:48 - [TEST_STEP][PASSED] - setText(findTestObject("Object Repository/Page_2GrowHR - Login/UserName"), username): Text 'CBS0761' is set on object 'Object Repository/Page_2GrowHR - Login/UserName'

18-03-2024T14:06:49 - [MESSAGE][PASSED] - Text 'CBS0761' is set on object 'Object Repository/Page_2GrowHR - Login/UserName'

18-03-2024T14:06:49 - [TEST_STEP][PASSED] - setText(findTestObject("Object Repository/Page_2GrowHR - Login/Password"), password): Text '123' is set on object 'Object Repository/Page_2GrowHR - Login/Password'

18-03-2024T14:06:50 - [MESSAGE][PASSED] - Text '123' is set on object 'Object Repository/Page_2GrowHR - Login/Password'

18-03-2024T14:06:50 - [TEST_STEP][PASSED] - click(findTestObject("Object Repository/Page_2GrowHR - Login/Password - view icon")): Object: 'Object Repository/Page_2GrowHR - Login/Password - view icon' is clicked on

18-03-2024T14:06:50 - [MESSAGE][PASSED] - Object: 'Object Repository/Page_2GrowHR - Login/Password - view icon' is clicked on

18-03-2024T14:06:50 - [TEST_STEP][PASSED] - delay(2): Delayed 2 second(s)

18-03-2024T14:06:52 - [MESSAGE][PASSED] - Delayed 2 second(s)

18-03-2024T14:06:52 - [TEST_STEP][PASSED] - click(findTestObject("Object Repository/Page_2GrowHR - Login/Login Button")): Object: 'Object Repository/Page_2GrowHR - Login/Login Button' is clicked on

18-03-2024T14:07:45 - [MESSAGE][PASSED] - Object: 'Object Repository/Page_2GrowHR - Login/Login Button' is clicked on

18-03-2024T14:07:45 - [TEST_STEP][PASSED] - delay(3): Delayed 3 second(s)

18-03-2024T14:07:48 - [MESSAGE][PASSED] - Delayed 3 second(s)

18-03-2024T14:07:48 - [TEST_STEP][PASSED] - click(findTestObject("Object Repository/Page_2GrowHr - Dashboard/Check-Out button BR")): Object: 'Object Repository/Page_2GrowHr - Dashboard/Check-Out button BR' is clicked on

18-03-2024T14:07:48 - [MESSAGE][PASSED] - Object: 'Object Repository/Page_2GrowHr - Dashboard/Check-Out button BR' is clicked on

18-03-2024T14:07:48 - [TEST_STEP][PASSED] - setText(findTestObject("Object Repository/Page_2GrowHr - Dashboard/Checkout Remarks"), checkoutRemark): Text 'CheckoutRemark' is set on object 'Object Repository/Page_2GrowHr - Dashboard/Checkout Remarks'

18-03-2024T14:07:50 - [MESSAGE][PASSED] - Text 'CheckoutRemark' is set on object 'Object Repository/Page_2GrowHr - Dashboard/Checkout Remarks'

18-03-2024T14:07:50 - [TEST_STEP][PASSED] - delay(3): Delayed 3 second(s)

18-03-2024T14:07:53 - [MESSAGE][PASSED] - Delayed 3 second(s)

18-03-2024T14:07:53 - [TEST_STEP][PASSED] - click(findTestObject("Object Repository/Page_2GrowHr - Dashboard/Check-Out button AR")): Object: 'Object Repository/Page_2GrowHr - Dashboard/Check-Out button AR' is clicked on

18-03-2024T14:07:53 - [MESSAGE][PASSED] - Object: 'Object Repository/Page_2GrowHr - Dashboard/Check-Out button AR' is clicked on

18-03-2024T14:07:53 - [TEST_STEP][PASSED] - delay(5): Delayed 5 second(s)

18-03-2024T14:07:58 - [MESSAGE][PASSED] - Delayed 5 second(s)

18-03-2024T14:07:58 - [TEST_STEP][PASSED] - click(findTestObject("Object Repository/Page_2GrowHr - Menu_Report/Attentance mouseover")): Object: 'Object Repository/Page_2GrowHr - Menu_Report/Attentance mouseover' is clicked on

18-03-2024T14:07:59 - [MESSAGE][PASSED] - Object: 'Object Repository/Page_2GrowHr - Menu_Report/Attentance mouseover' is clicked on

18-03-2024T14:07:59 - [TEST_STEP][PASSED] - delay(3): Delayed 3 second(s)

18-03-2024T14:08:02 - [MESSAGE][PASSED] - Delayed 3 second(s)

18-03-2024T14:08:02 - [TEST_STEP][PASSED] - click(findTestObject("Object Repository/Page_2GrowHr - Menu_Report/General Attendance Summary - Report")): Object: 'Object Repository/Page_2GrowHr - Menu_Report/General Attendance Summary - Report' is clicked on

18-03-2024T14:08:04 - [MESSAGE][PASSED] - Object: 'Object Repository/Page_2GrowHr - Menu_Report/General Attendance Summary - Report' is clicked on

18-03-2024T14:08:04 - [TEST_STEP][PASSED] - click(findTestObject("Object Repository/Page_2GrowHr - Menu_Report/Date selection field")): Object: 'Object Repository/Page_2GrowHr - Menu_Report/Date selection field' is clicked on

18-03-2024T14:08:05 - [MESSAGE][PASSED] - Object: 'Object Repository/Page_2GrowHr - Menu_Report/Date selection field' is clicked on

18-03-2024T14:08:05 - [TEST_STEP][PASSED] - setText(findTestObject("Object Repository/Page_2GrowHr - Menu_Report/Date selection field"), currentDateStr): Text '03/18/2024' is set on object 'Object Repository/Page_2GrowHr - Menu_Report/Date selection field'

18-03-2024T14:08:06 - [MESSAGE][PASSED] - Text '03/18/2024' is set on object 'Object Repository/Page_2GrowHr - Menu_Report/Date selection field'

18-03-2024T14:08:06 - [TEST_STEP][PASSED] - delay(3): Delayed 3 second(s)

18-03-2024T14:08:09 - [MESSAGE][PASSED] - Delayed 3 second(s)

18-03-2024T14:08:09 - [TEST_STEP][PASSED] - click(findTestObject("Object Repository/Page_2GrowHr - Menu_Report/Get Report button Day count attendance summary report")): Object: 'Object Repository/Page_2GrowHr - Menu_Report/Get Report button Day count attendance summary report' is clicked on

18-03-2024T14:08:09 - [MESSAGE][PASSED] - Object: 'Object Repository/Page_2GrowHr - Menu_Report/Get Report button Day count attendance summary report' is clicked on

18-03-2024T14:08:09 - [TEST_STEP][PASSED] - scrollToElement(findTestObject("Object Repository/Page_2GrowHr - Day Wise Report/Scroll to Page down"), 10): Scroll to object 'Object Repository/Page_2GrowHr - Day Wise Report/Scroll to Page down' successfully

18-03-2024T14:08:10 - [MESSAGE][PASSED] - Scroll to object 'Object Repository/Page_2GrowHr - Day Wise Report/Scroll to Page down' successfully

18-03-2024T14:08:10 - [TEST_STEP][PASSED] - delay(10): Delayed 10 second(s)

18-03-2024T14:08:20 - [MESSAGE][PASSED] - Delayed 10 second(s)

18-03-2024T14:08:20 - [TEST_STEP][PASSED] - closeBrowser(): Browser is closed

18-03-2024T14:08:20 - [MESSAGE][PASSED] - Browser is closed]]></system-out>
         <system-err><![CDATA[]]></system-err>
      </testcase>
      <system-out><![CDATA[18-03-2024T14:02:02 - [TEST_SUITE][PASSED] - Login and Checkout: Test Cases/Checkout and do Logout]]></system-out>
      <system-err><![CDATA[]]></system-err>
   </testsuite>
</testsuites>
