<?xml version="1.0" encoding="UTF-8"?>
<testsuites name="OD checkout" time="117.149" tests="1" failures="0" errors="0">
   <testsuite name="OD checkout" tests="1" failures="0" errors="0" time="117.149" skipped="0" timestamp="22-03-2024T18:46:25" hostname="91957 - Lead-Force-CRM" id="Test Suites/OD checkout">
      <properties>
         <property name="deviceName" value=""/>
         <property name="devicePlatform" value=""/>
         <property name="logFolder" value="C:\\Users\\91957\\Desktop\\Automation Testing - Katalon\\Payroll Web\\Reports\\20240322_184324\\OD checkout\\20240322_184329"/>
         <property name="logFiles" value="C:\\Users\\91957\\Desktop\\Automation Testing - Katalon\\Payroll Web\\Reports\\20240322_184324\\OD checkout\\20240322_184329\\execution0.log"/>
         <property name="attachments" value=""/>
         <property name="hostName" value="91957 - Lead-Force-CRM"/>
         <property name="os" value="Windows 11 64bit"/>
         <property name="katalonVersion" value="9.3.0.212"/>
         <property name="browser" value="Chrome 122.0.0.0"/>
         <property name="hostAddress" value="192.168.1.127"/>
         <property name="sessionId" value="e560b97030e7fb7a923db2fb0aae984d"/>
         <property name="seleniumVersion" value="3.141.59"/>
         <property name="proxyInformation" value="ProxyInformation { proxyOption=NO_PROXY, proxyServerType=HTTP, username=, password=********, proxyServerAddress=, proxyServerPort=0, executionList=&quot;&quot;, isApplyToDesiredCapabilities=true }"/>
         <property name="platform" value="Windows 11"/>
      </properties>
      <testcase name="Test Cases/OD Checkout" time="116.985" classname="Test Cases/OD Checkout" status="PASSED">
         <system-out><![CDATA[22-03-2024T18:46:25 - [TEST_CASE][PASSED] - Test Cases/OD Checkout: Test Cases/OD Checkout

22-03-2024T18:46:25 - [TEST_STEP][PASSED] - Data = findTestData("OD Checkout"): null

22-03-2024T18:46:26 - [TEST_STEP][PASSED] - dateFormat = new java.text.SimpleDateFormat(MM/dd/yyyy): null

22-03-2024T18:46:26 - [TEST_STEP][PASSED] - currentDate = getInstance().getTime(): null

22-03-2024T18:46:26 - [TEST_STEP][PASSED] - currentDateStr = dateFormat.format(currentDate): null

22-03-2024T18:46:26 - [TEST_STEP][PASSED] - for ([i = 1, i <= Data.getRowNumbers(), (i++)]): Browser is closed

22-03-2024T18:46:26 - [TEST_STEP][PASSED] - url = Data.getValue("URL", i): null

22-03-2024T18:46:26 - [TEST_STEP][PASSED] - username = Data.getValue("Username", i): null

22-03-2024T18:46:26 - [TEST_STEP][PASSED] - password = Data.getValue("Password", i): null

22-03-2024T18:46:26 - [TEST_STEP][PASSED] - checkoutRemark = Data.getValue("CheckoutRemark", i): null

22-03-2024T18:46:26 - [TEST_STEP][PASSED] - openBrowser(""): Browser is opened with url: ''

22-03-2024T18:46:26 - [MESSAGE][INFO] - Starting 'Chrome' driver

22-03-2024T18:46:26 - [MESSAGE][INFO] - Action delay is set to 0 milliseconds

22-03-2024T18:46:28 - [MESSAGE][PASSED] - Browser is opened with url: ''

22-03-2024T18:46:28 - [TEST_STEP][PASSED] - maximizeWindow(): Current window maximized

22-03-2024T18:46:28 - [MESSAGE][PASSED] - Current window maximized

22-03-2024T18:46:28 - [TEST_STEP][PASSED] - navigateToUrl(url): Navigate to 'http://testing.2growhr.io/' successfully

22-03-2024T18:46:32 - [MESSAGE][PASSED] - Navigate to 'http://testing.2growhr.io/' successfully

22-03-2024T18:46:32 - [TEST_STEP][PASSED] - setText(findTestObject("Object Repository/Page_2GrowHR - Login/UserName"), username): Text 'CBS1665' is set on object 'Object Repository/Page_2GrowHR - Login/UserName'

22-03-2024T18:46:33 - [MESSAGE][PASSED] - Text 'CBS1665' is set on object 'Object Repository/Page_2GrowHR - Login/UserName'

22-03-2024T18:46:33 - [TEST_STEP][PASSED] - setText(findTestObject("Object Repository/Page_2GrowHR - Login/Password"), password): Text '123' is set on object 'Object Repository/Page_2GrowHR - Login/Password'

22-03-2024T18:46:33 - [MESSAGE][PASSED] - Text '123' is set on object 'Object Repository/Page_2GrowHR - Login/Password'

22-03-2024T18:46:33 - [TEST_STEP][PASSED] - click(findTestObject("Object Repository/Page_2GrowHR - Login/Password - view icon")): Object: 'Object Repository/Page_2GrowHR - Login/Password - view icon' is clicked on

22-03-2024T18:46:34 - [MESSAGE][PASSED] - Object: 'Object Repository/Page_2GrowHR - Login/Password - view icon' is clicked on

22-03-2024T18:46:34 - [TEST_STEP][PASSED] - delay(2): Delayed 2 second(s)

22-03-2024T18:46:36 - [MESSAGE][PASSED] - Delayed 2 second(s)

22-03-2024T18:46:36 - [TEST_STEP][PASSED] - click(findTestObject("Object Repository/Page_2GrowHR - Login/Login Button")): Object: 'Object Repository/Page_2GrowHR - Login/Login Button' is clicked on

22-03-2024T18:46:46 - [MESSAGE][PASSED] - Object: 'Object Repository/Page_2GrowHR - Login/Login Button' is clicked on

22-03-2024T18:46:46 - [TEST_STEP][PASSED] - delay(2): Delayed 2 second(s)

22-03-2024T18:46:48 - [MESSAGE][PASSED] - Delayed 2 second(s)

22-03-2024T18:46:48 - [TEST_STEP][PASSED] - click(findTestObject("Object Repository/Page_2GrowHr - Dashboard/Check-Out button BR")): Object: 'Object Repository/Page_2GrowHr - Dashboard/Check-Out button BR' is clicked on

22-03-2024T18:46:49 - [MESSAGE][PASSED] - Object: 'Object Repository/Page_2GrowHr - Dashboard/Check-Out button BR' is clicked on

22-03-2024T18:46:49 - [TEST_STEP][PASSED] - setText(findTestObject("Object Repository/Page_2GrowHr - Dashboard/Checkout Remarks"), checkoutRemark + " " + currentDateStr): Text 'OD CheckoutRemark 03/22/2024' is set on object 'Object Repository/Page_2GrowHr - Dashboard/Checkout Remarks'

22-03-2024T18:46:50 - [MESSAGE][PASSED] - Text 'OD CheckoutRemark 03/22/2024' is set on object 'Object Repository/Page_2GrowHr - Dashboard/Checkout Remarks'

22-03-2024T18:46:50 - [TEST_STEP][PASSED] - delay(2): Delayed 2 second(s)

22-03-2024T18:46:52 - [MESSAGE][PASSED] - Delayed 2 second(s)

22-03-2024T18:46:52 - [TEST_STEP][PASSED] - click(findTestObject("Object Repository/Page_2GrowHr - Dashboard/Check-Out button AR")): Object: 'Object Repository/Page_2GrowHr - Dashboard/Check-Out button AR' is clicked on

22-03-2024T18:46:53 - [MESSAGE][PASSED] - Object: 'Object Repository/Page_2GrowHr - Dashboard/Check-Out button AR' is clicked on

22-03-2024T18:46:53 - [TEST_STEP][PASSED] - delay(2): Delayed 2 second(s)

22-03-2024T18:46:55 - [MESSAGE][PASSED] - Delayed 2 second(s)

22-03-2024T18:46:55 - [TEST_STEP][PASSED] - click(findTestObject("Object Repository/Page_2GrowHr - Menu_Report/Attentance mouseover")): Object: 'Object Repository/Page_2GrowHr - Menu_Report/Attentance mouseover' is clicked on

22-03-2024T18:46:56 - [MESSAGE][PASSED] - Object: 'Object Repository/Page_2GrowHr - Menu_Report/Attentance mouseover' is clicked on

22-03-2024T18:46:56 - [TEST_STEP][PASSED] - delay(2): Delayed 2 second(s)

22-03-2024T18:46:58 - [MESSAGE][PASSED] - Delayed 2 second(s)

22-03-2024T18:46:58 - [TEST_STEP][PASSED] - click(findTestObject("Object Repository/Page_2GrowHr - Menu_Report/Day Count Attendance Summary report")): Object: 'Object Repository/Page_2GrowHr - Menu_Report/Day Count Attendance Summary report' is clicked on

22-03-2024T18:47:11 - [MESSAGE][PASSED] - Object: 'Object Repository/Page_2GrowHr - Menu_Report/Day Count Attendance Summary report' is clicked on

22-03-2024T18:47:11 - [TEST_STEP][PASSED] - click(findTestObject("Object Repository/Page_2GrowHr - Real Time Report/Select Date range field day count attendance report")): Object: 'Object Repository/Page_2GrowHr - Real Time Report/Select Date range field day count attendance report' is clicked on

22-03-2024T18:47:14 - [MESSAGE][PASSED] - Object: 'Object Repository/Page_2GrowHr - Real Time Report/Select Date range field day count attendance report' is clicked on

22-03-2024T18:47:14 - [TEST_STEP][PASSED] - delay(2): Delayed 2 second(s)

22-03-2024T18:47:16 - [MESSAGE][PASSED] - Delayed 2 second(s)

22-03-2024T18:47:16 - [TEST_STEP][PASSED] - click(findTestObject("Object Repository/Page_2GrowHr - Real Time Report/Today")): Object: 'Object Repository/Page_2GrowHr - Real Time Report/Today' is clicked on

22-03-2024T18:47:16 - [MESSAGE][PASSED] - Object: 'Object Repository/Page_2GrowHr - Real Time Report/Today' is clicked on

22-03-2024T18:47:16 - [TEST_STEP][PASSED] - click(findTestObject("Object Repository/Page_2GrowHr - Real Time Report/Get Report button")): Object: 'Object Repository/Page_2GrowHr - Real Time Report/Get Report button' is clicked on

22-03-2024T18:47:16 - [MESSAGE][PASSED] - Object: 'Object Repository/Page_2GrowHr - Real Time Report/Get Report button' is clicked on

22-03-2024T18:47:16 - [TEST_STEP][PASSED] - delay(2): Delayed 2 second(s)

22-03-2024T18:47:18 - [MESSAGE][PASSED] - Delayed 2 second(s)

22-03-2024T18:47:18 - [TEST_STEP][PASSED] - linkElement = getWebDriver().findElement(By.xpath("//*[@id="datatable"]/tbody/tr/td[2]/a")): null

22-03-2024T18:47:19 - [TEST_STEP][PASSED] - linkElement.click(): null

22-03-2024T18:47:19 - [TEST_STEP][PASSED] - scrollToElement(findTestObject("Object Repository/Page_2GrowHr - Real Time Report/Report scroll to Clock-Out IP"), 10): Scroll to object 'Object Repository/Page_2GrowHr - Real Time Report/Report scroll to Clock-Out IP' successfully

22-03-2024T18:47:20 - [MESSAGE][PASSED] - Scroll to object 'Object Repository/Page_2GrowHr - Real Time Report/Report scroll to Clock-Out IP' successfully

22-03-2024T18:47:20 - [TEST_STEP][PASSED] - delay(5): Delayed 5 second(s)

22-03-2024T18:47:25 - [MESSAGE][PASSED] - Delayed 5 second(s)

22-03-2024T18:47:25 - [TEST_STEP][PASSED] - closeBrowser(): Browser is closed

22-03-2024T18:47:25 - [MESSAGE][PASSED] - Browser is closed

22-03-2024T18:47:25 - [TEST_STEP][PASSED] - url = Data.getValue("URL", i): null

22-03-2024T18:47:25 - [TEST_STEP][PASSED] - username = Data.getValue("Username", i): null

22-03-2024T18:47:25 - [TEST_STEP][PASSED] - password = Data.getValue("Password", i): null

22-03-2024T18:47:25 - [TEST_STEP][PASSED] - checkoutRemark = Data.getValue("CheckoutRemark", i): null

22-03-2024T18:47:25 - [TEST_STEP][PASSED] - openBrowser(""): Browser is opened with url: ''

22-03-2024T18:47:25 - [MESSAGE][INFO] - Starting 'Chrome' driver

22-03-2024T18:47:25 - [MESSAGE][INFO] - Action delay is set to 0 milliseconds

22-03-2024T18:47:26 - [MESSAGE][PASSED] - Browser is opened with url: ''

22-03-2024T18:47:26 - [TEST_STEP][PASSED] - maximizeWindow(): Current window maximized

22-03-2024T18:47:27 - [MESSAGE][PASSED] - Current window maximized

22-03-2024T18:47:27 - [TEST_STEP][PASSED] - navigateToUrl(url): Navigate to 'http://testing.2growhr.io/' successfully

22-03-2024T18:47:32 - [MESSAGE][PASSED] - Navigate to 'http://testing.2growhr.io/' successfully

22-03-2024T18:47:32 - [TEST_STEP][PASSED] - setText(findTestObject("Object Repository/Page_2GrowHR - Login/UserName"), username): Text 'CBS0499' is set on object 'Object Repository/Page_2GrowHR - Login/UserName'

22-03-2024T18:47:33 - [MESSAGE][PASSED] - Text 'CBS0499' is set on object 'Object Repository/Page_2GrowHR - Login/UserName'

22-03-2024T18:47:33 - [TEST_STEP][PASSED] - setText(findTestObject("Object Repository/Page_2GrowHR - Login/Password"), password): Text '123' is set on object 'Object Repository/Page_2GrowHR - Login/Password'

22-03-2024T18:47:33 - [MESSAGE][PASSED] - Text '123' is set on object 'Object Repository/Page_2GrowHR - Login/Password'

22-03-2024T18:47:33 - [TEST_STEP][PASSED] - click(findTestObject("Object Repository/Page_2GrowHR - Login/Password - view icon")): Object: 'Object Repository/Page_2GrowHR - Login/Password - view icon' is clicked on

22-03-2024T18:47:34 - [MESSAGE][PASSED] - Object: 'Object Repository/Page_2GrowHR - Login/Password - view icon' is clicked on

22-03-2024T18:47:34 - [TEST_STEP][PASSED] - delay(2): Delayed 2 second(s)

22-03-2024T18:47:36 - [MESSAGE][PASSED] - Delayed 2 second(s)

22-03-2024T18:47:36 - [TEST_STEP][PASSED] - click(findTestObject("Object Repository/Page_2GrowHR - Login/Login Button")): Object: 'Object Repository/Page_2GrowHR - Login/Login Button' is clicked on

22-03-2024T18:47:46 - [MESSAGE][PASSED] - Object: 'Object Repository/Page_2GrowHR - Login/Login Button' is clicked on

22-03-2024T18:47:46 - [TEST_STEP][PASSED] - delay(2): Delayed 2 second(s)

22-03-2024T18:47:48 - [MESSAGE][PASSED] - Delayed 2 second(s)

22-03-2024T18:47:48 - [TEST_STEP][PASSED] - click(findTestObject("Object Repository/Page_2GrowHr - Dashboard/Check-Out button BR")): Object: 'Object Repository/Page_2GrowHr - Dashboard/Check-Out button BR' is clicked on

22-03-2024T18:47:49 - [MESSAGE][PASSED] - Object: 'Object Repository/Page_2GrowHr - Dashboard/Check-Out button BR' is clicked on

22-03-2024T18:47:49 - [TEST_STEP][PASSED] - setText(findTestObject("Object Repository/Page_2GrowHr - Dashboard/Checkout Remarks"), checkoutRemark + " " + currentDateStr): Text 'OD CheckoutRemark 03/22/2024' is set on object 'Object Repository/Page_2GrowHr - Dashboard/Checkout Remarks'

22-03-2024T18:47:51 - [MESSAGE][PASSED] - Text 'OD CheckoutRemark 03/22/2024' is set on object 'Object Repository/Page_2GrowHr - Dashboard/Checkout Remarks'

22-03-2024T18:47:51 - [TEST_STEP][PASSED] - delay(2): Delayed 2 second(s)

22-03-2024T18:47:53 - [MESSAGE][PASSED] - Delayed 2 second(s)

22-03-2024T18:47:53 - [TEST_STEP][PASSED] - click(findTestObject("Object Repository/Page_2GrowHr - Dashboard/Check-Out button AR")): Object: 'Object Repository/Page_2GrowHr - Dashboard/Check-Out button AR' is clicked on

22-03-2024T18:47:53 - [MESSAGE][PASSED] - Object: 'Object Repository/Page_2GrowHr - Dashboard/Check-Out button AR' is clicked on

22-03-2024T18:47:53 - [TEST_STEP][PASSED] - delay(2): Delayed 2 second(s)

22-03-2024T18:47:55 - [MESSAGE][PASSED] - Delayed 2 second(s)

22-03-2024T18:47:55 - [TEST_STEP][PASSED] - click(findTestObject("Object Repository/Page_2GrowHr - Menu_Report/Attentance mouseover")): Object: 'Object Repository/Page_2GrowHr - Menu_Report/Attentance mouseover' is clicked on

22-03-2024T18:47:56 - [MESSAGE][PASSED] - Object: 'Object Repository/Page_2GrowHr - Menu_Report/Attentance mouseover' is clicked on

22-03-2024T18:47:56 - [TEST_STEP][PASSED] - delay(2): Delayed 2 second(s)

22-03-2024T18:47:58 - [MESSAGE][PASSED] - Delayed 2 second(s)

22-03-2024T18:47:58 - [TEST_STEP][PASSED] - click(findTestObject("Object Repository/Page_2GrowHr - Menu_Report/Day Count Attendance Summary report")): Object: 'Object Repository/Page_2GrowHr - Menu_Report/Day Count Attendance Summary report' is clicked on

22-03-2024T18:48:00 - [MESSAGE][PASSED] - Object: 'Object Repository/Page_2GrowHr - Menu_Report/Day Count Attendance Summary report' is clicked on

22-03-2024T18:48:00 - [TEST_STEP][PASSED] - click(findTestObject("Object Repository/Page_2GrowHr - Real Time Report/Select Date range field day count attendance report")): Object: 'Object Repository/Page_2GrowHr - Real Time Report/Select Date range field day count attendance report' is clicked on

22-03-2024T18:48:10 - [MESSAGE][PASSED] - Object: 'Object Repository/Page_2GrowHr - Real Time Report/Select Date range field day count attendance report' is clicked on

22-03-2024T18:48:10 - [TEST_STEP][PASSED] - delay(2): Delayed 2 second(s)

22-03-2024T18:48:12 - [MESSAGE][PASSED] - Delayed 2 second(s)

22-03-2024T18:48:12 - [TEST_STEP][PASSED] - click(findTestObject("Object Repository/Page_2GrowHr - Real Time Report/Today")): Object: 'Object Repository/Page_2GrowHr - Real Time Report/Today' is clicked on

22-03-2024T18:48:12 - [MESSAGE][PASSED] - Object: 'Object Repository/Page_2GrowHr - Real Time Report/Today' is clicked on

22-03-2024T18:48:12 - [TEST_STEP][PASSED] - click(findTestObject("Object Repository/Page_2GrowHr - Real Time Report/Get Report button")): Object: 'Object Repository/Page_2GrowHr - Real Time Report/Get Report button' is clicked on

22-03-2024T18:48:13 - [MESSAGE][PASSED] - Object: 'Object Repository/Page_2GrowHr - Real Time Report/Get Report button' is clicked on

22-03-2024T18:48:13 - [TEST_STEP][PASSED] - delay(2): Delayed 2 second(s)

22-03-2024T18:48:15 - [MESSAGE][PASSED] - Delayed 2 second(s)

22-03-2024T18:48:15 - [TEST_STEP][PASSED] - linkElement = getWebDriver().findElement(By.xpath("//*[@id="datatable"]/tbody/tr/td[2]/a")): null

22-03-2024T18:48:15 - [TEST_STEP][PASSED] - linkElement.click(): null

22-03-2024T18:48:15 - [TEST_STEP][PASSED] - scrollToElement(findTestObject("Object Repository/Page_2GrowHr - Real Time Report/Report scroll to Clock-Out IP"), 10): Scroll to object 'Object Repository/Page_2GrowHr - Real Time Report/Report scroll to Clock-Out IP' successfully

22-03-2024T18:48:16 - [MESSAGE][PASSED] - Scroll to object 'Object Repository/Page_2GrowHr - Real Time Report/Report scroll to Clock-Out IP' successfully

22-03-2024T18:48:16 - [TEST_STEP][PASSED] - delay(5): Delayed 5 second(s)

22-03-2024T18:48:21 - [MESSAGE][PASSED] - Delayed 5 second(s)

22-03-2024T18:48:21 - [TEST_STEP][PASSED] - closeBrowser(): Browser is closed

22-03-2024T18:48:22 - [MESSAGE][PASSED] - Browser is closed]]></system-out>
         <system-err><![CDATA[]]></system-err>
      </testcase>
      <system-out><![CDATA[22-03-2024T18:46:25 - [TEST_SUITE][PASSED] - OD checkout: Test Cases/OD Checkout]]></system-out>
      <system-err><![CDATA[]]></system-err>
   </testsuite>
</testsuites>
