<?xml version="1.0" encoding="UTF-8"?>
<testsuites name="WFH checkout" time="118.18" tests="1" failures="0" errors="0">
   <testsuite name="WFH checkout" tests="1" failures="0" errors="0" time="118.18" skipped="0" timestamp="15-03-2024T18:05:37" hostname="91957 - Lead-Force-CRM" id="Test Suites/WFH checkout">
      <properties>
         <property name="deviceName" value=""/>
         <property name="devicePlatform" value=""/>
         <property name="logFolder" value="C:\\Users\\91957\\Desktop\\Automation Testing - Katalon\\Payroll Web\\Reports\\20240315_180028\\WFH checkout\\20240315_180031"/>
         <property name="logFiles" value="C:\\Users\\91957\\Desktop\\Automation Testing - Katalon\\Payroll Web\\Reports\\20240315_180028\\WFH checkout\\20240315_180031\\execution0.log"/>
         <property name="attachments" value=""/>
         <property name="hostName" value="91957 - Lead-Force-CRM"/>
         <property name="os" value="Windows 11 64bit"/>
         <property name="katalonVersion" value="9.3.0.212"/>
         <property name="browser" value="Chrome 122.0.0.0"/>
         <property name="hostAddress" value="192.168.0.112"/>
         <property name="sessionId" value="da42ce7f3f9dee8c25fa108012a57f67"/>
         <property name="seleniumVersion" value="3.141.59"/>
         <property name="proxyInformation" value="ProxyInformation { proxyOption=NO_PROXY, proxyServerType=HTTP, username=, password=********, proxyServerAddress=, proxyServerPort=0, executionList=&quot;&quot;, isApplyToDesiredCapabilities=true }"/>
         <property name="platform" value="Windows 11"/>
      </properties>
      <testcase name="Test Cases/WFH Checkout" time="118.02" classname="Test Cases/WFH Checkout" status="PASSED">
         <system-out><![CDATA[15-03-2024T18:05:38 - [TEST_CASE][PASSED] - Test Cases/WFH Checkout: Test Cases/WFH Checkout

15-03-2024T18:05:38 - [TEST_STEP][PASSED] - Data = findTestData("WFH Checkout"): null

15-03-2024T18:05:38 - [TEST_STEP][PASSED] - dateFormat = new java.text.SimpleDateFormat(MM/dd/yyyy): null

15-03-2024T18:05:38 - [TEST_STEP][PASSED] - currentDate = getInstance().getTime(): null

15-03-2024T18:05:38 - [TEST_STEP][PASSED] - currentDateStr = dateFormat.format(currentDate): null

15-03-2024T18:05:38 - [TEST_STEP][PASSED] - for ([i = 1, i <= Data.getRowNumbers(), (i++)]): Browser is closed

15-03-2024T18:05:38 - [TEST_STEP][PASSED] - url = Data.getValue("URL", i): null

15-03-2024T18:05:38 - [TEST_STEP][PASSED] - username = Data.getValue("Username", i): null

15-03-2024T18:05:38 - [TEST_STEP][PASSED] - password = Data.getValue("Password", i): null

15-03-2024T18:05:38 - [TEST_STEP][PASSED] - checkoutRemark = Data.getValue("CheckoutRemark", i): null

15-03-2024T18:05:38 - [TEST_STEP][PASSED] - openBrowser(""): Browser is opened with url: ''

15-03-2024T18:05:39 - [MESSAGE][INFO] - Starting 'Chrome' driver

15-03-2024T18:05:39 - [MESSAGE][INFO] - Action delay is set to 0 milliseconds

15-03-2024T18:05:40 - [MESSAGE][PASSED] - Browser is opened with url: ''

15-03-2024T18:05:40 - [TEST_STEP][PASSED] - maximizeWindow(): Current window maximized

15-03-2024T18:05:40 - [MESSAGE][PASSED] - Current window maximized

15-03-2024T18:05:40 - [TEST_STEP][PASSED] - navigateToUrl(url): Navigate to 'http://testing.2growhr.io/' successfully

15-03-2024T18:05:42 - [MESSAGE][PASSED] - Navigate to 'http://testing.2growhr.io/' successfully

15-03-2024T18:05:42 - [TEST_STEP][PASSED] - setText(findTestObject("Object Repository/Page_2GrowHR - Login/UserName"), username): Text 'Sathish238' is set on object 'Object Repository/Page_2GrowHR - Login/UserName'

15-03-2024T18:05:43 - [MESSAGE][PASSED] - Text 'Sathish238' is set on object 'Object Repository/Page_2GrowHR - Login/UserName'

15-03-2024T18:05:43 - [TEST_STEP][PASSED] - setText(findTestObject("Object Repository/Page_2GrowHR - Login/Password"), password): Text '123' is set on object 'Object Repository/Page_2GrowHR - Login/Password'

15-03-2024T18:05:43 - [MESSAGE][PASSED] - Text '123' is set on object 'Object Repository/Page_2GrowHR - Login/Password'

15-03-2024T18:05:43 - [TEST_STEP][PASSED] - click(findTestObject("Object Repository/Page_2GrowHR - Login/Password - view icon")): Object: 'Object Repository/Page_2GrowHR - Login/Password - view icon' is clicked on

15-03-2024T18:05:44 - [MESSAGE][PASSED] - Object: 'Object Repository/Page_2GrowHR - Login/Password - view icon' is clicked on

15-03-2024T18:05:44 - [TEST_STEP][PASSED] - delay(2): Delayed 2 second(s)

15-03-2024T18:05:46 - [MESSAGE][PASSED] - Delayed 2 second(s)

15-03-2024T18:05:46 - [TEST_STEP][PASSED] - click(findTestObject("Object Repository/Page_2GrowHR - Login/Login Button")): Object: 'Object Repository/Page_2GrowHR - Login/Login Button' is clicked on

15-03-2024T18:05:54 - [MESSAGE][PASSED] - Object: 'Object Repository/Page_2GrowHR - Login/Login Button' is clicked on

15-03-2024T18:05:54 - [TEST_STEP][PASSED] - delay(3): Delayed 3 second(s)

15-03-2024T18:05:58 - [MESSAGE][PASSED] - Delayed 3 second(s)

15-03-2024T18:05:58 - [TEST_STEP][PASSED] - click(findTestObject("Object Repository/Page_2GrowHr - Dashboard/Check-Out button BR")): Object: 'Object Repository/Page_2GrowHr - Dashboard/Check-Out button BR' is clicked on

15-03-2024T18:05:58 - [MESSAGE][PASSED] - Object: 'Object Repository/Page_2GrowHr - Dashboard/Check-Out button BR' is clicked on

15-03-2024T18:05:58 - [TEST_STEP][PASSED] - setText(findTestObject("Object Repository/Page_2GrowHr - Dashboard/Checkout Remarks"), checkoutRemark + " " + currentDateStr): Text 'WFH CheckoutRemark 03/15/2024' is set on object 'Object Repository/Page_2GrowHr - Dashboard/Checkout Remarks'

15-03-2024T18:06:00 - [MESSAGE][PASSED] - Text 'WFH CheckoutRemark 03/15/2024' is set on object 'Object Repository/Page_2GrowHr - Dashboard/Checkout Remarks'

15-03-2024T18:06:00 - [TEST_STEP][PASSED] - delay(3): Delayed 3 second(s)

15-03-2024T18:06:03 - [MESSAGE][PASSED] - Delayed 3 second(s)

15-03-2024T18:06:03 - [TEST_STEP][PASSED] - click(findTestObject("Object Repository/Page_2GrowHr - Dashboard/Check-Out button AR")): Object: 'Object Repository/Page_2GrowHr - Dashboard/Check-Out button AR' is clicked on

15-03-2024T18:06:03 - [MESSAGE][PASSED] - Object: 'Object Repository/Page_2GrowHr - Dashboard/Check-Out button AR' is clicked on

15-03-2024T18:06:03 - [TEST_STEP][PASSED] - delay(5): Delayed 5 second(s)

15-03-2024T18:06:08 - [MESSAGE][PASSED] - Delayed 5 second(s)

15-03-2024T18:06:08 - [TEST_STEP][PASSED] - click(findTestObject("Object Repository/Page_2GrowHr - Menu_Report/Attentance mouseover")): Object: 'Object Repository/Page_2GrowHr - Menu_Report/Attentance mouseover' is clicked on

15-03-2024T18:06:08 - [MESSAGE][PASSED] - Object: 'Object Repository/Page_2GrowHr - Menu_Report/Attentance mouseover' is clicked on

15-03-2024T18:06:08 - [TEST_STEP][PASSED] - delay(3): Delayed 3 second(s)

15-03-2024T18:06:11 - [MESSAGE][PASSED] - Delayed 3 second(s)

15-03-2024T18:06:11 - [TEST_STEP][PASSED] - click(findTestObject("Object Repository/Page_2GrowHr - Menu_Report/Day Count Attendance Summary report")): Object: 'Object Repository/Page_2GrowHr - Menu_Report/Day Count Attendance Summary report' is clicked on

15-03-2024T18:06:21 - [MESSAGE][PASSED] - Object: 'Object Repository/Page_2GrowHr - Menu_Report/Day Count Attendance Summary report' is clicked on

15-03-2024T18:06:21 - [TEST_STEP][PASSED] - click(findTestObject("Object Repository/Page_2GrowHr - Real Time Report/Select Date range field day count attendance report")): Object: 'Object Repository/Page_2GrowHr - Real Time Report/Select Date range field day count attendance report' is clicked on

15-03-2024T18:06:24 - [MESSAGE][PASSED] - Object: 'Object Repository/Page_2GrowHr - Real Time Report/Select Date range field day count attendance report' is clicked on

15-03-2024T18:06:24 - [TEST_STEP][PASSED] - delay(2): Delayed 2 second(s)

15-03-2024T18:06:26 - [MESSAGE][PASSED] - Delayed 2 second(s)

15-03-2024T18:06:26 - [TEST_STEP][PASSED] - click(findTestObject("Object Repository/Page_2GrowHr - Real Time Report/Today")): Object: 'Object Repository/Page_2GrowHr - Real Time Report/Today' is clicked on

15-03-2024T18:06:26 - [MESSAGE][PASSED] - Object: 'Object Repository/Page_2GrowHr - Real Time Report/Today' is clicked on

15-03-2024T18:06:26 - [TEST_STEP][PASSED] - click(findTestObject("Object Repository/Page_2GrowHr - Real Time Report/Get Report button")): Object: 'Object Repository/Page_2GrowHr - Real Time Report/Get Report button' is clicked on

15-03-2024T18:06:26 - [MESSAGE][PASSED] - Object: 'Object Repository/Page_2GrowHr - Real Time Report/Get Report button' is clicked on

15-03-2024T18:06:26 - [TEST_STEP][PASSED] - delay(3): Delayed 3 second(s)

15-03-2024T18:06:29 - [MESSAGE][PASSED] - Delayed 3 second(s)

15-03-2024T18:06:29 - [TEST_STEP][PASSED] - linkElement = getWebDriver().findElement(By.xpath("//*[@id="datatable"]/tbody/tr/td[2]/a")): null

15-03-2024T18:06:30 - [TEST_STEP][PASSED] - linkElement.click(): null

15-03-2024T18:06:30 - [TEST_STEP][PASSED] - scrollToElement(findTestObject("Object Repository/Page_2GrowHr - Real Time Report/Report scroll to Clock-Out IP"), 10): Scroll to object 'Object Repository/Page_2GrowHr - Real Time Report/Report scroll to Clock-Out IP' successfully

15-03-2024T18:06:31 - [MESSAGE][PASSED] - Scroll to object 'Object Repository/Page_2GrowHr - Real Time Report/Report scroll to Clock-Out IP' successfully

15-03-2024T18:06:31 - [TEST_STEP][PASSED] - delay(10): Delayed 10 second(s)

15-03-2024T18:06:41 - [MESSAGE][PASSED] - Delayed 10 second(s)

15-03-2024T18:06:41 - [TEST_STEP][PASSED] - closeBrowser(): Browser is closed

15-03-2024T18:06:41 - [MESSAGE][PASSED] - Browser is closed

15-03-2024T18:06:41 - [TEST_STEP][PASSED] - url = Data.getValue("URL", i): null

15-03-2024T18:06:41 - [TEST_STEP][PASSED] - username = Data.getValue("Username", i): null

15-03-2024T18:06:41 - [TEST_STEP][PASSED] - password = Data.getValue("Password", i): null

15-03-2024T18:06:41 - [TEST_STEP][PASSED] - checkoutRemark = Data.getValue("CheckoutRemark", i): null

15-03-2024T18:06:41 - [TEST_STEP][PASSED] - openBrowser(""): Browser is opened with url: ''

15-03-2024T18:06:41 - [MESSAGE][INFO] - Starting 'Chrome' driver

15-03-2024T18:06:41 - [MESSAGE][INFO] - Action delay is set to 0 milliseconds

15-03-2024T18:06:42 - [MESSAGE][PASSED] - Browser is opened with url: ''

15-03-2024T18:06:42 - [TEST_STEP][PASSED] - maximizeWindow(): Current window maximized

15-03-2024T18:06:42 - [MESSAGE][PASSED] - Current window maximized

15-03-2024T18:06:42 - [TEST_STEP][PASSED] - navigateToUrl(url): Navigate to 'http://testing.2growhr.io/' successfully

15-03-2024T18:06:44 - [MESSAGE][PASSED] - Navigate to 'http://testing.2growhr.io/' successfully

15-03-2024T18:06:44 - [TEST_STEP][PASSED] - setText(findTestObject("Object Repository/Page_2GrowHR - Login/UserName"), username): Text 'CBS0715' is set on object 'Object Repository/Page_2GrowHR - Login/UserName'

15-03-2024T18:06:45 - [MESSAGE][PASSED] - Text 'CBS0715' is set on object 'Object Repository/Page_2GrowHR - Login/UserName'

15-03-2024T18:06:45 - [TEST_STEP][PASSED] - setText(findTestObject("Object Repository/Page_2GrowHR - Login/Password"), password): Text '123' is set on object 'Object Repository/Page_2GrowHR - Login/Password'

15-03-2024T18:06:45 - [MESSAGE][PASSED] - Text '123' is set on object 'Object Repository/Page_2GrowHR - Login/Password'

15-03-2024T18:06:45 - [TEST_STEP][PASSED] - click(findTestObject("Object Repository/Page_2GrowHR - Login/Password - view icon")): Object: 'Object Repository/Page_2GrowHR - Login/Password - view icon' is clicked on

15-03-2024T18:06:46 - [MESSAGE][PASSED] - Object: 'Object Repository/Page_2GrowHR - Login/Password - view icon' is clicked on

15-03-2024T18:06:46 - [TEST_STEP][PASSED] - delay(2): Delayed 2 second(s)

15-03-2024T18:06:48 - [MESSAGE][PASSED] - Delayed 2 second(s)

15-03-2024T18:06:48 - [TEST_STEP][PASSED] - click(findTestObject("Object Repository/Page_2GrowHR - Login/Login Button")): Object: 'Object Repository/Page_2GrowHR - Login/Login Button' is clicked on

15-03-2024T18:06:56 - [MESSAGE][PASSED] - Object: 'Object Repository/Page_2GrowHR - Login/Login Button' is clicked on

15-03-2024T18:06:56 - [TEST_STEP][PASSED] - delay(3): Delayed 3 second(s)

15-03-2024T18:06:59 - [MESSAGE][PASSED] - Delayed 3 second(s)

15-03-2024T18:06:59 - [TEST_STEP][PASSED] - click(findTestObject("Object Repository/Page_2GrowHr - Dashboard/Check-Out button BR")): Object: 'Object Repository/Page_2GrowHr - Dashboard/Check-Out button BR' is clicked on

15-03-2024T18:06:59 - [MESSAGE][PASSED] - Object: 'Object Repository/Page_2GrowHr - Dashboard/Check-Out button BR' is clicked on

15-03-2024T18:06:59 - [TEST_STEP][PASSED] - setText(findTestObject("Object Repository/Page_2GrowHr - Dashboard/Checkout Remarks"), checkoutRemark + " " + currentDateStr): Text 'WFH CheckoutRemark 03/15/2024' is set on object 'Object Repository/Page_2GrowHr - Dashboard/Checkout Remarks'

15-03-2024T18:07:01 - [MESSAGE][PASSED] - Text 'WFH CheckoutRemark 03/15/2024' is set on object 'Object Repository/Page_2GrowHr - Dashboard/Checkout Remarks'

15-03-2024T18:07:01 - [TEST_STEP][PASSED] - delay(3): Delayed 3 second(s)

15-03-2024T18:07:04 - [MESSAGE][PASSED] - Delayed 3 second(s)

15-03-2024T18:07:04 - [TEST_STEP][PASSED] - click(findTestObject("Object Repository/Page_2GrowHr - Dashboard/Check-Out button AR")): Object: 'Object Repository/Page_2GrowHr - Dashboard/Check-Out button AR' is clicked on

15-03-2024T18:07:04 - [MESSAGE][PASSED] - Object: 'Object Repository/Page_2GrowHr - Dashboard/Check-Out button AR' is clicked on

15-03-2024T18:07:04 - [TEST_STEP][PASSED] - delay(5): Delayed 5 second(s)

15-03-2024T18:07:09 - [MESSAGE][PASSED] - Delayed 5 second(s)

15-03-2024T18:07:09 - [TEST_STEP][PASSED] - click(findTestObject("Object Repository/Page_2GrowHr - Menu_Report/Attentance mouseover")): Object: 'Object Repository/Page_2GrowHr - Menu_Report/Attentance mouseover' is clicked on

15-03-2024T18:07:10 - [MESSAGE][PASSED] - Object: 'Object Repository/Page_2GrowHr - Menu_Report/Attentance mouseover' is clicked on

15-03-2024T18:07:10 - [TEST_STEP][PASSED] - delay(3): Delayed 3 second(s)

15-03-2024T18:07:13 - [MESSAGE][PASSED] - Delayed 3 second(s)

15-03-2024T18:07:13 - [TEST_STEP][PASSED] - click(findTestObject("Object Repository/Page_2GrowHr - Menu_Report/Day Count Attendance Summary report")): Object: 'Object Repository/Page_2GrowHr - Menu_Report/Day Count Attendance Summary report' is clicked on

15-03-2024T18:07:16 - [MESSAGE][PASSED] - Object: 'Object Repository/Page_2GrowHr - Menu_Report/Day Count Attendance Summary report' is clicked on

15-03-2024T18:07:16 - [TEST_STEP][PASSED] - click(findTestObject("Object Repository/Page_2GrowHr - Real Time Report/Select Date range field day count attendance report")): Object: 'Object Repository/Page_2GrowHr - Real Time Report/Select Date range field day count attendance report' is clicked on

15-03-2024T18:07:18 - [MESSAGE][PASSED] - Object: 'Object Repository/Page_2GrowHr - Real Time Report/Select Date range field day count attendance report' is clicked on

15-03-2024T18:07:18 - [TEST_STEP][PASSED] - delay(2): Delayed 2 second(s)

15-03-2024T18:07:20 - [MESSAGE][PASSED] - Delayed 2 second(s)

15-03-2024T18:07:20 - [TEST_STEP][PASSED] - click(findTestObject("Object Repository/Page_2GrowHr - Real Time Report/Today")): Object: 'Object Repository/Page_2GrowHr - Real Time Report/Today' is clicked on

15-03-2024T18:07:21 - [MESSAGE][PASSED] - Object: 'Object Repository/Page_2GrowHr - Real Time Report/Today' is clicked on

15-03-2024T18:07:21 - [TEST_STEP][PASSED] - click(findTestObject("Object Repository/Page_2GrowHr - Real Time Report/Get Report button")): Object: 'Object Repository/Page_2GrowHr - Real Time Report/Get Report button' is clicked on

15-03-2024T18:07:21 - [MESSAGE][PASSED] - Object: 'Object Repository/Page_2GrowHr - Real Time Report/Get Report button' is clicked on

15-03-2024T18:07:21 - [TEST_STEP][PASSED] - delay(3): Delayed 3 second(s)

15-03-2024T18:07:24 - [MESSAGE][PASSED] - Delayed 3 second(s)

15-03-2024T18:07:24 - [TEST_STEP][PASSED] - linkElement = getWebDriver().findElement(By.xpath("//*[@id="datatable"]/tbody/tr/td[2]/a")): null

15-03-2024T18:07:24 - [TEST_STEP][PASSED] - linkElement.click(): null

15-03-2024T18:07:24 - [TEST_STEP][PASSED] - scrollToElement(findTestObject("Object Repository/Page_2GrowHr - Real Time Report/Report scroll to Clock-Out IP"), 10): Scroll to object 'Object Repository/Page_2GrowHr - Real Time Report/Report scroll to Clock-Out IP' successfully

15-03-2024T18:07:25 - [MESSAGE][PASSED] - Scroll to object 'Object Repository/Page_2GrowHr - Real Time Report/Report scroll to Clock-Out IP' successfully

15-03-2024T18:07:25 - [TEST_STEP][PASSED] - delay(10): Delayed 10 second(s)

15-03-2024T18:07:35 - [MESSAGE][PASSED] - Delayed 10 second(s)

15-03-2024T18:07:35 - [TEST_STEP][PASSED] - closeBrowser(): Browser is closed

15-03-2024T18:07:36 - [MESSAGE][PASSED] - Browser is closed]]></system-out>
         <system-err><![CDATA[]]></system-err>
      </testcase>
      <system-out><![CDATA[15-03-2024T18:05:37 - [TEST_SUITE][PASSED] - WFH checkout: Test Cases/WFH Checkout]]></system-out>
      <system-err><![CDATA[]]></system-err>
   </testsuite>
</testsuites>
