<?xml version="1.0" encoding="UTF-8"?>
<testsuites name="Apply WFH and Checkin" time="111.582" tests="1" failures="0" errors="0">
   <testsuite name="Apply WFH and Checkin" tests="1" failures="0" errors="0" time="111.582" skipped="0" timestamp="26-03-2024T10:04:27" hostname="91957 - Lead-Force-CRM" id="Test Suites/Apply WFH and Checkin">
      <properties>
         <property name="deviceName" value=""/>
         <property name="devicePlatform" value=""/>
         <property name="logFolder" value="C:\\Users\\91957\\Desktop\\Automation Testing - Katalon\\Payroll Web\\Reports\\20240326_100038\\Apply WFH and Checkin\\20240326_100041"/>
         <property name="logFiles" value="C:\\Users\\91957\\Desktop\\Automation Testing - Katalon\\Payroll Web\\Reports\\20240326_100038\\Apply WFH and Checkin\\20240326_100041\\execution0.log"/>
         <property name="attachments" value=""/>
         <property name="hostName" value="91957 - Lead-Force-CRM"/>
         <property name="os" value="Windows 11 64bit"/>
         <property name="katalonVersion" value="9.3.0.212"/>
         <property name="browser" value="Chrome 122.0.0.0"/>
         <property name="hostAddress" value="192.168.0.104"/>
         <property name="sessionId" value="da4e9c3194665748954994078709b4cb"/>
         <property name="seleniumVersion" value="3.141.59"/>
         <property name="proxyInformation" value="ProxyInformation { proxyOption=NO_PROXY, proxyServerType=HTTP, username=, password=********, proxyServerAddress=, proxyServerPort=0, executionList=&quot;&quot;, isApplyToDesiredCapabilities=true }"/>
         <property name="platform" value="Windows 11"/>
      </properties>
      <testcase name="Test Cases/Apply WFH and Checkin" time="111.431" classname="Test Cases/Apply WFH and Checkin" status="PASSED">
         <system-out><![CDATA[26-03-2024T10:04:28 - [TEST_CASE][PASSED] - Test Cases/Apply WFH and Checkin: Test Cases/Apply WFH and Checkin

26-03-2024T10:04:28 - [TEST_STEP][PASSED] - Data = findTestData("Apply WFH and Checkin"): null

26-03-2024T10:04:28 - [TEST_STEP][PASSED] - dateFormat = new java.text.SimpleDateFormat(MM/dd/yyyy): null

26-03-2024T10:04:28 - [TEST_STEP][PASSED] - currentDate = getInstance().getTime(): null

26-03-2024T10:04:28 - [TEST_STEP][PASSED] - currentDateStr = dateFormat.format(currentDate): null

26-03-2024T10:04:29 - [TEST_STEP][PASSED] - for ([i = 1, i <= Data.getRowNumbers(), (i++)]): Browser is closed

26-03-2024T10:04:29 - [TEST_STEP][PASSED] - url = Data.getValue("URL", i): null

26-03-2024T10:04:29 - [TEST_STEP][PASSED] - username = Data.getValue("Username", i): null

26-03-2024T10:04:29 - [TEST_STEP][PASSED] - password = Data.getValue("Password", i): null

26-03-2024T10:04:29 - [TEST_STEP][PASSED] - checkinRemark = Data.getValue("CheckinRemark", i): null

26-03-2024T10:04:29 - [TEST_STEP][PASSED] - WFHRemark = Data.getValue("WFHRemark", i): null

26-03-2024T10:04:29 - [TEST_STEP][PASSED] - openBrowser(""): Browser is opened with url: ''

26-03-2024T10:04:29 - [MESSAGE][INFO] - Starting 'Chrome' driver

26-03-2024T10:04:29 - [MESSAGE][INFO] - Action delay is set to 0 milliseconds

26-03-2024T10:04:31 - [MESSAGE][PASSED] - Browser is opened with url: ''

26-03-2024T10:04:31 - [TEST_STEP][PASSED] - maximizeWindow(): Current window maximized

26-03-2024T10:04:31 - [MESSAGE][PASSED] - Current window maximized

26-03-2024T10:04:31 - [TEST_STEP][PASSED] - navigateToUrl(url): Navigate to 'http://testing.2growhr.io/' successfully

26-03-2024T10:04:33 - [MESSAGE][PASSED] - Navigate to 'http://testing.2growhr.io/' successfully

26-03-2024T10:04:33 - [TEST_STEP][PASSED] - setText(findTestObject("Object Repository/Page_2GrowHR - Login/UserName"), username): Text 'Sathish238' is set on object 'Object Repository/Page_2GrowHR - Login/UserName'

26-03-2024T10:04:34 - [MESSAGE][PASSED] - Text 'Sathish238' is set on object 'Object Repository/Page_2GrowHR - Login/UserName'

26-03-2024T10:04:34 - [TEST_STEP][PASSED] - setText(findTestObject("Object Repository/Page_2GrowHR - Login/Password"), password): Text '123' is set on object 'Object Repository/Page_2GrowHR - Login/Password'

26-03-2024T10:04:34 - [MESSAGE][PASSED] - Text '123' is set on object 'Object Repository/Page_2GrowHR - Login/Password'

26-03-2024T10:04:34 - [TEST_STEP][PASSED] - click(findTestObject("Object Repository/Page_2GrowHR - Login/Password - view icon")): Object: 'Object Repository/Page_2GrowHR - Login/Password - view icon' is clicked on

26-03-2024T10:04:35 - [MESSAGE][PASSED] - Object: 'Object Repository/Page_2GrowHR - Login/Password - view icon' is clicked on

26-03-2024T10:04:35 - [TEST_STEP][PASSED] - delay(2): Delayed 2 second(s)

26-03-2024T10:04:37 - [MESSAGE][PASSED] - Delayed 2 second(s)

26-03-2024T10:04:37 - [TEST_STEP][PASSED] - click(findTestObject("Object Repository/Page_2GrowHR - Login/Login Button")): Object: 'Object Repository/Page_2GrowHR - Login/Login Button' is clicked on

26-03-2024T10:04:46 - [MESSAGE][PASSED] - Object: 'Object Repository/Page_2GrowHR - Login/Login Button' is clicked on

26-03-2024T10:04:46 - [TEST_STEP][PASSED] - delay(2): Delayed 2 second(s)

26-03-2024T10:04:48 - [MESSAGE][PASSED] - Delayed 2 second(s)

26-03-2024T10:04:48 - [TEST_STEP][PASSED] - click(findTestObject("Object Repository/Page_2GrowHr - Dashboard/Work From Home Button")): Object: 'Object Repository/Page_2GrowHr - Dashboard/Work From Home Button' is clicked on

26-03-2024T10:04:49 - [MESSAGE][PASSED] - Object: 'Object Repository/Page_2GrowHr - Dashboard/Work From Home Button' is clicked on

26-03-2024T10:04:49 - [TEST_STEP][PASSED] - click(findTestObject("Object Repository/Page_2GrowHr - Dashboard/WFH date selection")): Object: 'Object Repository/Page_2GrowHr - Dashboard/WFH date selection' is clicked on

26-03-2024T10:04:50 - [MESSAGE][PASSED] - Object: 'Object Repository/Page_2GrowHr - Dashboard/WFH date selection' is clicked on

26-03-2024T10:04:50 - [TEST_STEP][PASSED] - setText(findTestObject("Object Repository/Page_2GrowHr - Dashboard/WFH date selection"), currentDateStr): Text '03/26/2024' is set on object 'Object Repository/Page_2GrowHr - Dashboard/WFH date selection'

26-03-2024T10:04:51 - [MESSAGE][PASSED] - Text '03/26/2024' is set on object 'Object Repository/Page_2GrowHr - Dashboard/WFH date selection'

26-03-2024T10:04:51 - [TEST_STEP][PASSED] - click(findTestObject("Object Repository/Page_2GrowHr - Dashboard/After date entering click div")): Object: 'Object Repository/Page_2GrowHr - Dashboard/After date entering click div' is clicked on

26-03-2024T10:04:52 - [MESSAGE][PASSED] - Object: 'Object Repository/Page_2GrowHr - Dashboard/After date entering click div' is clicked on

26-03-2024T10:04:52 - [TEST_STEP][PASSED] - setText(findTestObject("Object Repository/Page_2GrowHr - Dashboard/WFH Remark"), WFHRemark): Text 'WFH Applied' is set on object 'Object Repository/Page_2GrowHr - Dashboard/WFH Remark'

26-03-2024T10:04:53 - [MESSAGE][PASSED] - Text 'WFH Applied' is set on object 'Object Repository/Page_2GrowHr - Dashboard/WFH Remark'

26-03-2024T10:04:53 - [TEST_STEP][PASSED] - delay(2): Delayed 2 second(s)

26-03-2024T10:04:55 - [MESSAGE][PASSED] - Delayed 2 second(s)

26-03-2024T10:04:55 - [TEST_STEP][PASSED] - click(findTestObject("Object Repository/Page_2GrowHr - Dashboard/button_SAVE")): Object: 'Object Repository/Page_2GrowHr - Dashboard/button_SAVE' is clicked on

26-03-2024T10:04:55 - [MESSAGE][PASSED] - Object: 'Object Repository/Page_2GrowHr - Dashboard/button_SAVE' is clicked on

26-03-2024T10:04:56 - [TEST_STEP][PASSED] - delay(2): Delayed 2 second(s)

26-03-2024T10:04:58 - [MESSAGE][PASSED] - Delayed 2 second(s)

26-03-2024T10:04:58 - [TEST_STEP][PASSED] - click(findTestObject("Object Repository/Page_2GrowHr - Dashboard/Checkin button BR")): Object: 'Object Repository/Page_2GrowHr - Dashboard/Checkin button BR' is clicked on

26-03-2024T10:05:00 - [MESSAGE][PASSED] - Object: 'Object Repository/Page_2GrowHr - Dashboard/Checkin button BR' is clicked on

26-03-2024T10:05:00 - [TEST_STEP][PASSED] - setText(findTestObject("Object Repository/Page_2GrowHr - Dashboard/Checkin remark"), checkinRemark + " " + currentDateStr): Text 'WFH CheckinRemark 03/26/2024' is set on object 'Object Repository/Page_2GrowHr - Dashboard/Checkin remark'

26-03-2024T10:05:01 - [MESSAGE][PASSED] - Text 'WFH CheckinRemark 03/26/2024' is set on object 'Object Repository/Page_2GrowHr - Dashboard/Checkin remark'

26-03-2024T10:05:01 - [TEST_STEP][PASSED] - delay(2): Delayed 2 second(s)

26-03-2024T10:05:03 - [MESSAGE][PASSED] - Delayed 2 second(s)

26-03-2024T10:05:03 - [TEST_STEP][PASSED] - click(findTestObject("Object Repository/Page_2GrowHr - Dashboard/Checkin button AR")): Object: 'Object Repository/Page_2GrowHr - Dashboard/Checkin button AR' is clicked on

26-03-2024T10:05:04 - [MESSAGE][PASSED] - Object: 'Object Repository/Page_2GrowHr - Dashboard/Checkin button AR' is clicked on

26-03-2024T10:05:04 - [TEST_STEP][PASSED] - delay(2): Delayed 2 second(s)

26-03-2024T10:05:06 - [MESSAGE][PASSED] - Delayed 2 second(s)

26-03-2024T10:05:06 - [TEST_STEP][PASSED] - click(findTestObject("Object Repository/Page_2GrowHr - Menu_Report/Attentance mouseover")): Object: 'Object Repository/Page_2GrowHr - Menu_Report/Attentance mouseover' is clicked on

26-03-2024T10:05:07 - [MESSAGE][PASSED] - Object: 'Object Repository/Page_2GrowHr - Menu_Report/Attentance mouseover' is clicked on

26-03-2024T10:05:07 - [TEST_STEP][PASSED] - delay(2): Delayed 2 second(s)

26-03-2024T10:05:09 - [MESSAGE][PASSED] - Delayed 2 second(s)

26-03-2024T10:05:09 - [TEST_STEP][PASSED] - click(findTestObject("Object Repository/Page_2GrowHr - Menu_Report/Day Count Attendance Summary report")): Object: 'Object Repository/Page_2GrowHr - Menu_Report/Day Count Attendance Summary report' is clicked on

26-03-2024T10:05:11 - [MESSAGE][PASSED] - Object: 'Object Repository/Page_2GrowHr - Menu_Report/Day Count Attendance Summary report' is clicked on

26-03-2024T10:05:11 - [TEST_STEP][PASSED] - click(findTestObject("Object Repository/Page_2GrowHr - Real Time Report/Select Date range field day count attendance report")): Object: 'Object Repository/Page_2GrowHr - Real Time Report/Select Date range field day count attendance report' is clicked on

26-03-2024T10:05:14 - [MESSAGE][PASSED] - Object: 'Object Repository/Page_2GrowHr - Real Time Report/Select Date range field day count attendance report' is clicked on

26-03-2024T10:05:14 - [TEST_STEP][PASSED] - delay(2): Delayed 2 second(s)

26-03-2024T10:05:16 - [MESSAGE][PASSED] - Delayed 2 second(s)

26-03-2024T10:05:16 - [TEST_STEP][PASSED] - click(findTestObject("Object Repository/Page_2GrowHr - Real Time Report/Today")): Object: 'Object Repository/Page_2GrowHr - Real Time Report/Today' is clicked on

26-03-2024T10:05:16 - [MESSAGE][PASSED] - Object: 'Object Repository/Page_2GrowHr - Real Time Report/Today' is clicked on

26-03-2024T10:05:16 - [TEST_STEP][PASSED] - click(findTestObject("Object Repository/Page_2GrowHr - Real Time Report/Get Report button")): Object: 'Object Repository/Page_2GrowHr - Real Time Report/Get Report button' is clicked on

26-03-2024T10:05:16 - [MESSAGE][PASSED] - Object: 'Object Repository/Page_2GrowHr - Real Time Report/Get Report button' is clicked on

26-03-2024T10:05:16 - [TEST_STEP][PASSED] - delay(2): Delayed 2 second(s)

26-03-2024T10:05:18 - [MESSAGE][PASSED] - Delayed 2 second(s)

26-03-2024T10:05:18 - [TEST_STEP][PASSED] - linkElement = getWebDriver().findElement(By.xpath("//*[@id="datatable"]/tbody/tr/td[2]/a")): null

26-03-2024T10:05:19 - [TEST_STEP][PASSED] - linkElement.click(): null

26-03-2024T10:05:19 - [TEST_STEP][PASSED] - delay(5): Delayed 5 second(s)

26-03-2024T10:05:24 - [MESSAGE][PASSED] - Delayed 5 second(s)

26-03-2024T10:05:24 - [TEST_STEP][PASSED] - closeBrowser(): Browser is closed

26-03-2024T10:05:24 - [MESSAGE][PASSED] - Browser is closed

26-03-2024T10:05:24 - [TEST_STEP][PASSED] - url = Data.getValue("URL", i): null

26-03-2024T10:05:24 - [TEST_STEP][PASSED] - username = Data.getValue("Username", i): null

26-03-2024T10:05:24 - [TEST_STEP][PASSED] - password = Data.getValue("Password", i): null

26-03-2024T10:05:24 - [TEST_STEP][PASSED] - checkinRemark = Data.getValue("CheckinRemark", i): null

26-03-2024T10:05:24 - [TEST_STEP][PASSED] - WFHRemark = Data.getValue("WFHRemark", i): null

26-03-2024T10:05:24 - [TEST_STEP][PASSED] - openBrowser(""): Browser is opened with url: ''

26-03-2024T10:05:24 - [MESSAGE][INFO] - Starting 'Chrome' driver

26-03-2024T10:05:24 - [MESSAGE][INFO] - Action delay is set to 0 milliseconds

26-03-2024T10:05:25 - [MESSAGE][PASSED] - Browser is opened with url: ''

26-03-2024T10:05:25 - [TEST_STEP][PASSED] - maximizeWindow(): Current window maximized

26-03-2024T10:05:25 - [MESSAGE][PASSED] - Current window maximized

26-03-2024T10:05:25 - [TEST_STEP][PASSED] - navigateToUrl(url): Navigate to 'http://testing.2growhr.io/' successfully

26-03-2024T10:05:29 - [MESSAGE][PASSED] - Navigate to 'http://testing.2growhr.io/' successfully

26-03-2024T10:05:29 - [TEST_STEP][PASSED] - setText(findTestObject("Object Repository/Page_2GrowHR - Login/UserName"), username): Text 'CBS0715' is set on object 'Object Repository/Page_2GrowHR - Login/UserName'

26-03-2024T10:05:29 - [MESSAGE][PASSED] - Text 'CBS0715' is set on object 'Object Repository/Page_2GrowHR - Login/UserName'

26-03-2024T10:05:29 - [TEST_STEP][PASSED] - setText(findTestObject("Object Repository/Page_2GrowHR - Login/Password"), password): Text '123' is set on object 'Object Repository/Page_2GrowHR - Login/Password'

26-03-2024T10:05:30 - [MESSAGE][PASSED] - Text '123' is set on object 'Object Repository/Page_2GrowHR - Login/Password'

26-03-2024T10:05:30 - [TEST_STEP][PASSED] - click(findTestObject("Object Repository/Page_2GrowHR - Login/Password - view icon")): Object: 'Object Repository/Page_2GrowHR - Login/Password - view icon' is clicked on

26-03-2024T10:05:30 - [MESSAGE][PASSED] - Object: 'Object Repository/Page_2GrowHR - Login/Password - view icon' is clicked on

26-03-2024T10:05:30 - [TEST_STEP][PASSED] - delay(2): Delayed 2 second(s)

26-03-2024T10:05:32 - [MESSAGE][PASSED] - Delayed 2 second(s)

26-03-2024T10:05:32 - [TEST_STEP][PASSED] - click(findTestObject("Object Repository/Page_2GrowHR - Login/Login Button")): Object: 'Object Repository/Page_2GrowHR - Login/Login Button' is clicked on

26-03-2024T10:05:43 - [MESSAGE][PASSED] - Object: 'Object Repository/Page_2GrowHR - Login/Login Button' is clicked on

26-03-2024T10:05:43 - [TEST_STEP][PASSED] - delay(2): Delayed 2 second(s)

26-03-2024T10:05:45 - [MESSAGE][PASSED] - Delayed 2 second(s)

26-03-2024T10:05:45 - [TEST_STEP][PASSED] - click(findTestObject("Object Repository/Page_2GrowHr - Dashboard/Work From Home Button")): Object: 'Object Repository/Page_2GrowHr - Dashboard/Work From Home Button' is clicked on

26-03-2024T10:05:45 - [MESSAGE][PASSED] - Object: 'Object Repository/Page_2GrowHr - Dashboard/Work From Home Button' is clicked on

26-03-2024T10:05:45 - [TEST_STEP][PASSED] - click(findTestObject("Object Repository/Page_2GrowHr - Dashboard/WFH date selection")): Object: 'Object Repository/Page_2GrowHr - Dashboard/WFH date selection' is clicked on

26-03-2024T10:05:46 - [MESSAGE][PASSED] - Object: 'Object Repository/Page_2GrowHr - Dashboard/WFH date selection' is clicked on

26-03-2024T10:05:46 - [TEST_STEP][PASSED] - setText(findTestObject("Object Repository/Page_2GrowHr - Dashboard/WFH date selection"), currentDateStr): Text '03/26/2024' is set on object 'Object Repository/Page_2GrowHr - Dashboard/WFH date selection'

26-03-2024T10:05:47 - [MESSAGE][PASSED] - Text '03/26/2024' is set on object 'Object Repository/Page_2GrowHr - Dashboard/WFH date selection'

26-03-2024T10:05:47 - [TEST_STEP][PASSED] - click(findTestObject("Object Repository/Page_2GrowHr - Dashboard/After date entering click div")): Object: 'Object Repository/Page_2GrowHr - Dashboard/After date entering click div' is clicked on

26-03-2024T10:05:48 - [MESSAGE][PASSED] - Object: 'Object Repository/Page_2GrowHr - Dashboard/After date entering click div' is clicked on

26-03-2024T10:05:48 - [TEST_STEP][PASSED] - setText(findTestObject("Object Repository/Page_2GrowHr - Dashboard/WFH Remark"), WFHRemark): Text 'WFH Applied' is set on object 'Object Repository/Page_2GrowHr - Dashboard/WFH Remark'

26-03-2024T10:05:49 - [MESSAGE][PASSED] - Text 'WFH Applied' is set on object 'Object Repository/Page_2GrowHr - Dashboard/WFH Remark'

26-03-2024T10:05:49 - [TEST_STEP][PASSED] - delay(2): Delayed 2 second(s)

26-03-2024T10:05:51 - [MESSAGE][PASSED] - Delayed 2 second(s)

26-03-2024T10:05:51 - [TEST_STEP][PASSED] - click(findTestObject("Object Repository/Page_2GrowHr - Dashboard/button_SAVE")): Object: 'Object Repository/Page_2GrowHr - Dashboard/button_SAVE' is clicked on

26-03-2024T10:05:52 - [MESSAGE][PASSED] - Object: 'Object Repository/Page_2GrowHr - Dashboard/button_SAVE' is clicked on

26-03-2024T10:05:52 - [TEST_STEP][PASSED] - delay(2): Delayed 2 second(s)

26-03-2024T10:05:54 - [MESSAGE][PASSED] - Delayed 2 second(s)

26-03-2024T10:05:54 - [TEST_STEP][PASSED] - click(findTestObject("Object Repository/Page_2GrowHr - Dashboard/Checkin button BR")): Object: 'Object Repository/Page_2GrowHr - Dashboard/Checkin button BR' is clicked on

26-03-2024T10:05:57 - [MESSAGE][PASSED] - Object: 'Object Repository/Page_2GrowHr - Dashboard/Checkin button BR' is clicked on

26-03-2024T10:05:57 - [TEST_STEP][PASSED] - setText(findTestObject("Object Repository/Page_2GrowHr - Dashboard/Checkin remark"), checkinRemark + " " + currentDateStr): Text 'WFH CheckinRemark 03/26/2024' is set on object 'Object Repository/Page_2GrowHr - Dashboard/Checkin remark'

26-03-2024T10:05:58 - [MESSAGE][PASSED] - Text 'WFH CheckinRemark 03/26/2024' is set on object 'Object Repository/Page_2GrowHr - Dashboard/Checkin remark'

26-03-2024T10:05:58 - [TEST_STEP][PASSED] - delay(2): Delayed 2 second(s)

26-03-2024T10:06:00 - [MESSAGE][PASSED] - Delayed 2 second(s)

26-03-2024T10:06:00 - [TEST_STEP][PASSED] - click(findTestObject("Object Repository/Page_2GrowHr - Dashboard/Checkin button AR")): Object: 'Object Repository/Page_2GrowHr - Dashboard/Checkin button AR' is clicked on

26-03-2024T10:06:00 - [MESSAGE][PASSED] - Object: 'Object Repository/Page_2GrowHr - Dashboard/Checkin button AR' is clicked on

26-03-2024T10:06:00 - [TEST_STEP][PASSED] - delay(2): Delayed 2 second(s)

26-03-2024T10:06:02 - [MESSAGE][PASSED] - Delayed 2 second(s)

26-03-2024T10:06:02 - [TEST_STEP][PASSED] - click(findTestObject("Object Repository/Page_2GrowHr - Menu_Report/Attentance mouseover")): Object: 'Object Repository/Page_2GrowHr - Menu_Report/Attentance mouseover' is clicked on

26-03-2024T10:06:03 - [MESSAGE][PASSED] - Object: 'Object Repository/Page_2GrowHr - Menu_Report/Attentance mouseover' is clicked on

26-03-2024T10:06:03 - [TEST_STEP][PASSED] - delay(2): Delayed 2 second(s)

26-03-2024T10:06:05 - [MESSAGE][PASSED] - Delayed 2 second(s)

26-03-2024T10:06:05 - [TEST_STEP][PASSED] - click(findTestObject("Object Repository/Page_2GrowHr - Menu_Report/Day Count Attendance Summary report")): Object: 'Object Repository/Page_2GrowHr - Menu_Report/Day Count Attendance Summary report' is clicked on

26-03-2024T10:06:06 - [MESSAGE][PASSED] - Object: 'Object Repository/Page_2GrowHr - Menu_Report/Day Count Attendance Summary report' is clicked on

26-03-2024T10:06:06 - [TEST_STEP][PASSED] - click(findTestObject("Object Repository/Page_2GrowHr - Real Time Report/Select Date range field day count attendance report")): Object: 'Object Repository/Page_2GrowHr - Real Time Report/Select Date range field day count attendance report' is clicked on

26-03-2024T10:06:09 - [MESSAGE][PASSED] - Object: 'Object Repository/Page_2GrowHr - Real Time Report/Select Date range field day count attendance report' is clicked on

26-03-2024T10:06:09 - [TEST_STEP][PASSED] - delay(2): Delayed 2 second(s)

26-03-2024T10:06:11 - [MESSAGE][PASSED] - Delayed 2 second(s)

26-03-2024T10:06:11 - [TEST_STEP][PASSED] - click(findTestObject("Object Repository/Page_2GrowHr - Real Time Report/Today")): Object: 'Object Repository/Page_2GrowHr - Real Time Report/Today' is clicked on

26-03-2024T10:06:11 - [MESSAGE][PASSED] - Object: 'Object Repository/Page_2GrowHr - Real Time Report/Today' is clicked on

26-03-2024T10:06:11 - [TEST_STEP][PASSED] - click(findTestObject("Object Repository/Page_2GrowHr - Real Time Report/Get Report button")): Object: 'Object Repository/Page_2GrowHr - Real Time Report/Get Report button' is clicked on

26-03-2024T10:06:11 - [MESSAGE][PASSED] - Object: 'Object Repository/Page_2GrowHr - Real Time Report/Get Report button' is clicked on

26-03-2024T10:06:11 - [TEST_STEP][PASSED] - delay(2): Delayed 2 second(s)

26-03-2024T10:06:13 - [MESSAGE][PASSED] - Delayed 2 second(s)

26-03-2024T10:06:13 - [TEST_STEP][PASSED] - linkElement = getWebDriver().findElement(By.xpath("//*[@id="datatable"]/tbody/tr/td[2]/a")): null

26-03-2024T10:06:14 - [TEST_STEP][PASSED] - linkElement.click(): null

26-03-2024T10:06:14 - [TEST_STEP][PASSED] - delay(5): Delayed 5 second(s)

26-03-2024T10:06:19 - [MESSAGE][PASSED] - Delayed 5 second(s)

26-03-2024T10:06:19 - [TEST_STEP][PASSED] - closeBrowser(): Browser is closed

26-03-2024T10:06:19 - [MESSAGE][PASSED] - Browser is closed]]></system-out>
         <system-err><![CDATA[]]></system-err>
      </testcase>
      <system-out><![CDATA[26-03-2024T10:04:27 - [TEST_SUITE][PASSED] - Apply WFH and Checkin: Test Cases/Apply WFH and Checkin]]></system-out>
      <system-err><![CDATA[]]></system-err>
   </testsuite>
</testsuites>
