<?xml version="1.0" encoding="UTF-8"?>
<testsuites name="Apply OD and Checkin" time="141.045" tests="1" failures="0" errors="0">
   <testsuite name="Apply OD and Checkin" tests="1" failures="0" errors="0" time="141.045" skipped="0" timestamp="15-03-2024T09:57:46" hostname="91957 - Lead-Force-CRM" id="Test Suites/Apply OD and Checkin">
      <properties>
         <property name="deviceName" value=""/>
         <property name="devicePlatform" value=""/>
         <property name="logFolder" value="C:\\Users\\91957\\Desktop\\Automation Testing - Katalon\\Payroll Web\\Reports\\20240315_094954\\Apply OD and Checkin\\20240315_094959"/>
         <property name="logFiles" value="C:\\Users\\91957\\Desktop\\Automation Testing - Katalon\\Payroll Web\\Reports\\20240315_094954\\Apply OD and Checkin\\20240315_094959\\execution0.log"/>
         <property name="attachments" value=""/>
         <property name="hostName" value="91957 - Lead-Force-CRM"/>
         <property name="os" value="Windows 11 64bit"/>
         <property name="katalonVersion" value="9.3.0.212"/>
         <property name="browser" value="Chrome 122.0.0.0"/>
         <property name="hostAddress" value="192.168.0.112"/>
         <property name="sessionId" value="82734256ac97129b8dde95cc55c23096"/>
         <property name="seleniumVersion" value="3.141.59"/>
         <property name="proxyInformation" value="ProxyInformation { proxyOption=NO_PROXY, proxyServerType=HTTP, username=, password=********, proxyServerAddress=, proxyServerPort=0, executionList=&quot;&quot;, isApplyToDesiredCapabilities=true }"/>
         <property name="platform" value="Windows 11"/>
      </properties>
      <testcase name="Test Cases/Apply OD and Checkin" time="140.91" classname="Test Cases/Apply OD and Checkin" status="PASSED">
         <system-out><![CDATA[15-03-2024T09:57:46 - [TEST_CASE][PASSED] - Test Cases/Apply OD and Checkin: Test Cases/Apply OD and Checkin

15-03-2024T09:57:46 - [TEST_STEP][PASSED] - Data = findTestData("Apply OD and Checkin"): null

15-03-2024T09:57:47 - [TEST_STEP][PASSED] - dateFormat = new java.text.SimpleDateFormat(MM/dd/yyyy): null

15-03-2024T09:57:47 - [TEST_STEP][PASSED] - currentDate = getInstance().getTime(): null

15-03-2024T09:57:47 - [TEST_STEP][PASSED] - currentDateStr = dateFormat.format(currentDate): null

15-03-2024T09:57:47 - [TEST_STEP][PASSED] - for ([i = 1, i <= Data.getRowNumbers(), (i++)]): Browser is closed

15-03-2024T09:57:47 - [TEST_STEP][PASSED] - url = Data.getValue("URL", i): null

15-03-2024T09:57:47 - [TEST_STEP][PASSED] - username = Data.getValue("Username", i): null

15-03-2024T09:57:47 - [TEST_STEP][PASSED] - password = Data.getValue("Password", i): null

15-03-2024T09:57:47 - [TEST_STEP][PASSED] - checkinRemark = Data.getValue("CheckinRemark", i): null

15-03-2024T09:57:47 - [TEST_STEP][PASSED] - ODRemark = Data.getValue("ODRemark", i): null

15-03-2024T09:57:47 - [TEST_STEP][PASSED] - openBrowser(""): Browser is opened with url: ''

15-03-2024T09:57:47 - [MESSAGE][INFO] - Starting 'Chrome' driver

15-03-2024T09:57:47 - [MESSAGE][INFO] - Action delay is set to 0 milliseconds

15-03-2024T09:57:48 - [MESSAGE][PASSED] - Browser is opened with url: ''

15-03-2024T09:57:48 - [TEST_STEP][PASSED] - maximizeWindow(): Current window maximized

15-03-2024T09:57:48 - [MESSAGE][PASSED] - Current window maximized

15-03-2024T09:57:48 - [TEST_STEP][PASSED] - navigateToUrl(url): Navigate to 'http://testing.2growhr.io/' successfully

15-03-2024T09:57:50 - [MESSAGE][PASSED] - Navigate to 'http://testing.2growhr.io/' successfully

15-03-2024T09:57:50 - [TEST_STEP][PASSED] - setText(findTestObject("Object Repository/Page_2GrowHR - Login/UserName"), username): Text 'CBS1665' is set on object 'Object Repository/Page_2GrowHR - Login/UserName'

15-03-2024T09:57:51 - [MESSAGE][PASSED] - Text 'CBS1665' is set on object 'Object Repository/Page_2GrowHR - Login/UserName'

15-03-2024T09:57:51 - [TEST_STEP][PASSED] - setText(findTestObject("Object Repository/Page_2GrowHR - Login/Password"), password): Text '123' is set on object 'Object Repository/Page_2GrowHR - Login/Password'

15-03-2024T09:57:52 - [MESSAGE][PASSED] - Text '123' is set on object 'Object Repository/Page_2GrowHR - Login/Password'

15-03-2024T09:57:52 - [TEST_STEP][PASSED] - click(findTestObject("Object Repository/Page_2GrowHR - Login/Password - view icon")): Object: 'Object Repository/Page_2GrowHR - Login/Password - view icon' is clicked on

15-03-2024T09:57:52 - [MESSAGE][PASSED] - Object: 'Object Repository/Page_2GrowHR - Login/Password - view icon' is clicked on

15-03-2024T09:57:52 - [TEST_STEP][PASSED] - delay(2): Delayed 2 second(s)

15-03-2024T09:57:54 - [MESSAGE][PASSED] - Delayed 2 second(s)

15-03-2024T09:57:54 - [TEST_STEP][PASSED] - click(findTestObject("Object Repository/Page_2GrowHR - Login/Login Button")): Object: 'Object Repository/Page_2GrowHR - Login/Login Button' is clicked on

15-03-2024T09:58:03 - [MESSAGE][PASSED] - Object: 'Object Repository/Page_2GrowHR - Login/Login Button' is clicked on

15-03-2024T09:58:03 - [TEST_STEP][PASSED] - delay(3): Delayed 3 second(s)

15-03-2024T09:58:06 - [MESSAGE][PASSED] - Delayed 3 second(s)

15-03-2024T09:58:06 - [TEST_STEP][PASSED] - click(findTestObject("Object Repository/Page_2GrowHr - Dashboard/On Duty button")): Object: 'Object Repository/Page_2GrowHr - Dashboard/On Duty button' is clicked on

15-03-2024T09:58:06 - [MESSAGE][PASSED] - Object: 'Object Repository/Page_2GrowHr - Dashboard/On Duty button' is clicked on

15-03-2024T09:58:06 - [TEST_STEP][PASSED] - click(findTestObject("Object Repository/Page_2GrowHr - Dashboard/OD date selection")): Object: 'Object Repository/Page_2GrowHr - Dashboard/OD date selection' is clicked on

15-03-2024T09:58:07 - [MESSAGE][PASSED] - Object: 'Object Repository/Page_2GrowHr - Dashboard/OD date selection' is clicked on

15-03-2024T09:58:07 - [TEST_STEP][PASSED] - setText(findTestObject("Object Repository/Page_2GrowHr - Dashboard/OD date selection"), currentDateStr): Text '03/15/2024' is set on object 'Object Repository/Page_2GrowHr - Dashboard/OD date selection'

15-03-2024T09:58:08 - [MESSAGE][PASSED] - Text '03/15/2024' is set on object 'Object Repository/Page_2GrowHr - Dashboard/OD date selection'

15-03-2024T09:58:08 - [TEST_STEP][PASSED] - click(findTestObject("Object Repository/Page_2GrowHr - Dashboard/img__img-fluid week_calender_icon dp_align_OD")): Object: 'Object Repository/Page_2GrowHr - Dashboard/img__img-fluid week_calender_icon dp_align_OD' is clicked on

15-03-2024T09:58:09 - [MESSAGE][PASSED] - Object: 'Object Repository/Page_2GrowHr - Dashboard/img__img-fluid week_calender_icon dp_align_OD' is clicked on

15-03-2024T09:58:09 - [TEST_STEP][PASSED] - setText(findTestObject("Object Repository/Page_2GrowHr - Dashboard/OD Remarks"), ODRemark): Text 'OD Applied' is set on object 'Object Repository/Page_2GrowHr - Dashboard/OD Remarks'

15-03-2024T09:58:10 - [MESSAGE][PASSED] - Text 'OD Applied' is set on object 'Object Repository/Page_2GrowHr - Dashboard/OD Remarks'

15-03-2024T09:58:10 - [TEST_STEP][PASSED] - delay(3): Delayed 3 second(s)

15-03-2024T09:58:13 - [MESSAGE][PASSED] - Delayed 3 second(s)

15-03-2024T09:58:13 - [TEST_STEP][PASSED] - click(findTestObject("Object Repository/Page_2GrowHr - Dashboard/OD Save button")): Object: 'Object Repository/Page_2GrowHr - Dashboard/OD Save button' is clicked on

15-03-2024T09:58:14 - [MESSAGE][PASSED] - Object: 'Object Repository/Page_2GrowHr - Dashboard/OD Save button' is clicked on

15-03-2024T09:58:14 - [TEST_STEP][PASSED] - delay(5): Delayed 5 second(s)

15-03-2024T09:58:19 - [MESSAGE][PASSED] - Delayed 5 second(s)

15-03-2024T09:58:19 - [TEST_STEP][PASSED] - click(findTestObject("Object Repository/Page_2GrowHr - Dashboard/Checkin button BR")): Object: 'Object Repository/Page_2GrowHr - Dashboard/Checkin button BR' is clicked on

15-03-2024T09:58:20 - [MESSAGE][PASSED] - Object: 'Object Repository/Page_2GrowHr - Dashboard/Checkin button BR' is clicked on

15-03-2024T09:58:20 - [TEST_STEP][PASSED] - setText(findTestObject("Object Repository/Page_2GrowHr - Dashboard/Checkin remark"), checkinRemark + " " + currentDateStr): Text 'OD CheckinRemark 03/15/2024' is set on object 'Object Repository/Page_2GrowHr - Dashboard/Checkin remark'

15-03-2024T09:58:21 - [MESSAGE][PASSED] - Text 'OD CheckinRemark 03/15/2024' is set on object 'Object Repository/Page_2GrowHr - Dashboard/Checkin remark'

15-03-2024T09:58:21 - [TEST_STEP][PASSED] - delay(3): Delayed 3 second(s)

15-03-2024T09:58:24 - [MESSAGE][PASSED] - Delayed 3 second(s)

15-03-2024T09:58:24 - [TEST_STEP][PASSED] - click(findTestObject("Object Repository/Page_2GrowHr - Dashboard/Checkin button AR")): Object: 'Object Repository/Page_2GrowHr - Dashboard/Checkin button AR' is clicked on

15-03-2024T09:58:25 - [MESSAGE][PASSED] - Object: 'Object Repository/Page_2GrowHr - Dashboard/Checkin button AR' is clicked on

15-03-2024T09:58:25 - [TEST_STEP][PASSED] - delay(5): Delayed 5 second(s)

15-03-2024T09:58:30 - [MESSAGE][PASSED] - Delayed 5 second(s)

15-03-2024T09:58:30 - [TEST_STEP][PASSED] - click(findTestObject("Object Repository/Page_2GrowHr - Menu_Report/Attentance mouseover")): Object: 'Object Repository/Page_2GrowHr - Menu_Report/Attentance mouseover' is clicked on

15-03-2024T09:58:31 - [MESSAGE][PASSED] - Object: 'Object Repository/Page_2GrowHr - Menu_Report/Attentance mouseover' is clicked on

15-03-2024T09:58:31 - [TEST_STEP][PASSED] - delay(3): Delayed 3 second(s)

15-03-2024T09:58:34 - [MESSAGE][PASSED] - Delayed 3 second(s)

15-03-2024T09:58:34 - [TEST_STEP][PASSED] - click(findTestObject("Object Repository/Page_2GrowHr - Menu_Report/Day Count Attendance Summary report")): Object: 'Object Repository/Page_2GrowHr - Menu_Report/Day Count Attendance Summary report' is clicked on

15-03-2024T09:58:38 - [MESSAGE][PASSED] - Object: 'Object Repository/Page_2GrowHr - Menu_Report/Day Count Attendance Summary report' is clicked on

15-03-2024T09:58:38 - [TEST_STEP][PASSED] - click(findTestObject("Object Repository/Page_2GrowHr - Real Time Report/Select Date range field day count attendance report")): Object: 'Object Repository/Page_2GrowHr - Real Time Report/Select Date range field day count attendance report' is clicked on

15-03-2024T09:58:41 - [MESSAGE][PASSED] - Object: 'Object Repository/Page_2GrowHr - Real Time Report/Select Date range field day count attendance report' is clicked on

15-03-2024T09:58:41 - [TEST_STEP][PASSED] - delay(2): Delayed 2 second(s)

15-03-2024T09:58:43 - [MESSAGE][PASSED] - Delayed 2 second(s)

15-03-2024T09:58:43 - [TEST_STEP][PASSED] - click(findTestObject("Object Repository/Page_2GrowHr - Real Time Report/Today")): Object: 'Object Repository/Page_2GrowHr - Real Time Report/Today' is clicked on

15-03-2024T09:58:45 - [MESSAGE][PASSED] - Object: 'Object Repository/Page_2GrowHr - Real Time Report/Today' is clicked on

15-03-2024T09:58:45 - [TEST_STEP][PASSED] - click(findTestObject("Object Repository/Page_2GrowHr - Real Time Report/Get Report button")): Object: 'Object Repository/Page_2GrowHr - Real Time Report/Get Report button' is clicked on

15-03-2024T09:58:47 - [MESSAGE][PASSED] - Object: 'Object Repository/Page_2GrowHr - Real Time Report/Get Report button' is clicked on

15-03-2024T09:58:47 - [TEST_STEP][PASSED] - delay(3): Delayed 3 second(s)

15-03-2024T09:58:50 - [MESSAGE][PASSED] - Delayed 3 second(s)

15-03-2024T09:58:50 - [TEST_STEP][PASSED] - linkElement = getWebDriver().findElement(By.xpath("//*[@id="datatable"]/tbody/tr/td[2]/a")): null

15-03-2024T09:58:52 - [TEST_STEP][PASSED] - linkElement.click(): null

15-03-2024T09:58:52 - [TEST_STEP][PASSED] - delay(10): Delayed 10 second(s)

15-03-2024T09:59:02 - [MESSAGE][PASSED] - Delayed 10 second(s)

15-03-2024T09:59:02 - [TEST_STEP][PASSED] - closeBrowser(): Browser is closed

15-03-2024T09:59:02 - [MESSAGE][PASSED] - Browser is closed

15-03-2024T09:59:02 - [TEST_STEP][PASSED] - url = Data.getValue("URL", i): null

15-03-2024T09:59:02 - [TEST_STEP][PASSED] - username = Data.getValue("Username", i): null

15-03-2024T09:59:02 - [TEST_STEP][PASSED] - password = Data.getValue("Password", i): null

15-03-2024T09:59:02 - [TEST_STEP][PASSED] - checkinRemark = Data.getValue("CheckinRemark", i): null

15-03-2024T09:59:02 - [TEST_STEP][PASSED] - ODRemark = Data.getValue("ODRemark", i): null

15-03-2024T09:59:02 - [TEST_STEP][PASSED] - openBrowser(""): Browser is opened with url: ''

15-03-2024T09:59:02 - [MESSAGE][INFO] - Starting 'Chrome' driver

15-03-2024T09:59:02 - [MESSAGE][INFO] - Action delay is set to 0 milliseconds

15-03-2024T09:59:03 - [MESSAGE][PASSED] - Browser is opened with url: ''

15-03-2024T09:59:03 - [TEST_STEP][PASSED] - maximizeWindow(): Current window maximized

15-03-2024T09:59:03 - [MESSAGE][PASSED] - Current window maximized

15-03-2024T09:59:03 - [TEST_STEP][PASSED] - navigateToUrl(url): Navigate to 'http://testing.2growhr.io/' successfully

15-03-2024T09:59:05 - [MESSAGE][PASSED] - Navigate to 'http://testing.2growhr.io/' successfully

15-03-2024T09:59:05 - [TEST_STEP][PASSED] - setText(findTestObject("Object Repository/Page_2GrowHR - Login/UserName"), username): Text 'CBS0499' is set on object 'Object Repository/Page_2GrowHR - Login/UserName'

15-03-2024T09:59:06 - [MESSAGE][PASSED] - Text 'CBS0499' is set on object 'Object Repository/Page_2GrowHR - Login/UserName'

15-03-2024T09:59:06 - [TEST_STEP][PASSED] - setText(findTestObject("Object Repository/Page_2GrowHR - Login/Password"), password): Text '123' is set on object 'Object Repository/Page_2GrowHR - Login/Password'

15-03-2024T09:59:06 - [MESSAGE][PASSED] - Text '123' is set on object 'Object Repository/Page_2GrowHR - Login/Password'

15-03-2024T09:59:06 - [TEST_STEP][PASSED] - click(findTestObject("Object Repository/Page_2GrowHR - Login/Password - view icon")): Object: 'Object Repository/Page_2GrowHR - Login/Password - view icon' is clicked on

15-03-2024T09:59:07 - [MESSAGE][PASSED] - Object: 'Object Repository/Page_2GrowHR - Login/Password - view icon' is clicked on

15-03-2024T09:59:07 - [TEST_STEP][PASSED] - delay(2): Delayed 2 second(s)

15-03-2024T09:59:09 - [MESSAGE][PASSED] - Delayed 2 second(s)

15-03-2024T09:59:09 - [TEST_STEP][PASSED] - click(findTestObject("Object Repository/Page_2GrowHR - Login/Login Button")): Object: 'Object Repository/Page_2GrowHR - Login/Login Button' is clicked on

15-03-2024T09:59:16 - [MESSAGE][PASSED] - Object: 'Object Repository/Page_2GrowHR - Login/Login Button' is clicked on

15-03-2024T09:59:16 - [TEST_STEP][PASSED] - delay(3): Delayed 3 second(s)

15-03-2024T09:59:19 - [MESSAGE][PASSED] - Delayed 3 second(s)

15-03-2024T09:59:19 - [TEST_STEP][PASSED] - click(findTestObject("Object Repository/Page_2GrowHr - Dashboard/On Duty button")): Object: 'Object Repository/Page_2GrowHr - Dashboard/On Duty button' is clicked on

15-03-2024T09:59:20 - [MESSAGE][PASSED] - Object: 'Object Repository/Page_2GrowHr - Dashboard/On Duty button' is clicked on

15-03-2024T09:59:20 - [TEST_STEP][PASSED] - click(findTestObject("Object Repository/Page_2GrowHr - Dashboard/OD date selection")): Object: 'Object Repository/Page_2GrowHr - Dashboard/OD date selection' is clicked on

15-03-2024T09:59:21 - [MESSAGE][PASSED] - Object: 'Object Repository/Page_2GrowHr - Dashboard/OD date selection' is clicked on

15-03-2024T09:59:21 - [TEST_STEP][PASSED] - setText(findTestObject("Object Repository/Page_2GrowHr - Dashboard/OD date selection"), currentDateStr): Text '03/15/2024' is set on object 'Object Repository/Page_2GrowHr - Dashboard/OD date selection'

15-03-2024T09:59:22 - [MESSAGE][PASSED] - Text '03/15/2024' is set on object 'Object Repository/Page_2GrowHr - Dashboard/OD date selection'

15-03-2024T09:59:22 - [TEST_STEP][PASSED] - click(findTestObject("Object Repository/Page_2GrowHr - Dashboard/img__img-fluid week_calender_icon dp_align_OD")): Object: 'Object Repository/Page_2GrowHr - Dashboard/img__img-fluid week_calender_icon dp_align_OD' is clicked on

15-03-2024T09:59:23 - [MESSAGE][PASSED] - Object: 'Object Repository/Page_2GrowHr - Dashboard/img__img-fluid week_calender_icon dp_align_OD' is clicked on

15-03-2024T09:59:23 - [TEST_STEP][PASSED] - setText(findTestObject("Object Repository/Page_2GrowHr - Dashboard/OD Remarks"), ODRemark): Text 'OD Applied' is set on object 'Object Repository/Page_2GrowHr - Dashboard/OD Remarks'

15-03-2024T09:59:24 - [MESSAGE][PASSED] - Text 'OD Applied' is set on object 'Object Repository/Page_2GrowHr - Dashboard/OD Remarks'

15-03-2024T09:59:24 - [TEST_STEP][PASSED] - delay(3): Delayed 3 second(s)

15-03-2024T09:59:27 - [MESSAGE][PASSED] - Delayed 3 second(s)

15-03-2024T09:59:27 - [TEST_STEP][PASSED] - click(findTestObject("Object Repository/Page_2GrowHr - Dashboard/OD Save button")): Object: 'Object Repository/Page_2GrowHr - Dashboard/OD Save button' is clicked on

15-03-2024T09:59:27 - [MESSAGE][PASSED] - Object: 'Object Repository/Page_2GrowHr - Dashboard/OD Save button' is clicked on

15-03-2024T09:59:27 - [TEST_STEP][PASSED] - delay(5): Delayed 5 second(s)

15-03-2024T09:59:32 - [MESSAGE][PASSED] - Delayed 5 second(s)

15-03-2024T09:59:32 - [TEST_STEP][PASSED] - click(findTestObject("Object Repository/Page_2GrowHr - Dashboard/Checkin button BR")): Object: 'Object Repository/Page_2GrowHr - Dashboard/Checkin button BR' is clicked on

15-03-2024T09:59:33 - [MESSAGE][PASSED] - Object: 'Object Repository/Page_2GrowHr - Dashboard/Checkin button BR' is clicked on

15-03-2024T09:59:33 - [TEST_STEP][PASSED] - setText(findTestObject("Object Repository/Page_2GrowHr - Dashboard/Checkin remark"), checkinRemark + " " + currentDateStr): Text 'OD CheckinRemark 03/15/2024' is set on object 'Object Repository/Page_2GrowHr - Dashboard/Checkin remark'

15-03-2024T09:59:34 - [MESSAGE][PASSED] - Text 'OD CheckinRemark 03/15/2024' is set on object 'Object Repository/Page_2GrowHr - Dashboard/Checkin remark'

15-03-2024T09:59:34 - [TEST_STEP][PASSED] - delay(3): Delayed 3 second(s)

15-03-2024T09:59:37 - [MESSAGE][PASSED] - Delayed 3 second(s)

15-03-2024T09:59:37 - [TEST_STEP][PASSED] - click(findTestObject("Object Repository/Page_2GrowHr - Dashboard/Checkin button AR")): Object: 'Object Repository/Page_2GrowHr - Dashboard/Checkin button AR' is clicked on

15-03-2024T09:59:37 - [MESSAGE][PASSED] - Object: 'Object Repository/Page_2GrowHr - Dashboard/Checkin button AR' is clicked on

15-03-2024T09:59:37 - [TEST_STEP][PASSED] - delay(5): Delayed 5 second(s)

15-03-2024T09:59:42 - [MESSAGE][PASSED] - Delayed 5 second(s)

15-03-2024T09:59:42 - [TEST_STEP][PASSED] - click(findTestObject("Object Repository/Page_2GrowHr - Menu_Report/Attentance mouseover")): Object: 'Object Repository/Page_2GrowHr - Menu_Report/Attentance mouseover' is clicked on

15-03-2024T09:59:43 - [MESSAGE][PASSED] - Object: 'Object Repository/Page_2GrowHr - Menu_Report/Attentance mouseover' is clicked on

15-03-2024T09:59:43 - [TEST_STEP][PASSED] - delay(3): Delayed 3 second(s)

15-03-2024T09:59:46 - [MESSAGE][PASSED] - Delayed 3 second(s)

15-03-2024T09:59:46 - [TEST_STEP][PASSED] - click(findTestObject("Object Repository/Page_2GrowHr - Menu_Report/Day Count Attendance Summary report")): Object: 'Object Repository/Page_2GrowHr - Menu_Report/Day Count Attendance Summary report' is clicked on

15-03-2024T09:59:48 - [MESSAGE][PASSED] - Object: 'Object Repository/Page_2GrowHr - Menu_Report/Day Count Attendance Summary report' is clicked on

15-03-2024T09:59:48 - [TEST_STEP][PASSED] - click(findTestObject("Object Repository/Page_2GrowHr - Real Time Report/Select Date range field day count attendance report")): Object: 'Object Repository/Page_2GrowHr - Real Time Report/Select Date range field day count attendance report' is clicked on

15-03-2024T09:59:50 - [MESSAGE][PASSED] - Object: 'Object Repository/Page_2GrowHr - Real Time Report/Select Date range field day count attendance report' is clicked on

15-03-2024T09:59:50 - [TEST_STEP][PASSED] - delay(2): Delayed 2 second(s)

15-03-2024T09:59:52 - [MESSAGE][PASSED] - Delayed 2 second(s)

15-03-2024T09:59:52 - [TEST_STEP][PASSED] - click(findTestObject("Object Repository/Page_2GrowHr - Real Time Report/Today")): Object: 'Object Repository/Page_2GrowHr - Real Time Report/Today' is clicked on

15-03-2024T09:59:53 - [MESSAGE][PASSED] - Object: 'Object Repository/Page_2GrowHr - Real Time Report/Today' is clicked on

15-03-2024T09:59:53 - [TEST_STEP][PASSED] - click(findTestObject("Object Repository/Page_2GrowHr - Real Time Report/Get Report button")): Object: 'Object Repository/Page_2GrowHr - Real Time Report/Get Report button' is clicked on

15-03-2024T09:59:53 - [MESSAGE][PASSED] - Object: 'Object Repository/Page_2GrowHr - Real Time Report/Get Report button' is clicked on

15-03-2024T09:59:53 - [TEST_STEP][PASSED] - delay(3): Delayed 3 second(s)

15-03-2024T09:59:56 - [MESSAGE][PASSED] - Delayed 3 second(s)

15-03-2024T09:59:56 - [TEST_STEP][PASSED] - linkElement = getWebDriver().findElement(By.xpath("//*[@id="datatable"]/tbody/tr/td[2]/a")): null

15-03-2024T09:59:56 - [TEST_STEP][PASSED] - linkElement.click(): null

15-03-2024T09:59:56 - [TEST_STEP][PASSED] - delay(10): Delayed 10 second(s)

15-03-2024T10:00:06 - [MESSAGE][PASSED] - Delayed 10 second(s)

15-03-2024T10:00:06 - [TEST_STEP][PASSED] - closeBrowser(): Browser is closed

15-03-2024T10:00:07 - [MESSAGE][PASSED] - Browser is closed]]></system-out>
         <system-err><![CDATA[]]></system-err>
      </testcase>
      <system-out><![CDATA[15-03-2024T09:57:46 - [TEST_SUITE][PASSED] - Apply OD and Checkin: Test Cases/Apply OD and Checkin]]></system-out>
      <system-err><![CDATA[]]></system-err>
   </testsuite>
</testsuites>
