<?xml version="1.0" encoding="UTF-8"?>
<testsuites name="OD checkout" time="157.255" tests="1" failures="0" errors="0">
   <testsuite name="OD checkout" tests="1" failures="0" errors="0" time="157.255" skipped="0" timestamp="14-03-2024T18:12:33" hostname="91957 - Lead-Force-CRM" id="Test Suites/OD checkout">
      <properties>
         <property name="deviceName" value=""/>
         <property name="devicePlatform" value=""/>
         <property name="logFolder" value="C:\\Users\\91957\\Desktop\\Automation Testing - Katalon\\Payroll Web\\Reports\\20240314_180437\\OD checkout\\20240314_180443"/>
         <property name="logFiles" value="C:\\Users\\91957\\Desktop\\Automation Testing - Katalon\\Payroll Web\\Reports\\20240314_180437\\OD checkout\\20240314_180443\\execution0.log"/>
         <property name="attachments" value=""/>
         <property name="hostName" value="91957 - Lead-Force-CRM"/>
         <property name="os" value="Windows 11 64bit"/>
         <property name="katalonVersion" value="9.3.0.212"/>
         <property name="browser" value="Chrome 122.0.0.0"/>
         <property name="hostAddress" value="192.168.29.70"/>
         <property name="sessionId" value="6f5a4aa91ee1e7afbec2f2eb35a75f87"/>
         <property name="seleniumVersion" value="3.141.59"/>
         <property name="proxyInformation" value="ProxyInformation { proxyOption=NO_PROXY, proxyServerType=HTTP, username=, password=********, proxyServerAddress=, proxyServerPort=0, executionList=&quot;&quot;, isApplyToDesiredCapabilities=true }"/>
         <property name="platform" value="Windows 11"/>
      </properties>
      <testcase name="Test Cases/OD Checkout" time="157.109" classname="Test Cases/OD Checkout" status="PASSED">
         <system-out><![CDATA[14-03-2024T18:12:33 - [TEST_CASE][PASSED] - Test Cases/OD Checkout: Test Cases/OD Checkout

14-03-2024T18:12:34 - [TEST_STEP][PASSED] - Data = findTestData("OD Checkout"): null

14-03-2024T18:12:34 - [TEST_STEP][PASSED] - dateFormat = new java.text.SimpleDateFormat(MM/dd/yyyy): null

14-03-2024T18:12:34 - [TEST_STEP][PASSED] - currentDate = getInstance().getTime(): null

14-03-2024T18:12:34 - [TEST_STEP][PASSED] - currentDateStr = dateFormat.format(currentDate): null

14-03-2024T18:12:34 - [TEST_STEP][PASSED] - for ([i = 1, i <= Data.getRowNumbers(), (i++)]): Browser is closed

14-03-2024T18:12:34 - [TEST_STEP][PASSED] - url = Data.getValue("URL", i): null

14-03-2024T18:12:34 - [TEST_STEP][PASSED] - username = Data.getValue("Username", i): null

14-03-2024T18:12:34 - [TEST_STEP][PASSED] - password = Data.getValue("Password", i): null

14-03-2024T18:12:34 - [TEST_STEP][PASSED] - checkoutRemark = Data.getValue("CheckoutRemark", i): null

14-03-2024T18:12:34 - [TEST_STEP][PASSED] - openBrowser(""): Browser is opened with url: ''

14-03-2024T18:12:34 - [MESSAGE][INFO] - Starting 'Chrome' driver

14-03-2024T18:12:34 - [MESSAGE][INFO] - Action delay is set to 0 milliseconds

14-03-2024T18:12:36 - [MESSAGE][PASSED] - Browser is opened with url: ''

14-03-2024T18:12:36 - [TEST_STEP][PASSED] - maximizeWindow(): Current window maximized

14-03-2024T18:12:36 - [MESSAGE][PASSED] - Current window maximized

14-03-2024T18:12:36 - [TEST_STEP][PASSED] - navigateToUrl(url): Navigate to 'http://testing.2growhr.io/' successfully

14-03-2024T18:12:38 - [MESSAGE][PASSED] - Navigate to 'http://testing.2growhr.io/' successfully

14-03-2024T18:12:38 - [TEST_STEP][PASSED] - setText(findTestObject("Object Repository/Page_2GrowHR - Login/UserName"), username): Text 'CBS1665' is set on object 'Object Repository/Page_2GrowHR - Login/UserName'

14-03-2024T18:12:39 - [MESSAGE][PASSED] - Text 'CBS1665' is set on object 'Object Repository/Page_2GrowHR - Login/UserName'

14-03-2024T18:12:39 - [TEST_STEP][PASSED] - setText(findTestObject("Object Repository/Page_2GrowHR - Login/Password"), password): Text '123' is set on object 'Object Repository/Page_2GrowHR - Login/Password'

14-03-2024T18:12:40 - [MESSAGE][PASSED] - Text '123' is set on object 'Object Repository/Page_2GrowHR - Login/Password'

14-03-2024T18:12:40 - [TEST_STEP][PASSED] - click(findTestObject("Object Repository/Page_2GrowHR - Login/Password - view icon")): Object: 'Object Repository/Page_2GrowHR - Login/Password - view icon' is clicked on

14-03-2024T18:12:40 - [MESSAGE][PASSED] - Object: 'Object Repository/Page_2GrowHR - Login/Password - view icon' is clicked on

14-03-2024T18:12:40 - [TEST_STEP][PASSED] - delay(2): Delayed 2 second(s)

14-03-2024T18:12:42 - [MESSAGE][PASSED] - Delayed 2 second(s)

14-03-2024T18:12:42 - [TEST_STEP][PASSED] - click(findTestObject("Object Repository/Page_2GrowHR - Login/Login Button")): Object: 'Object Repository/Page_2GrowHR - Login/Login Button' is clicked on

14-03-2024T18:13:35 - [MESSAGE][PASSED] - Object: 'Object Repository/Page_2GrowHR - Login/Login Button' is clicked on

14-03-2024T18:13:35 - [TEST_STEP][PASSED] - delay(3): Delayed 3 second(s)

14-03-2024T18:13:38 - [MESSAGE][PASSED] - Delayed 3 second(s)

14-03-2024T18:13:38 - [TEST_STEP][PASSED] - click(findTestObject("Object Repository/Page_2GrowHr - Dashboard/Check-Out button BR")): Object: 'Object Repository/Page_2GrowHr - Dashboard/Check-Out button BR' is clicked on

14-03-2024T18:13:39 - [MESSAGE][PASSED] - Object: 'Object Repository/Page_2GrowHr - Dashboard/Check-Out button BR' is clicked on

14-03-2024T18:13:39 - [TEST_STEP][PASSED] - setText(findTestObject("Object Repository/Page_2GrowHr - Dashboard/Checkout Remarks"), checkoutRemark + " " + currentDateStr): Text 'OD CheckoutRemark 03/14/2024' is set on object 'Object Repository/Page_2GrowHr - Dashboard/Checkout Remarks'

14-03-2024T18:13:41 - [MESSAGE][PASSED] - Text 'OD CheckoutRemark 03/14/2024' is set on object 'Object Repository/Page_2GrowHr - Dashboard/Checkout Remarks'

14-03-2024T18:13:41 - [TEST_STEP][PASSED] - delay(3): Delayed 3 second(s)

14-03-2024T18:13:44 - [MESSAGE][PASSED] - Delayed 3 second(s)

14-03-2024T18:13:44 - [TEST_STEP][PASSED] - click(findTestObject("Object Repository/Page_2GrowHr - Dashboard/Check-Out button AR")): Object: 'Object Repository/Page_2GrowHr - Dashboard/Check-Out button AR' is clicked on

14-03-2024T18:13:45 - [MESSAGE][PASSED] - Object: 'Object Repository/Page_2GrowHr - Dashboard/Check-Out button AR' is clicked on

14-03-2024T18:13:45 - [TEST_STEP][PASSED] - delay(5): Delayed 5 second(s)

14-03-2024T18:13:50 - [MESSAGE][PASSED] - Delayed 5 second(s)

14-03-2024T18:13:50 - [TEST_STEP][PASSED] - click(findTestObject("Object Repository/Page_2GrowHr - Menu_Report/Attentance mouseover")): Object: 'Object Repository/Page_2GrowHr - Menu_Report/Attentance mouseover' is clicked on

14-03-2024T18:13:51 - [MESSAGE][PASSED] - Object: 'Object Repository/Page_2GrowHr - Menu_Report/Attentance mouseover' is clicked on

14-03-2024T18:13:51 - [TEST_STEP][PASSED] - delay(3): Delayed 3 second(s)

14-03-2024T18:13:54 - [MESSAGE][PASSED] - Delayed 3 second(s)

14-03-2024T18:13:54 - [TEST_STEP][PASSED] - click(findTestObject("Object Repository/Page_2GrowHr - Menu_Report/Day Count Attendance Summary report")): Object: 'Object Repository/Page_2GrowHr - Menu_Report/Day Count Attendance Summary report' is clicked on

14-03-2024T18:13:57 - [MESSAGE][PASSED] - Object: 'Object Repository/Page_2GrowHr - Menu_Report/Day Count Attendance Summary report' is clicked on

14-03-2024T18:13:57 - [TEST_STEP][PASSED] - click(findTestObject("Object Repository/Page_2GrowHr - Real Time Report/Select Date range field day count attendance report")): Object: 'Object Repository/Page_2GrowHr - Real Time Report/Select Date range field day count attendance report' is clicked on

14-03-2024T18:13:59 - [MESSAGE][PASSED] - Object: 'Object Repository/Page_2GrowHr - Real Time Report/Select Date range field day count attendance report' is clicked on

14-03-2024T18:13:59 - [TEST_STEP][PASSED] - delay(2): Delayed 2 second(s)

14-03-2024T18:14:01 - [MESSAGE][PASSED] - Delayed 2 second(s)

14-03-2024T18:14:01 - [TEST_STEP][PASSED] - click(findTestObject("Object Repository/Page_2GrowHr - Real Time Report/Today")): Object: 'Object Repository/Page_2GrowHr - Real Time Report/Today' is clicked on

14-03-2024T18:14:01 - [MESSAGE][PASSED] - Object: 'Object Repository/Page_2GrowHr - Real Time Report/Today' is clicked on

14-03-2024T18:14:01 - [TEST_STEP][PASSED] - click(findTestObject("Object Repository/Page_2GrowHr - Real Time Report/Get Report button")): Object: 'Object Repository/Page_2GrowHr - Real Time Report/Get Report button' is clicked on

14-03-2024T18:14:01 - [MESSAGE][PASSED] - Object: 'Object Repository/Page_2GrowHr - Real Time Report/Get Report button' is clicked on

14-03-2024T18:14:01 - [TEST_STEP][PASSED] - delay(3): Delayed 3 second(s)

14-03-2024T18:14:04 - [MESSAGE][PASSED] - Delayed 3 second(s)

14-03-2024T18:14:04 - [TEST_STEP][PASSED] - linkElement = getWebDriver().findElement(By.xpath("//*[@id="datatable"]/tbody/tr/td[2]/a")): null

14-03-2024T18:14:05 - [TEST_STEP][PASSED] - linkElement.click(): null

14-03-2024T18:14:05 - [TEST_STEP][PASSED] - scrollToElement(findTestObject("Object Repository/Page_2GrowHr - Real Time Report/Report scroll to Clock-Out IP"), 10): Scroll to object 'Object Repository/Page_2GrowHr - Real Time Report/Report scroll to Clock-Out IP' successfully

14-03-2024T18:14:06 - [MESSAGE][PASSED] - Scroll to object 'Object Repository/Page_2GrowHr - Real Time Report/Report scroll to Clock-Out IP' successfully

14-03-2024T18:14:06 - [TEST_STEP][PASSED] - delay(10): Delayed 10 second(s)

14-03-2024T18:14:16 - [MESSAGE][PASSED] - Delayed 10 second(s)

14-03-2024T18:14:16 - [TEST_STEP][PASSED] - closeBrowser(): Browser is closed

14-03-2024T18:14:16 - [MESSAGE][PASSED] - Browser is closed

14-03-2024T18:14:16 - [TEST_STEP][PASSED] - url = Data.getValue("URL", i): null

14-03-2024T18:14:16 - [TEST_STEP][PASSED] - username = Data.getValue("Username", i): null

14-03-2024T18:14:16 - [TEST_STEP][PASSED] - password = Data.getValue("Password", i): null

14-03-2024T18:14:16 - [TEST_STEP][PASSED] - checkoutRemark = Data.getValue("CheckoutRemark", i): null

14-03-2024T18:14:16 - [TEST_STEP][PASSED] - openBrowser(""): Browser is opened with url: ''

14-03-2024T18:14:16 - [MESSAGE][INFO] - Starting 'Chrome' driver

14-03-2024T18:14:16 - [MESSAGE][INFO] - Action delay is set to 0 milliseconds

14-03-2024T18:14:17 - [MESSAGE][PASSED] - Browser is opened with url: ''

14-03-2024T18:14:17 - [TEST_STEP][PASSED] - maximizeWindow(): Current window maximized

14-03-2024T18:14:17 - [MESSAGE][PASSED] - Current window maximized

14-03-2024T18:14:17 - [TEST_STEP][PASSED] - navigateToUrl(url): Navigate to 'http://testing.2growhr.io/' successfully

14-03-2024T18:14:19 - [MESSAGE][PASSED] - Navigate to 'http://testing.2growhr.io/' successfully

14-03-2024T18:14:19 - [TEST_STEP][PASSED] - setText(findTestObject("Object Repository/Page_2GrowHR - Login/UserName"), username): Text 'CBS0499' is set on object 'Object Repository/Page_2GrowHR - Login/UserName'

14-03-2024T18:14:20 - [MESSAGE][PASSED] - Text 'CBS0499' is set on object 'Object Repository/Page_2GrowHR - Login/UserName'

14-03-2024T18:14:20 - [TEST_STEP][PASSED] - setText(findTestObject("Object Repository/Page_2GrowHR - Login/Password"), password): Text '123' is set on object 'Object Repository/Page_2GrowHR - Login/Password'

14-03-2024T18:14:20 - [MESSAGE][PASSED] - Text '123' is set on object 'Object Repository/Page_2GrowHR - Login/Password'

14-03-2024T18:14:20 - [TEST_STEP][PASSED] - click(findTestObject("Object Repository/Page_2GrowHR - Login/Password - view icon")): Object: 'Object Repository/Page_2GrowHR - Login/Password - view icon' is clicked on

14-03-2024T18:14:21 - [MESSAGE][PASSED] - Object: 'Object Repository/Page_2GrowHR - Login/Password - view icon' is clicked on

14-03-2024T18:14:21 - [TEST_STEP][PASSED] - delay(2): Delayed 2 second(s)

14-03-2024T18:14:23 - [MESSAGE][PASSED] - Delayed 2 second(s)

14-03-2024T18:14:23 - [TEST_STEP][PASSED] - click(findTestObject("Object Repository/Page_2GrowHR - Login/Login Button")): Object: 'Object Repository/Page_2GrowHR - Login/Login Button' is clicked on

14-03-2024T18:14:30 - [MESSAGE][PASSED] - Object: 'Object Repository/Page_2GrowHR - Login/Login Button' is clicked on

14-03-2024T18:14:30 - [TEST_STEP][PASSED] - delay(3): Delayed 3 second(s)

14-03-2024T18:14:33 - [MESSAGE][PASSED] - Delayed 3 second(s)

14-03-2024T18:14:33 - [TEST_STEP][PASSED] - click(findTestObject("Object Repository/Page_2GrowHr - Dashboard/Check-Out button BR")): Object: 'Object Repository/Page_2GrowHr - Dashboard/Check-Out button BR' is clicked on

14-03-2024T18:14:34 - [MESSAGE][PASSED] - Object: 'Object Repository/Page_2GrowHr - Dashboard/Check-Out button BR' is clicked on

14-03-2024T18:14:34 - [TEST_STEP][PASSED] - setText(findTestObject("Object Repository/Page_2GrowHr - Dashboard/Checkout Remarks"), checkoutRemark + " " + currentDateStr): Text 'OD CheckoutRemark 03/14/2024' is set on object 'Object Repository/Page_2GrowHr - Dashboard/Checkout Remarks'

14-03-2024T18:14:35 - [MESSAGE][PASSED] - Text 'OD CheckoutRemark 03/14/2024' is set on object 'Object Repository/Page_2GrowHr - Dashboard/Checkout Remarks'

14-03-2024T18:14:35 - [TEST_STEP][PASSED] - delay(3): Delayed 3 second(s)

14-03-2024T18:14:38 - [MESSAGE][PASSED] - Delayed 3 second(s)

14-03-2024T18:14:38 - [TEST_STEP][PASSED] - click(findTestObject("Object Repository/Page_2GrowHr - Dashboard/Check-Out button AR")): Object: 'Object Repository/Page_2GrowHr - Dashboard/Check-Out button AR' is clicked on

14-03-2024T18:14:39 - [MESSAGE][PASSED] - Object: 'Object Repository/Page_2GrowHr - Dashboard/Check-Out button AR' is clicked on

14-03-2024T18:14:39 - [TEST_STEP][PASSED] - delay(5): Delayed 5 second(s)

14-03-2024T18:14:44 - [MESSAGE][PASSED] - Delayed 5 second(s)

14-03-2024T18:14:44 - [TEST_STEP][PASSED] - click(findTestObject("Object Repository/Page_2GrowHr - Menu_Report/Attentance mouseover")): Object: 'Object Repository/Page_2GrowHr - Menu_Report/Attentance mouseover' is clicked on

14-03-2024T18:14:45 - [MESSAGE][PASSED] - Object: 'Object Repository/Page_2GrowHr - Menu_Report/Attentance mouseover' is clicked on

14-03-2024T18:14:45 - [TEST_STEP][PASSED] - delay(3): Delayed 3 second(s)

14-03-2024T18:14:48 - [MESSAGE][PASSED] - Delayed 3 second(s)

14-03-2024T18:14:48 - [TEST_STEP][PASSED] - click(findTestObject("Object Repository/Page_2GrowHr - Menu_Report/Day Count Attendance Summary report")): Object: 'Object Repository/Page_2GrowHr - Menu_Report/Day Count Attendance Summary report' is clicked on

14-03-2024T18:14:50 - [MESSAGE][PASSED] - Object: 'Object Repository/Page_2GrowHr - Menu_Report/Day Count Attendance Summary report' is clicked on

14-03-2024T18:14:50 - [TEST_STEP][PASSED] - click(findTestObject("Object Repository/Page_2GrowHr - Real Time Report/Select Date range field day count attendance report")): Object: 'Object Repository/Page_2GrowHr - Real Time Report/Select Date range field day count attendance report' is clicked on

14-03-2024T18:14:53 - [MESSAGE][PASSED] - Object: 'Object Repository/Page_2GrowHr - Real Time Report/Select Date range field day count attendance report' is clicked on

14-03-2024T18:14:53 - [TEST_STEP][PASSED] - delay(2): Delayed 2 second(s)

14-03-2024T18:14:55 - [MESSAGE][PASSED] - Delayed 2 second(s)

14-03-2024T18:14:55 - [TEST_STEP][PASSED] - click(findTestObject("Object Repository/Page_2GrowHr - Real Time Report/Today")): Object: 'Object Repository/Page_2GrowHr - Real Time Report/Today' is clicked on

14-03-2024T18:14:55 - [MESSAGE][PASSED] - Object: 'Object Repository/Page_2GrowHr - Real Time Report/Today' is clicked on

14-03-2024T18:14:55 - [TEST_STEP][PASSED] - click(findTestObject("Object Repository/Page_2GrowHr - Real Time Report/Get Report button")): Object: 'Object Repository/Page_2GrowHr - Real Time Report/Get Report button' is clicked on

14-03-2024T18:14:56 - [MESSAGE][PASSED] - Object: 'Object Repository/Page_2GrowHr - Real Time Report/Get Report button' is clicked on

14-03-2024T18:14:56 - [TEST_STEP][PASSED] - delay(3): Delayed 3 second(s)

14-03-2024T18:14:59 - [MESSAGE][PASSED] - Delayed 3 second(s)

14-03-2024T18:14:59 - [TEST_STEP][PASSED] - linkElement = getWebDriver().findElement(By.xpath("//*[@id="datatable"]/tbody/tr/td[2]/a")): null

14-03-2024T18:14:59 - [TEST_STEP][PASSED] - linkElement.click(): null

14-03-2024T18:14:59 - [TEST_STEP][PASSED] - scrollToElement(findTestObject("Object Repository/Page_2GrowHr - Real Time Report/Report scroll to Clock-Out IP"), 10): Scroll to object 'Object Repository/Page_2GrowHr - Real Time Report/Report scroll to Clock-Out IP' successfully

14-03-2024T18:15:00 - [MESSAGE][PASSED] - Scroll to object 'Object Repository/Page_2GrowHr - Real Time Report/Report scroll to Clock-Out IP' successfully

14-03-2024T18:15:00 - [TEST_STEP][PASSED] - delay(10): Delayed 10 second(s)

14-03-2024T18:15:10 - [MESSAGE][PASSED] - Delayed 10 second(s)

14-03-2024T18:15:10 - [TEST_STEP][PASSED] - closeBrowser(): Browser is closed

14-03-2024T18:15:10 - [MESSAGE][PASSED] - Browser is closed]]></system-out>
         <system-err><![CDATA[]]></system-err>
      </testcase>
      <system-out><![CDATA[14-03-2024T18:12:33 - [TEST_SUITE][PASSED] - OD checkout: Test Cases/OD Checkout]]></system-out>
      <system-err><![CDATA[]]></system-err>
   </testsuite>
</testsuites>
