<?xml version="1.0" encoding="UTF-8"?>
<testsuites name="Apply WFH and Checkin" time="136.957" tests="1" failures="0" errors="0">
   <testsuite name="Apply WFH and Checkin" tests="1" failures="0" errors="0" time="136.957" skipped="0" timestamp="15-03-2024T09:55:18" hostname="91957 - Lead-Force-CRM" id="Test Suites/Apply WFH and Checkin">
      <properties>
         <property name="deviceName" value=""/>
         <property name="devicePlatform" value=""/>
         <property name="logFolder" value="C:\\Users\\91957\\Desktop\\Automation Testing - Katalon\\Payroll Web\\Reports\\20240315_094954\\Apply WFH and Checkin\\20240315_094957"/>
         <property name="logFiles" value="C:\\Users\\91957\\Desktop\\Automation Testing - Katalon\\Payroll Web\\Reports\\20240315_094954\\Apply WFH and Checkin\\20240315_094957\\execution0.log"/>
         <property name="attachments" value=""/>
         <property name="hostName" value="91957 - Lead-Force-CRM"/>
         <property name="os" value="Windows 11 64bit"/>
         <property name="katalonVersion" value="9.3.0.212"/>
         <property name="browser" value="Chrome 122.0.0.0"/>
         <property name="hostAddress" value="192.168.0.112"/>
         <property name="sessionId" value="d873e7caf0fbc680c380defc50759523"/>
         <property name="seleniumVersion" value="3.141.59"/>
         <property name="proxyInformation" value="ProxyInformation { proxyOption=NO_PROXY, proxyServerType=HTTP, username=, password=********, proxyServerAddress=, proxyServerPort=0, executionList=&quot;&quot;, isApplyToDesiredCapabilities=true }"/>
         <property name="platform" value="Windows 11"/>
      </properties>
      <testcase name="Test Cases/Apply WFH and Checkin" time="136.821" classname="Test Cases/Apply WFH and Checkin" status="PASSED">
         <system-out><![CDATA[15-03-2024T09:55:18 - [TEST_CASE][PASSED] - Test Cases/Apply WFH and Checkin: Test Cases/Apply WFH and Checkin

15-03-2024T09:55:19 - [TEST_STEP][PASSED] - Data = findTestData("Apply WFH and Checkin"): null

15-03-2024T09:55:19 - [TEST_STEP][PASSED] - dateFormat = new java.text.SimpleDateFormat(MM/dd/yyyy): null

15-03-2024T09:55:19 - [TEST_STEP][PASSED] - currentDate = getInstance().getTime(): null

15-03-2024T09:55:19 - [TEST_STEP][PASSED] - currentDateStr = dateFormat.format(currentDate): null

15-03-2024T09:55:19 - [TEST_STEP][PASSED] - for ([i = 1, i <= Data.getRowNumbers(), (i++)]): Browser is closed

15-03-2024T09:55:19 - [TEST_STEP][PASSED] - url = Data.getValue("URL", i): null

15-03-2024T09:55:19 - [TEST_STEP][PASSED] - username = Data.getValue("Username", i): null

15-03-2024T09:55:19 - [TEST_STEP][PASSED] - password = Data.getValue("Password", i): null

15-03-2024T09:55:19 - [TEST_STEP][PASSED] - checkinRemark = Data.getValue("CheckinRemark", i): null

15-03-2024T09:55:19 - [TEST_STEP][PASSED] - WFHRemark = Data.getValue("WFHRemark", i): null

15-03-2024T09:55:19 - [TEST_STEP][PASSED] - openBrowser(""): Browser is opened with url: ''

15-03-2024T09:55:19 - [MESSAGE][INFO] - Starting 'Chrome' driver

15-03-2024T09:55:19 - [MESSAGE][INFO] - Action delay is set to 0 milliseconds

15-03-2024T09:55:21 - [MESSAGE][PASSED] - Browser is opened with url: ''

15-03-2024T09:55:21 - [TEST_STEP][PASSED] - maximizeWindow(): Current window maximized

15-03-2024T09:55:21 - [MESSAGE][PASSED] - Current window maximized

15-03-2024T09:55:21 - [TEST_STEP][PASSED] - navigateToUrl(url): Navigate to 'http://testing.2growhr.io/' successfully

15-03-2024T09:55:23 - [MESSAGE][PASSED] - Navigate to 'http://testing.2growhr.io/' successfully

15-03-2024T09:55:23 - [TEST_STEP][PASSED] - setText(findTestObject("Object Repository/Page_2GrowHR - Login/UserName"), username): Text 'Sathish238' is set on object 'Object Repository/Page_2GrowHR - Login/UserName'

15-03-2024T09:55:24 - [MESSAGE][PASSED] - Text 'Sathish238' is set on object 'Object Repository/Page_2GrowHR - Login/UserName'

15-03-2024T09:55:24 - [TEST_STEP][PASSED] - setText(findTestObject("Object Repository/Page_2GrowHR - Login/Password"), password): Text '123' is set on object 'Object Repository/Page_2GrowHR - Login/Password'

15-03-2024T09:55:24 - [MESSAGE][PASSED] - Text '123' is set on object 'Object Repository/Page_2GrowHR - Login/Password'

15-03-2024T09:55:24 - [TEST_STEP][PASSED] - click(findTestObject("Object Repository/Page_2GrowHR - Login/Password - view icon")): Object: 'Object Repository/Page_2GrowHR - Login/Password - view icon' is clicked on

15-03-2024T09:55:25 - [MESSAGE][PASSED] - Object: 'Object Repository/Page_2GrowHR - Login/Password - view icon' is clicked on

15-03-2024T09:55:25 - [TEST_STEP][PASSED] - delay(2): Delayed 2 second(s)

15-03-2024T09:55:27 - [MESSAGE][PASSED] - Delayed 2 second(s)

15-03-2024T09:55:27 - [TEST_STEP][PASSED] - click(findTestObject("Object Repository/Page_2GrowHR - Login/Login Button")): Object: 'Object Repository/Page_2GrowHR - Login/Login Button' is clicked on

15-03-2024T09:55:36 - [MESSAGE][PASSED] - Object: 'Object Repository/Page_2GrowHR - Login/Login Button' is clicked on

15-03-2024T09:55:36 - [TEST_STEP][PASSED] - delay(3): Delayed 3 second(s)

15-03-2024T09:55:39 - [MESSAGE][PASSED] - Delayed 3 second(s)

15-03-2024T09:55:39 - [TEST_STEP][PASSED] - click(findTestObject("Object Repository/Page_2GrowHr - Dashboard/Work From Home Button")): Object: 'Object Repository/Page_2GrowHr - Dashboard/Work From Home Button' is clicked on

15-03-2024T09:55:39 - [MESSAGE][PASSED] - Object: 'Object Repository/Page_2GrowHr - Dashboard/Work From Home Button' is clicked on

15-03-2024T09:55:39 - [TEST_STEP][PASSED] - click(findTestObject("Object Repository/Page_2GrowHr - Dashboard/WFH date selection")): Object: 'Object Repository/Page_2GrowHr - Dashboard/WFH date selection' is clicked on

15-03-2024T09:55:40 - [MESSAGE][PASSED] - Object: 'Object Repository/Page_2GrowHr - Dashboard/WFH date selection' is clicked on

15-03-2024T09:55:40 - [TEST_STEP][PASSED] - setText(findTestObject("Object Repository/Page_2GrowHr - Dashboard/WFH date selection"), currentDateStr): Text '03/15/2024' is set on object 'Object Repository/Page_2GrowHr - Dashboard/WFH date selection'

15-03-2024T09:55:42 - [MESSAGE][PASSED] - Text '03/15/2024' is set on object 'Object Repository/Page_2GrowHr - Dashboard/WFH date selection'

15-03-2024T09:55:42 - [TEST_STEP][PASSED] - click(findTestObject("Object Repository/Page_2GrowHr - Dashboard/After date entering click div")): Object: 'Object Repository/Page_2GrowHr - Dashboard/After date entering click div' is clicked on

15-03-2024T09:55:42 - [MESSAGE][PASSED] - Object: 'Object Repository/Page_2GrowHr - Dashboard/After date entering click div' is clicked on

15-03-2024T09:55:42 - [TEST_STEP][PASSED] - setText(findTestObject("Object Repository/Page_2GrowHr - Dashboard/WFH Remark"), WFHRemark): Text 'WFH Applied' is set on object 'Object Repository/Page_2GrowHr - Dashboard/WFH Remark'

15-03-2024T09:55:43 - [MESSAGE][PASSED] - Text 'WFH Applied' is set on object 'Object Repository/Page_2GrowHr - Dashboard/WFH Remark'

15-03-2024T09:55:43 - [TEST_STEP][PASSED] - delay(3): Delayed 3 second(s)

15-03-2024T09:55:46 - [MESSAGE][PASSED] - Delayed 3 second(s)

15-03-2024T09:55:46 - [TEST_STEP][PASSED] - click(findTestObject("Object Repository/Page_2GrowHr - Dashboard/button_SAVE")): Object: 'Object Repository/Page_2GrowHr - Dashboard/button_SAVE' is clicked on

15-03-2024T09:55:47 - [MESSAGE][PASSED] - Object: 'Object Repository/Page_2GrowHr - Dashboard/button_SAVE' is clicked on

15-03-2024T09:55:47 - [TEST_STEP][PASSED] - delay(5): Delayed 5 second(s)

15-03-2024T09:55:52 - [MESSAGE][PASSED] - Delayed 5 second(s)

15-03-2024T09:55:52 - [TEST_STEP][PASSED] - click(findTestObject("Object Repository/Page_2GrowHr - Dashboard/Checkin button BR")): Object: 'Object Repository/Page_2GrowHr - Dashboard/Checkin button BR' is clicked on

15-03-2024T09:55:53 - [MESSAGE][PASSED] - Object: 'Object Repository/Page_2GrowHr - Dashboard/Checkin button BR' is clicked on

15-03-2024T09:55:53 - [TEST_STEP][PASSED] - setText(findTestObject("Object Repository/Page_2GrowHr - Dashboard/Checkin remark"), checkinRemark + " " + currentDateStr): Text 'WFH CheckinRemark 03/15/2024' is set on object 'Object Repository/Page_2GrowHr - Dashboard/Checkin remark'

15-03-2024T09:55:54 - [MESSAGE][PASSED] - Text 'WFH CheckinRemark 03/15/2024' is set on object 'Object Repository/Page_2GrowHr - Dashboard/Checkin remark'

15-03-2024T09:55:54 - [TEST_STEP][PASSED] - delay(3): Delayed 3 second(s)

15-03-2024T09:55:57 - [MESSAGE][PASSED] - Delayed 3 second(s)

15-03-2024T09:55:57 - [TEST_STEP][PASSED] - click(findTestObject("Object Repository/Page_2GrowHr - Dashboard/Checkin button AR")): Object: 'Object Repository/Page_2GrowHr - Dashboard/Checkin button AR' is clicked on

15-03-2024T09:55:58 - [MESSAGE][PASSED] - Object: 'Object Repository/Page_2GrowHr - Dashboard/Checkin button AR' is clicked on

15-03-2024T09:55:58 - [TEST_STEP][PASSED] - delay(5): Delayed 5 second(s)

15-03-2024T09:56:03 - [MESSAGE][PASSED] - Delayed 5 second(s)

15-03-2024T09:56:03 - [TEST_STEP][PASSED] - click(findTestObject("Object Repository/Page_2GrowHr - Menu_Report/Attentance mouseover")): Object: 'Object Repository/Page_2GrowHr - Menu_Report/Attentance mouseover' is clicked on

15-03-2024T09:56:04 - [MESSAGE][PASSED] - Object: 'Object Repository/Page_2GrowHr - Menu_Report/Attentance mouseover' is clicked on

15-03-2024T09:56:04 - [TEST_STEP][PASSED] - delay(3): Delayed 3 second(s)

15-03-2024T09:56:07 - [MESSAGE][PASSED] - Delayed 3 second(s)

15-03-2024T09:56:07 - [TEST_STEP][PASSED] - click(findTestObject("Object Repository/Page_2GrowHr - Menu_Report/Day Count Attendance Summary report")): Object: 'Object Repository/Page_2GrowHr - Menu_Report/Day Count Attendance Summary report' is clicked on

15-03-2024T09:56:09 - [MESSAGE][PASSED] - Object: 'Object Repository/Page_2GrowHr - Menu_Report/Day Count Attendance Summary report' is clicked on

15-03-2024T09:56:09 - [TEST_STEP][PASSED] - click(findTestObject("Object Repository/Page_2GrowHr - Real Time Report/Select Date range field day count attendance report")): Object: 'Object Repository/Page_2GrowHr - Real Time Report/Select Date range field day count attendance report' is clicked on

15-03-2024T09:56:12 - [MESSAGE][PASSED] - Object: 'Object Repository/Page_2GrowHr - Real Time Report/Select Date range field day count attendance report' is clicked on

15-03-2024T09:56:12 - [TEST_STEP][PASSED] - delay(2): Delayed 2 second(s)

15-03-2024T09:56:14 - [MESSAGE][PASSED] - Delayed 2 second(s)

15-03-2024T09:56:14 - [TEST_STEP][PASSED] - click(findTestObject("Object Repository/Page_2GrowHr - Real Time Report/Today")): Object: 'Object Repository/Page_2GrowHr - Real Time Report/Today' is clicked on

15-03-2024T09:56:14 - [MESSAGE][PASSED] - Object: 'Object Repository/Page_2GrowHr - Real Time Report/Today' is clicked on

15-03-2024T09:56:14 - [TEST_STEP][PASSED] - click(findTestObject("Object Repository/Page_2GrowHr - Real Time Report/Get Report button")): Object: 'Object Repository/Page_2GrowHr - Real Time Report/Get Report button' is clicked on

15-03-2024T09:56:14 - [MESSAGE][PASSED] - Object: 'Object Repository/Page_2GrowHr - Real Time Report/Get Report button' is clicked on

15-03-2024T09:56:14 - [TEST_STEP][PASSED] - delay(3): Delayed 3 second(s)

15-03-2024T09:56:17 - [MESSAGE][PASSED] - Delayed 3 second(s)

15-03-2024T09:56:17 - [TEST_STEP][PASSED] - linkElement = getWebDriver().findElement(By.xpath("//*[@id="datatable"]/tbody/tr/td[2]/a")): null

15-03-2024T09:56:18 - [TEST_STEP][PASSED] - linkElement.click(): null

15-03-2024T09:56:18 - [TEST_STEP][PASSED] - delay(10): Delayed 10 second(s)

15-03-2024T09:56:28 - [MESSAGE][PASSED] - Delayed 10 second(s)

15-03-2024T09:56:28 - [TEST_STEP][PASSED] - closeBrowser(): Browser is closed

15-03-2024T09:56:28 - [MESSAGE][PASSED] - Browser is closed

15-03-2024T09:56:28 - [TEST_STEP][PASSED] - url = Data.getValue("URL", i): null

15-03-2024T09:56:28 - [TEST_STEP][PASSED] - username = Data.getValue("Username", i): null

15-03-2024T09:56:28 - [TEST_STEP][PASSED] - password = Data.getValue("Password", i): null

15-03-2024T09:56:28 - [TEST_STEP][PASSED] - checkinRemark = Data.getValue("CheckinRemark", i): null

15-03-2024T09:56:28 - [TEST_STEP][PASSED] - WFHRemark = Data.getValue("WFHRemark", i): null

15-03-2024T09:56:28 - [TEST_STEP][PASSED] - openBrowser(""): Browser is opened with url: ''

15-03-2024T09:56:28 - [MESSAGE][INFO] - Starting 'Chrome' driver

15-03-2024T09:56:28 - [MESSAGE][INFO] - Action delay is set to 0 milliseconds

15-03-2024T09:56:29 - [MESSAGE][PASSED] - Browser is opened with url: ''

15-03-2024T09:56:29 - [TEST_STEP][PASSED] - maximizeWindow(): Current window maximized

15-03-2024T09:56:29 - [MESSAGE][PASSED] - Current window maximized

15-03-2024T09:56:29 - [TEST_STEP][PASSED] - navigateToUrl(url): Navigate to 'http://testing.2growhr.io/' successfully

15-03-2024T09:56:31 - [MESSAGE][PASSED] - Navigate to 'http://testing.2growhr.io/' successfully

15-03-2024T09:56:31 - [TEST_STEP][PASSED] - setText(findTestObject("Object Repository/Page_2GrowHR - Login/UserName"), username): Text 'CBS0715' is set on object 'Object Repository/Page_2GrowHR - Login/UserName'

15-03-2024T09:56:32 - [MESSAGE][PASSED] - Text 'CBS0715' is set on object 'Object Repository/Page_2GrowHR - Login/UserName'

15-03-2024T09:56:32 - [TEST_STEP][PASSED] - setText(findTestObject("Object Repository/Page_2GrowHR - Login/Password"), password): Text '123' is set on object 'Object Repository/Page_2GrowHR - Login/Password'

15-03-2024T09:56:32 - [MESSAGE][PASSED] - Text '123' is set on object 'Object Repository/Page_2GrowHR - Login/Password'

15-03-2024T09:56:32 - [TEST_STEP][PASSED] - click(findTestObject("Object Repository/Page_2GrowHR - Login/Password - view icon")): Object: 'Object Repository/Page_2GrowHR - Login/Password - view icon' is clicked on

15-03-2024T09:56:33 - [MESSAGE][PASSED] - Object: 'Object Repository/Page_2GrowHR - Login/Password - view icon' is clicked on

15-03-2024T09:56:33 - [TEST_STEP][PASSED] - delay(2): Delayed 2 second(s)

15-03-2024T09:56:35 - [MESSAGE][PASSED] - Delayed 2 second(s)

15-03-2024T09:56:35 - [TEST_STEP][PASSED] - click(findTestObject("Object Repository/Page_2GrowHR - Login/Login Button")): Object: 'Object Repository/Page_2GrowHR - Login/Login Button' is clicked on

15-03-2024T09:56:43 - [MESSAGE][PASSED] - Object: 'Object Repository/Page_2GrowHR - Login/Login Button' is clicked on

15-03-2024T09:56:43 - [TEST_STEP][PASSED] - delay(3): Delayed 3 second(s)

15-03-2024T09:56:46 - [MESSAGE][PASSED] - Delayed 3 second(s)

15-03-2024T09:56:46 - [TEST_STEP][PASSED] - click(findTestObject("Object Repository/Page_2GrowHr - Dashboard/Work From Home Button")): Object: 'Object Repository/Page_2GrowHr - Dashboard/Work From Home Button' is clicked on

15-03-2024T09:56:47 - [MESSAGE][PASSED] - Object: 'Object Repository/Page_2GrowHr - Dashboard/Work From Home Button' is clicked on

15-03-2024T09:56:47 - [TEST_STEP][PASSED] - click(findTestObject("Object Repository/Page_2GrowHr - Dashboard/WFH date selection")): Object: 'Object Repository/Page_2GrowHr - Dashboard/WFH date selection' is clicked on

15-03-2024T09:56:47 - [MESSAGE][PASSED] - Object: 'Object Repository/Page_2GrowHr - Dashboard/WFH date selection' is clicked on

15-03-2024T09:56:47 - [TEST_STEP][PASSED] - setText(findTestObject("Object Repository/Page_2GrowHr - Dashboard/WFH date selection"), currentDateStr): Text '03/15/2024' is set on object 'Object Repository/Page_2GrowHr - Dashboard/WFH date selection'

15-03-2024T09:56:49 - [MESSAGE][PASSED] - Text '03/15/2024' is set on object 'Object Repository/Page_2GrowHr - Dashboard/WFH date selection'

15-03-2024T09:56:49 - [TEST_STEP][PASSED] - click(findTestObject("Object Repository/Page_2GrowHr - Dashboard/After date entering click div")): Object: 'Object Repository/Page_2GrowHr - Dashboard/After date entering click div' is clicked on

15-03-2024T09:56:49 - [MESSAGE][PASSED] - Object: 'Object Repository/Page_2GrowHr - Dashboard/After date entering click div' is clicked on

15-03-2024T09:56:49 - [TEST_STEP][PASSED] - setText(findTestObject("Object Repository/Page_2GrowHr - Dashboard/WFH Remark"), WFHRemark): Text 'WFH Applied' is set on object 'Object Repository/Page_2GrowHr - Dashboard/WFH Remark'

15-03-2024T09:56:51 - [MESSAGE][PASSED] - Text 'WFH Applied' is set on object 'Object Repository/Page_2GrowHr - Dashboard/WFH Remark'

15-03-2024T09:56:51 - [TEST_STEP][PASSED] - delay(3): Delayed 3 second(s)

15-03-2024T09:56:54 - [MESSAGE][PASSED] - Delayed 3 second(s)

15-03-2024T09:56:54 - [TEST_STEP][PASSED] - click(findTestObject("Object Repository/Page_2GrowHr - Dashboard/button_SAVE")): Object: 'Object Repository/Page_2GrowHr - Dashboard/button_SAVE' is clicked on

15-03-2024T09:56:54 - [MESSAGE][PASSED] - Object: 'Object Repository/Page_2GrowHr - Dashboard/button_SAVE' is clicked on

15-03-2024T09:56:54 - [TEST_STEP][PASSED] - delay(5): Delayed 5 second(s)

15-03-2024T09:56:59 - [MESSAGE][PASSED] - Delayed 5 second(s)

15-03-2024T09:56:59 - [TEST_STEP][PASSED] - click(findTestObject("Object Repository/Page_2GrowHr - Dashboard/Checkin button BR")): Object: 'Object Repository/Page_2GrowHr - Dashboard/Checkin button BR' is clicked on

15-03-2024T09:57:00 - [MESSAGE][PASSED] - Object: 'Object Repository/Page_2GrowHr - Dashboard/Checkin button BR' is clicked on

15-03-2024T09:57:00 - [TEST_STEP][PASSED] - setText(findTestObject("Object Repository/Page_2GrowHr - Dashboard/Checkin remark"), checkinRemark + " " + currentDateStr): Text 'WFH CheckinRemark 03/15/2024' is set on object 'Object Repository/Page_2GrowHr - Dashboard/Checkin remark'

15-03-2024T09:57:01 - [MESSAGE][PASSED] - Text 'WFH CheckinRemark 03/15/2024' is set on object 'Object Repository/Page_2GrowHr - Dashboard/Checkin remark'

15-03-2024T09:57:01 - [TEST_STEP][PASSED] - delay(3): Delayed 3 second(s)

15-03-2024T09:57:04 - [MESSAGE][PASSED] - Delayed 3 second(s)

15-03-2024T09:57:04 - [TEST_STEP][PASSED] - click(findTestObject("Object Repository/Page_2GrowHr - Dashboard/Checkin button AR")): Object: 'Object Repository/Page_2GrowHr - Dashboard/Checkin button AR' is clicked on

15-03-2024T09:57:05 - [MESSAGE][PASSED] - Object: 'Object Repository/Page_2GrowHr - Dashboard/Checkin button AR' is clicked on

15-03-2024T09:57:05 - [TEST_STEP][PASSED] - delay(5): Delayed 5 second(s)

15-03-2024T09:57:10 - [MESSAGE][PASSED] - Delayed 5 second(s)

15-03-2024T09:57:10 - [TEST_STEP][PASSED] - click(findTestObject("Object Repository/Page_2GrowHr - Menu_Report/Attentance mouseover")): Object: 'Object Repository/Page_2GrowHr - Menu_Report/Attentance mouseover' is clicked on

15-03-2024T09:57:11 - [MESSAGE][PASSED] - Object: 'Object Repository/Page_2GrowHr - Menu_Report/Attentance mouseover' is clicked on

15-03-2024T09:57:11 - [TEST_STEP][PASSED] - delay(3): Delayed 3 second(s)

15-03-2024T09:57:14 - [MESSAGE][PASSED] - Delayed 3 second(s)

15-03-2024T09:57:14 - [TEST_STEP][PASSED] - click(findTestObject("Object Repository/Page_2GrowHr - Menu_Report/Day Count Attendance Summary report")): Object: 'Object Repository/Page_2GrowHr - Menu_Report/Day Count Attendance Summary report' is clicked on

15-03-2024T09:57:17 - [MESSAGE][PASSED] - Object: 'Object Repository/Page_2GrowHr - Menu_Report/Day Count Attendance Summary report' is clicked on

15-03-2024T09:57:17 - [TEST_STEP][PASSED] - click(findTestObject("Object Repository/Page_2GrowHr - Real Time Report/Select Date range field day count attendance report")): Object: 'Object Repository/Page_2GrowHr - Real Time Report/Select Date range field day count attendance report' is clicked on

15-03-2024T09:57:19 - [MESSAGE][PASSED] - Object: 'Object Repository/Page_2GrowHr - Real Time Report/Select Date range field day count attendance report' is clicked on

15-03-2024T09:57:19 - [TEST_STEP][PASSED] - delay(2): Delayed 2 second(s)

15-03-2024T09:57:21 - [MESSAGE][PASSED] - Delayed 2 second(s)

15-03-2024T09:57:21 - [TEST_STEP][PASSED] - click(findTestObject("Object Repository/Page_2GrowHr - Real Time Report/Today")): Object: 'Object Repository/Page_2GrowHr - Real Time Report/Today' is clicked on

15-03-2024T09:57:21 - [MESSAGE][PASSED] - Object: 'Object Repository/Page_2GrowHr - Real Time Report/Today' is clicked on

15-03-2024T09:57:21 - [TEST_STEP][PASSED] - click(findTestObject("Object Repository/Page_2GrowHr - Real Time Report/Get Report button")): Object: 'Object Repository/Page_2GrowHr - Real Time Report/Get Report button' is clicked on

15-03-2024T09:57:22 - [MESSAGE][PASSED] - Object: 'Object Repository/Page_2GrowHr - Real Time Report/Get Report button' is clicked on

15-03-2024T09:57:22 - [TEST_STEP][PASSED] - delay(3): Delayed 3 second(s)

15-03-2024T09:57:25 - [MESSAGE][PASSED] - Delayed 3 second(s)

15-03-2024T09:57:25 - [TEST_STEP][PASSED] - linkElement = getWebDriver().findElement(By.xpath("//*[@id="datatable"]/tbody/tr/td[2]/a")): null

15-03-2024T09:57:25 - [TEST_STEP][PASSED] - linkElement.click(): null

15-03-2024T09:57:25 - [TEST_STEP][PASSED] - delay(10): Delayed 10 second(s)

15-03-2024T09:57:35 - [MESSAGE][PASSED] - Delayed 10 second(s)

15-03-2024T09:57:35 - [TEST_STEP][PASSED] - closeBrowser(): Browser is closed

15-03-2024T09:57:35 - [MESSAGE][PASSED] - Browser is closed]]></system-out>
         <system-err><![CDATA[]]></system-err>
      </testcase>
      <system-out><![CDATA[15-03-2024T09:55:18 - [TEST_SUITE][PASSED] - Apply WFH and Checkin: Test Cases/Apply WFH and Checkin]]></system-out>
      <system-err><![CDATA[]]></system-err>
   </testsuite>
</testsuites>
